ERROR - 2023-06-02 13:36:50 --> ErrorException: pg_query(): Query failed: ERROR:  relation &quot;tbl_setting&quot; does not exist
LINE 2: FROM &quot;tbl_setting&quot;
             ^ in /home/zaki/Documents/WebGis_kv/vendor/codeigniter4/framework/system/Database/Postgre/Connection.php:140
Stack trace:
#0 [internal function]: CodeIgniter\Debug\Exceptions->errorHandler()
#1 /home/zaki/Documents/WebGis_kv/vendor/codeigniter4/framework/system/Database/Postgre/Connection.php(140): pg_query()
#2 /home/zaki/Documents/WebGis_kv/vendor/codeigniter4/framework/system/Database/BaseConnection.php(666): CodeIgniter\Database\Postgre\Connection->execute()
#3 /home/zaki/Documents/WebGis_kv/vendor/codeigniter4/framework/system/Database/BaseConnection.php(593): CodeIgniter\Database\BaseConnection->simpleQuery()
#4 /home/zaki/Documents/WebGis_kv/vendor/codeigniter4/framework/system/Database/BaseBuilder.php(1585): CodeIgniter\Database\BaseConnection->query()
#5 /home/zaki/Documents/WebGis_kv/vendor/codeigniter4/framework/system/Model.php(772): CodeIgniter\Database\BaseBuilder->get()
#6 /home/zaki/Documents/WebGis_kv/app/Models/ModelSetting.php(23): CodeIgniter\Model->__call()
#7 /home/zaki/Documents/WebGis_kv/app/Controllers/Kafe.php(29): App\Models\ModelSetting->tampilData()
#8 /home/zaki/Documents/WebGis_kv/vendor/codeigniter4/framework/system/CodeIgniter.php(927): App\Controllers\Kafe->index()
#9 /home/zaki/Documents/WebGis_kv/vendor/codeigniter4/framework/system/CodeIgniter.php(482): CodeIgniter\CodeIgniter->runController()
#10 /home/zaki/Documents/WebGis_kv/vendor/codeigniter4/framework/system/CodeIgniter.php(351): CodeIgniter\CodeIgniter->handleRequest()
#11 /home/zaki/Documents/WebGis_kv/public/index.php(67): CodeIgniter\CodeIgniter->run()
#12 /home/zaki/Documents/WebGis_kv/vendor/codeigniter4/framework/system/Commands/Server/rewrite.php(46): require_once('...')
#13 {main}
CRITICAL - 2023-06-02 13:36:50 --> pg_query(): Query failed: ERROR:  relation &quot;tbl_setting&quot; does not exist
LINE 2: FROM &quot;tbl_setting&quot;
             ^
in SYSTEMPATH/Database/Postgre/Connection.php on line 140.
 1 [internal function]: CodeIgniter\Debug\Exceptions->errorHandler()
 2 SYSTEMPATH/Database/Postgre/Connection.php(140): pg_query()
 3 SYSTEMPATH/Database/BaseConnection.php(666): CodeIgniter\Database\Postgre\Connection->execute()
 4 SYSTEMPATH/Database/BaseConnection.php(593): CodeIgniter\Database\BaseConnection->simpleQuery()
 5 SYSTEMPATH/Database/BaseBuilder.php(1585): CodeIgniter\Database\BaseConnection->query()
 6 SYSTEMPATH/Model.php(772): CodeIgniter\Database\BaseBuilder->get()
 7 APPPATH/Models/ModelSetting.php(23): CodeIgniter\Model->__call()
 8 APPPATH/Controllers/Kafe.php(29): App\Models\ModelSetting->tampilData()
 9 SYSTEMPATH/CodeIgniter.php(927): App\Controllers\Kafe->index()
10 SYSTEMPATH/CodeIgniter.php(482): CodeIgniter\CodeIgniter->runController()
11 SYSTEMPATH/CodeIgniter.php(351): CodeIgniter\CodeIgniter->handleRequest()
12 FCPATH/index.php(67): CodeIgniter\CodeIgniter->run()
13 SYSTEMPATH/Commands/Server/rewrite.php(46): require_once('FCPATH/index.php')
CRITICAL - 2023-06-02 14:05:57 --> explode(): Passing null to parameter #2 ($string) of type string is deprecated
in APPPATH/Views/page/kafeDetail.php on line 77.
 1 [internal function]: CodeIgniter\Debug\Exceptions->errorHandler()
 2 APPPATH/Views/page/kafeDetail.php(77): explode()
 3 SYSTEMPATH/View/View.php(213): include('APPPATH/Views/page/kafeDetail.php')
 4 SYSTEMPATH/View/View.php(216): CodeIgniter\View\View->CodeIgniter\View\{closure}()
 5 SYSTEMPATH/Common.php(1134): CodeIgniter\View\View->render()
 6 APPPATH/Controllers/Kafe.php(51): view()
 7 SYSTEMPATH/CodeIgniter.php(927): App\Controllers\Kafe->detail()
 8 SYSTEMPATH/CodeIgniter.php(482): CodeIgniter\CodeIgniter->runController()
 9 SYSTEMPATH/CodeIgniter.php(351): CodeIgniter\CodeIgniter->handleRequest()
10 FCPATH/index.php(67): CodeIgniter\CodeIgniter->run()
11 SYSTEMPATH/Commands/Server/rewrite.php(46): require_once('FCPATH/index.php')
ERROR - 2023-06-02 15:53:19 --> ErrorException: pg_query(): Query failed: ERROR:  relation &quot;users&quot; does not exist
LINE 2: FROM &quot;users&quot;
             ^ in /home/zaki/Documents/WebGis_kv/vendor/codeigniter4/framework/system/Database/Postgre/Connection.php:140
Stack trace:
#0 [internal function]: CodeIgniter\Debug\Exceptions->errorHandler()
#1 /home/zaki/Documents/WebGis_kv/vendor/codeigniter4/framework/system/Database/Postgre/Connection.php(140): pg_query()
#2 /home/zaki/Documents/WebGis_kv/vendor/codeigniter4/framework/system/Database/BaseConnection.php(666): CodeIgniter\Database\Postgre\Connection->execute()
#3 /home/zaki/Documents/WebGis_kv/vendor/codeigniter4/framework/system/Database/BaseConnection.php(593): CodeIgniter\Database\BaseConnection->simpleQuery()
#4 /home/zaki/Documents/WebGis_kv/vendor/codeigniter4/framework/system/Database/BaseBuilder.php(1585): CodeIgniter\Database\BaseConnection->query()
#5 /home/zaki/Documents/WebGis_kv/vendor/codeigniter4/framework/system/Model.php(250): CodeIgniter\Database\BaseBuilder->get()
#6 /home/zaki/Documents/WebGis_kv/vendor/codeigniter4/framework/system/BaseModel.php(623): CodeIgniter\Model->doFirst()
#7 /home/zaki/Documents/WebGis_kv/vendor/myth/auth/src/Authentication/LocalAuthenticator.php(140): CodeIgniter\BaseModel->first()
#8 /home/zaki/Documents/WebGis_kv/vendor/myth/auth/src/Authentication/LocalAuthenticator.php(19): Myth\Auth\Authentication\LocalAuthenticator->validate()
#9 /home/zaki/Documents/WebGis_kv/vendor/myth/auth/src/Controllers/AuthController.php(87): Myth\Auth\Authentication\LocalAuthenticator->attempt()
#10 /home/zaki/Documents/WebGis_kv/vendor/codeigniter4/framework/system/CodeIgniter.php(927): Myth\Auth\Controllers\AuthController->attemptLogin()
#11 /home/zaki/Documents/WebGis_kv/vendor/codeigniter4/framework/system/CodeIgniter.php(482): CodeIgniter\CodeIgniter->runController()
#12 /home/zaki/Documents/WebGis_kv/vendor/codeigniter4/framework/system/CodeIgniter.php(351): CodeIgniter\CodeIgniter->handleRequest()
#13 /home/zaki/Documents/WebGis_kv/public/index.php(67): CodeIgniter\CodeIgniter->run()
#14 /home/zaki/Documents/WebGis_kv/vendor/codeigniter4/framework/system/Commands/Server/rewrite.php(46): require_once('...')
#15 {main}
CRITICAL - 2023-06-02 15:53:19 --> pg_query(): Query failed: ERROR:  relation &quot;users&quot; does not exist
LINE 2: FROM &quot;users&quot;
             ^
in SYSTEMPATH/Database/Postgre/Connection.php on line 140.
 1 [internal function]: CodeIgniter\Debug\Exceptions->errorHandler()
 2 SYSTEMPATH/Database/Postgre/Connection.php(140): pg_query()
 3 SYSTEMPATH/Database/BaseConnection.php(666): CodeIgniter\Database\Postgre\Connection->execute()
 4 SYSTEMPATH/Database/BaseConnection.php(593): CodeIgniter\Database\BaseConnection->simpleQuery()
 5 SYSTEMPATH/Database/BaseBuilder.php(1585): CodeIgniter\Database\BaseConnection->query()
 6 SYSTEMPATH/Model.php(250): CodeIgniter\Database\BaseBuilder->get()
 7 SYSTEMPATH/BaseModel.php(623): CodeIgniter\Model->doFirst()
 8 VENDORPATH/myth/auth/src/Authentication/LocalAuthenticator.php(140): CodeIgniter\BaseModel->first()
 9 VENDORPATH/myth/auth/src/Authentication/LocalAuthenticator.php(19): Myth\Auth\Authentication\LocalAuthenticator->validate()
10 VENDORPATH/myth/auth/src/Controllers/AuthController.php(87): Myth\Auth\Authentication\LocalAuthenticator->attempt()
11 SYSTEMPATH/CodeIgniter.php(927): Myth\Auth\Controllers\AuthController->attemptLogin()
12 SYSTEMPATH/CodeIgniter.php(482): CodeIgniter\CodeIgniter->runController()
13 SYSTEMPATH/CodeIgniter.php(351): CodeIgniter\CodeIgniter->handleRequest()
14 FCPATH/index.php(67): CodeIgniter\CodeIgniter->run()
15 SYSTEMPATH/Commands/Server/rewrite.php(46): require_once('FCPATH/index.php')
ERROR - 2023-06-02 17:28:14 --> ErrorException: pg_query(): Query failed: ERROR:  invalid input syntax for type double precision: &quot;112sd&quot;
LINE 1: ...reated_at&quot;, &quot;updated_at&quot;) VALUES ('data', 'data', '112sd', '...
                                                             ^ in /home/zaki/Documents/WebGis_kv/vendor/codeigniter4/framework/system/Database/Postgre/Connection.php:140
Stack trace:
#0 [internal function]: CodeIgniter\Debug\Exceptions->errorHandler()
#1 /home/zaki/Documents/WebGis_kv/vendor/codeigniter4/framework/system/Database/Postgre/Connection.php(140): pg_query()
#2 /home/zaki/Documents/WebGis_kv/vendor/codeigniter4/framework/system/Database/BaseConnection.php(666): CodeIgniter\Database\Postgre\Connection->execute()
#3 /home/zaki/Documents/WebGis_kv/vendor/codeigniter4/framework/system/Database/BaseConnection.php(593): CodeIgniter\Database\BaseConnection->simpleQuery()
#4 /home/zaki/Documents/WebGis_kv/vendor/codeigniter4/framework/system/Database/BaseBuilder.php(1916): CodeIgniter\Database\BaseConnection->query()
#5 /home/zaki/Documents/WebGis_kv/app/Models/ModelKv.php(176): CodeIgniter\Database\BaseBuilder->insert()
#6 /home/zaki/Documents/WebGis_kv/app/Controllers/Admin.php(448): App\Models\ModelKv->addKafe()
#7 /home/zaki/Documents/WebGis_kv/vendor/codeigniter4/framework/system/CodeIgniter.php(927): App\Controllers\Admin->addKafe()
#8 /home/zaki/Documents/WebGis_kv/vendor/codeigniter4/framework/system/CodeIgniter.php(482): CodeIgniter\CodeIgniter->runController()
#9 /home/zaki/Documents/WebGis_kv/vendor/codeigniter4/framework/system/CodeIgniter.php(351): CodeIgniter\CodeIgniter->handleRequest()
#10 /home/zaki/Documents/WebGis_kv/public/index.php(67): CodeIgniter\CodeIgniter->run()
#11 /home/zaki/Documents/WebGis_kv/vendor/codeigniter4/framework/system/Commands/Server/rewrite.php(46): require_once('...')
#12 {main}
CRITICAL - 2023-06-02 17:28:14 --> pg_query(): Query failed: ERROR:  invalid input syntax for type double precision: &quot;112sd&quot;
LINE 1: ...reated_at&quot;, &quot;updated_at&quot;) VALUES ('data', 'data', '112sd', '...
                                                             ^
in SYSTEMPATH/Database/Postgre/Connection.php on line 140.
 1 [internal function]: CodeIgniter\Debug\Exceptions->errorHandler()
 2 SYSTEMPATH/Database/Postgre/Connection.php(140): pg_query()
 3 SYSTEMPATH/Database/BaseConnection.php(666): CodeIgniter\Database\Postgre\Connection->execute()
 4 SYSTEMPATH/Database/BaseConnection.php(593): CodeIgniter\Database\BaseConnection->simpleQuery()
 5 SYSTEMPATH/Database/BaseBuilder.php(1916): CodeIgniter\Database\BaseConnection->query()
 6 APPPATH/Models/ModelKv.php(176): CodeIgniter\Database\BaseBuilder->insert()
 7 APPPATH/Controllers/Admin.php(448): App\Models\ModelKv->addKafe()
 8 SYSTEMPATH/CodeIgniter.php(927): App\Controllers\Admin->addKafe()
 9 SYSTEMPATH/CodeIgniter.php(482): CodeIgniter\CodeIgniter->runController()
10 SYSTEMPATH/CodeIgniter.php(351): CodeIgniter\CodeIgniter->handleRequest()
11 FCPATH/index.php(67): CodeIgniter\CodeIgniter->run()
12 SYSTEMPATH/Commands/Server/rewrite.php(46): require_once('FCPATH/index.php')
CRITICAL - 2023-06-02 17:30:34 --> Undefined variable $selectajax
in APPPATH/Controllers/Admin.php on line 755.
 1 APPPATH/Controllers/Admin.php(755): CodeIgniter\Debug\Exceptions->errorHandler()
 2 SYSTEMPATH/CodeIgniter.php(927): App\Controllers\Admin->getDataAjaxRemote()
 3 SYSTEMPATH/CodeIgniter.php(482): CodeIgniter\CodeIgniter->runController()
 4 SYSTEMPATH/CodeIgniter.php(351): CodeIgniter\CodeIgniter->handleRequest()
 5 FCPATH/index.php(67): CodeIgniter\CodeIgniter->run()
 6 SYSTEMPATH/Commands/Server/rewrite.php(46): require_once('FCPATH/index.php')
CRITICAL - 2023-06-02 17:41:13 --> Call to a member function isValid() on array
in APPPATH/Controllers/Admin.php on line 361.
 1 SYSTEMPATH/CodeIgniter.php(927): App\Controllers\Admin->tambah_Kafe()
 2 SYSTEMPATH/CodeIgniter.php(482): CodeIgniter\CodeIgniter->runController()
 3 SYSTEMPATH/CodeIgniter.php(351): CodeIgniter\CodeIgniter->handleRequest()
 4 FCPATH/index.php(67): CodeIgniter\CodeIgniter->run()
 5 SYSTEMPATH/Commands/Server/rewrite.php(46): require_once('FCPATH/index.php')
ERROR - 2023-06-02 18:03:12 --> ErrorException: pg_query(): Query failed: ERROR:  lastval is not yet defined in this session in /home/zaki/Documents/WebGis_kv/vendor/codeigniter4/framework/system/Database/Postgre/Connection.php:140
Stack trace:
#0 [internal function]: CodeIgniter\Debug\Exceptions->errorHandler()
#1 /home/zaki/Documents/WebGis_kv/vendor/codeigniter4/framework/system/Database/Postgre/Connection.php(140): pg_query()
#2 /home/zaki/Documents/WebGis_kv/vendor/codeigniter4/framework/system/Database/BaseConnection.php(666): CodeIgniter\Database\Postgre\Connection->execute()
#3 /home/zaki/Documents/WebGis_kv/vendor/codeigniter4/framework/system/Database/BaseConnection.php(593): CodeIgniter\Database\BaseConnection->simpleQuery()
#4 /home/zaki/Documents/WebGis_kv/vendor/codeigniter4/framework/system/Database/Postgre/Connection.php(422): CodeIgniter\Database\BaseConnection->query()
#5 /home/zaki/Documents/WebGis_kv/app/Controllers/Admin.php(352): CodeIgniter\Database\Postgre\Connection->insertID()
#6 /home/zaki/Documents/WebGis_kv/vendor/codeigniter4/framework/system/CodeIgniter.php(927): App\Controllers\Admin->tambah_Kafe()
#7 /home/zaki/Documents/WebGis_kv/vendor/codeigniter4/framework/system/CodeIgniter.php(482): CodeIgniter\CodeIgniter->runController()
#8 /home/zaki/Documents/WebGis_kv/vendor/codeigniter4/framework/system/CodeIgniter.php(351): CodeIgniter\CodeIgniter->handleRequest()
#9 /home/zaki/Documents/WebGis_kv/public/index.php(67): CodeIgniter\CodeIgniter->run()
#10 /home/zaki/Documents/WebGis_kv/vendor/codeigniter4/framework/system/Commands/Server/rewrite.php(46): require_once('...')
#11 {main}
CRITICAL - 2023-06-02 18:03:12 --> pg_query(): Query failed: ERROR:  lastval is not yet defined in this session
in SYSTEMPATH/Database/Postgre/Connection.php on line 140.
 1 [internal function]: CodeIgniter\Debug\Exceptions->errorHandler()
 2 SYSTEMPATH/Database/Postgre/Connection.php(140): pg_query()
 3 SYSTEMPATH/Database/BaseConnection.php(666): CodeIgniter\Database\Postgre\Connection->execute()
 4 SYSTEMPATH/Database/BaseConnection.php(593): CodeIgniter\Database\BaseConnection->simpleQuery()
 5 SYSTEMPATH/Database/Postgre/Connection.php(422): CodeIgniter\Database\BaseConnection->query()
 6 APPPATH/Controllers/Admin.php(352): CodeIgniter\Database\Postgre\Connection->insertID()
 7 SYSTEMPATH/CodeIgniter.php(927): App\Controllers\Admin->tambah_Kafe()
 8 SYSTEMPATH/CodeIgniter.php(482): CodeIgniter\CodeIgniter->runController()
 9 SYSTEMPATH/CodeIgniter.php(351): CodeIgniter\CodeIgniter->handleRequest()
10 FCPATH/index.php(67): CodeIgniter\CodeIgniter->run()
11 SYSTEMPATH/Commands/Server/rewrite.php(46): require_once('FCPATH/index.php')
CRITICAL - 2023-06-02 18:03:46 --> Undefined variable $insert_id
in APPPATH/Controllers/Admin.php on line 354.
 1 APPPATH/Controllers/Admin.php(354): CodeIgniter\Debug\Exceptions->errorHandler()
 2 SYSTEMPATH/CodeIgniter.php(927): App\Controllers\Admin->tambah_Kafe()
 3 SYSTEMPATH/CodeIgniter.php(482): CodeIgniter\CodeIgniter->runController()
 4 SYSTEMPATH/CodeIgniter.php(351): CodeIgniter\CodeIgniter->handleRequest()
 5 FCPATH/index.php(67): CodeIgniter\CodeIgniter->run()
 6 SYSTEMPATH/Commands/Server/rewrite.php(46): require_once('FCPATH/index.php')
CRITICAL - 2023-06-02 18:05:14 --> Undefined variable $newName
in APPPATH/Controllers/Admin.php on line 376.
 1 APPPATH/Controllers/Admin.php(376): CodeIgniter\Debug\Exceptions->errorHandler()
 2 SYSTEMPATH/CodeIgniter.php(927): App\Controllers\Admin->tambah_Kafe()
 3 SYSTEMPATH/CodeIgniter.php(482): CodeIgniter\CodeIgniter->runController()
 4 SYSTEMPATH/CodeIgniter.php(351): CodeIgniter\CodeIgniter->handleRequest()
 5 FCPATH/index.php(67): CodeIgniter\CodeIgniter->run()
 6 SYSTEMPATH/Commands/Server/rewrite.php(46): require_once('FCPATH/index.php')
CRITICAL - 2023-06-02 18:06:57 --> Undefined variable $newName
in APPPATH/Controllers/Admin.php on line 376.
 1 APPPATH/Controllers/Admin.php(376): CodeIgniter\Debug\Exceptions->errorHandler()
 2 SYSTEMPATH/CodeIgniter.php(927): App\Controllers\Admin->tambah_Kafe()
 3 SYSTEMPATH/CodeIgniter.php(482): CodeIgniter\CodeIgniter->runController()
 4 SYSTEMPATH/CodeIgniter.php(351): CodeIgniter\CodeIgniter->handleRequest()
 5 FCPATH/index.php(67): CodeIgniter\CodeIgniter->run()
 6 SYSTEMPATH/Commands/Server/rewrite.php(46): require_once('FCPATH/index.php')
CRITICAL - 2023-06-02 18:10:14 --> Undefined variable $newName
in APPPATH/Controllers/Admin.php on line 377.
 1 APPPATH/Controllers/Admin.php(377): CodeIgniter\Debug\Exceptions->errorHandler()
 2 SYSTEMPATH/CodeIgniter.php(927): App\Controllers\Admin->tambah_Kafe()
 3 SYSTEMPATH/CodeIgniter.php(482): CodeIgniter\CodeIgniter->runController()
 4 SYSTEMPATH/CodeIgniter.php(351): CodeIgniter\CodeIgniter->handleRequest()
 5 FCPATH/index.php(67): CodeIgniter\CodeIgniter->run()
 6 SYSTEMPATH/Commands/Server/rewrite.php(46): require_once('FCPATH/index.php')
CRITICAL - 2023-06-02 18:10:40 --> Undefined variable $newName
in APPPATH/Controllers/Admin.php on line 376.
 1 APPPATH/Controllers/Admin.php(376): CodeIgniter\Debug\Exceptions->errorHandler()
 2 SYSTEMPATH/CodeIgniter.php(927): App\Controllers\Admin->tambah_Kafe()
 3 SYSTEMPATH/CodeIgniter.php(482): CodeIgniter\CodeIgniter->runController()
 4 SYSTEMPATH/CodeIgniter.php(351): CodeIgniter\CodeIgniter->handleRequest()
 5 FCPATH/index.php(67): CodeIgniter\CodeIgniter->run()
 6 SYSTEMPATH/Commands/Server/rewrite.php(46): require_once('FCPATH/index.php')
CRITICAL - 2023-06-02 18:12:27 --> Undefined variable $dataF
in APPPATH/Controllers/Admin.php on line 376.
 1 APPPATH/Controllers/Admin.php(376): CodeIgniter\Debug\Exceptions->errorHandler()
 2 SYSTEMPATH/CodeIgniter.php(927): App\Controllers\Admin->tambah_Kafe()
 3 SYSTEMPATH/CodeIgniter.php(482): CodeIgniter\CodeIgniter->runController()
 4 SYSTEMPATH/CodeIgniter.php(351): CodeIgniter\CodeIgniter->handleRequest()
 5 FCPATH/index.php(67): CodeIgniter\CodeIgniter->run()
 6 SYSTEMPATH/Commands/Server/rewrite.php(46): require_once('FCPATH/index.php')
CRITICAL - 2023-06-02 18:12:59 --> Undefined variable $dataF
in APPPATH/Controllers/Admin.php on line 376.
 1 APPPATH/Controllers/Admin.php(376): CodeIgniter\Debug\Exceptions->errorHandler()
 2 SYSTEMPATH/CodeIgniter.php(927): App\Controllers\Admin->tambah_Kafe()
 3 SYSTEMPATH/CodeIgniter.php(482): CodeIgniter\CodeIgniter->runController()
 4 SYSTEMPATH/CodeIgniter.php(351): CodeIgniter\CodeIgniter->handleRequest()
 5 FCPATH/index.php(67): CodeIgniter\CodeIgniter->run()
 6 SYSTEMPATH/Commands/Server/rewrite.php(46): require_once('FCPATH/index.php')
CRITICAL - 2023-06-02 18:14:28 --> Undefined variable $dataF
in APPPATH/Controllers/Admin.php on line 372.
 1 APPPATH/Controllers/Admin.php(372): CodeIgniter\Debug\Exceptions->errorHandler()
 2 SYSTEMPATH/CodeIgniter.php(927): App\Controllers\Admin->tambah_Kafe()
 3 SYSTEMPATH/CodeIgniter.php(482): CodeIgniter\CodeIgniter->runController()
 4 SYSTEMPATH/CodeIgniter.php(351): CodeIgniter\CodeIgniter->handleRequest()
 5 FCPATH/index.php(67): CodeIgniter\CodeIgniter->run()
 6 SYSTEMPATH/Commands/Server/rewrite.php(46): require_once('FCPATH/index.php')
CRITICAL - 2023-06-02 18:15:13 --> Undefined variable $newName
in APPPATH/Controllers/Admin.php on line 372.
 1 APPPATH/Controllers/Admin.php(372): CodeIgniter\Debug\Exceptions->errorHandler()
 2 SYSTEMPATH/CodeIgniter.php(927): App\Controllers\Admin->tambah_Kafe()
 3 SYSTEMPATH/CodeIgniter.php(482): CodeIgniter\CodeIgniter->runController()
 4 SYSTEMPATH/CodeIgniter.php(351): CodeIgniter\CodeIgniter->handleRequest()
 5 FCPATH/index.php(67): CodeIgniter\CodeIgniter->run()
 6 SYSTEMPATH/Commands/Server/rewrite.php(46): require_once('FCPATH/index.php')
CRITICAL - 2023-06-02 18:16:18 --> Undefined variable $newName
in APPPATH/Controllers/Admin.php on line 372.
 1 APPPATH/Controllers/Admin.php(372): CodeIgniter\Debug\Exceptions->errorHandler()
 2 SYSTEMPATH/CodeIgniter.php(927): App\Controllers\Admin->tambah_Kafe()
 3 SYSTEMPATH/CodeIgniter.php(482): CodeIgniter\CodeIgniter->runController()
 4 SYSTEMPATH/CodeIgniter.php(351): CodeIgniter\CodeIgniter->handleRequest()
 5 FCPATH/index.php(67): CodeIgniter\CodeIgniter->run()
 6 SYSTEMPATH/Commands/Server/rewrite.php(46): require_once('FCPATH/index.php')
CRITICAL - 2023-06-02 18:46:43 --> Undefined array key 0
in APPPATH/Views/page/kafeDetail.php on line 140.
 1 APPPATH/Views/page/kafeDetail.php(140): CodeIgniter\Debug\Exceptions->errorHandler()
 2 SYSTEMPATH/View/View.php(213): include('APPPATH/Views/page/kafeDetail.php')
 3 SYSTEMPATH/View/View.php(216): CodeIgniter\View\View->CodeIgniter\View\{closure}()
 4 SYSTEMPATH/Common.php(1134): CodeIgniter\View\View->render()
 5 APPPATH/Controllers/Kafe.php(51): view()
 6 SYSTEMPATH/CodeIgniter.php(927): App\Controllers\Kafe->detail()
 7 SYSTEMPATH/CodeIgniter.php(482): CodeIgniter\CodeIgniter->runController()
 8 SYSTEMPATH/CodeIgniter.php(351): CodeIgniter\CodeIgniter->handleRequest()
 9 FCPATH/index.php(67): CodeIgniter\CodeIgniter->run()
10 SYSTEMPATH/Commands/Server/rewrite.php(46): require_once('FCPATH/index.php')
CRITICAL - 2023-06-02 18:48:15 --> Undefined array key 0
in APPPATH/Views/page/kafeDetail.php on line 140.
 1 APPPATH/Views/page/kafeDetail.php(140): CodeIgniter\Debug\Exceptions->errorHandler()
 2 SYSTEMPATH/View/View.php(213): include('APPPATH/Views/page/kafeDetail.php')
 3 SYSTEMPATH/View/View.php(216): CodeIgniter\View\View->CodeIgniter\View\{closure}()
 4 SYSTEMPATH/Common.php(1134): CodeIgniter\View\View->render()
 5 APPPATH/Controllers/Kafe.php(51): view()
 6 SYSTEMPATH/CodeIgniter.php(927): App\Controllers\Kafe->detail()
 7 SYSTEMPATH/CodeIgniter.php(482): CodeIgniter\CodeIgniter->runController()
 8 SYSTEMPATH/CodeIgniter.php(351): CodeIgniter\CodeIgniter->handleRequest()
 9 FCPATH/index.php(67): CodeIgniter\CodeIgniter->run()
10 SYSTEMPATH/Commands/Server/rewrite.php(46): require_once('FCPATH/index.php')
CRITICAL - 2023-06-02 18:52:50 --> Undefined array key 0
in APPPATH/Views/page/kafeDetail.php on line 140.
 1 APPPATH/Views/page/kafeDetail.php(140): CodeIgniter\Debug\Exceptions->errorHandler()
 2 SYSTEMPATH/View/View.php(213): include('APPPATH/Views/page/kafeDetail.php')
 3 SYSTEMPATH/View/View.php(216): CodeIgniter\View\View->CodeIgniter\View\{closure}()
 4 SYSTEMPATH/Common.php(1134): CodeIgniter\View\View->render()
 5 APPPATH/Controllers/Kafe.php(51): view()
 6 SYSTEMPATH/CodeIgniter.php(927): App\Controllers\Kafe->detail()
 7 SYSTEMPATH/CodeIgniter.php(482): CodeIgniter\CodeIgniter->runController()
 8 SYSTEMPATH/CodeIgniter.php(351): CodeIgniter\CodeIgniter->handleRequest()
 9 FCPATH/index.php(67): CodeIgniter\CodeIgniter->run()
10 SYSTEMPATH/Commands/Server/rewrite.php(46): require_once('FCPATH/index.php')
CRITICAL - 2023-06-02 18:53:02 --> Undefined array key 0
in APPPATH/Views/page/kafeDetail.php on line 143.
 1 APPPATH/Views/page/kafeDetail.php(143): CodeIgniter\Debug\Exceptions->errorHandler()
 2 SYSTEMPATH/View/View.php(213): include('APPPATH/Views/page/kafeDetail.php')
 3 SYSTEMPATH/View/View.php(216): CodeIgniter\View\View->CodeIgniter\View\{closure}()
 4 SYSTEMPATH/Common.php(1134): CodeIgniter\View\View->render()
 5 APPPATH/Controllers/Kafe.php(51): view()
 6 SYSTEMPATH/CodeIgniter.php(927): App\Controllers\Kafe->detail()
 7 SYSTEMPATH/CodeIgniter.php(482): CodeIgniter\CodeIgniter->runController()
 8 SYSTEMPATH/CodeIgniter.php(351): CodeIgniter\CodeIgniter->handleRequest()
 9 FCPATH/index.php(67): CodeIgniter\CodeIgniter->run()
10 SYSTEMPATH/Commands/Server/rewrite.php(46): require_once('FCPATH/index.php')
CRITICAL - 2023-06-02 18:53:35 --> Undefined array key 0
in APPPATH/Views/page/kafeDetail.php on line 140.
 1 APPPATH/Views/page/kafeDetail.php(140): CodeIgniter\Debug\Exceptions->errorHandler()
 2 SYSTEMPATH/View/View.php(213): include('APPPATH/Views/page/kafeDetail.php')
 3 SYSTEMPATH/View/View.php(216): CodeIgniter\View\View->CodeIgniter\View\{closure}()
 4 SYSTEMPATH/Common.php(1134): CodeIgniter\View\View->render()
 5 APPPATH/Controllers/Kafe.php(51): view()
 6 SYSTEMPATH/CodeIgniter.php(927): App\Controllers\Kafe->detail()
 7 SYSTEMPATH/CodeIgniter.php(482): CodeIgniter\CodeIgniter->runController()
 8 SYSTEMPATH/CodeIgniter.php(351): CodeIgniter\CodeIgniter->handleRequest()
 9 FCPATH/index.php(67): CodeIgniter\CodeIgniter->run()
10 SYSTEMPATH/Commands/Server/rewrite.php(46): require_once('FCPATH/index.php')
