CRITICAL - 2023-01-09 16:46:54 --> syntax error, unexpected identifier "POINT", expecting "]"
in APPPATH\Controllers\Admin.php on line 341.
 1 SYSTEMPATH\Router\Router.php(499): CodeIgniter\Router\AutoRouter->getRoute('admin/tamb')
 2 SYSTEMPATH\Router\Router.php(205): CodeIgniter\Router\Router->autoRoute('admin/tamb')
 3 SYSTEMPATH\CodeIgniter.php(802): CodeIgniter\Router\Router->handle('admin/tamb')
 4 SYSTEMPATH\CodeIgniter.php(430): CodeIgniter\CodeIgniter->tryToRouteIt(Object(CodeIgniter\Router\RouteCollection))
 5 SYSTEMPATH\CodeIgniter.php(351): CodeIgniter\CodeIgniter->handleRequest(null, Object(Config\Cache), false)
 6 FCPATH\index.php(67): CodeIgniter\CodeIgniter->run()
 7 SYSTEMPATH\Commands\Server\rewrite.php(46): require_once('FCPATH\\index.php')
ERROR - 2023-01-09 16:47:54 --> mysqli_sql_exception: Cannot get geometry object from data you send to the GEOMETRY field in F:\WEB\XAMPP\htdocs\WebGis_kv\vendor\codeigniter4\framework\system\Database\MySQLi\Connection.php:292
Stack trace:
#0 F:\WEB\XAMPP\htdocs\WebGis_kv\vendor\codeigniter4\framework\system\Database\MySQLi\Connection.php(292): mysqli->query('INSERT INTO `tb...', 0)
#1 F:\WEB\XAMPP\htdocs\WebGis_kv\vendor\codeigniter4\framework\system\Database\BaseConnection.php(666): CodeIgniter\Database\MySQLi\Connection->execute('INSERT INTO `tb...')
#2 F:\WEB\XAMPP\htdocs\WebGis_kv\vendor\codeigniter4\framework\system\Database\BaseConnection.php(593): CodeIgniter\Database\BaseConnection->simpleQuery('INSERT INTO `tb...')
#3 F:\WEB\XAMPP\htdocs\WebGis_kv\vendor\codeigniter4\framework\system\Database\BaseBuilder.php(1916): CodeIgniter\Database\BaseConnection->query('INSERT INTO `tb...', Array, false)
#4 F:\WEB\XAMPP\htdocs\WebGis_kv\app\Models\ModelKv.php(283): CodeIgniter\Database\BaseBuilder->insert(Array)
#5 F:\WEB\XAMPP\htdocs\WebGis_kv\app\Controllers\Admin.php(344): App\Models\ModelKv->addKafe(Array)
#6 F:\WEB\XAMPP\htdocs\WebGis_kv\vendor\codeigniter4\framework\system\CodeIgniter.php(927): App\Controllers\Admin->tamb()
#7 F:\WEB\XAMPP\htdocs\WebGis_kv\vendor\codeigniter4\framework\system\CodeIgniter.php(482): CodeIgniter\CodeIgniter->runController(Object(App\Controllers\Admin))
#8 F:\WEB\XAMPP\htdocs\WebGis_kv\vendor\codeigniter4\framework\system\CodeIgniter.php(351): CodeIgniter\CodeIgniter->handleRequest(NULL, Object(Config\Cache), false)
#9 F:\WEB\XAMPP\htdocs\WebGis_kv\public\index.php(67): CodeIgniter\CodeIgniter->run()
#10 F:\WEB\XAMPP\htdocs\WebGis_kv\vendor\codeigniter4\framework\system\Commands\Server\rewrite.php(46): require_once('F:\\WEB\\XAMPP\\ht...')
#11 {main}
CRITICAL - 2023-01-09 16:47:54 --> Cannot get geometry object from data you send to the GEOMETRY field
in SYSTEMPATH\Database\MySQLi\Connection.php on line 292.
 1 SYSTEMPATH\Database\MySQLi\Connection.php(292): mysqli->query('INSERT INTO `tbl_kafe` (`nama_kafe`, `alamat_kafe`, `coordinate`) VALUES (\'rgtr\', \'rrgr\', \'\')', 0)
 2 SYSTEMPATH\Database\BaseConnection.php(666): CodeIgniter\Database\MySQLi\Connection->execute('INSERT INTO `tbl_kafe` (`nama_kafe`, `alamat_kafe`, `coordinate`) VALUES (\'rgtr\', \'rrgr\', \'\')')
 3 SYSTEMPATH\Database\BaseConnection.php(593): CodeIgniter\Database\BaseConnection->simpleQuery('INSERT INTO `tbl_kafe` (`nama_kafe`, `alamat_kafe`, `coordinate`) VALUES (\'rgtr\', \'rrgr\', \'\')')
 4 SYSTEMPATH\Database\BaseBuilder.php(1916): CodeIgniter\Database\BaseConnection->query('INSERT INTO `tbl_kafe` (`nama_kafe`, `alamat_kafe`, `coordinate`) VALUES (:nama_kafe:, :alamat_kafe:, :coordinate:)', [...], false)
 5 APPPATH\Models\ModelKv.php(283): CodeIgniter\Database\BaseBuilder->insert([...])
 6 APPPATH\Controllers\Admin.php(344): App\Models\ModelKv->addKafe([...])
 7 SYSTEMPATH\CodeIgniter.php(927): App\Controllers\Admin->tamb()
 8 SYSTEMPATH\CodeIgniter.php(482): CodeIgniter\CodeIgniter->runController(Object(App\Controllers\Admin))
 9 SYSTEMPATH\CodeIgniter.php(351): CodeIgniter\CodeIgniter->handleRequest(null, Object(Config\Cache), false)
10 FCPATH\index.php(67): CodeIgniter\CodeIgniter->run()
11 SYSTEMPATH\Commands\Server\rewrite.php(46): require_once('FCPATH\\index.php')
ERROR - 2023-01-09 16:50:59 --> mysqli_sql_exception: Cannot get geometry object from data you send to the GEOMETRY field in F:\WEB\XAMPP\htdocs\WebGis_kv\vendor\codeigniter4\framework\system\Database\MySQLi\Connection.php:292
Stack trace:
#0 F:\WEB\XAMPP\htdocs\WebGis_kv\vendor\codeigniter4\framework\system\Database\MySQLi\Connection.php(292): mysqli->query('INSERT INTO `tb...', 0)
#1 F:\WEB\XAMPP\htdocs\WebGis_kv\vendor\codeigniter4\framework\system\Database\BaseConnection.php(666): CodeIgniter\Database\MySQLi\Connection->execute('INSERT INTO `tb...')
#2 F:\WEB\XAMPP\htdocs\WebGis_kv\vendor\codeigniter4\framework\system\Database\BaseConnection.php(593): CodeIgniter\Database\BaseConnection->simpleQuery('INSERT INTO `tb...')
#3 F:\WEB\XAMPP\htdocs\WebGis_kv\vendor\codeigniter4\framework\system\Database\BaseBuilder.php(1916): CodeIgniter\Database\BaseConnection->query('INSERT INTO `tb...', Array, false)
#4 F:\WEB\XAMPP\htdocs\WebGis_kv\app\Models\ModelKv.php(283): CodeIgniter\Database\BaseBuilder->insert(Array)
#5 F:\WEB\XAMPP\htdocs\WebGis_kv\app\Controllers\Admin.php(345): App\Models\ModelKv->addKafe(Array)
#6 F:\WEB\XAMPP\htdocs\WebGis_kv\vendor\codeigniter4\framework\system\CodeIgniter.php(927): App\Controllers\Admin->tamb()
#7 F:\WEB\XAMPP\htdocs\WebGis_kv\vendor\codeigniter4\framework\system\CodeIgniter.php(482): CodeIgniter\CodeIgniter->runController(Object(App\Controllers\Admin))
#8 F:\WEB\XAMPP\htdocs\WebGis_kv\vendor\codeigniter4\framework\system\CodeIgniter.php(351): CodeIgniter\CodeIgniter->handleRequest(NULL, Object(Config\Cache), false)
#9 F:\WEB\XAMPP\htdocs\WebGis_kv\public\index.php(67): CodeIgniter\CodeIgniter->run()
#10 F:\WEB\XAMPP\htdocs\WebGis_kv\vendor\codeigniter4\framework\system\Commands\Server\rewrite.php(46): require_once('F:\\WEB\\XAMPP\\ht...')
#11 {main}
CRITICAL - 2023-01-09 16:50:59 --> Cannot get geometry object from data you send to the GEOMETRY field
in SYSTEMPATH\Database\MySQLi\Connection.php on line 292.
 1 SYSTEMPATH\Database\MySQLi\Connection.php(292): mysqli->query('INSERT INTO `tbl_kafe` (`nama_kafe`, `alamat_kafe`, `coordinate`) VALUES (\'rgtr\', \'rrgr\', \'ST_GeomFromText(CONCAT(\\\'POINT(\\\',112.15645,\\\' \\\',-7.1564,\\\')\\\'))\')', 0)
 2 SYSTEMPATH\Database\BaseConnection.php(666): CodeIgniter\Database\MySQLi\Connection->execute('INSERT INTO `tbl_kafe` (`nama_kafe`, `alamat_kafe`, `coordinate`) VALUES (\'rgtr\', \'rrgr\', \'ST_GeomFromText(CONCAT(\\\'POINT(\\\',112.15645,\\\' \\\',-7.1564,\\\')\\\'))\')')
 3 SYSTEMPATH\Database\BaseConnection.php(593): CodeIgniter\Database\BaseConnection->simpleQuery('INSERT INTO `tbl_kafe` (`nama_kafe`, `alamat_kafe`, `coordinate`) VALUES (\'rgtr\', \'rrgr\', \'ST_GeomFromText(CONCAT(\\\'POINT(\\\',112.15645,\\\' \\\',-7.1564,\\\')\\\'))\')')
 4 SYSTEMPATH\Database\BaseBuilder.php(1916): CodeIgniter\Database\BaseConnection->query('INSERT INTO `tbl_kafe` (`nama_kafe`, `alamat_kafe`, `coordinate`) VALUES (:nama_kafe:, :alamat_kafe:, :coordinate:)', [...], false)
 5 APPPATH\Models\ModelKv.php(283): CodeIgniter\Database\BaseBuilder->insert([...])
 6 APPPATH\Controllers\Admin.php(345): App\Models\ModelKv->addKafe([...])
 7 SYSTEMPATH\CodeIgniter.php(927): App\Controllers\Admin->tamb()
 8 SYSTEMPATH\CodeIgniter.php(482): CodeIgniter\CodeIgniter->runController(Object(App\Controllers\Admin))
 9 SYSTEMPATH\CodeIgniter.php(351): CodeIgniter\CodeIgniter->handleRequest(null, Object(Config\Cache), false)
10 FCPATH\index.php(67): CodeIgniter\CodeIgniter->run()
11 SYSTEMPATH\Commands\Server\rewrite.php(46): require_once('FCPATH\\index.php')
ERROR - 2023-01-09 16:51:06 --> mysqli_sql_exception: Cannot get geometry object from data you send to the GEOMETRY field in F:\WEB\XAMPP\htdocs\WebGis_kv\vendor\codeigniter4\framework\system\Database\MySQLi\Connection.php:292
Stack trace:
#0 F:\WEB\XAMPP\htdocs\WebGis_kv\vendor\codeigniter4\framework\system\Database\MySQLi\Connection.php(292): mysqli->query('INSERT INTO `tb...', 0)
#1 F:\WEB\XAMPP\htdocs\WebGis_kv\vendor\codeigniter4\framework\system\Database\BaseConnection.php(666): CodeIgniter\Database\MySQLi\Connection->execute('INSERT INTO `tb...')
#2 F:\WEB\XAMPP\htdocs\WebGis_kv\vendor\codeigniter4\framework\system\Database\BaseConnection.php(593): CodeIgniter\Database\BaseConnection->simpleQuery('INSERT INTO `tb...')
#3 F:\WEB\XAMPP\htdocs\WebGis_kv\vendor\codeigniter4\framework\system\Database\BaseBuilder.php(1916): CodeIgniter\Database\BaseConnection->query('INSERT INTO `tb...', Array, false)
#4 F:\WEB\XAMPP\htdocs\WebGis_kv\app\Models\ModelKv.php(283): CodeIgniter\Database\BaseBuilder->insert(Array)
#5 F:\WEB\XAMPP\htdocs\WebGis_kv\app\Controllers\Admin.php(345): App\Models\ModelKv->addKafe(Array)
#6 F:\WEB\XAMPP\htdocs\WebGis_kv\vendor\codeigniter4\framework\system\CodeIgniter.php(927): App\Controllers\Admin->tamb()
#7 F:\WEB\XAMPP\htdocs\WebGis_kv\vendor\codeigniter4\framework\system\CodeIgniter.php(482): CodeIgniter\CodeIgniter->runController(Object(App\Controllers\Admin))
#8 F:\WEB\XAMPP\htdocs\WebGis_kv\vendor\codeigniter4\framework\system\CodeIgniter.php(351): CodeIgniter\CodeIgniter->handleRequest(NULL, Object(Config\Cache), false)
#9 F:\WEB\XAMPP\htdocs\WebGis_kv\public\index.php(67): CodeIgniter\CodeIgniter->run()
#10 F:\WEB\XAMPP\htdocs\WebGis_kv\vendor\codeigniter4\framework\system\Commands\Server\rewrite.php(46): require_once('F:\\WEB\\XAMPP\\ht...')
#11 {main}
CRITICAL - 2023-01-09 16:51:06 --> Cannot get geometry object from data you send to the GEOMETRY field
in SYSTEMPATH\Database\MySQLi\Connection.php on line 292.
 1 SYSTEMPATH\Database\MySQLi\Connection.php(292): mysqli->query('INSERT INTO `tbl_kafe` (`nama_kafe`, `alamat_kafe`, `coordinate`) VALUES (\'rgtr\', \'rrgr\', \'ST_GeomFromText(CONCAT(\\\'POINT(\\\',112.15645,\\\' \\\',-7.1564,\\\')\\\'))\')', 0)
 2 SYSTEMPATH\Database\BaseConnection.php(666): CodeIgniter\Database\MySQLi\Connection->execute('INSERT INTO `tbl_kafe` (`nama_kafe`, `alamat_kafe`, `coordinate`) VALUES (\'rgtr\', \'rrgr\', \'ST_GeomFromText(CONCAT(\\\'POINT(\\\',112.15645,\\\' \\\',-7.1564,\\\')\\\'))\')')
 3 SYSTEMPATH\Database\BaseConnection.php(593): CodeIgniter\Database\BaseConnection->simpleQuery('INSERT INTO `tbl_kafe` (`nama_kafe`, `alamat_kafe`, `coordinate`) VALUES (\'rgtr\', \'rrgr\', \'ST_GeomFromText(CONCAT(\\\'POINT(\\\',112.15645,\\\' \\\',-7.1564,\\\')\\\'))\')')
 4 SYSTEMPATH\Database\BaseBuilder.php(1916): CodeIgniter\Database\BaseConnection->query('INSERT INTO `tbl_kafe` (`nama_kafe`, `alamat_kafe`, `coordinate`) VALUES (:nama_kafe:, :alamat_kafe:, :coordinate:)', [...], false)
 5 APPPATH\Models\ModelKv.php(283): CodeIgniter\Database\BaseBuilder->insert([...])
 6 APPPATH\Controllers\Admin.php(345): App\Models\ModelKv->addKafe([...])
 7 SYSTEMPATH\CodeIgniter.php(927): App\Controllers\Admin->tamb()
 8 SYSTEMPATH\CodeIgniter.php(482): CodeIgniter\CodeIgniter->runController(Object(App\Controllers\Admin))
 9 SYSTEMPATH\CodeIgniter.php(351): CodeIgniter\CodeIgniter->handleRequest(null, Object(Config\Cache), false)
10 FCPATH\index.php(67): CodeIgniter\CodeIgniter->run()
11 SYSTEMPATH\Commands\Server\rewrite.php(46): require_once('FCPATH\\index.php')
ERROR - 2023-01-09 16:51:26 --> mysqli_sql_exception: Cannot get geometry object from data you send to the GEOMETRY field in F:\WEB\XAMPP\htdocs\WebGis_kv\vendor\codeigniter4\framework\system\Database\MySQLi\Connection.php:292
Stack trace:
#0 F:\WEB\XAMPP\htdocs\WebGis_kv\vendor\codeigniter4\framework\system\Database\MySQLi\Connection.php(292): mysqli->query('INSERT INTO `tb...', 0)
#1 F:\WEB\XAMPP\htdocs\WebGis_kv\vendor\codeigniter4\framework\system\Database\BaseConnection.php(666): CodeIgniter\Database\MySQLi\Connection->execute('INSERT INTO `tb...')
#2 F:\WEB\XAMPP\htdocs\WebGis_kv\vendor\codeigniter4\framework\system\Database\BaseConnection.php(593): CodeIgniter\Database\BaseConnection->simpleQuery('INSERT INTO `tb...')
#3 F:\WEB\XAMPP\htdocs\WebGis_kv\vendor\codeigniter4\framework\system\Database\BaseBuilder.php(1916): CodeIgniter\Database\BaseConnection->query('INSERT INTO `tb...', Array, false)
#4 F:\WEB\XAMPP\htdocs\WebGis_kv\app\Models\ModelKv.php(283): CodeIgniter\Database\BaseBuilder->insert(Array)
#5 F:\WEB\XAMPP\htdocs\WebGis_kv\app\Controllers\Admin.php(345): App\Models\ModelKv->addKafe(Array)
#6 F:\WEB\XAMPP\htdocs\WebGis_kv\vendor\codeigniter4\framework\system\CodeIgniter.php(927): App\Controllers\Admin->tamb()
#7 F:\WEB\XAMPP\htdocs\WebGis_kv\vendor\codeigniter4\framework\system\CodeIgniter.php(482): CodeIgniter\CodeIgniter->runController(Object(App\Controllers\Admin))
#8 F:\WEB\XAMPP\htdocs\WebGis_kv\vendor\codeigniter4\framework\system\CodeIgniter.php(351): CodeIgniter\CodeIgniter->handleRequest(NULL, Object(Config\Cache), false)
#9 F:\WEB\XAMPP\htdocs\WebGis_kv\public\index.php(67): CodeIgniter\CodeIgniter->run()
#10 F:\WEB\XAMPP\htdocs\WebGis_kv\vendor\codeigniter4\framework\system\Commands\Server\rewrite.php(46): require_once('F:\\WEB\\XAMPP\\ht...')
#11 {main}
CRITICAL - 2023-01-09 16:51:26 --> Cannot get geometry object from data you send to the GEOMETRY field
in SYSTEMPATH\Database\MySQLi\Connection.php on line 292.
 1 SYSTEMPATH\Database\MySQLi\Connection.php(292): mysqli->query('INSERT INTO `tbl_kafe` (`nama_kafe`, `alamat_kafe`, `coordinate`) VALUES (\'rgtr\', \'rrgr\', \'ST_GeomFromText(CONCAT(\\\'POINT(112.15645 -7.1564)\\\'))\')', 0)
 2 SYSTEMPATH\Database\BaseConnection.php(666): CodeIgniter\Database\MySQLi\Connection->execute('INSERT INTO `tbl_kafe` (`nama_kafe`, `alamat_kafe`, `coordinate`) VALUES (\'rgtr\', \'rrgr\', \'ST_GeomFromText(CONCAT(\\\'POINT(112.15645 -7.1564)\\\'))\')')
 3 SYSTEMPATH\Database\BaseConnection.php(593): CodeIgniter\Database\BaseConnection->simpleQuery('INSERT INTO `tbl_kafe` (`nama_kafe`, `alamat_kafe`, `coordinate`) VALUES (\'rgtr\', \'rrgr\', \'ST_GeomFromText(CONCAT(\\\'POINT(112.15645 -7.1564)\\\'))\')')
 4 SYSTEMPATH\Database\BaseBuilder.php(1916): CodeIgniter\Database\BaseConnection->query('INSERT INTO `tbl_kafe` (`nama_kafe`, `alamat_kafe`, `coordinate`) VALUES (:nama_kafe:, :alamat_kafe:, :coordinate:)', [...], false)
 5 APPPATH\Models\ModelKv.php(283): CodeIgniter\Database\BaseBuilder->insert([...])
 6 APPPATH\Controllers\Admin.php(345): App\Models\ModelKv->addKafe([...])
 7 SYSTEMPATH\CodeIgniter.php(927): App\Controllers\Admin->tamb()
 8 SYSTEMPATH\CodeIgniter.php(482): CodeIgniter\CodeIgniter->runController(Object(App\Controllers\Admin))
 9 SYSTEMPATH\CodeIgniter.php(351): CodeIgniter\CodeIgniter->handleRequest(null, Object(Config\Cache), false)
10 FCPATH\index.php(67): CodeIgniter\CodeIgniter->run()
11 SYSTEMPATH\Commands\Server\rewrite.php(46): require_once('FCPATH\\index.php')
ERROR - 2023-01-09 16:51:29 --> mysqli_sql_exception: Cannot get geometry object from data you send to the GEOMETRY field in F:\WEB\XAMPP\htdocs\WebGis_kv\vendor\codeigniter4\framework\system\Database\MySQLi\Connection.php:292
Stack trace:
#0 F:\WEB\XAMPP\htdocs\WebGis_kv\vendor\codeigniter4\framework\system\Database\MySQLi\Connection.php(292): mysqli->query('INSERT INTO `tb...', 0)
#1 F:\WEB\XAMPP\htdocs\WebGis_kv\vendor\codeigniter4\framework\system\Database\BaseConnection.php(666): CodeIgniter\Database\MySQLi\Connection->execute('INSERT INTO `tb...')
#2 F:\WEB\XAMPP\htdocs\WebGis_kv\vendor\codeigniter4\framework\system\Database\BaseConnection.php(593): CodeIgniter\Database\BaseConnection->simpleQuery('INSERT INTO `tb...')
#3 F:\WEB\XAMPP\htdocs\WebGis_kv\vendor\codeigniter4\framework\system\Database\BaseBuilder.php(1916): CodeIgniter\Database\BaseConnection->query('INSERT INTO `tb...', Array, false)
#4 F:\WEB\XAMPP\htdocs\WebGis_kv\app\Models\ModelKv.php(283): CodeIgniter\Database\BaseBuilder->insert(Array)
#5 F:\WEB\XAMPP\htdocs\WebGis_kv\app\Controllers\Admin.php(345): App\Models\ModelKv->addKafe(Array)
#6 F:\WEB\XAMPP\htdocs\WebGis_kv\vendor\codeigniter4\framework\system\CodeIgniter.php(927): App\Controllers\Admin->tamb()
#7 F:\WEB\XAMPP\htdocs\WebGis_kv\vendor\codeigniter4\framework\system\CodeIgniter.php(482): CodeIgniter\CodeIgniter->runController(Object(App\Controllers\Admin))
#8 F:\WEB\XAMPP\htdocs\WebGis_kv\vendor\codeigniter4\framework\system\CodeIgniter.php(351): CodeIgniter\CodeIgniter->handleRequest(NULL, Object(Config\Cache), false)
#9 F:\WEB\XAMPP\htdocs\WebGis_kv\public\index.php(67): CodeIgniter\CodeIgniter->run()
#10 F:\WEB\XAMPP\htdocs\WebGis_kv\vendor\codeigniter4\framework\system\Commands\Server\rewrite.php(46): require_once('F:\\WEB\\XAMPP\\ht...')
#11 {main}
CRITICAL - 2023-01-09 16:51:29 --> Cannot get geometry object from data you send to the GEOMETRY field
in SYSTEMPATH\Database\MySQLi\Connection.php on line 292.
 1 SYSTEMPATH\Database\MySQLi\Connection.php(292): mysqli->query('INSERT INTO `tbl_kafe` (`nama_kafe`, `alamat_kafe`, `coordinate`) VALUES (\'rgtr\', \'rrgr\', \'ST_GeomFromText(CONCAT(\\\'POINT(112.15645 -7.1564)\\\'))\')', 0)
 2 SYSTEMPATH\Database\BaseConnection.php(666): CodeIgniter\Database\MySQLi\Connection->execute('INSERT INTO `tbl_kafe` (`nama_kafe`, `alamat_kafe`, `coordinate`) VALUES (\'rgtr\', \'rrgr\', \'ST_GeomFromText(CONCAT(\\\'POINT(112.15645 -7.1564)\\\'))\')')
 3 SYSTEMPATH\Database\BaseConnection.php(593): CodeIgniter\Database\BaseConnection->simpleQuery('INSERT INTO `tbl_kafe` (`nama_kafe`, `alamat_kafe`, `coordinate`) VALUES (\'rgtr\', \'rrgr\', \'ST_GeomFromText(CONCAT(\\\'POINT(112.15645 -7.1564)\\\'))\')')
 4 SYSTEMPATH\Database\BaseBuilder.php(1916): CodeIgniter\Database\BaseConnection->query('INSERT INTO `tbl_kafe` (`nama_kafe`, `alamat_kafe`, `coordinate`) VALUES (:nama_kafe:, :alamat_kafe:, :coordinate:)', [...], false)
 5 APPPATH\Models\ModelKv.php(283): CodeIgniter\Database\BaseBuilder->insert([...])
 6 APPPATH\Controllers\Admin.php(345): App\Models\ModelKv->addKafe([...])
 7 SYSTEMPATH\CodeIgniter.php(927): App\Controllers\Admin->tamb()
 8 SYSTEMPATH\CodeIgniter.php(482): CodeIgniter\CodeIgniter->runController(Object(App\Controllers\Admin))
 9 SYSTEMPATH\CodeIgniter.php(351): CodeIgniter\CodeIgniter->handleRequest(null, Object(Config\Cache), false)
10 FCPATH\index.php(67): CodeIgniter\CodeIgniter->run()
11 SYSTEMPATH\Commands\Server\rewrite.php(46): require_once('FCPATH\\index.php')
ERROR - 2023-01-09 16:51:48 --> mysqli_sql_exception: Cannot get geometry object from data you send to the GEOMETRY field in F:\WEB\XAMPP\htdocs\WebGis_kv\vendor\codeigniter4\framework\system\Database\MySQLi\Connection.php:292
Stack trace:
#0 F:\WEB\XAMPP\htdocs\WebGis_kv\vendor\codeigniter4\framework\system\Database\MySQLi\Connection.php(292): mysqli->query('INSERT INTO `tb...', 0)
#1 F:\WEB\XAMPP\htdocs\WebGis_kv\vendor\codeigniter4\framework\system\Database\BaseConnection.php(666): CodeIgniter\Database\MySQLi\Connection->execute('INSERT INTO `tb...')
#2 F:\WEB\XAMPP\htdocs\WebGis_kv\vendor\codeigniter4\framework\system\Database\BaseConnection.php(593): CodeIgniter\Database\BaseConnection->simpleQuery('INSERT INTO `tb...')
#3 F:\WEB\XAMPP\htdocs\WebGis_kv\vendor\codeigniter4\framework\system\Database\BaseBuilder.php(1916): CodeIgniter\Database\BaseConnection->query('INSERT INTO `tb...', Array, false)
#4 F:\WEB\XAMPP\htdocs\WebGis_kv\app\Models\ModelKv.php(283): CodeIgniter\Database\BaseBuilder->insert(Array)
#5 F:\WEB\XAMPP\htdocs\WebGis_kv\app\Controllers\Admin.php(345): App\Models\ModelKv->addKafe(Array)
#6 F:\WEB\XAMPP\htdocs\WebGis_kv\vendor\codeigniter4\framework\system\CodeIgniter.php(927): App\Controllers\Admin->tamb()
#7 F:\WEB\XAMPP\htdocs\WebGis_kv\vendor\codeigniter4\framework\system\CodeIgniter.php(482): CodeIgniter\CodeIgniter->runController(Object(App\Controllers\Admin))
#8 F:\WEB\XAMPP\htdocs\WebGis_kv\vendor\codeigniter4\framework\system\CodeIgniter.php(351): CodeIgniter\CodeIgniter->handleRequest(NULL, Object(Config\Cache), false)
#9 F:\WEB\XAMPP\htdocs\WebGis_kv\public\index.php(67): CodeIgniter\CodeIgniter->run()
#10 F:\WEB\XAMPP\htdocs\WebGis_kv\vendor\codeigniter4\framework\system\Commands\Server\rewrite.php(46): require_once('F:\\WEB\\XAMPP\\ht...')
#11 {main}
CRITICAL - 2023-01-09 16:51:48 --> Cannot get geometry object from data you send to the GEOMETRY field
in SYSTEMPATH\Database\MySQLi\Connection.php on line 292.
 1 SYSTEMPATH\Database\MySQLi\Connection.php(292): mysqli->query('INSERT INTO `tbl_kafe` (`nama_kafe`, `alamat_kafe`, `coordinate`) VALUES (\'rgtr\', \'rrgr\', \'ST_GeomFromText(CONCAT(\\\'POINT(112.15645 -7.1564)\\\'))\')', 0)
 2 SYSTEMPATH\Database\BaseConnection.php(666): CodeIgniter\Database\MySQLi\Connection->execute('INSERT INTO `tbl_kafe` (`nama_kafe`, `alamat_kafe`, `coordinate`) VALUES (\'rgtr\', \'rrgr\', \'ST_GeomFromText(CONCAT(\\\'POINT(112.15645 -7.1564)\\\'))\')')
 3 SYSTEMPATH\Database\BaseConnection.php(593): CodeIgniter\Database\BaseConnection->simpleQuery('INSERT INTO `tbl_kafe` (`nama_kafe`, `alamat_kafe`, `coordinate`) VALUES (\'rgtr\', \'rrgr\', \'ST_GeomFromText(CONCAT(\\\'POINT(112.15645 -7.1564)\\\'))\')')
 4 SYSTEMPATH\Database\BaseBuilder.php(1916): CodeIgniter\Database\BaseConnection->query('INSERT INTO `tbl_kafe` (`nama_kafe`, `alamat_kafe`, `coordinate`) VALUES (:nama_kafe:, :alamat_kafe:, :coordinate:)', [...], false)
 5 APPPATH\Models\ModelKv.php(283): CodeIgniter\Database\BaseBuilder->insert([...])
 6 APPPATH\Controllers\Admin.php(345): App\Models\ModelKv->addKafe([...])
 7 SYSTEMPATH\CodeIgniter.php(927): App\Controllers\Admin->tamb()
 8 SYSTEMPATH\CodeIgniter.php(482): CodeIgniter\CodeIgniter->runController(Object(App\Controllers\Admin))
 9 SYSTEMPATH\CodeIgniter.php(351): CodeIgniter\CodeIgniter->handleRequest(null, Object(Config\Cache), false)
10 FCPATH\index.php(67): CodeIgniter\CodeIgniter->run()
11 SYSTEMPATH\Commands\Server\rewrite.php(46): require_once('FCPATH\\index.php')
ERROR - 2023-01-09 16:53:10 --> mysqli_sql_exception: Cannot get geometry object from data you send to the GEOMETRY field in F:\WEB\XAMPP\htdocs\WebGis_kv\vendor\codeigniter4\framework\system\Database\MySQLi\Connection.php:292
Stack trace:
#0 F:\WEB\XAMPP\htdocs\WebGis_kv\vendor\codeigniter4\framework\system\Database\MySQLi\Connection.php(292): mysqli->query('INSERT INTO `tb...', 0)
#1 F:\WEB\XAMPP\htdocs\WebGis_kv\vendor\codeigniter4\framework\system\Database\BaseConnection.php(666): CodeIgniter\Database\MySQLi\Connection->execute('INSERT INTO `tb...')
#2 F:\WEB\XAMPP\htdocs\WebGis_kv\vendor\codeigniter4\framework\system\Database\BaseConnection.php(593): CodeIgniter\Database\BaseConnection->simpleQuery('INSERT INTO `tb...')
#3 F:\WEB\XAMPP\htdocs\WebGis_kv\vendor\codeigniter4\framework\system\Database\BaseBuilder.php(1916): CodeIgniter\Database\BaseConnection->query('INSERT INTO `tb...', Array, false)
#4 F:\WEB\XAMPP\htdocs\WebGis_kv\app\Models\ModelKv.php(283): CodeIgniter\Database\BaseBuilder->insert(Array)
#5 F:\WEB\XAMPP\htdocs\WebGis_kv\app\Controllers\Admin.php(345): App\Models\ModelKv->addKafe(Array)
#6 F:\WEB\XAMPP\htdocs\WebGis_kv\vendor\codeigniter4\framework\system\CodeIgniter.php(927): App\Controllers\Admin->tamb()
#7 F:\WEB\XAMPP\htdocs\WebGis_kv\vendor\codeigniter4\framework\system\CodeIgniter.php(482): CodeIgniter\CodeIgniter->runController(Object(App\Controllers\Admin))
#8 F:\WEB\XAMPP\htdocs\WebGis_kv\vendor\codeigniter4\framework\system\CodeIgniter.php(351): CodeIgniter\CodeIgniter->handleRequest(NULL, Object(Config\Cache), false)
#9 F:\WEB\XAMPP\htdocs\WebGis_kv\public\index.php(67): CodeIgniter\CodeIgniter->run()
#10 F:\WEB\XAMPP\htdocs\WebGis_kv\vendor\codeigniter4\framework\system\Commands\Server\rewrite.php(46): require_once('F:\\WEB\\XAMPP\\ht...')
#11 {main}
CRITICAL - 2023-01-09 16:53:10 --> Cannot get geometry object from data you send to the GEOMETRY field
in SYSTEMPATH\Database\MySQLi\Connection.php on line 292.
 1 SYSTEMPATH\Database\MySQLi\Connection.php(292): mysqli->query('INSERT INTO `tbl_kafe` (`nama_kafe`, `alamat_kafe`, `coordinate`) VALUES (\'rgtr\', \'rrgr\', \'ST_GeomFromText(CONCAT(\\\'POINT(112.15645 -7.1564)\\\',4326))\')', 0)
 2 SYSTEMPATH\Database\BaseConnection.php(666): CodeIgniter\Database\MySQLi\Connection->execute('INSERT INTO `tbl_kafe` (`nama_kafe`, `alamat_kafe`, `coordinate`) VALUES (\'rgtr\', \'rrgr\', \'ST_GeomFromText(CONCAT(\\\'POINT(112.15645 -7.1564)\\\',4326))\')')
 3 SYSTEMPATH\Database\BaseConnection.php(593): CodeIgniter\Database\BaseConnection->simpleQuery('INSERT INTO `tbl_kafe` (`nama_kafe`, `alamat_kafe`, `coordinate`) VALUES (\'rgtr\', \'rrgr\', \'ST_GeomFromText(CONCAT(\\\'POINT(112.15645 -7.1564)\\\',4326))\')')
 4 SYSTEMPATH\Database\BaseBuilder.php(1916): CodeIgniter\Database\BaseConnection->query('INSERT INTO `tbl_kafe` (`nama_kafe`, `alamat_kafe`, `coordinate`) VALUES (:nama_kafe:, :alamat_kafe:, :coordinate:)', [...], false)
 5 APPPATH\Models\ModelKv.php(283): CodeIgniter\Database\BaseBuilder->insert([...])
 6 APPPATH\Controllers\Admin.php(345): App\Models\ModelKv->addKafe([...])
 7 SYSTEMPATH\CodeIgniter.php(927): App\Controllers\Admin->tamb()
 8 SYSTEMPATH\CodeIgniter.php(482): CodeIgniter\CodeIgniter->runController(Object(App\Controllers\Admin))
 9 SYSTEMPATH\CodeIgniter.php(351): CodeIgniter\CodeIgniter->handleRequest(null, Object(Config\Cache), false)
10 FCPATH\index.php(67): CodeIgniter\CodeIgniter->run()
11 SYSTEMPATH\Commands\Server\rewrite.php(46): require_once('FCPATH\\index.php')
ERROR - 2023-01-09 16:53:16 --> mysqli_sql_exception: Cannot get geometry object from data you send to the GEOMETRY field in F:\WEB\XAMPP\htdocs\WebGis_kv\vendor\codeigniter4\framework\system\Database\MySQLi\Connection.php:292
Stack trace:
#0 F:\WEB\XAMPP\htdocs\WebGis_kv\vendor\codeigniter4\framework\system\Database\MySQLi\Connection.php(292): mysqli->query('INSERT INTO `tb...', 0)
#1 F:\WEB\XAMPP\htdocs\WebGis_kv\vendor\codeigniter4\framework\system\Database\BaseConnection.php(666): CodeIgniter\Database\MySQLi\Connection->execute('INSERT INTO `tb...')
#2 F:\WEB\XAMPP\htdocs\WebGis_kv\vendor\codeigniter4\framework\system\Database\BaseConnection.php(593): CodeIgniter\Database\BaseConnection->simpleQuery('INSERT INTO `tb...')
#3 F:\WEB\XAMPP\htdocs\WebGis_kv\vendor\codeigniter4\framework\system\Database\BaseBuilder.php(1916): CodeIgniter\Database\BaseConnection->query('INSERT INTO `tb...', Array, false)
#4 F:\WEB\XAMPP\htdocs\WebGis_kv\app\Models\ModelKv.php(283): CodeIgniter\Database\BaseBuilder->insert(Array)
#5 F:\WEB\XAMPP\htdocs\WebGis_kv\app\Controllers\Admin.php(345): App\Models\ModelKv->addKafe(Array)
#6 F:\WEB\XAMPP\htdocs\WebGis_kv\vendor\codeigniter4\framework\system\CodeIgniter.php(927): App\Controllers\Admin->tamb()
#7 F:\WEB\XAMPP\htdocs\WebGis_kv\vendor\codeigniter4\framework\system\CodeIgniter.php(482): CodeIgniter\CodeIgniter->runController(Object(App\Controllers\Admin))
#8 F:\WEB\XAMPP\htdocs\WebGis_kv\vendor\codeigniter4\framework\system\CodeIgniter.php(351): CodeIgniter\CodeIgniter->handleRequest(NULL, Object(Config\Cache), false)
#9 F:\WEB\XAMPP\htdocs\WebGis_kv\public\index.php(67): CodeIgniter\CodeIgniter->run()
#10 F:\WEB\XAMPP\htdocs\WebGis_kv\vendor\codeigniter4\framework\system\Commands\Server\rewrite.php(46): require_once('F:\\WEB\\XAMPP\\ht...')
#11 {main}
CRITICAL - 2023-01-09 16:53:16 --> Cannot get geometry object from data you send to the GEOMETRY field
in SYSTEMPATH\Database\MySQLi\Connection.php on line 292.
 1 SYSTEMPATH\Database\MySQLi\Connection.php(292): mysqli->query('INSERT INTO `tbl_kafe` (`nama_kafe`, `alamat_kafe`, `coordinate`) VALUES (\'rgtr\', \'rrgr\', \'ST_GeomFromText(CONCAT(\\\'POINT(112.15645 -7.1564)\\\',4326))\')', 0)
 2 SYSTEMPATH\Database\BaseConnection.php(666): CodeIgniter\Database\MySQLi\Connection->execute('INSERT INTO `tbl_kafe` (`nama_kafe`, `alamat_kafe`, `coordinate`) VALUES (\'rgtr\', \'rrgr\', \'ST_GeomFromText(CONCAT(\\\'POINT(112.15645 -7.1564)\\\',4326))\')')
 3 SYSTEMPATH\Database\BaseConnection.php(593): CodeIgniter\Database\BaseConnection->simpleQuery('INSERT INTO `tbl_kafe` (`nama_kafe`, `alamat_kafe`, `coordinate`) VALUES (\'rgtr\', \'rrgr\', \'ST_GeomFromText(CONCAT(\\\'POINT(112.15645 -7.1564)\\\',4326))\')')
 4 SYSTEMPATH\Database\BaseBuilder.php(1916): CodeIgniter\Database\BaseConnection->query('INSERT INTO `tbl_kafe` (`nama_kafe`, `alamat_kafe`, `coordinate`) VALUES (:nama_kafe:, :alamat_kafe:, :coordinate:)', [...], false)
 5 APPPATH\Models\ModelKv.php(283): CodeIgniter\Database\BaseBuilder->insert([...])
 6 APPPATH\Controllers\Admin.php(345): App\Models\ModelKv->addKafe([...])
 7 SYSTEMPATH\CodeIgniter.php(927): App\Controllers\Admin->tamb()
 8 SYSTEMPATH\CodeIgniter.php(482): CodeIgniter\CodeIgniter->runController(Object(App\Controllers\Admin))
 9 SYSTEMPATH\CodeIgniter.php(351): CodeIgniter\CodeIgniter->handleRequest(null, Object(Config\Cache), false)
10 FCPATH\index.php(67): CodeIgniter\CodeIgniter->run()
11 SYSTEMPATH\Commands\Server\rewrite.php(46): require_once('FCPATH\\index.php')
CRITICAL - 2023-01-09 16:54:33 --> Call to undefined function App\Controllers\ST_PointFromText()
in APPPATH\Controllers\Admin.php on line 341.
 1 SYSTEMPATH\CodeIgniter.php(927): App\Controllers\Admin->tamb()
 2 SYSTEMPATH\CodeIgniter.php(482): CodeIgniter\CodeIgniter->runController(Object(App\Controllers\Admin))
 3 SYSTEMPATH\CodeIgniter.php(351): CodeIgniter\CodeIgniter->handleRequest(null, Object(Config\Cache), false)
 4 FCPATH\index.php(67): CodeIgniter\CodeIgniter->run()
 5 SYSTEMPATH\Commands\Server\rewrite.php(46): require_once('FCPATH\\index.php')
ERROR - 2023-01-09 16:54:52 --> mysqli_sql_exception: Cannot get geometry object from data you send to the GEOMETRY field in F:\WEB\XAMPP\htdocs\WebGis_kv\vendor\codeigniter4\framework\system\Database\MySQLi\Connection.php:292
Stack trace:
#0 F:\WEB\XAMPP\htdocs\WebGis_kv\vendor\codeigniter4\framework\system\Database\MySQLi\Connection.php(292): mysqli->query('INSERT INTO `tb...', 0)
#1 F:\WEB\XAMPP\htdocs\WebGis_kv\vendor\codeigniter4\framework\system\Database\BaseConnection.php(666): CodeIgniter\Database\MySQLi\Connection->execute('INSERT INTO `tb...')
#2 F:\WEB\XAMPP\htdocs\WebGis_kv\vendor\codeigniter4\framework\system\Database\BaseConnection.php(593): CodeIgniter\Database\BaseConnection->simpleQuery('INSERT INTO `tb...')
#3 F:\WEB\XAMPP\htdocs\WebGis_kv\vendor\codeigniter4\framework\system\Database\BaseBuilder.php(1916): CodeIgniter\Database\BaseConnection->query('INSERT INTO `tb...', Array, false)
#4 F:\WEB\XAMPP\htdocs\WebGis_kv\app\Models\ModelKv.php(283): CodeIgniter\Database\BaseBuilder->insert(Array)
#5 F:\WEB\XAMPP\htdocs\WebGis_kv\app\Controllers\Admin.php(348): App\Models\ModelKv->addKafe(Array)
#6 F:\WEB\XAMPP\htdocs\WebGis_kv\vendor\codeigniter4\framework\system\CodeIgniter.php(927): App\Controllers\Admin->tamb()
#7 F:\WEB\XAMPP\htdocs\WebGis_kv\vendor\codeigniter4\framework\system\CodeIgniter.php(482): CodeIgniter\CodeIgniter->runController(Object(App\Controllers\Admin))
#8 F:\WEB\XAMPP\htdocs\WebGis_kv\vendor\codeigniter4\framework\system\CodeIgniter.php(351): CodeIgniter\CodeIgniter->handleRequest(NULL, Object(Config\Cache), false)
#9 F:\WEB\XAMPP\htdocs\WebGis_kv\public\index.php(67): CodeIgniter\CodeIgniter->run()
#10 F:\WEB\XAMPP\htdocs\WebGis_kv\vendor\codeigniter4\framework\system\Commands\Server\rewrite.php(46): require_once('F:\\WEB\\XAMPP\\ht...')
#11 {main}
CRITICAL - 2023-01-09 16:54:52 --> Cannot get geometry object from data you send to the GEOMETRY field
in SYSTEMPATH\Database\MySQLi\Connection.php on line 292.
 1 SYSTEMPATH\Database\MySQLi\Connection.php(292): mysqli->query('INSERT INTO `tbl_kafe` (`nama_kafe`, `alamat_kafe`, `coordinate`) VALUES (\'rgtr\', \'rrgr\', \'ST_PointFromText($point)\')', 0)
 2 SYSTEMPATH\Database\BaseConnection.php(666): CodeIgniter\Database\MySQLi\Connection->execute('INSERT INTO `tbl_kafe` (`nama_kafe`, `alamat_kafe`, `coordinate`) VALUES (\'rgtr\', \'rrgr\', \'ST_PointFromText($point)\')')
 3 SYSTEMPATH\Database\BaseConnection.php(593): CodeIgniter\Database\BaseConnection->simpleQuery('INSERT INTO `tbl_kafe` (`nama_kafe`, `alamat_kafe`, `coordinate`) VALUES (\'rgtr\', \'rrgr\', \'ST_PointFromText($point)\')')
 4 SYSTEMPATH\Database\BaseBuilder.php(1916): CodeIgniter\Database\BaseConnection->query('INSERT INTO `tbl_kafe` (`nama_kafe`, `alamat_kafe`, `coordinate`) VALUES (:nama_kafe:, :alamat_kafe:, :coordinate:)', [...], false)
 5 APPPATH\Models\ModelKv.php(283): CodeIgniter\Database\BaseBuilder->insert([...])
 6 APPPATH\Controllers\Admin.php(348): App\Models\ModelKv->addKafe([...])
 7 SYSTEMPATH\CodeIgniter.php(927): App\Controllers\Admin->tamb()
 8 SYSTEMPATH\CodeIgniter.php(482): CodeIgniter\CodeIgniter->runController(Object(App\Controllers\Admin))
 9 SYSTEMPATH\CodeIgniter.php(351): CodeIgniter\CodeIgniter->handleRequest(null, Object(Config\Cache), false)
10 FCPATH\index.php(67): CodeIgniter\CodeIgniter->run()
11 SYSTEMPATH\Commands\Server\rewrite.php(46): require_once('FCPATH\\index.php')
ERROR - 2023-01-09 16:55:57 --> mysqli_sql_exception: Cannot get geometry object from data you send to the GEOMETRY field in F:\WEB\XAMPP\htdocs\WebGis_kv\vendor\codeigniter4\framework\system\Database\MySQLi\Connection.php:292
Stack trace:
#0 F:\WEB\XAMPP\htdocs\WebGis_kv\vendor\codeigniter4\framework\system\Database\MySQLi\Connection.php(292): mysqli->query('INSERT INTO `tb...', 0)
#1 F:\WEB\XAMPP\htdocs\WebGis_kv\vendor\codeigniter4\framework\system\Database\BaseConnection.php(666): CodeIgniter\Database\MySQLi\Connection->execute('INSERT INTO `tb...')
#2 F:\WEB\XAMPP\htdocs\WebGis_kv\vendor\codeigniter4\framework\system\Database\BaseConnection.php(593): CodeIgniter\Database\BaseConnection->simpleQuery('INSERT INTO `tb...')
#3 F:\WEB\XAMPP\htdocs\WebGis_kv\vendor\codeigniter4\framework\system\Database\BaseBuilder.php(1916): CodeIgniter\Database\BaseConnection->query('INSERT INTO `tb...', Array, false)
#4 F:\WEB\XAMPP\htdocs\WebGis_kv\app\Models\ModelKv.php(283): CodeIgniter\Database\BaseBuilder->insert(Array)
#5 F:\WEB\XAMPP\htdocs\WebGis_kv\app\Controllers\Admin.php(351): App\Models\ModelKv->addKafe(Array)
#6 F:\WEB\XAMPP\htdocs\WebGis_kv\vendor\codeigniter4\framework\system\CodeIgniter.php(927): App\Controllers\Admin->tamb()
#7 F:\WEB\XAMPP\htdocs\WebGis_kv\vendor\codeigniter4\framework\system\CodeIgniter.php(482): CodeIgniter\CodeIgniter->runController(Object(App\Controllers\Admin))
#8 F:\WEB\XAMPP\htdocs\WebGis_kv\vendor\codeigniter4\framework\system\CodeIgniter.php(351): CodeIgniter\CodeIgniter->handleRequest(NULL, Object(Config\Cache), false)
#9 F:\WEB\XAMPP\htdocs\WebGis_kv\public\index.php(67): CodeIgniter\CodeIgniter->run()
#10 F:\WEB\XAMPP\htdocs\WebGis_kv\vendor\codeigniter4\framework\system\Commands\Server\rewrite.php(46): require_once('F:\\WEB\\XAMPP\\ht...')
#11 {main}
CRITICAL - 2023-01-09 16:55:57 --> Cannot get geometry object from data you send to the GEOMETRY field
in SYSTEMPATH\Database\MySQLi\Connection.php on line 292.
 1 SYSTEMPATH\Database\MySQLi\Connection.php(292): mysqli->query('INSERT INTO `tbl_kafe` (`nama_kafe`, `alamat_kafe`, `coordinate`) VALUES (\'rgtr\', \'rrgr\', \'ST_PointFromText(POINT(112.123456 -7.654321))\')', 0)
 2 SYSTEMPATH\Database\BaseConnection.php(666): CodeIgniter\Database\MySQLi\Connection->execute('INSERT INTO `tbl_kafe` (`nama_kafe`, `alamat_kafe`, `coordinate`) VALUES (\'rgtr\', \'rrgr\', \'ST_PointFromText(POINT(112.123456 -7.654321))\')')
 3 SYSTEMPATH\Database\BaseConnection.php(593): CodeIgniter\Database\BaseConnection->simpleQuery('INSERT INTO `tbl_kafe` (`nama_kafe`, `alamat_kafe`, `coordinate`) VALUES (\'rgtr\', \'rrgr\', \'ST_PointFromText(POINT(112.123456 -7.654321))\')')
 4 SYSTEMPATH\Database\BaseBuilder.php(1916): CodeIgniter\Database\BaseConnection->query('INSERT INTO `tbl_kafe` (`nama_kafe`, `alamat_kafe`, `coordinate`) VALUES (:nama_kafe:, :alamat_kafe:, :coordinate:)', [...], false)
 5 APPPATH\Models\ModelKv.php(283): CodeIgniter\Database\BaseBuilder->insert([...])
 6 APPPATH\Controllers\Admin.php(351): App\Models\ModelKv->addKafe([...])
 7 SYSTEMPATH\CodeIgniter.php(927): App\Controllers\Admin->tamb()
 8 SYSTEMPATH\CodeIgniter.php(482): CodeIgniter\CodeIgniter->runController(Object(App\Controllers\Admin))
 9 SYSTEMPATH\CodeIgniter.php(351): CodeIgniter\CodeIgniter->handleRequest(null, Object(Config\Cache), false)
10 FCPATH\index.php(67): CodeIgniter\CodeIgniter->run()
11 SYSTEMPATH\Commands\Server\rewrite.php(46): require_once('FCPATH\\index.php')
ERROR - 2023-01-09 16:55:58 --> mysqli_sql_exception: Cannot get geometry object from data you send to the GEOMETRY field in F:\WEB\XAMPP\htdocs\WebGis_kv\vendor\codeigniter4\framework\system\Database\MySQLi\Connection.php:292
Stack trace:
#0 F:\WEB\XAMPP\htdocs\WebGis_kv\vendor\codeigniter4\framework\system\Database\MySQLi\Connection.php(292): mysqli->query('INSERT INTO `tb...', 0)
#1 F:\WEB\XAMPP\htdocs\WebGis_kv\vendor\codeigniter4\framework\system\Database\BaseConnection.php(666): CodeIgniter\Database\MySQLi\Connection->execute('INSERT INTO `tb...')
#2 F:\WEB\XAMPP\htdocs\WebGis_kv\vendor\codeigniter4\framework\system\Database\BaseConnection.php(593): CodeIgniter\Database\BaseConnection->simpleQuery('INSERT INTO `tb...')
#3 F:\WEB\XAMPP\htdocs\WebGis_kv\vendor\codeigniter4\framework\system\Database\BaseBuilder.php(1916): CodeIgniter\Database\BaseConnection->query('INSERT INTO `tb...', Array, false)
#4 F:\WEB\XAMPP\htdocs\WebGis_kv\app\Models\ModelKv.php(283): CodeIgniter\Database\BaseBuilder->insert(Array)
#5 F:\WEB\XAMPP\htdocs\WebGis_kv\app\Controllers\Admin.php(351): App\Models\ModelKv->addKafe(Array)
#6 F:\WEB\XAMPP\htdocs\WebGis_kv\vendor\codeigniter4\framework\system\CodeIgniter.php(927): App\Controllers\Admin->tamb()
#7 F:\WEB\XAMPP\htdocs\WebGis_kv\vendor\codeigniter4\framework\system\CodeIgniter.php(482): CodeIgniter\CodeIgniter->runController(Object(App\Controllers\Admin))
#8 F:\WEB\XAMPP\htdocs\WebGis_kv\vendor\codeigniter4\framework\system\CodeIgniter.php(351): CodeIgniter\CodeIgniter->handleRequest(NULL, Object(Config\Cache), false)
#9 F:\WEB\XAMPP\htdocs\WebGis_kv\public\index.php(67): CodeIgniter\CodeIgniter->run()
#10 F:\WEB\XAMPP\htdocs\WebGis_kv\vendor\codeigniter4\framework\system\Commands\Server\rewrite.php(46): require_once('F:\\WEB\\XAMPP\\ht...')
#11 {main}
CRITICAL - 2023-01-09 16:55:58 --> Cannot get geometry object from data you send to the GEOMETRY field
in SYSTEMPATH\Database\MySQLi\Connection.php on line 292.
 1 SYSTEMPATH\Database\MySQLi\Connection.php(292): mysqli->query('INSERT INTO `tbl_kafe` (`nama_kafe`, `alamat_kafe`, `coordinate`) VALUES (\'rgtr\', \'rrgr\', \'ST_PointFromText(POINT(112.123456 -7.654321))\')', 0)
 2 SYSTEMPATH\Database\BaseConnection.php(666): CodeIgniter\Database\MySQLi\Connection->execute('INSERT INTO `tbl_kafe` (`nama_kafe`, `alamat_kafe`, `coordinate`) VALUES (\'rgtr\', \'rrgr\', \'ST_PointFromText(POINT(112.123456 -7.654321))\')')
 3 SYSTEMPATH\Database\BaseConnection.php(593): CodeIgniter\Database\BaseConnection->simpleQuery('INSERT INTO `tbl_kafe` (`nama_kafe`, `alamat_kafe`, `coordinate`) VALUES (\'rgtr\', \'rrgr\', \'ST_PointFromText(POINT(112.123456 -7.654321))\')')
 4 SYSTEMPATH\Database\BaseBuilder.php(1916): CodeIgniter\Database\BaseConnection->query('INSERT INTO `tbl_kafe` (`nama_kafe`, `alamat_kafe`, `coordinate`) VALUES (:nama_kafe:, :alamat_kafe:, :coordinate:)', [...], false)
 5 APPPATH\Models\ModelKv.php(283): CodeIgniter\Database\BaseBuilder->insert([...])
 6 APPPATH\Controllers\Admin.php(351): App\Models\ModelKv->addKafe([...])
 7 SYSTEMPATH\CodeIgniter.php(927): App\Controllers\Admin->tamb()
 8 SYSTEMPATH\CodeIgniter.php(482): CodeIgniter\CodeIgniter->runController(Object(App\Controllers\Admin))
 9 SYSTEMPATH\CodeIgniter.php(351): CodeIgniter\CodeIgniter->handleRequest(null, Object(Config\Cache), false)
10 FCPATH\index.php(67): CodeIgniter\CodeIgniter->run()
11 SYSTEMPATH\Commands\Server\rewrite.php(46): require_once('FCPATH\\index.php')
ERROR - 2023-01-09 16:58:24 --> mysqli_sql_exception: Cannot get geometry object from data you send to the GEOMETRY field in F:\WEB\XAMPP\htdocs\WebGis_kv\vendor\codeigniter4\framework\system\Database\MySQLi\Connection.php:292
Stack trace:
#0 F:\WEB\XAMPP\htdocs\WebGis_kv\vendor\codeigniter4\framework\system\Database\MySQLi\Connection.php(292): mysqli->query('INSERT INTO `tb...', 0)
#1 F:\WEB\XAMPP\htdocs\WebGis_kv\vendor\codeigniter4\framework\system\Database\BaseConnection.php(666): CodeIgniter\Database\MySQLi\Connection->execute('INSERT INTO `tb...')
#2 F:\WEB\XAMPP\htdocs\WebGis_kv\vendor\codeigniter4\framework\system\Database\BaseConnection.php(593): CodeIgniter\Database\BaseConnection->simpleQuery('INSERT INTO `tb...')
#3 F:\WEB\XAMPP\htdocs\WebGis_kv\vendor\codeigniter4\framework\system\Database\BaseBuilder.php(1916): CodeIgniter\Database\BaseConnection->query('INSERT INTO `tb...', Array, false)
#4 F:\WEB\XAMPP\htdocs\WebGis_kv\app\Models\ModelKv.php(283): CodeIgniter\Database\BaseBuilder->insert(Array)
#5 F:\WEB\XAMPP\htdocs\WebGis_kv\app\Controllers\Admin.php(352): App\Models\ModelKv->addKafe(Array)
#6 F:\WEB\XAMPP\htdocs\WebGis_kv\vendor\codeigniter4\framework\system\CodeIgniter.php(927): App\Controllers\Admin->tamb()
#7 F:\WEB\XAMPP\htdocs\WebGis_kv\vendor\codeigniter4\framework\system\CodeIgniter.php(482): CodeIgniter\CodeIgniter->runController(Object(App\Controllers\Admin))
#8 F:\WEB\XAMPP\htdocs\WebGis_kv\vendor\codeigniter4\framework\system\CodeIgniter.php(351): CodeIgniter\CodeIgniter->handleRequest(NULL, Object(Config\Cache), false)
#9 F:\WEB\XAMPP\htdocs\WebGis_kv\public\index.php(67): CodeIgniter\CodeIgniter->run()
#10 F:\WEB\XAMPP\htdocs\WebGis_kv\vendor\codeigniter4\framework\system\Commands\Server\rewrite.php(46): require_once('F:\\WEB\\XAMPP\\ht...')
#11 {main}
CRITICAL - 2023-01-09 16:58:24 --> Cannot get geometry object from data you send to the GEOMETRY field
in SYSTEMPATH\Database\MySQLi\Connection.php on line 292.
 1 SYSTEMPATH\Database\MySQLi\Connection.php(292): mysqli->query('INSERT INTO `tbl_kafe` (`nama_kafe`, `alamat_kafe`, `coordinate`) VALUES (\'rgtr\', \'rrgr\', \'ST_PointFromText\\\'POINT(112.123456 -7.654321)\\\',4326\')', 0)
 2 SYSTEMPATH\Database\BaseConnection.php(666): CodeIgniter\Database\MySQLi\Connection->execute('INSERT INTO `tbl_kafe` (`nama_kafe`, `alamat_kafe`, `coordinate`) VALUES (\'rgtr\', \'rrgr\', \'ST_PointFromText\\\'POINT(112.123456 -7.654321)\\\',4326\')')
 3 SYSTEMPATH\Database\BaseConnection.php(593): CodeIgniter\Database\BaseConnection->simpleQuery('INSERT INTO `tbl_kafe` (`nama_kafe`, `alamat_kafe`, `coordinate`) VALUES (\'rgtr\', \'rrgr\', \'ST_PointFromText\\\'POINT(112.123456 -7.654321)\\\',4326\')')
 4 SYSTEMPATH\Database\BaseBuilder.php(1916): CodeIgniter\Database\BaseConnection->query('INSERT INTO `tbl_kafe` (`nama_kafe`, `alamat_kafe`, `coordinate`) VALUES (:nama_kafe:, :alamat_kafe:, :coordinate:)', [...], false)
 5 APPPATH\Models\ModelKv.php(283): CodeIgniter\Database\BaseBuilder->insert([...])
 6 APPPATH\Controllers\Admin.php(352): App\Models\ModelKv->addKafe([...])
 7 SYSTEMPATH\CodeIgniter.php(927): App\Controllers\Admin->tamb()
 8 SYSTEMPATH\CodeIgniter.php(482): CodeIgniter\CodeIgniter->runController(Object(App\Controllers\Admin))
 9 SYSTEMPATH\CodeIgniter.php(351): CodeIgniter\CodeIgniter->handleRequest(null, Object(Config\Cache), false)
10 FCPATH\index.php(67): CodeIgniter\CodeIgniter->run()
11 SYSTEMPATH\Commands\Server\rewrite.php(46): require_once('FCPATH\\index.php')
ERROR - 2023-01-09 16:58:25 --> mysqli_sql_exception: Cannot get geometry object from data you send to the GEOMETRY field in F:\WEB\XAMPP\htdocs\WebGis_kv\vendor\codeigniter4\framework\system\Database\MySQLi\Connection.php:292
Stack trace:
#0 F:\WEB\XAMPP\htdocs\WebGis_kv\vendor\codeigniter4\framework\system\Database\MySQLi\Connection.php(292): mysqli->query('INSERT INTO `tb...', 0)
#1 F:\WEB\XAMPP\htdocs\WebGis_kv\vendor\codeigniter4\framework\system\Database\BaseConnection.php(666): CodeIgniter\Database\MySQLi\Connection->execute('INSERT INTO `tb...')
#2 F:\WEB\XAMPP\htdocs\WebGis_kv\vendor\codeigniter4\framework\system\Database\BaseConnection.php(593): CodeIgniter\Database\BaseConnection->simpleQuery('INSERT INTO `tb...')
#3 F:\WEB\XAMPP\htdocs\WebGis_kv\vendor\codeigniter4\framework\system\Database\BaseBuilder.php(1916): CodeIgniter\Database\BaseConnection->query('INSERT INTO `tb...', Array, false)
#4 F:\WEB\XAMPP\htdocs\WebGis_kv\app\Models\ModelKv.php(283): CodeIgniter\Database\BaseBuilder->insert(Array)
#5 F:\WEB\XAMPP\htdocs\WebGis_kv\app\Controllers\Admin.php(352): App\Models\ModelKv->addKafe(Array)
#6 F:\WEB\XAMPP\htdocs\WebGis_kv\vendor\codeigniter4\framework\system\CodeIgniter.php(927): App\Controllers\Admin->tamb()
#7 F:\WEB\XAMPP\htdocs\WebGis_kv\vendor\codeigniter4\framework\system\CodeIgniter.php(482): CodeIgniter\CodeIgniter->runController(Object(App\Controllers\Admin))
#8 F:\WEB\XAMPP\htdocs\WebGis_kv\vendor\codeigniter4\framework\system\CodeIgniter.php(351): CodeIgniter\CodeIgniter->handleRequest(NULL, Object(Config\Cache), false)
#9 F:\WEB\XAMPP\htdocs\WebGis_kv\public\index.php(67): CodeIgniter\CodeIgniter->run()
#10 F:\WEB\XAMPP\htdocs\WebGis_kv\vendor\codeigniter4\framework\system\Commands\Server\rewrite.php(46): require_once('F:\\WEB\\XAMPP\\ht...')
#11 {main}
CRITICAL - 2023-01-09 16:58:25 --> Cannot get geometry object from data you send to the GEOMETRY field
in SYSTEMPATH\Database\MySQLi\Connection.php on line 292.
 1 SYSTEMPATH\Database\MySQLi\Connection.php(292): mysqli->query('INSERT INTO `tbl_kafe` (`nama_kafe`, `alamat_kafe`, `coordinate`) VALUES (\'rgtr\', \'rrgr\', \'ST_PointFromText\\\'POINT(112.123456 -7.654321)\\\',4326\')', 0)
 2 SYSTEMPATH\Database\BaseConnection.php(666): CodeIgniter\Database\MySQLi\Connection->execute('INSERT INTO `tbl_kafe` (`nama_kafe`, `alamat_kafe`, `coordinate`) VALUES (\'rgtr\', \'rrgr\', \'ST_PointFromText\\\'POINT(112.123456 -7.654321)\\\',4326\')')
 3 SYSTEMPATH\Database\BaseConnection.php(593): CodeIgniter\Database\BaseConnection->simpleQuery('INSERT INTO `tbl_kafe` (`nama_kafe`, `alamat_kafe`, `coordinate`) VALUES (\'rgtr\', \'rrgr\', \'ST_PointFromText\\\'POINT(112.123456 -7.654321)\\\',4326\')')
 4 SYSTEMPATH\Database\BaseBuilder.php(1916): CodeIgniter\Database\BaseConnection->query('INSERT INTO `tbl_kafe` (`nama_kafe`, `alamat_kafe`, `coordinate`) VALUES (:nama_kafe:, :alamat_kafe:, :coordinate:)', [...], false)
 5 APPPATH\Models\ModelKv.php(283): CodeIgniter\Database\BaseBuilder->insert([...])
 6 APPPATH\Controllers\Admin.php(352): App\Models\ModelKv->addKafe([...])
 7 SYSTEMPATH\CodeIgniter.php(927): App\Controllers\Admin->tamb()
 8 SYSTEMPATH\CodeIgniter.php(482): CodeIgniter\CodeIgniter->runController(Object(App\Controllers\Admin))
 9 SYSTEMPATH\CodeIgniter.php(351): CodeIgniter\CodeIgniter->handleRequest(null, Object(Config\Cache), false)
10 FCPATH\index.php(67): CodeIgniter\CodeIgniter->run()
11 SYSTEMPATH\Commands\Server\rewrite.php(46): require_once('FCPATH\\index.php')
ERROR - 2023-01-09 17:02:18 --> mysqli_sql_exception: Cannot get geometry object from data you send to the GEOMETRY field in F:\WEB\XAMPP\htdocs\WebGis_kv\vendor\codeigniter4\framework\system\Database\MySQLi\Connection.php:292
Stack trace:
#0 F:\WEB\XAMPP\htdocs\WebGis_kv\vendor\codeigniter4\framework\system\Database\MySQLi\Connection.php(292): mysqli->query('INSERT INTO `tb...', 0)
#1 F:\WEB\XAMPP\htdocs\WebGis_kv\vendor\codeigniter4\framework\system\Database\BaseConnection.php(666): CodeIgniter\Database\MySQLi\Connection->execute('INSERT INTO `tb...')
#2 F:\WEB\XAMPP\htdocs\WebGis_kv\vendor\codeigniter4\framework\system\Database\BaseConnection.php(593): CodeIgniter\Database\BaseConnection->simpleQuery('INSERT INTO `tb...')
#3 F:\WEB\XAMPP\htdocs\WebGis_kv\vendor\codeigniter4\framework\system\Database\BaseBuilder.php(1916): CodeIgniter\Database\BaseConnection->query('INSERT INTO `tb...', Array, false)
#4 F:\WEB\XAMPP\htdocs\WebGis_kv\app\Models\ModelKv.php(283): CodeIgniter\Database\BaseBuilder->insert(Array)
#5 F:\WEB\XAMPP\htdocs\WebGis_kv\app\Controllers\Admin.php(352): App\Models\ModelKv->addKafe(Array)
#6 F:\WEB\XAMPP\htdocs\WebGis_kv\vendor\codeigniter4\framework\system\CodeIgniter.php(927): App\Controllers\Admin->tamb()
#7 F:\WEB\XAMPP\htdocs\WebGis_kv\vendor\codeigniter4\framework\system\CodeIgniter.php(482): CodeIgniter\CodeIgniter->runController(Object(App\Controllers\Admin))
#8 F:\WEB\XAMPP\htdocs\WebGis_kv\vendor\codeigniter4\framework\system\CodeIgniter.php(351): CodeIgniter\CodeIgniter->handleRequest(NULL, Object(Config\Cache), false)
#9 F:\WEB\XAMPP\htdocs\WebGis_kv\public\index.php(67): CodeIgniter\CodeIgniter->run()
#10 F:\WEB\XAMPP\htdocs\WebGis_kv\vendor\codeigniter4\framework\system\Commands\Server\rewrite.php(46): require_once('F:\\WEB\\XAMPP\\ht...')
#11 {main}
CRITICAL - 2023-01-09 17:02:18 --> Cannot get geometry object from data you send to the GEOMETRY field
in SYSTEMPATH\Database\MySQLi\Connection.php on line 292.
 1 SYSTEMPATH\Database\MySQLi\Connection.php(292): mysqli->query('INSERT INTO `tbl_kafe` (`nama_kafe`, `alamat_kafe`, `coordinate`) VALUES (\'rgtr\', \'rrgr\', \'ST_PointFromText(\\\'POINT(112.123456 -7.654321)\\\',4326)\')', 0)
 2 SYSTEMPATH\Database\BaseConnection.php(666): CodeIgniter\Database\MySQLi\Connection->execute('INSERT INTO `tbl_kafe` (`nama_kafe`, `alamat_kafe`, `coordinate`) VALUES (\'rgtr\', \'rrgr\', \'ST_PointFromText(\\\'POINT(112.123456 -7.654321)\\\',4326)\')')
 3 SYSTEMPATH\Database\BaseConnection.php(593): CodeIgniter\Database\BaseConnection->simpleQuery('INSERT INTO `tbl_kafe` (`nama_kafe`, `alamat_kafe`, `coordinate`) VALUES (\'rgtr\', \'rrgr\', \'ST_PointFromText(\\\'POINT(112.123456 -7.654321)\\\',4326)\')')
 4 SYSTEMPATH\Database\BaseBuilder.php(1916): CodeIgniter\Database\BaseConnection->query('INSERT INTO `tbl_kafe` (`nama_kafe`, `alamat_kafe`, `coordinate`) VALUES (:nama_kafe:, :alamat_kafe:, :coordinate:)', [...], false)
 5 APPPATH\Models\ModelKv.php(283): CodeIgniter\Database\BaseBuilder->insert([...])
 6 APPPATH\Controllers\Admin.php(352): App\Models\ModelKv->addKafe([...])
 7 SYSTEMPATH\CodeIgniter.php(927): App\Controllers\Admin->tamb()
 8 SYSTEMPATH\CodeIgniter.php(482): CodeIgniter\CodeIgniter->runController(Object(App\Controllers\Admin))
 9 SYSTEMPATH\CodeIgniter.php(351): CodeIgniter\CodeIgniter->handleRequest(null, Object(Config\Cache), false)
10 FCPATH\index.php(67): CodeIgniter\CodeIgniter->run()
11 SYSTEMPATH\Commands\Server\rewrite.php(46): require_once('FCPATH\\index.php')
ERROR - 2023-01-09 17:02:19 --> mysqli_sql_exception: Cannot get geometry object from data you send to the GEOMETRY field in F:\WEB\XAMPP\htdocs\WebGis_kv\vendor\codeigniter4\framework\system\Database\MySQLi\Connection.php:292
Stack trace:
#0 F:\WEB\XAMPP\htdocs\WebGis_kv\vendor\codeigniter4\framework\system\Database\MySQLi\Connection.php(292): mysqli->query('INSERT INTO `tb...', 0)
#1 F:\WEB\XAMPP\htdocs\WebGis_kv\vendor\codeigniter4\framework\system\Database\BaseConnection.php(666): CodeIgniter\Database\MySQLi\Connection->execute('INSERT INTO `tb...')
#2 F:\WEB\XAMPP\htdocs\WebGis_kv\vendor\codeigniter4\framework\system\Database\BaseConnection.php(593): CodeIgniter\Database\BaseConnection->simpleQuery('INSERT INTO `tb...')
#3 F:\WEB\XAMPP\htdocs\WebGis_kv\vendor\codeigniter4\framework\system\Database\BaseBuilder.php(1916): CodeIgniter\Database\BaseConnection->query('INSERT INTO `tb...', Array, false)
#4 F:\WEB\XAMPP\htdocs\WebGis_kv\app\Models\ModelKv.php(283): CodeIgniter\Database\BaseBuilder->insert(Array)
#5 F:\WEB\XAMPP\htdocs\WebGis_kv\app\Controllers\Admin.php(352): App\Models\ModelKv->addKafe(Array)
#6 F:\WEB\XAMPP\htdocs\WebGis_kv\vendor\codeigniter4\framework\system\CodeIgniter.php(927): App\Controllers\Admin->tamb()
#7 F:\WEB\XAMPP\htdocs\WebGis_kv\vendor\codeigniter4\framework\system\CodeIgniter.php(482): CodeIgniter\CodeIgniter->runController(Object(App\Controllers\Admin))
#8 F:\WEB\XAMPP\htdocs\WebGis_kv\vendor\codeigniter4\framework\system\CodeIgniter.php(351): CodeIgniter\CodeIgniter->handleRequest(NULL, Object(Config\Cache), false)
#9 F:\WEB\XAMPP\htdocs\WebGis_kv\public\index.php(67): CodeIgniter\CodeIgniter->run()
#10 F:\WEB\XAMPP\htdocs\WebGis_kv\vendor\codeigniter4\framework\system\Commands\Server\rewrite.php(46): require_once('F:\\WEB\\XAMPP\\ht...')
#11 {main}
CRITICAL - 2023-01-09 17:02:19 --> Cannot get geometry object from data you send to the GEOMETRY field
in SYSTEMPATH\Database\MySQLi\Connection.php on line 292.
 1 SYSTEMPATH\Database\MySQLi\Connection.php(292): mysqli->query('INSERT INTO `tbl_kafe` (`nama_kafe`, `alamat_kafe`, `coordinate`) VALUES (\'rgtr\', \'rrgr\', \'ST_PointFromText(\\\'POINT(112.123456 -7.654321)\\\',4326)\')', 0)
 2 SYSTEMPATH\Database\BaseConnection.php(666): CodeIgniter\Database\MySQLi\Connection->execute('INSERT INTO `tbl_kafe` (`nama_kafe`, `alamat_kafe`, `coordinate`) VALUES (\'rgtr\', \'rrgr\', \'ST_PointFromText(\\\'POINT(112.123456 -7.654321)\\\',4326)\')')
 3 SYSTEMPATH\Database\BaseConnection.php(593): CodeIgniter\Database\BaseConnection->simpleQuery('INSERT INTO `tbl_kafe` (`nama_kafe`, `alamat_kafe`, `coordinate`) VALUES (\'rgtr\', \'rrgr\', \'ST_PointFromText(\\\'POINT(112.123456 -7.654321)\\\',4326)\')')
 4 SYSTEMPATH\Database\BaseBuilder.php(1916): CodeIgniter\Database\BaseConnection->query('INSERT INTO `tbl_kafe` (`nama_kafe`, `alamat_kafe`, `coordinate`) VALUES (:nama_kafe:, :alamat_kafe:, :coordinate:)', [...], false)
 5 APPPATH\Models\ModelKv.php(283): CodeIgniter\Database\BaseBuilder->insert([...])
 6 APPPATH\Controllers\Admin.php(352): App\Models\ModelKv->addKafe([...])
 7 SYSTEMPATH\CodeIgniter.php(927): App\Controllers\Admin->tamb()
 8 SYSTEMPATH\CodeIgniter.php(482): CodeIgniter\CodeIgniter->runController(Object(App\Controllers\Admin))
 9 SYSTEMPATH\CodeIgniter.php(351): CodeIgniter\CodeIgniter->handleRequest(null, Object(Config\Cache), false)
10 FCPATH\index.php(67): CodeIgniter\CodeIgniter->run()
11 SYSTEMPATH\Commands\Server\rewrite.php(46): require_once('FCPATH\\index.php')
ERROR - 2023-01-09 17:02:20 --> mysqli_sql_exception: Cannot get geometry object from data you send to the GEOMETRY field in F:\WEB\XAMPP\htdocs\WebGis_kv\vendor\codeigniter4\framework\system\Database\MySQLi\Connection.php:292
Stack trace:
#0 F:\WEB\XAMPP\htdocs\WebGis_kv\vendor\codeigniter4\framework\system\Database\MySQLi\Connection.php(292): mysqli->query('INSERT INTO `tb...', 0)
#1 F:\WEB\XAMPP\htdocs\WebGis_kv\vendor\codeigniter4\framework\system\Database\BaseConnection.php(666): CodeIgniter\Database\MySQLi\Connection->execute('INSERT INTO `tb...')
#2 F:\WEB\XAMPP\htdocs\WebGis_kv\vendor\codeigniter4\framework\system\Database\BaseConnection.php(593): CodeIgniter\Database\BaseConnection->simpleQuery('INSERT INTO `tb...')
#3 F:\WEB\XAMPP\htdocs\WebGis_kv\vendor\codeigniter4\framework\system\Database\BaseBuilder.php(1916): CodeIgniter\Database\BaseConnection->query('INSERT INTO `tb...', Array, false)
#4 F:\WEB\XAMPP\htdocs\WebGis_kv\app\Models\ModelKv.php(283): CodeIgniter\Database\BaseBuilder->insert(Array)
#5 F:\WEB\XAMPP\htdocs\WebGis_kv\app\Controllers\Admin.php(352): App\Models\ModelKv->addKafe(Array)
#6 F:\WEB\XAMPP\htdocs\WebGis_kv\vendor\codeigniter4\framework\system\CodeIgniter.php(927): App\Controllers\Admin->tamb()
#7 F:\WEB\XAMPP\htdocs\WebGis_kv\vendor\codeigniter4\framework\system\CodeIgniter.php(482): CodeIgniter\CodeIgniter->runController(Object(App\Controllers\Admin))
#8 F:\WEB\XAMPP\htdocs\WebGis_kv\vendor\codeigniter4\framework\system\CodeIgniter.php(351): CodeIgniter\CodeIgniter->handleRequest(NULL, Object(Config\Cache), false)
#9 F:\WEB\XAMPP\htdocs\WebGis_kv\public\index.php(67): CodeIgniter\CodeIgniter->run()
#10 F:\WEB\XAMPP\htdocs\WebGis_kv\vendor\codeigniter4\framework\system\Commands\Server\rewrite.php(46): require_once('F:\\WEB\\XAMPP\\ht...')
#11 {main}
CRITICAL - 2023-01-09 17:02:20 --> Cannot get geometry object from data you send to the GEOMETRY field
in SYSTEMPATH\Database\MySQLi\Connection.php on line 292.
 1 SYSTEMPATH\Database\MySQLi\Connection.php(292): mysqli->query('INSERT INTO `tbl_kafe` (`nama_kafe`, `alamat_kafe`, `coordinate`) VALUES (\'rgtr\', \'rrgr\', \'ST_PointFromText(\\\'POINT(112.123456 -7.654321)\\\',4326)\')', 0)
 2 SYSTEMPATH\Database\BaseConnection.php(666): CodeIgniter\Database\MySQLi\Connection->execute('INSERT INTO `tbl_kafe` (`nama_kafe`, `alamat_kafe`, `coordinate`) VALUES (\'rgtr\', \'rrgr\', \'ST_PointFromText(\\\'POINT(112.123456 -7.654321)\\\',4326)\')')
 3 SYSTEMPATH\Database\BaseConnection.php(593): CodeIgniter\Database\BaseConnection->simpleQuery('INSERT INTO `tbl_kafe` (`nama_kafe`, `alamat_kafe`, `coordinate`) VALUES (\'rgtr\', \'rrgr\', \'ST_PointFromText(\\\'POINT(112.123456 -7.654321)\\\',4326)\')')
 4 SYSTEMPATH\Database\BaseBuilder.php(1916): CodeIgniter\Database\BaseConnection->query('INSERT INTO `tbl_kafe` (`nama_kafe`, `alamat_kafe`, `coordinate`) VALUES (:nama_kafe:, :alamat_kafe:, :coordinate:)', [...], false)
 5 APPPATH\Models\ModelKv.php(283): CodeIgniter\Database\BaseBuilder->insert([...])
 6 APPPATH\Controllers\Admin.php(352): App\Models\ModelKv->addKafe([...])
 7 SYSTEMPATH\CodeIgniter.php(927): App\Controllers\Admin->tamb()
 8 SYSTEMPATH\CodeIgniter.php(482): CodeIgniter\CodeIgniter->runController(Object(App\Controllers\Admin))
 9 SYSTEMPATH\CodeIgniter.php(351): CodeIgniter\CodeIgniter->handleRequest(null, Object(Config\Cache), false)
10 FCPATH\index.php(67): CodeIgniter\CodeIgniter->run()
11 SYSTEMPATH\Commands\Server\rewrite.php(46): require_once('FCPATH\\index.php')
ERROR - 2023-01-09 17:02:29 --> mysqli_sql_exception: Cannot get geometry object from data you send to the GEOMETRY field in F:\WEB\XAMPP\htdocs\WebGis_kv\vendor\codeigniter4\framework\system\Database\MySQLi\Connection.php:292
Stack trace:
#0 F:\WEB\XAMPP\htdocs\WebGis_kv\vendor\codeigniter4\framework\system\Database\MySQLi\Connection.php(292): mysqli->query('INSERT INTO `tb...', 0)
#1 F:\WEB\XAMPP\htdocs\WebGis_kv\vendor\codeigniter4\framework\system\Database\BaseConnection.php(666): CodeIgniter\Database\MySQLi\Connection->execute('INSERT INTO `tb...')
#2 F:\WEB\XAMPP\htdocs\WebGis_kv\vendor\codeigniter4\framework\system\Database\BaseConnection.php(593): CodeIgniter\Database\BaseConnection->simpleQuery('INSERT INTO `tb...')
#3 F:\WEB\XAMPP\htdocs\WebGis_kv\vendor\codeigniter4\framework\system\Database\BaseBuilder.php(1916): CodeIgniter\Database\BaseConnection->query('INSERT INTO `tb...', Array, false)
#4 F:\WEB\XAMPP\htdocs\WebGis_kv\app\Models\ModelKv.php(283): CodeIgniter\Database\BaseBuilder->insert(Array)
#5 F:\WEB\XAMPP\htdocs\WebGis_kv\app\Controllers\Admin.php(352): App\Models\ModelKv->addKafe(Array)
#6 F:\WEB\XAMPP\htdocs\WebGis_kv\vendor\codeigniter4\framework\system\CodeIgniter.php(927): App\Controllers\Admin->tamb()
#7 F:\WEB\XAMPP\htdocs\WebGis_kv\vendor\codeigniter4\framework\system\CodeIgniter.php(482): CodeIgniter\CodeIgniter->runController(Object(App\Controllers\Admin))
#8 F:\WEB\XAMPP\htdocs\WebGis_kv\vendor\codeigniter4\framework\system\CodeIgniter.php(351): CodeIgniter\CodeIgniter->handleRequest(NULL, Object(Config\Cache), false)
#9 F:\WEB\XAMPP\htdocs\WebGis_kv\public\index.php(67): CodeIgniter\CodeIgniter->run()
#10 F:\WEB\XAMPP\htdocs\WebGis_kv\vendor\codeigniter4\framework\system\Commands\Server\rewrite.php(46): require_once('F:\\WEB\\XAMPP\\ht...')
#11 {main}
CRITICAL - 2023-01-09 17:02:29 --> Cannot get geometry object from data you send to the GEOMETRY field
in SYSTEMPATH\Database\MySQLi\Connection.php on line 292.
 1 SYSTEMPATH\Database\MySQLi\Connection.php(292): mysqli->query('INSERT INTO `tbl_kafe` (`nama_kafe`, `alamat_kafe`, `coordinate`) VALUES (\'rgtr\', \'rrgr\', \'ST_PointFromText(\\\'POINT(112.123456 -7.654321)\\\',4326)\')', 0)
 2 SYSTEMPATH\Database\BaseConnection.php(666): CodeIgniter\Database\MySQLi\Connection->execute('INSERT INTO `tbl_kafe` (`nama_kafe`, `alamat_kafe`, `coordinate`) VALUES (\'rgtr\', \'rrgr\', \'ST_PointFromText(\\\'POINT(112.123456 -7.654321)\\\',4326)\')')
 3 SYSTEMPATH\Database\BaseConnection.php(593): CodeIgniter\Database\BaseConnection->simpleQuery('INSERT INTO `tbl_kafe` (`nama_kafe`, `alamat_kafe`, `coordinate`) VALUES (\'rgtr\', \'rrgr\', \'ST_PointFromText(\\\'POINT(112.123456 -7.654321)\\\',4326)\')')
 4 SYSTEMPATH\Database\BaseBuilder.php(1916): CodeIgniter\Database\BaseConnection->query('INSERT INTO `tbl_kafe` (`nama_kafe`, `alamat_kafe`, `coordinate`) VALUES (:nama_kafe:, :alamat_kafe:, :coordinate:)', [...], false)
 5 APPPATH\Models\ModelKv.php(283): CodeIgniter\Database\BaseBuilder->insert([...])
 6 APPPATH\Controllers\Admin.php(352): App\Models\ModelKv->addKafe([...])
 7 SYSTEMPATH\CodeIgniter.php(927): App\Controllers\Admin->tamb()
 8 SYSTEMPATH\CodeIgniter.php(482): CodeIgniter\CodeIgniter->runController(Object(App\Controllers\Admin))
 9 SYSTEMPATH\CodeIgniter.php(351): CodeIgniter\CodeIgniter->handleRequest(null, Object(Config\Cache), false)
10 FCPATH\index.php(67): CodeIgniter\CodeIgniter->run()
11 SYSTEMPATH\Commands\Server\rewrite.php(46): require_once('FCPATH\\index.php')
ERROR - 2023-01-09 17:03:01 --> mysqli_sql_exception: Cannot get geometry object from data you send to the GEOMETRY field in F:\WEB\XAMPP\htdocs\WebGis_kv\vendor\codeigniter4\framework\system\Database\MySQLi\Connection.php:292
Stack trace:
#0 F:\WEB\XAMPP\htdocs\WebGis_kv\vendor\codeigniter4\framework\system\Database\MySQLi\Connection.php(292): mysqli->query('INSERT INTO `tb...', 0)
#1 F:\WEB\XAMPP\htdocs\WebGis_kv\vendor\codeigniter4\framework\system\Database\BaseConnection.php(666): CodeIgniter\Database\MySQLi\Connection->execute('INSERT INTO `tb...')
#2 F:\WEB\XAMPP\htdocs\WebGis_kv\vendor\codeigniter4\framework\system\Database\BaseConnection.php(593): CodeIgniter\Database\BaseConnection->simpleQuery('INSERT INTO `tb...')
#3 F:\WEB\XAMPP\htdocs\WebGis_kv\vendor\codeigniter4\framework\system\Database\BaseBuilder.php(1916): CodeIgniter\Database\BaseConnection->query('INSERT INTO `tb...', Array, false)
#4 F:\WEB\XAMPP\htdocs\WebGis_kv\app\Models\ModelKv.php(283): CodeIgniter\Database\BaseBuilder->insert(Array)
#5 F:\WEB\XAMPP\htdocs\WebGis_kv\app\Controllers\Admin.php(352): App\Models\ModelKv->addKafe(Array)
#6 F:\WEB\XAMPP\htdocs\WebGis_kv\vendor\codeigniter4\framework\system\CodeIgniter.php(927): App\Controllers\Admin->tamb()
#7 F:\WEB\XAMPP\htdocs\WebGis_kv\vendor\codeigniter4\framework\system\CodeIgniter.php(482): CodeIgniter\CodeIgniter->runController(Object(App\Controllers\Admin))
#8 F:\WEB\XAMPP\htdocs\WebGis_kv\vendor\codeigniter4\framework\system\CodeIgniter.php(351): CodeIgniter\CodeIgniter->handleRequest(NULL, Object(Config\Cache), false)
#9 F:\WEB\XAMPP\htdocs\WebGis_kv\public\index.php(67): CodeIgniter\CodeIgniter->run()
#10 F:\WEB\XAMPP\htdocs\WebGis_kv\vendor\codeigniter4\framework\system\Commands\Server\rewrite.php(46): require_once('F:\\WEB\\XAMPP\\ht...')
#11 {main}
CRITICAL - 2023-01-09 17:03:01 --> Cannot get geometry object from data you send to the GEOMETRY field
in SYSTEMPATH\Database\MySQLi\Connection.php on line 292.
 1 SYSTEMPATH\Database\MySQLi\Connection.php(292): mysqli->query('INSERT INTO `tbl_kafe` (`nama_kafe`, `alamat_kafe`, `lokasi`) VALUES (\'rgtr\', \'rrgr\', \'ST_PointFromText(\\\'POINT(112.123456 -7.654321)\\\',4326)\')', 0)
 2 SYSTEMPATH\Database\BaseConnection.php(666): CodeIgniter\Database\MySQLi\Connection->execute('INSERT INTO `tbl_kafe` (`nama_kafe`, `alamat_kafe`, `lokasi`) VALUES (\'rgtr\', \'rrgr\', \'ST_PointFromText(\\\'POINT(112.123456 -7.654321)\\\',4326)\')')
 3 SYSTEMPATH\Database\BaseConnection.php(593): CodeIgniter\Database\BaseConnection->simpleQuery('INSERT INTO `tbl_kafe` (`nama_kafe`, `alamat_kafe`, `lokasi`) VALUES (\'rgtr\', \'rrgr\', \'ST_PointFromText(\\\'POINT(112.123456 -7.654321)\\\',4326)\')')
 4 SYSTEMPATH\Database\BaseBuilder.php(1916): CodeIgniter\Database\BaseConnection->query('INSERT INTO `tbl_kafe` (`nama_kafe`, `alamat_kafe`, `lokasi`) VALUES (:nama_kafe:, :alamat_kafe:, :lokasi:)', [...], false)
 5 APPPATH\Models\ModelKv.php(283): CodeIgniter\Database\BaseBuilder->insert([...])
 6 APPPATH\Controllers\Admin.php(352): App\Models\ModelKv->addKafe([...])
 7 SYSTEMPATH\CodeIgniter.php(927): App\Controllers\Admin->tamb()
 8 SYSTEMPATH\CodeIgniter.php(482): CodeIgniter\CodeIgniter->runController(Object(App\Controllers\Admin))
 9 SYSTEMPATH\CodeIgniter.php(351): CodeIgniter\CodeIgniter->handleRequest(null, Object(Config\Cache), false)
10 FCPATH\index.php(67): CodeIgniter\CodeIgniter->run()
11 SYSTEMPATH\Commands\Server\rewrite.php(46): require_once('FCPATH\\index.php')
ERROR - 2023-01-09 17:03:03 --> mysqli_sql_exception: Cannot get geometry object from data you send to the GEOMETRY field in F:\WEB\XAMPP\htdocs\WebGis_kv\vendor\codeigniter4\framework\system\Database\MySQLi\Connection.php:292
Stack trace:
#0 F:\WEB\XAMPP\htdocs\WebGis_kv\vendor\codeigniter4\framework\system\Database\MySQLi\Connection.php(292): mysqli->query('INSERT INTO `tb...', 0)
#1 F:\WEB\XAMPP\htdocs\WebGis_kv\vendor\codeigniter4\framework\system\Database\BaseConnection.php(666): CodeIgniter\Database\MySQLi\Connection->execute('INSERT INTO `tb...')
#2 F:\WEB\XAMPP\htdocs\WebGis_kv\vendor\codeigniter4\framework\system\Database\BaseConnection.php(593): CodeIgniter\Database\BaseConnection->simpleQuery('INSERT INTO `tb...')
#3 F:\WEB\XAMPP\htdocs\WebGis_kv\vendor\codeigniter4\framework\system\Database\BaseBuilder.php(1916): CodeIgniter\Database\BaseConnection->query('INSERT INTO `tb...', Array, false)
#4 F:\WEB\XAMPP\htdocs\WebGis_kv\app\Models\ModelKv.php(283): CodeIgniter\Database\BaseBuilder->insert(Array)
#5 F:\WEB\XAMPP\htdocs\WebGis_kv\app\Controllers\Admin.php(352): App\Models\ModelKv->addKafe(Array)
#6 F:\WEB\XAMPP\htdocs\WebGis_kv\vendor\codeigniter4\framework\system\CodeIgniter.php(927): App\Controllers\Admin->tamb()
#7 F:\WEB\XAMPP\htdocs\WebGis_kv\vendor\codeigniter4\framework\system\CodeIgniter.php(482): CodeIgniter\CodeIgniter->runController(Object(App\Controllers\Admin))
#8 F:\WEB\XAMPP\htdocs\WebGis_kv\vendor\codeigniter4\framework\system\CodeIgniter.php(351): CodeIgniter\CodeIgniter->handleRequest(NULL, Object(Config\Cache), false)
#9 F:\WEB\XAMPP\htdocs\WebGis_kv\public\index.php(67): CodeIgniter\CodeIgniter->run()
#10 F:\WEB\XAMPP\htdocs\WebGis_kv\vendor\codeigniter4\framework\system\Commands\Server\rewrite.php(46): require_once('F:\\WEB\\XAMPP\\ht...')
#11 {main}
CRITICAL - 2023-01-09 17:03:03 --> Cannot get geometry object from data you send to the GEOMETRY field
in SYSTEMPATH\Database\MySQLi\Connection.php on line 292.
 1 SYSTEMPATH\Database\MySQLi\Connection.php(292): mysqli->query('INSERT INTO `tbl_kafe` (`nama_kafe`, `alamat_kafe`, `lokasi`) VALUES (\'rgtr\', \'rrgr\', \'ST_PointFromText(\\\'POINT(112.123456 -7.654321)\\\',4326)\')', 0)
 2 SYSTEMPATH\Database\BaseConnection.php(666): CodeIgniter\Database\MySQLi\Connection->execute('INSERT INTO `tbl_kafe` (`nama_kafe`, `alamat_kafe`, `lokasi`) VALUES (\'rgtr\', \'rrgr\', \'ST_PointFromText(\\\'POINT(112.123456 -7.654321)\\\',4326)\')')
 3 SYSTEMPATH\Database\BaseConnection.php(593): CodeIgniter\Database\BaseConnection->simpleQuery('INSERT INTO `tbl_kafe` (`nama_kafe`, `alamat_kafe`, `lokasi`) VALUES (\'rgtr\', \'rrgr\', \'ST_PointFromText(\\\'POINT(112.123456 -7.654321)\\\',4326)\')')
 4 SYSTEMPATH\Database\BaseBuilder.php(1916): CodeIgniter\Database\BaseConnection->query('INSERT INTO `tbl_kafe` (`nama_kafe`, `alamat_kafe`, `lokasi`) VALUES (:nama_kafe:, :alamat_kafe:, :lokasi:)', [...], false)
 5 APPPATH\Models\ModelKv.php(283): CodeIgniter\Database\BaseBuilder->insert([...])
 6 APPPATH\Controllers\Admin.php(352): App\Models\ModelKv->addKafe([...])
 7 SYSTEMPATH\CodeIgniter.php(927): App\Controllers\Admin->tamb()
 8 SYSTEMPATH\CodeIgniter.php(482): CodeIgniter\CodeIgniter->runController(Object(App\Controllers\Admin))
 9 SYSTEMPATH\CodeIgniter.php(351): CodeIgniter\CodeIgniter->handleRequest(null, Object(Config\Cache), false)
10 FCPATH\index.php(67): CodeIgniter\CodeIgniter->run()
11 SYSTEMPATH\Commands\Server\rewrite.php(46): require_once('FCPATH\\index.php')
ERROR - 2023-01-09 17:05:51 --> mysqli_sql_exception: Cannot get geometry object from data you send to the GEOMETRY field in F:\WEB\XAMPP\htdocs\WebGis_kv\vendor\codeigniter4\framework\system\Database\MySQLi\Connection.php:292
Stack trace:
#0 F:\WEB\XAMPP\htdocs\WebGis_kv\vendor\codeigniter4\framework\system\Database\MySQLi\Connection.php(292): mysqli->query('INSERT INTO `tb...', 0)
#1 F:\WEB\XAMPP\htdocs\WebGis_kv\vendor\codeigniter4\framework\system\Database\BaseConnection.php(666): CodeIgniter\Database\MySQLi\Connection->execute('INSERT INTO `tb...')
#2 F:\WEB\XAMPP\htdocs\WebGis_kv\vendor\codeigniter4\framework\system\Database\BaseConnection.php(593): CodeIgniter\Database\BaseConnection->simpleQuery('INSERT INTO `tb...')
#3 F:\WEB\XAMPP\htdocs\WebGis_kv\vendor\codeigniter4\framework\system\Database\BaseBuilder.php(1916): CodeIgniter\Database\BaseConnection->query('INSERT INTO `tb...', Array, false)
#4 F:\WEB\XAMPP\htdocs\WebGis_kv\app\Models\ModelKv.php(283): CodeIgniter\Database\BaseBuilder->insert(Array)
#5 F:\WEB\XAMPP\htdocs\WebGis_kv\app\Controllers\Admin.php(354): App\Models\ModelKv->addKafe(Array)
#6 F:\WEB\XAMPP\htdocs\WebGis_kv\vendor\codeigniter4\framework\system\CodeIgniter.php(927): App\Controllers\Admin->tamb()
#7 F:\WEB\XAMPP\htdocs\WebGis_kv\vendor\codeigniter4\framework\system\CodeIgniter.php(482): CodeIgniter\CodeIgniter->runController(Object(App\Controllers\Admin))
#8 F:\WEB\XAMPP\htdocs\WebGis_kv\vendor\codeigniter4\framework\system\CodeIgniter.php(351): CodeIgniter\CodeIgniter->handleRequest(NULL, Object(Config\Cache), false)
#9 F:\WEB\XAMPP\htdocs\WebGis_kv\public\index.php(67): CodeIgniter\CodeIgniter->run()
#10 F:\WEB\XAMPP\htdocs\WebGis_kv\vendor\codeigniter4\framework\system\Commands\Server\rewrite.php(46): require_once('F:\\WEB\\XAMPP\\ht...')
#11 {main}
CRITICAL - 2023-01-09 17:05:51 --> Cannot get geometry object from data you send to the GEOMETRY field
in SYSTEMPATH\Database\MySQLi\Connection.php on line 292.
 1 SYSTEMPATH\Database\MySQLi\Connection.php(292): mysqli->query('INSERT INTO `tbl_kafe` (`nama_kafe`, `alamat_kafe`, `longitude`, `latitude`, `lokasi`) VALUES (\'rgtr\', \'rrgr\', \'112.123456\', \'-7.654321\', \'ST_PointFromText(\\\'POINT(112.123456 -7.654321)\\\',4326)\')', 0)
 2 SYSTEMPATH\Database\BaseConnection.php(666): CodeIgniter\Database\MySQLi\Connection->execute('INSERT INTO `tbl_kafe` (`nama_kafe`, `alamat_kafe`, `longitude`, `latitude`, `lokasi`) VALUES (\'rgtr\', \'rrgr\', \'112.123456\', \'-7.654321\', \'ST_PointFromText(\\\'POINT(112.123456 -7.654321)\\\',4326)\')')
 3 SYSTEMPATH\Database\BaseConnection.php(593): CodeIgniter\Database\BaseConnection->simpleQuery('INSERT INTO `tbl_kafe` (`nama_kafe`, `alamat_kafe`, `longitude`, `latitude`, `lokasi`) VALUES (\'rgtr\', \'rrgr\', \'112.123456\', \'-7.654321\', \'ST_PointFromText(\\\'POINT(112.123456 -7.654321)\\\',4326)\')')
 4 SYSTEMPATH\Database\BaseBuilder.php(1916): CodeIgniter\Database\BaseConnection->query('INSERT INTO `tbl_kafe` (`nama_kafe`, `alamat_kafe`, `longitude`, `latitude`, `lokasi`) VALUES (:nama_kafe:, :alamat_kafe:, :longitude:, :latitude:, :lokasi:)', [...], false)
 5 APPPATH\Models\ModelKv.php(283): CodeIgniter\Database\BaseBuilder->insert([...])
 6 APPPATH\Controllers\Admin.php(354): App\Models\ModelKv->addKafe([...])
 7 SYSTEMPATH\CodeIgniter.php(927): App\Controllers\Admin->tamb()
 8 SYSTEMPATH\CodeIgniter.php(482): CodeIgniter\CodeIgniter->runController(Object(App\Controllers\Admin))
 9 SYSTEMPATH\CodeIgniter.php(351): CodeIgniter\CodeIgniter->handleRequest(null, Object(Config\Cache), false)
10 FCPATH\index.php(67): CodeIgniter\CodeIgniter->run()
11 SYSTEMPATH\Commands\Server\rewrite.php(46): require_once('FCPATH\\index.php')
ERROR - 2023-01-09 17:06:34 --> mysqli_sql_exception: Cannot get geometry object from data you send to the GEOMETRY field in F:\WEB\XAMPP\htdocs\WebGis_kv\vendor\codeigniter4\framework\system\Database\MySQLi\Connection.php:292
Stack trace:
#0 F:\WEB\XAMPP\htdocs\WebGis_kv\vendor\codeigniter4\framework\system\Database\MySQLi\Connection.php(292): mysqli->query('INSERT INTO `tb...', 0)
#1 F:\WEB\XAMPP\htdocs\WebGis_kv\vendor\codeigniter4\framework\system\Database\BaseConnection.php(666): CodeIgniter\Database\MySQLi\Connection->execute('INSERT INTO `tb...')
#2 F:\WEB\XAMPP\htdocs\WebGis_kv\vendor\codeigniter4\framework\system\Database\BaseConnection.php(593): CodeIgniter\Database\BaseConnection->simpleQuery('INSERT INTO `tb...')
#3 F:\WEB\XAMPP\htdocs\WebGis_kv\vendor\codeigniter4\framework\system\Database\BaseBuilder.php(1916): CodeIgniter\Database\BaseConnection->query('INSERT INTO `tb...', Array, false)
#4 F:\WEB\XAMPP\htdocs\WebGis_kv\app\Models\ModelKv.php(283): CodeIgniter\Database\BaseBuilder->insert(Array)
#5 F:\WEB\XAMPP\htdocs\WebGis_kv\app\Controllers\Admin.php(353): App\Models\ModelKv->addKafe(Array)
#6 F:\WEB\XAMPP\htdocs\WebGis_kv\vendor\codeigniter4\framework\system\CodeIgniter.php(927): App\Controllers\Admin->tamb()
#7 F:\WEB\XAMPP\htdocs\WebGis_kv\vendor\codeigniter4\framework\system\CodeIgniter.php(482): CodeIgniter\CodeIgniter->runController(Object(App\Controllers\Admin))
#8 F:\WEB\XAMPP\htdocs\WebGis_kv\vendor\codeigniter4\framework\system\CodeIgniter.php(351): CodeIgniter\CodeIgniter->handleRequest(NULL, Object(Config\Cache), false)
#9 F:\WEB\XAMPP\htdocs\WebGis_kv\public\index.php(67): CodeIgniter\CodeIgniter->run()
#10 F:\WEB\XAMPP\htdocs\WebGis_kv\vendor\codeigniter4\framework\system\Commands\Server\rewrite.php(46): require_once('F:\\WEB\\XAMPP\\ht...')
#11 {main}
CRITICAL - 2023-01-09 17:06:34 --> Cannot get geometry object from data you send to the GEOMETRY field
in SYSTEMPATH\Database\MySQLi\Connection.php on line 292.
 1 SYSTEMPATH\Database\MySQLi\Connection.php(292): mysqli->query('INSERT INTO `tbl_kafe` (`nama_kafe`, `alamat_kafe`, `longitude`, `latitude`) VALUES (\'rgtr\', \'rrgr\', \'112.123456\', \'-7.654321\')', 0)
 2 SYSTEMPATH\Database\BaseConnection.php(666): CodeIgniter\Database\MySQLi\Connection->execute('INSERT INTO `tbl_kafe` (`nama_kafe`, `alamat_kafe`, `longitude`, `latitude`) VALUES (\'rgtr\', \'rrgr\', \'112.123456\', \'-7.654321\')')
 3 SYSTEMPATH\Database\BaseConnection.php(593): CodeIgniter\Database\BaseConnection->simpleQuery('INSERT INTO `tbl_kafe` (`nama_kafe`, `alamat_kafe`, `longitude`, `latitude`) VALUES (\'rgtr\', \'rrgr\', \'112.123456\', \'-7.654321\')')
 4 SYSTEMPATH\Database\BaseBuilder.php(1916): CodeIgniter\Database\BaseConnection->query('INSERT INTO `tbl_kafe` (`nama_kafe`, `alamat_kafe`, `longitude`, `latitude`) VALUES (:nama_kafe:, :alamat_kafe:, :longitude:, :latitude:)', [...], false)
 5 APPPATH\Models\ModelKv.php(283): CodeIgniter\Database\BaseBuilder->insert([...])
 6 APPPATH\Controllers\Admin.php(353): App\Models\ModelKv->addKafe([...])
 7 SYSTEMPATH\CodeIgniter.php(927): App\Controllers\Admin->tamb()
 8 SYSTEMPATH\CodeIgniter.php(482): CodeIgniter\CodeIgniter->runController(Object(App\Controllers\Admin))
 9 SYSTEMPATH\CodeIgniter.php(351): CodeIgniter\CodeIgniter->handleRequest(null, Object(Config\Cache), false)
10 FCPATH\index.php(67): CodeIgniter\CodeIgniter->run()
11 SYSTEMPATH\Commands\Server\rewrite.php(46): require_once('FCPATH\\index.php')
ERROR - 2023-01-09 17:23:10 --> mysqli_sql_exception: Cannot get geometry object from data you send to the GEOMETRY field in F:\WEB\XAMPP\htdocs\WebGis_kv\vendor\codeigniter4\framework\system\Database\MySQLi\Connection.php:292
Stack trace:
#0 F:\WEB\XAMPP\htdocs\WebGis_kv\vendor\codeigniter4\framework\system\Database\MySQLi\Connection.php(292): mysqli->query('INSERT INTO `tb...', 0)
#1 F:\WEB\XAMPP\htdocs\WebGis_kv\vendor\codeigniter4\framework\system\Database\BaseConnection.php(666): CodeIgniter\Database\MySQLi\Connection->execute('INSERT INTO `tb...')
#2 F:\WEB\XAMPP\htdocs\WebGis_kv\vendor\codeigniter4\framework\system\Database\BaseConnection.php(593): CodeIgniter\Database\BaseConnection->simpleQuery('INSERT INTO `tb...')
#3 F:\WEB\XAMPP\htdocs\WebGis_kv\vendor\codeigniter4\framework\system\Database\BaseBuilder.php(1916): CodeIgniter\Database\BaseConnection->query('INSERT INTO `tb...', Array, false)
#4 F:\WEB\XAMPP\htdocs\WebGis_kv\app\Models\ModelKv.php(283): CodeIgniter\Database\BaseBuilder->insert(Array)
#5 F:\WEB\XAMPP\htdocs\WebGis_kv\app\Controllers\Admin.php(354): App\Models\ModelKv->addKafe(Array)
#6 F:\WEB\XAMPP\htdocs\WebGis_kv\vendor\codeigniter4\framework\system\CodeIgniter.php(927): App\Controllers\Admin->tamb()
#7 F:\WEB\XAMPP\htdocs\WebGis_kv\vendor\codeigniter4\framework\system\CodeIgniter.php(482): CodeIgniter\CodeIgniter->runController(Object(App\Controllers\Admin))
#8 F:\WEB\XAMPP\htdocs\WebGis_kv\vendor\codeigniter4\framework\system\CodeIgniter.php(351): CodeIgniter\CodeIgniter->handleRequest(NULL, Object(Config\Cache), false)
#9 F:\WEB\XAMPP\htdocs\WebGis_kv\public\index.php(67): CodeIgniter\CodeIgniter->run()
#10 F:\WEB\XAMPP\htdocs\WebGis_kv\vendor\codeigniter4\framework\system\Commands\Server\rewrite.php(46): require_once('F:\\WEB\\XAMPP\\ht...')
#11 {main}
CRITICAL - 2023-01-09 17:23:10 --> Cannot get geometry object from data you send to the GEOMETRY field
in SYSTEMPATH\Database\MySQLi\Connection.php on line 292.
 1 SYSTEMPATH\Database\MySQLi\Connection.php(292): mysqli->query('INSERT INTO `tbl_kafe` (`nama_kafe`, `alamat_kafe`, `longitude`, `latitude`, `lokasi`) VALUES (\'rgtr\', \'rrgr\', \'112.123456\', \'-7.654321\', \'\\\'POINT(112.123456 -7.654321)\\\',4326\')', 0)
 2 SYSTEMPATH\Database\BaseConnection.php(666): CodeIgniter\Database\MySQLi\Connection->execute('INSERT INTO `tbl_kafe` (`nama_kafe`, `alamat_kafe`, `longitude`, `latitude`, `lokasi`) VALUES (\'rgtr\', \'rrgr\', \'112.123456\', \'-7.654321\', \'\\\'POINT(112.123456 -7.654321)\\\',4326\')')
 3 SYSTEMPATH\Database\BaseConnection.php(593): CodeIgniter\Database\BaseConnection->simpleQuery('INSERT INTO `tbl_kafe` (`nama_kafe`, `alamat_kafe`, `longitude`, `latitude`, `lokasi`) VALUES (\'rgtr\', \'rrgr\', \'112.123456\', \'-7.654321\', \'\\\'POINT(112.123456 -7.654321)\\\',4326\')')
 4 SYSTEMPATH\Database\BaseBuilder.php(1916): CodeIgniter\Database\BaseConnection->query('INSERT INTO `tbl_kafe` (`nama_kafe`, `alamat_kafe`, `longitude`, `latitude`, `lokasi`) VALUES (:nama_kafe:, :alamat_kafe:, :longitude:, :latitude:, :lokasi:)', [...], false)
 5 APPPATH\Models\ModelKv.php(283): CodeIgniter\Database\BaseBuilder->insert([...])
 6 APPPATH\Controllers\Admin.php(354): App\Models\ModelKv->addKafe([...])
 7 SYSTEMPATH\CodeIgniter.php(927): App\Controllers\Admin->tamb()
 8 SYSTEMPATH\CodeIgniter.php(482): CodeIgniter\CodeIgniter->runController(Object(App\Controllers\Admin))
 9 SYSTEMPATH\CodeIgniter.php(351): CodeIgniter\CodeIgniter->handleRequest(null, Object(Config\Cache), false)
10 FCPATH\index.php(67): CodeIgniter\CodeIgniter->run()
11 SYSTEMPATH\Commands\Server\rewrite.php(46): require_once('FCPATH\\index.php')
ERROR - 2023-01-09 17:23:16 --> mysqli_sql_exception: Cannot get geometry object from data you send to the GEOMETRY field in F:\WEB\XAMPP\htdocs\WebGis_kv\vendor\codeigniter4\framework\system\Database\MySQLi\Connection.php:292
Stack trace:
#0 F:\WEB\XAMPP\htdocs\WebGis_kv\vendor\codeigniter4\framework\system\Database\MySQLi\Connection.php(292): mysqli->query('INSERT INTO `tb...', 0)
#1 F:\WEB\XAMPP\htdocs\WebGis_kv\vendor\codeigniter4\framework\system\Database\BaseConnection.php(666): CodeIgniter\Database\MySQLi\Connection->execute('INSERT INTO `tb...')
#2 F:\WEB\XAMPP\htdocs\WebGis_kv\vendor\codeigniter4\framework\system\Database\BaseConnection.php(593): CodeIgniter\Database\BaseConnection->simpleQuery('INSERT INTO `tb...')
#3 F:\WEB\XAMPP\htdocs\WebGis_kv\vendor\codeigniter4\framework\system\Database\BaseBuilder.php(1916): CodeIgniter\Database\BaseConnection->query('INSERT INTO `tb...', Array, false)
#4 F:\WEB\XAMPP\htdocs\WebGis_kv\app\Models\ModelKv.php(283): CodeIgniter\Database\BaseBuilder->insert(Array)
#5 F:\WEB\XAMPP\htdocs\WebGis_kv\app\Controllers\Admin.php(354): App\Models\ModelKv->addKafe(Array)
#6 F:\WEB\XAMPP\htdocs\WebGis_kv\vendor\codeigniter4\framework\system\CodeIgniter.php(927): App\Controllers\Admin->tamb()
#7 F:\WEB\XAMPP\htdocs\WebGis_kv\vendor\codeigniter4\framework\system\CodeIgniter.php(482): CodeIgniter\CodeIgniter->runController(Object(App\Controllers\Admin))
#8 F:\WEB\XAMPP\htdocs\WebGis_kv\vendor\codeigniter4\framework\system\CodeIgniter.php(351): CodeIgniter\CodeIgniter->handleRequest(NULL, Object(Config\Cache), false)
#9 F:\WEB\XAMPP\htdocs\WebGis_kv\public\index.php(67): CodeIgniter\CodeIgniter->run()
#10 F:\WEB\XAMPP\htdocs\WebGis_kv\vendor\codeigniter4\framework\system\Commands\Server\rewrite.php(46): require_once('F:\\WEB\\XAMPP\\ht...')
#11 {main}
CRITICAL - 2023-01-09 17:23:16 --> Cannot get geometry object from data you send to the GEOMETRY field
in SYSTEMPATH\Database\MySQLi\Connection.php on line 292.
 1 SYSTEMPATH\Database\MySQLi\Connection.php(292): mysqli->query('INSERT INTO `tbl_kafe` (`nama_kafe`, `alamat_kafe`, `longitude`, `latitude`, `lokasi`) VALUES (\'rgtr\', \'rrgr\', \'112.123456\', \'-7.654321\', \'\\\'POINT(112.123456 -7.654321)\\\',4326\')', 0)
 2 SYSTEMPATH\Database\BaseConnection.php(666): CodeIgniter\Database\MySQLi\Connection->execute('INSERT INTO `tbl_kafe` (`nama_kafe`, `alamat_kafe`, `longitude`, `latitude`, `lokasi`) VALUES (\'rgtr\', \'rrgr\', \'112.123456\', \'-7.654321\', \'\\\'POINT(112.123456 -7.654321)\\\',4326\')')
 3 SYSTEMPATH\Database\BaseConnection.php(593): CodeIgniter\Database\BaseConnection->simpleQuery('INSERT INTO `tbl_kafe` (`nama_kafe`, `alamat_kafe`, `longitude`, `latitude`, `lokasi`) VALUES (\'rgtr\', \'rrgr\', \'112.123456\', \'-7.654321\', \'\\\'POINT(112.123456 -7.654321)\\\',4326\')')
 4 SYSTEMPATH\Database\BaseBuilder.php(1916): CodeIgniter\Database\BaseConnection->query('INSERT INTO `tbl_kafe` (`nama_kafe`, `alamat_kafe`, `longitude`, `latitude`, `lokasi`) VALUES (:nama_kafe:, :alamat_kafe:, :longitude:, :latitude:, :lokasi:)', [...], false)
 5 APPPATH\Models\ModelKv.php(283): CodeIgniter\Database\BaseBuilder->insert([...])
 6 APPPATH\Controllers\Admin.php(354): App\Models\ModelKv->addKafe([...])
 7 SYSTEMPATH\CodeIgniter.php(927): App\Controllers\Admin->tamb()
 8 SYSTEMPATH\CodeIgniter.php(482): CodeIgniter\CodeIgniter->runController(Object(App\Controllers\Admin))
 9 SYSTEMPATH\CodeIgniter.php(351): CodeIgniter\CodeIgniter->handleRequest(null, Object(Config\Cache), false)
10 FCPATH\index.php(67): CodeIgniter\CodeIgniter->run()
11 SYSTEMPATH\Commands\Server\rewrite.php(46): require_once('FCPATH\\index.php')
