CRITICAL - 2023-01-04 03:54:55 --> Undefined array key "open"
in APPPATH\Views\admin\updateKafe.php on line 309.
 1 APPPATH\Views\admin\updateKafe.php(309): CodeIgniter\Debug\Exceptions->errorHandler(2, 'Undefined array key "open"', 'APPPATH\\Views\\admin\\updateKafe.php', 309)
 2 SYSTEMPATH\View\View.php(213): include('APPPATH\\Views\\admin\\updateKafe.php')
 3 SYSTEMPATH\View\View.php(216): CodeIgniter\View\View->CodeIgniter\View\{closure}()
 4 SYSTEMPATH\Common.php(1134): CodeIgniter\View\View->render('admin/updateKafe', [], true)
 5 APPPATH\Controllers\Admin.php(324): view('admin/updateKafe', [...])
 6 SYSTEMPATH\CodeIgniter.php(927): App\Controllers\Admin->editKafe('112')
 7 SYSTEMPATH\CodeIgniter.php(482): CodeIgniter\CodeIgniter->runController(Object(App\Controllers\Admin))
 8 SYSTEMPATH\CodeIgniter.php(351): CodeIgniter\CodeIgniter->handleRequest(null, Object(Config\Cache), false)
 9 FCPATH\index.php(67): CodeIgniter\CodeIgniter->run()
10 SYSTEMPATH\Commands\Server\rewrite.php(46): require_once('FCPATH\\index.php')
CRITICAL - 2023-01-04 03:55:25 --> Undefined array key "senin"
in APPPATH\Views\admin\updateKafe.php on line 309.
 1 APPPATH\Views\admin\updateKafe.php(309): CodeIgniter\Debug\Exceptions->errorHandler(2, 'Undefined array key "senin"', 'APPPATH\\Views\\admin\\updateKafe.php', 309)
 2 SYSTEMPATH\View\View.php(213): include('APPPATH\\Views\\admin\\updateKafe.php')
 3 SYSTEMPATH\View\View.php(216): CodeIgniter\View\View->CodeIgniter\View\{closure}()
 4 SYSTEMPATH\Common.php(1134): CodeIgniter\View\View->render('admin/updateKafe', [], true)
 5 APPPATH\Controllers\Admin.php(324): view('admin/updateKafe', [...])
 6 SYSTEMPATH\CodeIgniter.php(927): App\Controllers\Admin->editKafe('112')
 7 SYSTEMPATH\CodeIgniter.php(482): CodeIgniter\CodeIgniter->runController(Object(App\Controllers\Admin))
 8 SYSTEMPATH\CodeIgniter.php(351): CodeIgniter\CodeIgniter->handleRequest(null, Object(Config\Cache), false)
 9 FCPATH\index.php(67): CodeIgniter\CodeIgniter->run()
10 SYSTEMPATH\Commands\Server\rewrite.php(46): require_once('FCPATH\\index.php')
CRITICAL - 2023-01-04 04:03:39 --> Undefined variable $op
in APPPATH\Views\admin\updateKafe.php on line 307.
 1 APPPATH\Views\admin\updateKafe.php(307): CodeIgniter\Debug\Exceptions->errorHandler(2, 'Undefined variable $op', 'APPPATH\\Views\\admin\\updateKafe.php', 307)
 2 SYSTEMPATH\View\View.php(213): include('APPPATH\\Views\\admin\\updateKafe.php')
 3 SYSTEMPATH\View\View.php(216): CodeIgniter\View\View->CodeIgniter\View\{closure}()
 4 SYSTEMPATH\Common.php(1134): CodeIgniter\View\View->render('admin/updateKafe', [], true)
 5 APPPATH\Controllers\Admin.php(324): view('admin/updateKafe', [...])
 6 SYSTEMPATH\CodeIgniter.php(927): App\Controllers\Admin->editKafe('112')
 7 SYSTEMPATH\CodeIgniter.php(482): CodeIgniter\CodeIgniter->runController(Object(App\Controllers\Admin))
 8 SYSTEMPATH\CodeIgniter.php(351): CodeIgniter\CodeIgniter->handleRequest(null, Object(Config\Cache), false)
 9 FCPATH\index.php(67): CodeIgniter\CodeIgniter->run()
10 SYSTEMPATH\Commands\Server\rewrite.php(46): require_once('FCPATH\\index.php')
CRITICAL - 2023-01-04 04:06:57 --> Undefined array key "open"
in APPPATH\Views\admin\updateKafe.php on line 312.
 1 APPPATH\Views\admin\updateKafe.php(312): CodeIgniter\Debug\Exceptions->errorHandler(2, 'Undefined array key "open"', 'APPPATH\\Views\\admin\\updateKafe.php', 312)
 2 SYSTEMPATH\View\View.php(213): include('APPPATH\\Views\\admin\\updateKafe.php')
 3 SYSTEMPATH\View\View.php(216): CodeIgniter\View\View->CodeIgniter\View\{closure}()
 4 SYSTEMPATH\Common.php(1134): CodeIgniter\View\View->render('admin/updateKafe', [], true)
 5 APPPATH\Controllers\Admin.php(324): view('admin/updateKafe', [...])
 6 SYSTEMPATH\CodeIgniter.php(927): App\Controllers\Admin->editKafe('112')
 7 SYSTEMPATH\CodeIgniter.php(482): CodeIgniter\CodeIgniter->runController(Object(App\Controllers\Admin))
 8 SYSTEMPATH\CodeIgniter.php(351): CodeIgniter\CodeIgniter->handleRequest(null, Object(Config\Cache), false)
 9 FCPATH\index.php(67): CodeIgniter\CodeIgniter->run()
10 SYSTEMPATH\Commands\Server\rewrite.php(46): require_once('FCPATH\\index.php')
CRITICAL - 2023-01-04 04:10:11 --> Undefined array key "open"
in APPPATH\Views\admin\updateKafe.php on line 315.
 1 APPPATH\Views\admin\updateKafe.php(315): CodeIgniter\Debug\Exceptions->errorHandler(2, 'Undefined array key "open"', 'APPPATH\\Views\\admin\\updateKafe.php', 315)
 2 SYSTEMPATH\View\View.php(213): include('APPPATH\\Views\\admin\\updateKafe.php')
 3 SYSTEMPATH\View\View.php(216): CodeIgniter\View\View->CodeIgniter\View\{closure}()
 4 SYSTEMPATH\Common.php(1134): CodeIgniter\View\View->render('admin/updateKafe', [], true)
 5 APPPATH\Controllers\Admin.php(324): view('admin/updateKafe', [...])
 6 SYSTEMPATH\CodeIgniter.php(927): App\Controllers\Admin->editKafe('112')
 7 SYSTEMPATH\CodeIgniter.php(482): CodeIgniter\CodeIgniter->runController(Object(App\Controllers\Admin))
 8 SYSTEMPATH\CodeIgniter.php(351): CodeIgniter\CodeIgniter->handleRequest(null, Object(Config\Cache), false)
 9 FCPATH\index.php(67): CodeIgniter\CodeIgniter->run()
10 SYSTEMPATH\Commands\Server\rewrite.php(46): require_once('FCPATH\\index.php')
CRITICAL - 2023-01-04 04:19:30 --> Undefined array key "senin"
in APPPATH\Views\admin\updateKafe.php on line 313.
 1 APPPATH\Views\admin\updateKafe.php(313): CodeIgniter\Debug\Exceptions->errorHandler(2, 'Undefined array key "senin"', 'APPPATH\\Views\\admin\\updateKafe.php', 313)
 2 SYSTEMPATH\View\View.php(213): include('APPPATH\\Views\\admin\\updateKafe.php')
 3 SYSTEMPATH\View\View.php(216): CodeIgniter\View\View->CodeIgniter\View\{closure}()
 4 SYSTEMPATH\Common.php(1134): CodeIgniter\View\View->render('admin/updateKafe', [], true)
 5 APPPATH\Controllers\Admin.php(324): view('admin/updateKafe', [...])
 6 SYSTEMPATH\CodeIgniter.php(927): App\Controllers\Admin->editKafe('112')
 7 SYSTEMPATH\CodeIgniter.php(482): CodeIgniter\CodeIgniter->runController(Object(App\Controllers\Admin))
 8 SYSTEMPATH\CodeIgniter.php(351): CodeIgniter\CodeIgniter->handleRequest(null, Object(Config\Cache), false)
 9 FCPATH\index.php(67): CodeIgniter\CodeIgniter->run()
10 SYSTEMPATH\Commands\Server\rewrite.php(46): require_once('FCPATH\\index.php')
CRITICAL - 2023-01-04 07:14:20 --> foreach() argument must be of type array|object, int given
in APPPATH\Controllers\Admin.php on line 507.
 1 APPPATH\Controllers\Admin.php(507): CodeIgniter\Debug\Exceptions->errorHandler(2, 'foreach() argument must be of type array|object, int given', 'APPPATH\\Controllers\\Admin.php', 507)
 2 SYSTEMPATH\CodeIgniter.php(927): App\Controllers\Admin->update_Kafe()
 3 SYSTEMPATH\CodeIgniter.php(482): CodeIgniter\CodeIgniter->runController(Object(App\Controllers\Admin))
 4 SYSTEMPATH\CodeIgniter.php(351): CodeIgniter\CodeIgniter->handleRequest(null, Object(Config\Cache), false)
 5 FCPATH\index.php(67): CodeIgniter\CodeIgniter->run()
 6 SYSTEMPATH\Commands\Server\rewrite.php(46): require_once('FCPATH\\index.php')
CRITICAL - 2023-01-04 07:41:57 --> Undefined array key 1
in APPPATH\Controllers\Admin.php on line 433.
 1 APPPATH\Controllers\Admin.php(433): CodeIgniter\Debug\Exceptions->errorHandler(2, 'Undefined array key 1', 'APPPATH\\Controllers\\Admin.php', 433)
 2 SYSTEMPATH\CodeIgniter.php(927): App\Controllers\Admin->update_Kafe()
 3 SYSTEMPATH\CodeIgniter.php(482): CodeIgniter\CodeIgniter->runController(Object(App\Controllers\Admin))
 4 SYSTEMPATH\CodeIgniter.php(351): CodeIgniter\CodeIgniter->handleRequest(null, Object(Config\Cache), false)
 5 FCPATH\index.php(67): CodeIgniter\CodeIgniter->run()
 6 SYSTEMPATH\Commands\Server\rewrite.php(46): require_once('FCPATH\\index.php')
CRITICAL - 2023-01-04 07:42:26 --> Undefined array key 1
in APPPATH\Controllers\Admin.php on line 433.
 1 APPPATH\Controllers\Admin.php(433): CodeIgniter\Debug\Exceptions->errorHandler(2, 'Undefined array key 1', 'APPPATH\\Controllers\\Admin.php', 433)
 2 SYSTEMPATH\CodeIgniter.php(927): App\Controllers\Admin->update_Kafe()
 3 SYSTEMPATH\CodeIgniter.php(482): CodeIgniter\CodeIgniter->runController(Object(App\Controllers\Admin))
 4 SYSTEMPATH\CodeIgniter.php(351): CodeIgniter\CodeIgniter->handleRequest(null, Object(Config\Cache), false)
 5 FCPATH\index.php(67): CodeIgniter\CodeIgniter->run()
 6 SYSTEMPATH\Commands\Server\rewrite.php(46): require_once('FCPATH\\index.php')
CRITICAL - 2023-01-04 07:43:02 --> Undefined variable $selectajax
in APPPATH\Controllers\Admin.php on line 636.
 1 APPPATH\Controllers\Admin.php(636): CodeIgniter\Debug\Exceptions->errorHandler(2, 'Undefined variable $selectajax', 'APPPATH\\Controllers\\Admin.php', 636)
 2 SYSTEMPATH\CodeIgniter.php(927): App\Controllers\Admin->getDataAjaxRemote()
 3 SYSTEMPATH\CodeIgniter.php(482): CodeIgniter\CodeIgniter->runController(Object(App\Controllers\Admin))
 4 SYSTEMPATH\CodeIgniter.php(351): CodeIgniter\CodeIgniter->handleRequest(null, Object(Config\Cache), false)
 5 FCPATH\index.php(67): CodeIgniter\CodeIgniter->run()
 6 SYSTEMPATH\Commands\Server\rewrite.php(46): require_once('FCPATH\\index.php')
CRITICAL - 2023-01-04 07:43:43 --> Undefined array key 1
in APPPATH\Controllers\Admin.php on line 444.
 1 APPPATH\Controllers\Admin.php(444): CodeIgniter\Debug\Exceptions->errorHandler(2, 'Undefined array key 1', 'APPPATH\\Controllers\\Admin.php', 444)
 2 SYSTEMPATH\CodeIgniter.php(927): App\Controllers\Admin->update_Kafe()
 3 SYSTEMPATH\CodeIgniter.php(482): CodeIgniter\CodeIgniter->runController(Object(App\Controllers\Admin))
 4 SYSTEMPATH\CodeIgniter.php(351): CodeIgniter\CodeIgniter->handleRequest(null, Object(Config\Cache), false)
 5 FCPATH\index.php(67): CodeIgniter\CodeIgniter->run()
 6 SYSTEMPATH\Commands\Server\rewrite.php(46): require_once('FCPATH\\index.php')
CRITICAL - 2023-01-04 08:56:39 --> Undefined array key "Selasa"
in APPPATH\Views\admin\updateKafe.php on line 165.
 1 APPPATH\Views\admin\updateKafe.php(165): CodeIgniter\Debug\Exceptions->errorHandler(2, 'Undefined array key "Selasa"', 'APPPATH\\Views\\admin\\updateKafe.php', 165)
 2 SYSTEMPATH\View\View.php(213): include('APPPATH\\Views\\admin\\updateKafe.php')
 3 SYSTEMPATH\View\View.php(216): CodeIgniter\View\View->CodeIgniter\View\{closure}()
 4 SYSTEMPATH\Common.php(1134): CodeIgniter\View\View->render('admin/updateKafe', [], true)
 5 APPPATH\Controllers\Admin.php(324): view('admin/updateKafe', [...])
 6 SYSTEMPATH\CodeIgniter.php(927): App\Controllers\Admin->editKafe('112')
 7 SYSTEMPATH\CodeIgniter.php(482): CodeIgniter\CodeIgniter->runController(Object(App\Controllers\Admin))
 8 SYSTEMPATH\CodeIgniter.php(351): CodeIgniter\CodeIgniter->handleRequest(null, Object(Config\Cache), false)
 9 FCPATH\index.php(67): CodeIgniter\CodeIgniter->run()
10 SYSTEMPATH\Commands\Server\rewrite.php(46): require_once('FCPATH\\index.php')
CRITICAL - 2023-01-04 09:00:30 --> CodeIgniter\Database\BaseBuilder::updateBatch(): Argument #3 ($batchSize) must be of type int, string given, called in F:\WEB\XAMPP\htdocs\WebGis_kv\app\Models\ModelKv.php on line 285
in SYSTEMPATH\Database\BaseBuilder.php on line 2138.
 1 APPPATH\Models\ModelKv.php(285): CodeIgniter\Database\BaseBuilder->updateBatch([...], 'kafe_id', 'hari')
 2 APPPATH\Controllers\Admin.php(514): App\Models\ModelKv->updateTime([...])
 3 SYSTEMPATH\CodeIgniter.php(927): App\Controllers\Admin->update_Kafe()
 4 SYSTEMPATH\CodeIgniter.php(482): CodeIgniter\CodeIgniter->runController(Object(App\Controllers\Admin))
 5 SYSTEMPATH\CodeIgniter.php(351): CodeIgniter\CodeIgniter->handleRequest(null, Object(Config\Cache), false)
 6 FCPATH\index.php(67): CodeIgniter\CodeIgniter->run()
 7 SYSTEMPATH\Commands\Server\rewrite.php(46): require_once('FCPATH\\index.php')
CRITICAL - 2023-01-04 09:00:39 --> CodeIgniter\Database\BaseBuilder::updateBatch(): Argument #3 ($batchSize) must be of type int, string given, called in F:\WEB\XAMPP\htdocs\WebGis_kv\app\Models\ModelKv.php on line 285
in SYSTEMPATH\Database\BaseBuilder.php on line 2138.
 1 APPPATH\Models\ModelKv.php(285): CodeIgniter\Database\BaseBuilder->updateBatch([...], 'kafe_id', 'hari')
 2 APPPATH\Controllers\Admin.php(514): App\Models\ModelKv->updateTime([...])
 3 SYSTEMPATH\CodeIgniter.php(927): App\Controllers\Admin->update_Kafe()
 4 SYSTEMPATH\CodeIgniter.php(482): CodeIgniter\CodeIgniter->runController(Object(App\Controllers\Admin))
 5 SYSTEMPATH\CodeIgniter.php(351): CodeIgniter\CodeIgniter->handleRequest(null, Object(Config\Cache), false)
 6 FCPATH\index.php(67): CodeIgniter\CodeIgniter->run()
 7 SYSTEMPATH\Commands\Server\rewrite.php(46): require_once('FCPATH\\index.php')
CRITICAL - 2023-01-04 09:05:02 --> Undefined array key 115
in APPPATH\Models\ModelKv.php on line 64.
 1 APPPATH\Models\ModelKv.php(64): CodeIgniter\Debug\Exceptions->errorHandler(2, 'Undefined array key 115', 'APPPATH\\Models\\ModelKv.php', 64)
 2 APPPATH\Controllers\Admin.php(291): App\Models\ModelKv->callKafe()
 3 SYSTEMPATH\CodeIgniter.php(927): App\Controllers\Admin->Kafe()
 4 SYSTEMPATH\CodeIgniter.php(482): CodeIgniter\CodeIgniter->runController(Object(App\Controllers\Admin))
 5 SYSTEMPATH\CodeIgniter.php(351): CodeIgniter\CodeIgniter->handleRequest(null, Object(Config\Cache), false)
 6 FCPATH\index.php(67): CodeIgniter\CodeIgniter->run()
 7 SYSTEMPATH\Commands\Server\rewrite.php(46): require_once('FCPATH\\index.php')
CRITICAL - 2023-01-04 09:18:33 --> Undefined array key "Selasa"
in APPPATH\Views\admin\updateKafe.php on line 165.
 1 APPPATH\Views\admin\updateKafe.php(165): CodeIgniter\Debug\Exceptions->errorHandler(2, 'Undefined array key "Selasa"', 'APPPATH\\Views\\admin\\updateKafe.php', 165)
 2 SYSTEMPATH\View\View.php(213): include('APPPATH\\Views\\admin\\updateKafe.php')
 3 SYSTEMPATH\View\View.php(216): CodeIgniter\View\View->CodeIgniter\View\{closure}()
 4 SYSTEMPATH\Common.php(1134): CodeIgniter\View\View->render('admin/updateKafe', [], true)
 5 APPPATH\Controllers\Admin.php(324): view('admin/updateKafe', [...])
 6 SYSTEMPATH\CodeIgniter.php(927): App\Controllers\Admin->editKafe('112')
 7 SYSTEMPATH\CodeIgniter.php(482): CodeIgniter\CodeIgniter->runController(Object(App\Controllers\Admin))
 8 SYSTEMPATH\CodeIgniter.php(351): CodeIgniter\CodeIgniter->handleRequest(null, Object(Config\Cache), false)
 9 FCPATH\index.php(67): CodeIgniter\CodeIgniter->run()
10 SYSTEMPATH\Commands\Server\rewrite.php(46): require_once('FCPATH\\index.php')
CRITICAL - 2023-01-04 09:21:23 --> Array to string conversion
in APPPATH\Controllers\Admin.php on line 514.
 1 APPPATH\Controllers\Admin.php(514): CodeIgniter\Debug\Exceptions->errorHandler(2, 'Array to string conversion', 'APPPATH\\Controllers\\Admin.php', 514)
 2 SYSTEMPATH\CodeIgniter.php(927): App\Controllers\Admin->update_Kafe()
 3 SYSTEMPATH\CodeIgniter.php(482): CodeIgniter\CodeIgniter->runController(Object(App\Controllers\Admin))
 4 SYSTEMPATH\CodeIgniter.php(351): CodeIgniter\CodeIgniter->handleRequest(null, Object(Config\Cache), false)
 5 FCPATH\index.php(67): CodeIgniter\CodeIgniter->run()
 6 SYSTEMPATH\Commands\Server\rewrite.php(46): require_once('FCPATH\\index.php')
CRITICAL - 2023-01-04 09:23:14 --> foreach() argument must be of type array|object, string given
in SYSTEMPATH\Database\BaseBuilder.php on line 2265.
 1 SYSTEMPATH\Database\BaseBuilder.php(2265): CodeIgniter\Debug\Exceptions->errorHandler(2, 'foreach() argument must be of type array|object, string given', 'SYSTEMPATH\\Database\\BaseBuilder.php', 2265)
 2 SYSTEMPATH\Database\BaseBuilder.php(2180): CodeIgniter\Database\BaseBuilder->setUpdateBatch([...], 'kafe_id')
 3 APPPATH\Models\ModelKv.php(285): CodeIgniter\Database\BaseBuilder->updateBatch([...], 'kafe_id')
 4 APPPATH\Controllers\Admin.php(514): App\Models\ModelKv->updateTime([...])
 5 SYSTEMPATH\CodeIgniter.php(927): App\Controllers\Admin->update_Kafe()
 6 SYSTEMPATH\CodeIgniter.php(482): CodeIgniter\CodeIgniter->runController(Object(App\Controllers\Admin))
 7 SYSTEMPATH\CodeIgniter.php(351): CodeIgniter\CodeIgniter->handleRequest(null, Object(Config\Cache), false)
 8 FCPATH\index.php(67): CodeIgniter\CodeIgniter->run()
 9 SYSTEMPATH\Commands\Server\rewrite.php(46): require_once('FCPATH\\index.php')
CRITICAL - 2023-01-04 09:24:09 --> foreach() argument must be of type array|object, string given
in SYSTEMPATH\Database\BaseBuilder.php on line 2265.
 1 SYSTEMPATH\Database\BaseBuilder.php(2265): CodeIgniter\Debug\Exceptions->errorHandler(2, 'foreach() argument must be of type array|object, string given', 'SYSTEMPATH\\Database\\BaseBuilder.php', 2265)
 2 SYSTEMPATH\Database\BaseBuilder.php(2180): CodeIgniter\Database\BaseBuilder->setUpdateBatch([...], 'kafe_id')
 3 APPPATH\Models\ModelKv.php(285): CodeIgniter\Database\BaseBuilder->updateBatch([...], 'kafe_id')
 4 APPPATH\Controllers\Admin.php(514): App\Models\ModelKv->updateTime([...])
 5 SYSTEMPATH\CodeIgniter.php(927): App\Controllers\Admin->update_Kafe()
 6 SYSTEMPATH\CodeIgniter.php(482): CodeIgniter\CodeIgniter->runController(Object(App\Controllers\Admin))
 7 SYSTEMPATH\CodeIgniter.php(351): CodeIgniter\CodeIgniter->handleRequest(null, Object(Config\Cache), false)
 8 FCPATH\index.php(67): CodeIgniter\CodeIgniter->run()
 9 SYSTEMPATH\Commands\Server\rewrite.php(46): require_once('FCPATH\\index.php')
CRITICAL - 2023-01-04 09:24:55 --> foreach() argument must be of type array|object, string given
in SYSTEMPATH\Database\BaseBuilder.php on line 2265.
 1 SYSTEMPATH\Database\BaseBuilder.php(2265): CodeIgniter\Debug\Exceptions->errorHandler(2, 'foreach() argument must be of type array|object, string given', 'SYSTEMPATH\\Database\\BaseBuilder.php', 2265)
 2 SYSTEMPATH\Database\BaseBuilder.php(2180): CodeIgniter\Database\BaseBuilder->setUpdateBatch([...], 'kafe_id')
 3 APPPATH\Models\ModelKv.php(285): CodeIgniter\Database\BaseBuilder->updateBatch([...], 'kafe_id')
 4 APPPATH\Controllers\Admin.php(514): App\Models\ModelKv->updateTime([...])
 5 SYSTEMPATH\CodeIgniter.php(927): App\Controllers\Admin->update_Kafe()
 6 SYSTEMPATH\CodeIgniter.php(482): CodeIgniter\CodeIgniter->runController(Object(App\Controllers\Admin))
 7 SYSTEMPATH\CodeIgniter.php(351): CodeIgniter\CodeIgniter->handleRequest(null, Object(Config\Cache), false)
 8 FCPATH\index.php(67): CodeIgniter\CodeIgniter->run()
 9 SYSTEMPATH\Commands\Server\rewrite.php(46): require_once('FCPATH\\index.php')
CRITICAL - 2023-01-04 09:25:22 --> foreach() argument must be of type array|object, string given
in SYSTEMPATH\Database\BaseBuilder.php on line 2265.
 1 SYSTEMPATH\Database\BaseBuilder.php(2265): CodeIgniter\Debug\Exceptions->errorHandler(2, 'foreach() argument must be of type array|object, string given', 'SYSTEMPATH\\Database\\BaseBuilder.php', 2265)
 2 SYSTEMPATH\Database\BaseBuilder.php(2180): CodeIgniter\Database\BaseBuilder->setUpdateBatch([...], 'kafe_id')
 3 APPPATH\Models\ModelKv.php(285): CodeIgniter\Database\BaseBuilder->updateBatch([...], 'kafe_id')
 4 APPPATH\Controllers\Admin.php(514): App\Models\ModelKv->updateTime([...])
 5 SYSTEMPATH\CodeIgniter.php(927): App\Controllers\Admin->update_Kafe()
 6 SYSTEMPATH\CodeIgniter.php(482): CodeIgniter\CodeIgniter->runController(Object(App\Controllers\Admin))
 7 SYSTEMPATH\CodeIgniter.php(351): CodeIgniter\CodeIgniter->handleRequest(null, Object(Config\Cache), false)
 8 FCPATH\index.php(67): CodeIgniter\CodeIgniter->run()
 9 SYSTEMPATH\Commands\Server\rewrite.php(46): require_once('FCPATH\\index.php')
ERROR - 2023-01-04 09:37:43 --> mysqli_sql_exception: You have an error in your SQL syntax; check the manual that corresponds to your MariaDB server version for the right syntax to use near '0 = :0:, 1 = :1:, 2 = :2:, 3 = :3:, 4 = :4:, 5 = :5:, 6 = :6:
WHERE `id_kafe`...' at line 1 in F:\WEB\XAMPP\htdocs\WebGis_kv\vendor\codeigniter4\framework\system\Database\MySQLi\Connection.php:292
Stack trace:
#0 F:\WEB\XAMPP\htdocs\WebGis_kv\vendor\codeigniter4\framework\system\Database\MySQLi\Connection.php(292): mysqli->query('UPDATE `tbl_kaf...', 0)
#1 F:\WEB\XAMPP\htdocs\WebGis_kv\vendor\codeigniter4\framework\system\Database\BaseConnection.php(666): CodeIgniter\Database\MySQLi\Connection->execute('UPDATE `tbl_kaf...')
#2 F:\WEB\XAMPP\htdocs\WebGis_kv\vendor\codeigniter4\framework\system\Database\BaseConnection.php(593): CodeIgniter\Database\BaseConnection->simpleQuery('UPDATE `tbl_kaf...')
#3 F:\WEB\XAMPP\htdocs\WebGis_kv\vendor\codeigniter4\framework\system\Database\BaseBuilder.php(2079): CodeIgniter\Database\BaseConnection->query('UPDATE `tbl_kaf...', Array, false)
#4 F:\WEB\XAMPP\htdocs\WebGis_kv\app\Models\ModelKv.php(266): CodeIgniter\Database\BaseBuilder->update(Array, Array)
#5 F:\WEB\XAMPP\htdocs\WebGis_kv\app\Controllers\Admin.php(526): App\Models\ModelKv->updateKafe(Array, Array)
#6 F:\WEB\XAMPP\htdocs\WebGis_kv\vendor\codeigniter4\framework\system\CodeIgniter.php(927): App\Controllers\Admin->update_Kafe()
#7 F:\WEB\XAMPP\htdocs\WebGis_kv\vendor\codeigniter4\framework\system\CodeIgniter.php(482): CodeIgniter\CodeIgniter->runController(Object(App\Controllers\Admin))
#8 F:\WEB\XAMPP\htdocs\WebGis_kv\vendor\codeigniter4\framework\system\CodeIgniter.php(351): CodeIgniter\CodeIgniter->handleRequest(NULL, Object(Config\Cache), false)
#9 F:\WEB\XAMPP\htdocs\WebGis_kv\public\index.php(67): CodeIgniter\CodeIgniter->run()
#10 F:\WEB\XAMPP\htdocs\WebGis_kv\vendor\codeigniter4\framework\system\Commands\Server\rewrite.php(46): require_once('F:\\WEB\\XAMPP\\ht...')
#11 {main}
CRITICAL - 2023-01-04 09:37:43 --> You have an error in your SQL syntax; check the manual that corresponds to your MariaDB server version for the right syntax to use near '0 = :0:, 1 = :1:, 2 = :2:, 3 = :3:, 4 = :4:, 5 = :5:, 6 = :6:
WHERE `id_kafe`...' at line 1
in SYSTEMPATH\Database\MySQLi\Connection.php on line 292.
 1 SYSTEMPATH\Database\MySQLi\Connection.php(292): mysqli->query('UPDATE `tbl_kafe` SET 0 = :0:, 1 = :1:, 2 = :2:, 3 = :3:, 4 = :4:, 5 = :5:, 6 = :6:
WHERE `id_kafe` = :id_kafe:', 0)
 2 SYSTEMPATH\Database\BaseConnection.php(666): CodeIgniter\Database\MySQLi\Connection->execute('UPDATE `tbl_kafe` SET 0 = :0:, 1 = :1:, 2 = :2:, 3 = :3:, 4 = :4:, 5 = :5:, 6 = :6:
WHERE `id_kafe` = :id_kafe:')
 3 SYSTEMPATH\Database\BaseConnection.php(593): CodeIgniter\Database\BaseConnection->simpleQuery('UPDATE `tbl_kafe` SET 0 = :0:, 1 = :1:, 2 = :2:, 3 = :3:, 4 = :4:, 5 = :5:, 6 = :6:
WHERE `id_kafe` = :id_kafe:')
 4 SYSTEMPATH\Database\BaseBuilder.php(2079): CodeIgniter\Database\BaseConnection->query('UPDATE `tbl_kafe` SET 0 = :0:, 1 = :1:, 2 = :2:, 3 = :3:, 4 = :4:, 5 = :5:, 6 = :6:
WHERE `id_kafe` = :id_kafe:', [...], false)
 5 APPPATH\Models\ModelKv.php(266): CodeIgniter\Database\BaseBuilder->update([...], [...])
 6 APPPATH\Controllers\Admin.php(526): App\Models\ModelKv->updateKafe([...], [...])
 7 SYSTEMPATH\CodeIgniter.php(927): App\Controllers\Admin->update_Kafe()
 8 SYSTEMPATH\CodeIgniter.php(482): CodeIgniter\CodeIgniter->runController(Object(App\Controllers\Admin))
 9 SYSTEMPATH\CodeIgniter.php(351): CodeIgniter\CodeIgniter->handleRequest(null, Object(Config\Cache), false)
10 FCPATH\index.php(67): CodeIgniter\CodeIgniter->run()
11 SYSTEMPATH\Commands\Server\rewrite.php(46): require_once('FCPATH\\index.php')
CRITICAL - 2023-01-04 09:48:13 --> Attempt to read property "id_kafe" on array
in APPPATH\Views\admin\updateKafe.php on line 79.
 1 APPPATH\Views\admin\updateKafe.php(79): CodeIgniter\Debug\Exceptions->errorHandler(2, 'Attempt to read property "id_kafe" on array', 'APPPATH\\Views\\admin\\updateKafe.php', 79)
 2 SYSTEMPATH\View\View.php(213): include('APPPATH\\Views\\admin\\updateKafe.php')
 3 SYSTEMPATH\View\View.php(216): CodeIgniter\View\View->CodeIgniter\View\{closure}()
 4 SYSTEMPATH\Common.php(1134): CodeIgniter\View\View->render('admin/updateKafe', [], true)
 5 APPPATH\Controllers\Admin.php(323): view('admin/updateKafe', [...])
 6 SYSTEMPATH\CodeIgniter.php(927): App\Controllers\Admin->editKafe('112')
 7 SYSTEMPATH\CodeIgniter.php(482): CodeIgniter\CodeIgniter->runController(Object(App\Controllers\Admin))
 8 SYSTEMPATH\CodeIgniter.php(351): CodeIgniter\CodeIgniter->handleRequest(null, Object(Config\Cache), false)
 9 FCPATH\index.php(67): CodeIgniter\CodeIgniter->run()
10 SYSTEMPATH\Commands\Server\rewrite.php(46): require_once('FCPATH\\index.php')
CRITICAL - 2023-01-04 09:49:32 --> Undefined property: stdClass::$nama_foto
in APPPATH\Models\ModelKv.php on line 83.
 1 APPPATH\Models\ModelKv.php(83): CodeIgniter\Debug\Exceptions->errorHandler(2, 'Undefined property: stdClass::$nama_foto', 'APPPATH\\Models\\ModelKv.php', 83)
 2 APPPATH\Controllers\Admin.php(291): App\Models\ModelKv->callKafe()
 3 SYSTEMPATH\CodeIgniter.php(927): App\Controllers\Admin->Kafe()
 4 SYSTEMPATH\CodeIgniter.php(482): CodeIgniter\CodeIgniter->runController(Object(App\Controllers\Admin))
 5 SYSTEMPATH\CodeIgniter.php(351): CodeIgniter\CodeIgniter->handleRequest(null, Object(Config\Cache), false)
 6 FCPATH\index.php(67): CodeIgniter\CodeIgniter->run()
 7 SYSTEMPATH\Commands\Server\rewrite.php(46): require_once('FCPATH\\index.php')
ERROR - 2023-01-04 09:51:34 --> mysqli_sql_exception: Unknown column 'nama_foto' in 'field list' in F:\WEB\XAMPP\htdocs\WebGis_kv\vendor\codeigniter4\framework\system\Database\MySQLi\Connection.php:292
Stack trace:
#0 F:\WEB\XAMPP\htdocs\WebGis_kv\vendor\codeigniter4\framework\system\Database\MySQLi\Connection.php(292): mysqli->query('SELECT `tbl_kaf...', 0)
#1 F:\WEB\XAMPP\htdocs\WebGis_kv\vendor\codeigniter4\framework\system\Database\BaseConnection.php(666): CodeIgniter\Database\MySQLi\Connection->execute('SELECT `tbl_kaf...')
#2 F:\WEB\XAMPP\htdocs\WebGis_kv\vendor\codeigniter4\framework\system\Database\BaseConnection.php(593): CodeIgniter\Database\BaseConnection->simpleQuery('SELECT `tbl_kaf...')
#3 F:\WEB\XAMPP\htdocs\WebGis_kv\vendor\codeigniter4\framework\system\Database\BaseBuilder.php(1718): CodeIgniter\Database\BaseConnection->query('SELECT `tbl_kaf...', Array, false)
#4 F:\WEB\XAMPP\htdocs\WebGis_kv\app\Models\ModelKv.php(36): CodeIgniter\Database\BaseBuilder->getWhere(Array)
#5 F:\WEB\XAMPP\htdocs\WebGis_kv\app\Controllers\Admin.php(291): App\Models\ModelKv->callKafe()
#6 F:\WEB\XAMPP\htdocs\WebGis_kv\vendor\codeigniter4\framework\system\CodeIgniter.php(927): App\Controllers\Admin->Kafe()
#7 F:\WEB\XAMPP\htdocs\WebGis_kv\vendor\codeigniter4\framework\system\CodeIgniter.php(482): CodeIgniter\CodeIgniter->runController(Object(App\Controllers\Admin))
#8 F:\WEB\XAMPP\htdocs\WebGis_kv\vendor\codeigniter4\framework\system\CodeIgniter.php(351): CodeIgniter\CodeIgniter->handleRequest(NULL, Object(Config\Cache), false)
#9 F:\WEB\XAMPP\htdocs\WebGis_kv\public\index.php(67): CodeIgniter\CodeIgniter->run()
#10 F:\WEB\XAMPP\htdocs\WebGis_kv\vendor\codeigniter4\framework\system\Commands\Server\rewrite.php(46): require_once('F:\\WEB\\XAMPP\\ht...')
#11 {main}
CRITICAL - 2023-01-04 09:51:34 --> Unknown column 'nama_foto' in 'field list'
in SYSTEMPATH\Database\MySQLi\Connection.php on line 292.
 1 SYSTEMPATH\Database\MySQLi\Connection.php(292): mysqli->query('SELECT `tbl_kafe`.`id_kafe`, `nama_kafe`, `alamat_kafe`, `coordinate`, `fasilitas_kafe`, `instagram_kafe`, `tbl_provinsi`.`id_provinsi` as `id_provinsi`, `nama_provinsi`, `tbl_kabupaten`.`id_kabupaten` as `id_kabupaten`, `nama_kabupaten`, `tbl_kecamatan`.`id_kecamatan` as `id_kecamatan`, `nama_kecamatan`, `tbl_kelurahan`.`id_kelurahan` as `id_kelurahan`, `nama_kelurahan`, `created_at`, `updated_at`, `user`, `stat_appv`, `nama_foto`
FROM `tbl_kafe`
JOIN `tbl_foto_kafe` ON `tbl_kafe`.`id_kafe` = `tbl_foto_kafe`.`id_kafe`
JOIN `tbl_provinsi` ON `tbl_provinsi`.`id_provinsi` = `tbl_kafe`.`id_provinsi`
JOIN `tbl_kabupaten` ON `tbl_kabupaten`.`id_kabupaten` = `tbl_kafe`.`id_kabupaten`
JOIN `tbl_kecamatan` ON `tbl_kecamatan`.`id_kecamatan` = `tbl_kafe`.`id_kecamatan`
JOIN `tbl_kelurahan` ON `tbl_kelurahan`.`id_kelurahan` = `tbl_kafe`.`id_kelurahan`
WHERE `stat_appv` = \'1\'', 0)
 2 SYSTEMPATH\Database\BaseConnection.php(666): CodeIgniter\Database\MySQLi\Connection->execute('SELECT `tbl_kafe`.`id_kafe`, `nama_kafe`, `alamat_kafe`, `coordinate`, `fasilitas_kafe`, `instagram_kafe`, `tbl_provinsi`.`id_provinsi` as `id_provinsi`, `nama_provinsi`, `tbl_kabupaten`.`id_kabupaten` as `id_kabupaten`, `nama_kabupaten`, `tbl_kecamatan`.`id_kecamatan` as `id_kecamatan`, `nama_kecamatan`, `tbl_kelurahan`.`id_kelurahan` as `id_kelurahan`, `nama_kelurahan`, `created_at`, `updated_at`, `user`, `stat_appv`, `nama_foto`
FROM `tbl_kafe`
JOIN `tbl_foto_kafe` ON `tbl_kafe`.`id_kafe` = `tbl_foto_kafe`.`id_kafe`
JOIN `tbl_provinsi` ON `tbl_provinsi`.`id_provinsi` = `tbl_kafe`.`id_provinsi`
JOIN `tbl_kabupaten` ON `tbl_kabupaten`.`id_kabupaten` = `tbl_kafe`.`id_kabupaten`
JOIN `tbl_kecamatan` ON `tbl_kecamatan`.`id_kecamatan` = `tbl_kafe`.`id_kecamatan`
JOIN `tbl_kelurahan` ON `tbl_kelurahan`.`id_kelurahan` = `tbl_kafe`.`id_kelurahan`
WHERE `stat_appv` = \'1\'')
 3 SYSTEMPATH\Database\BaseConnection.php(593): CodeIgniter\Database\BaseConnection->simpleQuery('SELECT `tbl_kafe`.`id_kafe`, `nama_kafe`, `alamat_kafe`, `coordinate`, `fasilitas_kafe`, `instagram_kafe`, `tbl_provinsi`.`id_provinsi` as `id_provinsi`, `nama_provinsi`, `tbl_kabupaten`.`id_kabupaten` as `id_kabupaten`, `nama_kabupaten`, `tbl_kecamatan`.`id_kecamatan` as `id_kecamatan`, `nama_kecamatan`, `tbl_kelurahan`.`id_kelurahan` as `id_kelurahan`, `nama_kelurahan`, `created_at`, `updated_at`, `user`, `stat_appv`, `nama_foto`
FROM `tbl_kafe`
JOIN `tbl_foto_kafe` ON `tbl_kafe`.`id_kafe` = `tbl_foto_kafe`.`id_kafe`
JOIN `tbl_provinsi` ON `tbl_provinsi`.`id_provinsi` = `tbl_kafe`.`id_provinsi`
JOIN `tbl_kabupaten` ON `tbl_kabupaten`.`id_kabupaten` = `tbl_kafe`.`id_kabupaten`
JOIN `tbl_kecamatan` ON `tbl_kecamatan`.`id_kecamatan` = `tbl_kafe`.`id_kecamatan`
JOIN `tbl_kelurahan` ON `tbl_kelurahan`.`id_kelurahan` = `tbl_kafe`.`id_kelurahan`
WHERE `stat_appv` = \'1\'')
 4 SYSTEMPATH\Database\BaseBuilder.php(1718): CodeIgniter\Database\BaseConnection->query('SELECT `tbl_kafe`.`id_kafe`, `nama_kafe`, `alamat_kafe`, `coordinate`, `fasilitas_kafe`, `instagram_kafe`, `tbl_provinsi`.`id_provinsi` as `id_provinsi`, `nama_provinsi`, `tbl_kabupaten`.`id_kabupaten` as `id_kabupaten`, `nama_kabupaten`, `tbl_kecamatan`.`id_kecamatan` as `id_kecamatan`, `nama_kecamatan`, `tbl_kelurahan`.`id_kelurahan` as `id_kelurahan`, `nama_kelurahan`, `created_at`, `updated_at`, `user`, `stat_appv`, `nama_foto`
FROM `tbl_kafe`
JOIN `tbl_foto_kafe` ON `tbl_kafe`.`id_kafe` = `tbl_foto_kafe`.`id_kafe`
JOIN `tbl_provinsi` ON `tbl_provinsi`.`id_provinsi` = `tbl_kafe`.`id_provinsi`
JOIN `tbl_kabupaten` ON `tbl_kabupaten`.`id_kabupaten` = `tbl_kafe`.`id_kabupaten`
JOIN `tbl_kecamatan` ON `tbl_kecamatan`.`id_kecamatan` = `tbl_kafe`.`id_kecamatan`
JOIN `tbl_kelurahan` ON `tbl_kelurahan`.`id_kelurahan` = `tbl_kafe`.`id_kelurahan`
WHERE `stat_appv` = :stat_appv:', [...], false)
 5 APPPATH\Models\ModelKv.php(36): CodeIgniter\Database\BaseBuilder->getWhere([...])
 6 APPPATH\Controllers\Admin.php(291): App\Models\ModelKv->callKafe()
 7 SYSTEMPATH\CodeIgniter.php(927): App\Controllers\Admin->Kafe()
 8 SYSTEMPATH\CodeIgniter.php(482): CodeIgniter\CodeIgniter->runController(Object(App\Controllers\Admin))
 9 SYSTEMPATH\CodeIgniter.php(351): CodeIgniter\CodeIgniter->handleRequest(null, Object(Config\Cache), false)
10 FCPATH\index.php(67): CodeIgniter\CodeIgniter->run()
11 SYSTEMPATH\Commands\Server\rewrite.php(46): require_once('FCPATH\\index.php')
ERROR - 2023-01-04 09:51:36 --> mysqli_sql_exception: Unknown column 'nama_foto' in 'field list' in F:\WEB\XAMPP\htdocs\WebGis_kv\vendor\codeigniter4\framework\system\Database\MySQLi\Connection.php:292
Stack trace:
#0 F:\WEB\XAMPP\htdocs\WebGis_kv\vendor\codeigniter4\framework\system\Database\MySQLi\Connection.php(292): mysqli->query('SELECT `tbl_kaf...', 0)
#1 F:\WEB\XAMPP\htdocs\WebGis_kv\vendor\codeigniter4\framework\system\Database\BaseConnection.php(666): CodeIgniter\Database\MySQLi\Connection->execute('SELECT `tbl_kaf...')
#2 F:\WEB\XAMPP\htdocs\WebGis_kv\vendor\codeigniter4\framework\system\Database\BaseConnection.php(593): CodeIgniter\Database\BaseConnection->simpleQuery('SELECT `tbl_kaf...')
#3 F:\WEB\XAMPP\htdocs\WebGis_kv\vendor\codeigniter4\framework\system\Database\BaseBuilder.php(1718): CodeIgniter\Database\BaseConnection->query('SELECT `tbl_kaf...', Array, false)
#4 F:\WEB\XAMPP\htdocs\WebGis_kv\app\Models\ModelKv.php(36): CodeIgniter\Database\BaseBuilder->getWhere(Array)
#5 F:\WEB\XAMPP\htdocs\WebGis_kv\app\Controllers\Admin.php(291): App\Models\ModelKv->callKafe()
#6 F:\WEB\XAMPP\htdocs\WebGis_kv\vendor\codeigniter4\framework\system\CodeIgniter.php(927): App\Controllers\Admin->Kafe()
#7 F:\WEB\XAMPP\htdocs\WebGis_kv\vendor\codeigniter4\framework\system\CodeIgniter.php(482): CodeIgniter\CodeIgniter->runController(Object(App\Controllers\Admin))
#8 F:\WEB\XAMPP\htdocs\WebGis_kv\vendor\codeigniter4\framework\system\CodeIgniter.php(351): CodeIgniter\CodeIgniter->handleRequest(NULL, Object(Config\Cache), false)
#9 F:\WEB\XAMPP\htdocs\WebGis_kv\public\index.php(67): CodeIgniter\CodeIgniter->run()
#10 F:\WEB\XAMPP\htdocs\WebGis_kv\vendor\codeigniter4\framework\system\Commands\Server\rewrite.php(46): require_once('F:\\WEB\\XAMPP\\ht...')
#11 {main}
CRITICAL - 2023-01-04 09:51:36 --> Unknown column 'nama_foto' in 'field list'
in SYSTEMPATH\Database\MySQLi\Connection.php on line 292.
 1 SYSTEMPATH\Database\MySQLi\Connection.php(292): mysqli->query('SELECT `tbl_kafe`.`id_kafe`, `nama_kafe`, `alamat_kafe`, `coordinate`, `fasilitas_kafe`, `instagram_kafe`, `tbl_provinsi`.`id_provinsi` as `id_provinsi`, `nama_provinsi`, `tbl_kabupaten`.`id_kabupaten` as `id_kabupaten`, `nama_kabupaten`, `tbl_kecamatan`.`id_kecamatan` as `id_kecamatan`, `nama_kecamatan`, `tbl_kelurahan`.`id_kelurahan` as `id_kelurahan`, `nama_kelurahan`, `created_at`, `updated_at`, `user`, `stat_appv`, `nama_foto`
FROM `tbl_kafe`
JOIN `tbl_foto_kafe` ON `tbl_kafe`.`id_kafe` = `tbl_foto_kafe`.`id_kafe`
JOIN `tbl_provinsi` ON `tbl_provinsi`.`id_provinsi` = `tbl_kafe`.`id_provinsi`
JOIN `tbl_kabupaten` ON `tbl_kabupaten`.`id_kabupaten` = `tbl_kafe`.`id_kabupaten`
JOIN `tbl_kecamatan` ON `tbl_kecamatan`.`id_kecamatan` = `tbl_kafe`.`id_kecamatan`
JOIN `tbl_kelurahan` ON `tbl_kelurahan`.`id_kelurahan` = `tbl_kafe`.`id_kelurahan`
WHERE `stat_appv` = \'1\'', 0)
 2 SYSTEMPATH\Database\BaseConnection.php(666): CodeIgniter\Database\MySQLi\Connection->execute('SELECT `tbl_kafe`.`id_kafe`, `nama_kafe`, `alamat_kafe`, `coordinate`, `fasilitas_kafe`, `instagram_kafe`, `tbl_provinsi`.`id_provinsi` as `id_provinsi`, `nama_provinsi`, `tbl_kabupaten`.`id_kabupaten` as `id_kabupaten`, `nama_kabupaten`, `tbl_kecamatan`.`id_kecamatan` as `id_kecamatan`, `nama_kecamatan`, `tbl_kelurahan`.`id_kelurahan` as `id_kelurahan`, `nama_kelurahan`, `created_at`, `updated_at`, `user`, `stat_appv`, `nama_foto`
FROM `tbl_kafe`
JOIN `tbl_foto_kafe` ON `tbl_kafe`.`id_kafe` = `tbl_foto_kafe`.`id_kafe`
JOIN `tbl_provinsi` ON `tbl_provinsi`.`id_provinsi` = `tbl_kafe`.`id_provinsi`
JOIN `tbl_kabupaten` ON `tbl_kabupaten`.`id_kabupaten` = `tbl_kafe`.`id_kabupaten`
JOIN `tbl_kecamatan` ON `tbl_kecamatan`.`id_kecamatan` = `tbl_kafe`.`id_kecamatan`
JOIN `tbl_kelurahan` ON `tbl_kelurahan`.`id_kelurahan` = `tbl_kafe`.`id_kelurahan`
WHERE `stat_appv` = \'1\'')
 3 SYSTEMPATH\Database\BaseConnection.php(593): CodeIgniter\Database\BaseConnection->simpleQuery('SELECT `tbl_kafe`.`id_kafe`, `nama_kafe`, `alamat_kafe`, `coordinate`, `fasilitas_kafe`, `instagram_kafe`, `tbl_provinsi`.`id_provinsi` as `id_provinsi`, `nama_provinsi`, `tbl_kabupaten`.`id_kabupaten` as `id_kabupaten`, `nama_kabupaten`, `tbl_kecamatan`.`id_kecamatan` as `id_kecamatan`, `nama_kecamatan`, `tbl_kelurahan`.`id_kelurahan` as `id_kelurahan`, `nama_kelurahan`, `created_at`, `updated_at`, `user`, `stat_appv`, `nama_foto`
FROM `tbl_kafe`
JOIN `tbl_foto_kafe` ON `tbl_kafe`.`id_kafe` = `tbl_foto_kafe`.`id_kafe`
JOIN `tbl_provinsi` ON `tbl_provinsi`.`id_provinsi` = `tbl_kafe`.`id_provinsi`
JOIN `tbl_kabupaten` ON `tbl_kabupaten`.`id_kabupaten` = `tbl_kafe`.`id_kabupaten`
JOIN `tbl_kecamatan` ON `tbl_kecamatan`.`id_kecamatan` = `tbl_kafe`.`id_kecamatan`
JOIN `tbl_kelurahan` ON `tbl_kelurahan`.`id_kelurahan` = `tbl_kafe`.`id_kelurahan`
WHERE `stat_appv` = \'1\'')
 4 SYSTEMPATH\Database\BaseBuilder.php(1718): CodeIgniter\Database\BaseConnection->query('SELECT `tbl_kafe`.`id_kafe`, `nama_kafe`, `alamat_kafe`, `coordinate`, `fasilitas_kafe`, `instagram_kafe`, `tbl_provinsi`.`id_provinsi` as `id_provinsi`, `nama_provinsi`, `tbl_kabupaten`.`id_kabupaten` as `id_kabupaten`, `nama_kabupaten`, `tbl_kecamatan`.`id_kecamatan` as `id_kecamatan`, `nama_kecamatan`, `tbl_kelurahan`.`id_kelurahan` as `id_kelurahan`, `nama_kelurahan`, `created_at`, `updated_at`, `user`, `stat_appv`, `nama_foto`
FROM `tbl_kafe`
JOIN `tbl_foto_kafe` ON `tbl_kafe`.`id_kafe` = `tbl_foto_kafe`.`id_kafe`
JOIN `tbl_provinsi` ON `tbl_provinsi`.`id_provinsi` = `tbl_kafe`.`id_provinsi`
JOIN `tbl_kabupaten` ON `tbl_kabupaten`.`id_kabupaten` = `tbl_kafe`.`id_kabupaten`
JOIN `tbl_kecamatan` ON `tbl_kecamatan`.`id_kecamatan` = `tbl_kafe`.`id_kecamatan`
JOIN `tbl_kelurahan` ON `tbl_kelurahan`.`id_kelurahan` = `tbl_kafe`.`id_kelurahan`
WHERE `stat_appv` = :stat_appv:', [...], false)
 5 APPPATH\Models\ModelKv.php(36): CodeIgniter\Database\BaseBuilder->getWhere([...])
 6 APPPATH\Controllers\Admin.php(291): App\Models\ModelKv->callKafe()
 7 SYSTEMPATH\CodeIgniter.php(927): App\Controllers\Admin->Kafe()
 8 SYSTEMPATH\CodeIgniter.php(482): CodeIgniter\CodeIgniter->runController(Object(App\Controllers\Admin))
 9 SYSTEMPATH\CodeIgniter.php(351): CodeIgniter\CodeIgniter->handleRequest(null, Object(Config\Cache), false)
10 FCPATH\index.php(67): CodeIgniter\CodeIgniter->run()
11 SYSTEMPATH\Commands\Server\rewrite.php(46): require_once('FCPATH\\index.php')
CRITICAL - 2023-01-04 09:52:01 --> Undefined array key ""
in APPPATH\Models\ModelKv.php on line 64.
 1 APPPATH\Models\ModelKv.php(64): CodeIgniter\Debug\Exceptions->errorHandler(2, 'Undefined array key ""', 'APPPATH\\Models\\ModelKv.php', 64)
 2 APPPATH\Controllers\Admin.php(291): App\Models\ModelKv->callKafe()
 3 SYSTEMPATH\CodeIgniter.php(927): App\Controllers\Admin->Kafe()
 4 SYSTEMPATH\CodeIgniter.php(482): CodeIgniter\CodeIgniter->runController(Object(App\Controllers\Admin))
 5 SYSTEMPATH\CodeIgniter.php(351): CodeIgniter\CodeIgniter->handleRequest(null, Object(Config\Cache), false)
 6 FCPATH\index.php(67): CodeIgniter\CodeIgniter->run()
 7 SYSTEMPATH\Commands\Server\rewrite.php(46): require_once('FCPATH\\index.php')
CRITICAL - 2023-01-04 09:52:31 --> Undefined array key ""
in APPPATH\Models\ModelKv.php on line 64.
 1 APPPATH\Models\ModelKv.php(64): CodeIgniter\Debug\Exceptions->errorHandler(2, 'Undefined array key ""', 'APPPATH\\Models\\ModelKv.php', 64)
 2 APPPATH\Controllers\Admin.php(291): App\Models\ModelKv->callKafe()
 3 SYSTEMPATH\CodeIgniter.php(927): App\Controllers\Admin->Kafe()
 4 SYSTEMPATH\CodeIgniter.php(482): CodeIgniter\CodeIgniter->runController(Object(App\Controllers\Admin))
 5 SYSTEMPATH\CodeIgniter.php(351): CodeIgniter\CodeIgniter->handleRequest(null, Object(Config\Cache), false)
 6 FCPATH\index.php(67): CodeIgniter\CodeIgniter->run()
 7 SYSTEMPATH\Commands\Server\rewrite.php(46): require_once('FCPATH\\index.php')
CRITICAL - 2023-01-04 09:52:57 --> Undefined array key ""
in APPPATH\Models\ModelKv.php on line 64.
 1 APPPATH\Models\ModelKv.php(64): CodeIgniter\Debug\Exceptions->errorHandler(2, 'Undefined array key ""', 'APPPATH\\Models\\ModelKv.php', 64)
 2 APPPATH\Controllers\Admin.php(291): App\Models\ModelKv->callKafe()
 3 SYSTEMPATH\CodeIgniter.php(927): App\Controllers\Admin->Kafe()
 4 SYSTEMPATH\CodeIgniter.php(482): CodeIgniter\CodeIgniter->runController(Object(App\Controllers\Admin))
 5 SYSTEMPATH\CodeIgniter.php(351): CodeIgniter\CodeIgniter->handleRequest(null, Object(Config\Cache), false)
 6 FCPATH\index.php(67): CodeIgniter\CodeIgniter->run()
 7 SYSTEMPATH\Commands\Server\rewrite.php(46): require_once('FCPATH\\index.php')
ERROR - 2023-01-04 09:53:49 --> mysqli_sql_exception: Unknown column 'tbl_foto_kafe.id_kafe' in 'on clause' in F:\WEB\XAMPP\htdocs\WebGis_kv\vendor\codeigniter4\framework\system\Database\MySQLi\Connection.php:292
Stack trace:
#0 F:\WEB\XAMPP\htdocs\WebGis_kv\vendor\codeigniter4\framework\system\Database\MySQLi\Connection.php(292): mysqli->query('SELECT `tbl_kaf...', 0)
#1 F:\WEB\XAMPP\htdocs\WebGis_kv\vendor\codeigniter4\framework\system\Database\BaseConnection.php(666): CodeIgniter\Database\MySQLi\Connection->execute('SELECT `tbl_kaf...')
#2 F:\WEB\XAMPP\htdocs\WebGis_kv\vendor\codeigniter4\framework\system\Database\BaseConnection.php(593): CodeIgniter\Database\BaseConnection->simpleQuery('SELECT `tbl_kaf...')
#3 F:\WEB\XAMPP\htdocs\WebGis_kv\vendor\codeigniter4\framework\system\Database\BaseBuilder.php(1718): CodeIgniter\Database\BaseConnection->query('SELECT `tbl_kaf...', Array, false)
#4 F:\WEB\XAMPP\htdocs\WebGis_kv\app\Models\ModelKv.php(35): CodeIgniter\Database\BaseBuilder->getWhere(Array)
#5 F:\WEB\XAMPP\htdocs\WebGis_kv\app\Controllers\Admin.php(291): App\Models\ModelKv->callKafe()
#6 F:\WEB\XAMPP\htdocs\WebGis_kv\vendor\codeigniter4\framework\system\CodeIgniter.php(927): App\Controllers\Admin->Kafe()
#7 F:\WEB\XAMPP\htdocs\WebGis_kv\vendor\codeigniter4\framework\system\CodeIgniter.php(482): CodeIgniter\CodeIgniter->runController(Object(App\Controllers\Admin))
#8 F:\WEB\XAMPP\htdocs\WebGis_kv\vendor\codeigniter4\framework\system\CodeIgniter.php(351): CodeIgniter\CodeIgniter->handleRequest(NULL, Object(Config\Cache), false)
#9 F:\WEB\XAMPP\htdocs\WebGis_kv\public\index.php(67): CodeIgniter\CodeIgniter->run()
#10 F:\WEB\XAMPP\htdocs\WebGis_kv\vendor\codeigniter4\framework\system\Commands\Server\rewrite.php(46): require_once('F:\\WEB\\XAMPP\\ht...')
#11 {main}
CRITICAL - 2023-01-04 09:53:49 --> Unknown column 'tbl_foto_kafe.id_kafe' in 'on clause'
in SYSTEMPATH\Database\MySQLi\Connection.php on line 292.
 1 SYSTEMPATH\Database\MySQLi\Connection.php(292): mysqli->query('SELECT `tbl_kafe`.`id_kafe`, `nama_kafe`, `alamat_kafe`, `coordinate`, `fasilitas_kafe`, `instagram_kafe`, `tbl_provinsi`.`id_provinsi` as `id_provinsi`, `nama_provinsi`, `tbl_kabupaten`.`id_kabupaten` as `id_kabupaten`, `nama_kabupaten`, `tbl_kecamatan`.`id_kecamatan` as `id_kecamatan`, `nama_kecamatan`, `tbl_kelurahan`.`id_kelurahan` as `id_kelurahan`, `nama_kelurahan`, `created_at`, `updated_at`, `user`, `stat_appv`, `nama_foto`
FROM `tbl_kafe`
JOIN (SELECT GROUP_CONCAT(nama_file_foto SEPARATOR ", ") as nama_foto
FROM `tbl_foto_kafe`) as tbl_foto_kafe ON `tbl_foto_kafe`.`id_kafe` = `tbl_kafe`.`id_kafe`
JOIN `tbl_provinsi` ON `tbl_provinsi`.`id_provinsi` = `tbl_kafe`.`id_provinsi`
JOIN `tbl_kabupaten` ON `tbl_kabupaten`.`id_kabupaten` = `tbl_kafe`.`id_kabupaten`
JOIN `tbl_kecamatan` ON `tbl_kecamatan`.`id_kecamatan` = `tbl_kafe`.`id_kecamatan`
JOIN `tbl_kelurahan` ON `tbl_kelurahan`.`id_kelurahan` = `tbl_kafe`.`id_kelurahan`
WHERE `stat_appv` = \'1\'', 0)
 2 SYSTEMPATH\Database\BaseConnection.php(666): CodeIgniter\Database\MySQLi\Connection->execute('SELECT `tbl_kafe`.`id_kafe`, `nama_kafe`, `alamat_kafe`, `coordinate`, `fasilitas_kafe`, `instagram_kafe`, `tbl_provinsi`.`id_provinsi` as `id_provinsi`, `nama_provinsi`, `tbl_kabupaten`.`id_kabupaten` as `id_kabupaten`, `nama_kabupaten`, `tbl_kecamatan`.`id_kecamatan` as `id_kecamatan`, `nama_kecamatan`, `tbl_kelurahan`.`id_kelurahan` as `id_kelurahan`, `nama_kelurahan`, `created_at`, `updated_at`, `user`, `stat_appv`, `nama_foto`
FROM `tbl_kafe`
JOIN (SELECT GROUP_CONCAT(nama_file_foto SEPARATOR ", ") as nama_foto
FROM `tbl_foto_kafe`) as tbl_foto_kafe ON `tbl_foto_kafe`.`id_kafe` = `tbl_kafe`.`id_kafe`
JOIN `tbl_provinsi` ON `tbl_provinsi`.`id_provinsi` = `tbl_kafe`.`id_provinsi`
JOIN `tbl_kabupaten` ON `tbl_kabupaten`.`id_kabupaten` = `tbl_kafe`.`id_kabupaten`
JOIN `tbl_kecamatan` ON `tbl_kecamatan`.`id_kecamatan` = `tbl_kafe`.`id_kecamatan`
JOIN `tbl_kelurahan` ON `tbl_kelurahan`.`id_kelurahan` = `tbl_kafe`.`id_kelurahan`
WHERE `stat_appv` = \'1\'')
 3 SYSTEMPATH\Database\BaseConnection.php(593): CodeIgniter\Database\BaseConnection->simpleQuery('SELECT `tbl_kafe`.`id_kafe`, `nama_kafe`, `alamat_kafe`, `coordinate`, `fasilitas_kafe`, `instagram_kafe`, `tbl_provinsi`.`id_provinsi` as `id_provinsi`, `nama_provinsi`, `tbl_kabupaten`.`id_kabupaten` as `id_kabupaten`, `nama_kabupaten`, `tbl_kecamatan`.`id_kecamatan` as `id_kecamatan`, `nama_kecamatan`, `tbl_kelurahan`.`id_kelurahan` as `id_kelurahan`, `nama_kelurahan`, `created_at`, `updated_at`, `user`, `stat_appv`, `nama_foto`
FROM `tbl_kafe`
JOIN (SELECT GROUP_CONCAT(nama_file_foto SEPARATOR ", ") as nama_foto
FROM `tbl_foto_kafe`) as tbl_foto_kafe ON `tbl_foto_kafe`.`id_kafe` = `tbl_kafe`.`id_kafe`
JOIN `tbl_provinsi` ON `tbl_provinsi`.`id_provinsi` = `tbl_kafe`.`id_provinsi`
JOIN `tbl_kabupaten` ON `tbl_kabupaten`.`id_kabupaten` = `tbl_kafe`.`id_kabupaten`
JOIN `tbl_kecamatan` ON `tbl_kecamatan`.`id_kecamatan` = `tbl_kafe`.`id_kecamatan`
JOIN `tbl_kelurahan` ON `tbl_kelurahan`.`id_kelurahan` = `tbl_kafe`.`id_kelurahan`
WHERE `stat_appv` = \'1\'')
 4 SYSTEMPATH\Database\BaseBuilder.php(1718): CodeIgniter\Database\BaseConnection->query('SELECT `tbl_kafe`.`id_kafe`, `nama_kafe`, `alamat_kafe`, `coordinate`, `fasilitas_kafe`, `instagram_kafe`, `tbl_provinsi`.`id_provinsi` as `id_provinsi`, `nama_provinsi`, `tbl_kabupaten`.`id_kabupaten` as `id_kabupaten`, `nama_kabupaten`, `tbl_kecamatan`.`id_kecamatan` as `id_kecamatan`, `nama_kecamatan`, `tbl_kelurahan`.`id_kelurahan` as `id_kelurahan`, `nama_kelurahan`, `created_at`, `updated_at`, `user`, `stat_appv`, `nama_foto`
FROM `tbl_kafe`
JOIN (SELECT GROUP_CONCAT(nama_file_foto SEPARATOR ", ") as nama_foto
FROM `tbl_foto_kafe`) as tbl_foto_kafe ON `tbl_foto_kafe`.`id_kafe` = `tbl_kafe`.`id_kafe`
JOIN `tbl_provinsi` ON `tbl_provinsi`.`id_provinsi` = `tbl_kafe`.`id_provinsi`
JOIN `tbl_kabupaten` ON `tbl_kabupaten`.`id_kabupaten` = `tbl_kafe`.`id_kabupaten`
JOIN `tbl_kecamatan` ON `tbl_kecamatan`.`id_kecamatan` = `tbl_kafe`.`id_kecamatan`
JOIN `tbl_kelurahan` ON `tbl_kelurahan`.`id_kelurahan` = `tbl_kafe`.`id_kelurahan`
WHERE `stat_appv` = :stat_appv:', [...], false)
 5 APPPATH\Models\ModelKv.php(35): CodeIgniter\Database\BaseBuilder->getWhere([...])
 6 APPPATH\Controllers\Admin.php(291): App\Models\ModelKv->callKafe()
 7 SYSTEMPATH\CodeIgniter.php(927): App\Controllers\Admin->Kafe()
 8 SYSTEMPATH\CodeIgniter.php(482): CodeIgniter\CodeIgniter->runController(Object(App\Controllers\Admin))
 9 SYSTEMPATH\CodeIgniter.php(351): CodeIgniter\CodeIgniter->handleRequest(null, Object(Config\Cache), false)
10 FCPATH\index.php(67): CodeIgniter\CodeIgniter->run()
11 SYSTEMPATH\Commands\Server\rewrite.php(46): require_once('FCPATH\\index.php')
ERROR - 2023-01-04 09:53:56 --> mysqli_sql_exception: Unknown column 'tbl_foto_kafe.id_kafe' in 'on clause' in F:\WEB\XAMPP\htdocs\WebGis_kv\vendor\codeigniter4\framework\system\Database\MySQLi\Connection.php:292
Stack trace:
#0 F:\WEB\XAMPP\htdocs\WebGis_kv\vendor\codeigniter4\framework\system\Database\MySQLi\Connection.php(292): mysqli->query('SELECT `tbl_kaf...', 0)
#1 F:\WEB\XAMPP\htdocs\WebGis_kv\vendor\codeigniter4\framework\system\Database\BaseConnection.php(666): CodeIgniter\Database\MySQLi\Connection->execute('SELECT `tbl_kaf...')
#2 F:\WEB\XAMPP\htdocs\WebGis_kv\vendor\codeigniter4\framework\system\Database\BaseConnection.php(593): CodeIgniter\Database\BaseConnection->simpleQuery('SELECT `tbl_kaf...')
#3 F:\WEB\XAMPP\htdocs\WebGis_kv\vendor\codeigniter4\framework\system\Database\BaseBuilder.php(1718): CodeIgniter\Database\BaseConnection->query('SELECT `tbl_kaf...', Array, false)
#4 F:\WEB\XAMPP\htdocs\WebGis_kv\app\Models\ModelKv.php(35): CodeIgniter\Database\BaseBuilder->getWhere(Array)
#5 F:\WEB\XAMPP\htdocs\WebGis_kv\app\Controllers\Admin.php(291): App\Models\ModelKv->callKafe()
#6 F:\WEB\XAMPP\htdocs\WebGis_kv\vendor\codeigniter4\framework\system\CodeIgniter.php(927): App\Controllers\Admin->Kafe()
#7 F:\WEB\XAMPP\htdocs\WebGis_kv\vendor\codeigniter4\framework\system\CodeIgniter.php(482): CodeIgniter\CodeIgniter->runController(Object(App\Controllers\Admin))
#8 F:\WEB\XAMPP\htdocs\WebGis_kv\vendor\codeigniter4\framework\system\CodeIgniter.php(351): CodeIgniter\CodeIgniter->handleRequest(NULL, Object(Config\Cache), false)
#9 F:\WEB\XAMPP\htdocs\WebGis_kv\public\index.php(67): CodeIgniter\CodeIgniter->run()
#10 F:\WEB\XAMPP\htdocs\WebGis_kv\vendor\codeigniter4\framework\system\Commands\Server\rewrite.php(46): require_once('F:\\WEB\\XAMPP\\ht...')
#11 {main}
CRITICAL - 2023-01-04 09:53:56 --> Unknown column 'tbl_foto_kafe.id_kafe' in 'on clause'
in SYSTEMPATH\Database\MySQLi\Connection.php on line 292.
 1 SYSTEMPATH\Database\MySQLi\Connection.php(292): mysqli->query('SELECT `tbl_kafe`.`id_kafe`, `nama_kafe`, `alamat_kafe`, `coordinate`, `fasilitas_kafe`, `instagram_kafe`, `tbl_provinsi`.`id_provinsi` as `id_provinsi`, `nama_provinsi`, `tbl_kabupaten`.`id_kabupaten` as `id_kabupaten`, `nama_kabupaten`, `tbl_kecamatan`.`id_kecamatan` as `id_kecamatan`, `nama_kecamatan`, `tbl_kelurahan`.`id_kelurahan` as `id_kelurahan`, `nama_kelurahan`, `created_at`, `updated_at`, `user`, `stat_appv`, `nama_foto`
FROM `tbl_kafe`
JOIN (SELECT GROUP_CONCAT(nama_file_foto SEPARATOR ", ") as nama_foto
FROM `tbl_foto_kafe`) as tbl_foto_kafe ON `tbl_foto_kafe`.`id_kafe` = `tbl_kafe`.`id_kafe`
JOIN `tbl_provinsi` ON `tbl_provinsi`.`id_provinsi` = `tbl_kafe`.`id_provinsi`
JOIN `tbl_kabupaten` ON `tbl_kabupaten`.`id_kabupaten` = `tbl_kafe`.`id_kabupaten`
JOIN `tbl_kecamatan` ON `tbl_kecamatan`.`id_kecamatan` = `tbl_kafe`.`id_kecamatan`
JOIN `tbl_kelurahan` ON `tbl_kelurahan`.`id_kelurahan` = `tbl_kafe`.`id_kelurahan`
WHERE `stat_appv` = \'1\'', 0)
 2 SYSTEMPATH\Database\BaseConnection.php(666): CodeIgniter\Database\MySQLi\Connection->execute('SELECT `tbl_kafe`.`id_kafe`, `nama_kafe`, `alamat_kafe`, `coordinate`, `fasilitas_kafe`, `instagram_kafe`, `tbl_provinsi`.`id_provinsi` as `id_provinsi`, `nama_provinsi`, `tbl_kabupaten`.`id_kabupaten` as `id_kabupaten`, `nama_kabupaten`, `tbl_kecamatan`.`id_kecamatan` as `id_kecamatan`, `nama_kecamatan`, `tbl_kelurahan`.`id_kelurahan` as `id_kelurahan`, `nama_kelurahan`, `created_at`, `updated_at`, `user`, `stat_appv`, `nama_foto`
FROM `tbl_kafe`
JOIN (SELECT GROUP_CONCAT(nama_file_foto SEPARATOR ", ") as nama_foto
FROM `tbl_foto_kafe`) as tbl_foto_kafe ON `tbl_foto_kafe`.`id_kafe` = `tbl_kafe`.`id_kafe`
JOIN `tbl_provinsi` ON `tbl_provinsi`.`id_provinsi` = `tbl_kafe`.`id_provinsi`
JOIN `tbl_kabupaten` ON `tbl_kabupaten`.`id_kabupaten` = `tbl_kafe`.`id_kabupaten`
JOIN `tbl_kecamatan` ON `tbl_kecamatan`.`id_kecamatan` = `tbl_kafe`.`id_kecamatan`
JOIN `tbl_kelurahan` ON `tbl_kelurahan`.`id_kelurahan` = `tbl_kafe`.`id_kelurahan`
WHERE `stat_appv` = \'1\'')
 3 SYSTEMPATH\Database\BaseConnection.php(593): CodeIgniter\Database\BaseConnection->simpleQuery('SELECT `tbl_kafe`.`id_kafe`, `nama_kafe`, `alamat_kafe`, `coordinate`, `fasilitas_kafe`, `instagram_kafe`, `tbl_provinsi`.`id_provinsi` as `id_provinsi`, `nama_provinsi`, `tbl_kabupaten`.`id_kabupaten` as `id_kabupaten`, `nama_kabupaten`, `tbl_kecamatan`.`id_kecamatan` as `id_kecamatan`, `nama_kecamatan`, `tbl_kelurahan`.`id_kelurahan` as `id_kelurahan`, `nama_kelurahan`, `created_at`, `updated_at`, `user`, `stat_appv`, `nama_foto`
FROM `tbl_kafe`
JOIN (SELECT GROUP_CONCAT(nama_file_foto SEPARATOR ", ") as nama_foto
FROM `tbl_foto_kafe`) as tbl_foto_kafe ON `tbl_foto_kafe`.`id_kafe` = `tbl_kafe`.`id_kafe`
JOIN `tbl_provinsi` ON `tbl_provinsi`.`id_provinsi` = `tbl_kafe`.`id_provinsi`
JOIN `tbl_kabupaten` ON `tbl_kabupaten`.`id_kabupaten` = `tbl_kafe`.`id_kabupaten`
JOIN `tbl_kecamatan` ON `tbl_kecamatan`.`id_kecamatan` = `tbl_kafe`.`id_kecamatan`
JOIN `tbl_kelurahan` ON `tbl_kelurahan`.`id_kelurahan` = `tbl_kafe`.`id_kelurahan`
WHERE `stat_appv` = \'1\'')
 4 SYSTEMPATH\Database\BaseBuilder.php(1718): CodeIgniter\Database\BaseConnection->query('SELECT `tbl_kafe`.`id_kafe`, `nama_kafe`, `alamat_kafe`, `coordinate`, `fasilitas_kafe`, `instagram_kafe`, `tbl_provinsi`.`id_provinsi` as `id_provinsi`, `nama_provinsi`, `tbl_kabupaten`.`id_kabupaten` as `id_kabupaten`, `nama_kabupaten`, `tbl_kecamatan`.`id_kecamatan` as `id_kecamatan`, `nama_kecamatan`, `tbl_kelurahan`.`id_kelurahan` as `id_kelurahan`, `nama_kelurahan`, `created_at`, `updated_at`, `user`, `stat_appv`, `nama_foto`
FROM `tbl_kafe`
JOIN (SELECT GROUP_CONCAT(nama_file_foto SEPARATOR ", ") as nama_foto
FROM `tbl_foto_kafe`) as tbl_foto_kafe ON `tbl_foto_kafe`.`id_kafe` = `tbl_kafe`.`id_kafe`
JOIN `tbl_provinsi` ON `tbl_provinsi`.`id_provinsi` = `tbl_kafe`.`id_provinsi`
JOIN `tbl_kabupaten` ON `tbl_kabupaten`.`id_kabupaten` = `tbl_kafe`.`id_kabupaten`
JOIN `tbl_kecamatan` ON `tbl_kecamatan`.`id_kecamatan` = `tbl_kafe`.`id_kecamatan`
JOIN `tbl_kelurahan` ON `tbl_kelurahan`.`id_kelurahan` = `tbl_kafe`.`id_kelurahan`
WHERE `stat_appv` = :stat_appv:', [...], false)
 5 APPPATH\Models\ModelKv.php(35): CodeIgniter\Database\BaseBuilder->getWhere([...])
 6 APPPATH\Controllers\Admin.php(291): App\Models\ModelKv->callKafe()
 7 SYSTEMPATH\CodeIgniter.php(927): App\Controllers\Admin->Kafe()
 8 SYSTEMPATH\CodeIgniter.php(482): CodeIgniter\CodeIgniter->runController(Object(App\Controllers\Admin))
 9 SYSTEMPATH\CodeIgniter.php(351): CodeIgniter\CodeIgniter->handleRequest(null, Object(Config\Cache), false)
10 FCPATH\index.php(67): CodeIgniter\CodeIgniter->run()
11 SYSTEMPATH\Commands\Server\rewrite.php(46): require_once('FCPATH\\index.php')
ERROR - 2023-01-04 09:53:57 --> mysqli_sql_exception: Unknown column 'tbl_foto_kafe.id_kafe' in 'on clause' in F:\WEB\XAMPP\htdocs\WebGis_kv\vendor\codeigniter4\framework\system\Database\MySQLi\Connection.php:292
Stack trace:
#0 F:\WEB\XAMPP\htdocs\WebGis_kv\vendor\codeigniter4\framework\system\Database\MySQLi\Connection.php(292): mysqli->query('SELECT `tbl_kaf...', 0)
#1 F:\WEB\XAMPP\htdocs\WebGis_kv\vendor\codeigniter4\framework\system\Database\BaseConnection.php(666): CodeIgniter\Database\MySQLi\Connection->execute('SELECT `tbl_kaf...')
#2 F:\WEB\XAMPP\htdocs\WebGis_kv\vendor\codeigniter4\framework\system\Database\BaseConnection.php(593): CodeIgniter\Database\BaseConnection->simpleQuery('SELECT `tbl_kaf...')
#3 F:\WEB\XAMPP\htdocs\WebGis_kv\vendor\codeigniter4\framework\system\Database\BaseBuilder.php(1718): CodeIgniter\Database\BaseConnection->query('SELECT `tbl_kaf...', Array, false)
#4 F:\WEB\XAMPP\htdocs\WebGis_kv\app\Models\ModelKv.php(35): CodeIgniter\Database\BaseBuilder->getWhere(Array)
#5 F:\WEB\XAMPP\htdocs\WebGis_kv\app\Controllers\Admin.php(291): App\Models\ModelKv->callKafe()
#6 F:\WEB\XAMPP\htdocs\WebGis_kv\vendor\codeigniter4\framework\system\CodeIgniter.php(927): App\Controllers\Admin->Kafe()
#7 F:\WEB\XAMPP\htdocs\WebGis_kv\vendor\codeigniter4\framework\system\CodeIgniter.php(482): CodeIgniter\CodeIgniter->runController(Object(App\Controllers\Admin))
#8 F:\WEB\XAMPP\htdocs\WebGis_kv\vendor\codeigniter4\framework\system\CodeIgniter.php(351): CodeIgniter\CodeIgniter->handleRequest(NULL, Object(Config\Cache), false)
#9 F:\WEB\XAMPP\htdocs\WebGis_kv\public\index.php(67): CodeIgniter\CodeIgniter->run()
#10 F:\WEB\XAMPP\htdocs\WebGis_kv\vendor\codeigniter4\framework\system\Commands\Server\rewrite.php(46): require_once('F:\\WEB\\XAMPP\\ht...')
#11 {main}
CRITICAL - 2023-01-04 09:53:57 --> Unknown column 'tbl_foto_kafe.id_kafe' in 'on clause'
in SYSTEMPATH\Database\MySQLi\Connection.php on line 292.
 1 SYSTEMPATH\Database\MySQLi\Connection.php(292): mysqli->query('SELECT `tbl_kafe`.`id_kafe`, `nama_kafe`, `alamat_kafe`, `coordinate`, `fasilitas_kafe`, `instagram_kafe`, `tbl_provinsi`.`id_provinsi` as `id_provinsi`, `nama_provinsi`, `tbl_kabupaten`.`id_kabupaten` as `id_kabupaten`, `nama_kabupaten`, `tbl_kecamatan`.`id_kecamatan` as `id_kecamatan`, `nama_kecamatan`, `tbl_kelurahan`.`id_kelurahan` as `id_kelurahan`, `nama_kelurahan`, `created_at`, `updated_at`, `user`, `stat_appv`, `nama_foto`
FROM `tbl_kafe`
JOIN (SELECT GROUP_CONCAT(nama_file_foto SEPARATOR ", ") as nama_foto
FROM `tbl_foto_kafe`) as tbl_foto_kafe ON `tbl_foto_kafe`.`id_kafe` = `tbl_kafe`.`id_kafe`
JOIN `tbl_provinsi` ON `tbl_provinsi`.`id_provinsi` = `tbl_kafe`.`id_provinsi`
JOIN `tbl_kabupaten` ON `tbl_kabupaten`.`id_kabupaten` = `tbl_kafe`.`id_kabupaten`
JOIN `tbl_kecamatan` ON `tbl_kecamatan`.`id_kecamatan` = `tbl_kafe`.`id_kecamatan`
JOIN `tbl_kelurahan` ON `tbl_kelurahan`.`id_kelurahan` = `tbl_kafe`.`id_kelurahan`
WHERE `stat_appv` = \'1\'', 0)
 2 SYSTEMPATH\Database\BaseConnection.php(666): CodeIgniter\Database\MySQLi\Connection->execute('SELECT `tbl_kafe`.`id_kafe`, `nama_kafe`, `alamat_kafe`, `coordinate`, `fasilitas_kafe`, `instagram_kafe`, `tbl_provinsi`.`id_provinsi` as `id_provinsi`, `nama_provinsi`, `tbl_kabupaten`.`id_kabupaten` as `id_kabupaten`, `nama_kabupaten`, `tbl_kecamatan`.`id_kecamatan` as `id_kecamatan`, `nama_kecamatan`, `tbl_kelurahan`.`id_kelurahan` as `id_kelurahan`, `nama_kelurahan`, `created_at`, `updated_at`, `user`, `stat_appv`, `nama_foto`
FROM `tbl_kafe`
JOIN (SELECT GROUP_CONCAT(nama_file_foto SEPARATOR ", ") as nama_foto
FROM `tbl_foto_kafe`) as tbl_foto_kafe ON `tbl_foto_kafe`.`id_kafe` = `tbl_kafe`.`id_kafe`
JOIN `tbl_provinsi` ON `tbl_provinsi`.`id_provinsi` = `tbl_kafe`.`id_provinsi`
JOIN `tbl_kabupaten` ON `tbl_kabupaten`.`id_kabupaten` = `tbl_kafe`.`id_kabupaten`
JOIN `tbl_kecamatan` ON `tbl_kecamatan`.`id_kecamatan` = `tbl_kafe`.`id_kecamatan`
JOIN `tbl_kelurahan` ON `tbl_kelurahan`.`id_kelurahan` = `tbl_kafe`.`id_kelurahan`
WHERE `stat_appv` = \'1\'')
 3 SYSTEMPATH\Database\BaseConnection.php(593): CodeIgniter\Database\BaseConnection->simpleQuery('SELECT `tbl_kafe`.`id_kafe`, `nama_kafe`, `alamat_kafe`, `coordinate`, `fasilitas_kafe`, `instagram_kafe`, `tbl_provinsi`.`id_provinsi` as `id_provinsi`, `nama_provinsi`, `tbl_kabupaten`.`id_kabupaten` as `id_kabupaten`, `nama_kabupaten`, `tbl_kecamatan`.`id_kecamatan` as `id_kecamatan`, `nama_kecamatan`, `tbl_kelurahan`.`id_kelurahan` as `id_kelurahan`, `nama_kelurahan`, `created_at`, `updated_at`, `user`, `stat_appv`, `nama_foto`
FROM `tbl_kafe`
JOIN (SELECT GROUP_CONCAT(nama_file_foto SEPARATOR ", ") as nama_foto
FROM `tbl_foto_kafe`) as tbl_foto_kafe ON `tbl_foto_kafe`.`id_kafe` = `tbl_kafe`.`id_kafe`
JOIN `tbl_provinsi` ON `tbl_provinsi`.`id_provinsi` = `tbl_kafe`.`id_provinsi`
JOIN `tbl_kabupaten` ON `tbl_kabupaten`.`id_kabupaten` = `tbl_kafe`.`id_kabupaten`
JOIN `tbl_kecamatan` ON `tbl_kecamatan`.`id_kecamatan` = `tbl_kafe`.`id_kecamatan`
JOIN `tbl_kelurahan` ON `tbl_kelurahan`.`id_kelurahan` = `tbl_kafe`.`id_kelurahan`
WHERE `stat_appv` = \'1\'')
 4 SYSTEMPATH\Database\BaseBuilder.php(1718): CodeIgniter\Database\BaseConnection->query('SELECT `tbl_kafe`.`id_kafe`, `nama_kafe`, `alamat_kafe`, `coordinate`, `fasilitas_kafe`, `instagram_kafe`, `tbl_provinsi`.`id_provinsi` as `id_provinsi`, `nama_provinsi`, `tbl_kabupaten`.`id_kabupaten` as `id_kabupaten`, `nama_kabupaten`, `tbl_kecamatan`.`id_kecamatan` as `id_kecamatan`, `nama_kecamatan`, `tbl_kelurahan`.`id_kelurahan` as `id_kelurahan`, `nama_kelurahan`, `created_at`, `updated_at`, `user`, `stat_appv`, `nama_foto`
FROM `tbl_kafe`
JOIN (SELECT GROUP_CONCAT(nama_file_foto SEPARATOR ", ") as nama_foto
FROM `tbl_foto_kafe`) as tbl_foto_kafe ON `tbl_foto_kafe`.`id_kafe` = `tbl_kafe`.`id_kafe`
JOIN `tbl_provinsi` ON `tbl_provinsi`.`id_provinsi` = `tbl_kafe`.`id_provinsi`
JOIN `tbl_kabupaten` ON `tbl_kabupaten`.`id_kabupaten` = `tbl_kafe`.`id_kabupaten`
JOIN `tbl_kecamatan` ON `tbl_kecamatan`.`id_kecamatan` = `tbl_kafe`.`id_kecamatan`
JOIN `tbl_kelurahan` ON `tbl_kelurahan`.`id_kelurahan` = `tbl_kafe`.`id_kelurahan`
WHERE `stat_appv` = :stat_appv:', [...], false)
 5 APPPATH\Models\ModelKv.php(35): CodeIgniter\Database\BaseBuilder->getWhere([...])
 6 APPPATH\Controllers\Admin.php(291): App\Models\ModelKv->callKafe()
 7 SYSTEMPATH\CodeIgniter.php(927): App\Controllers\Admin->Kafe()
 8 SYSTEMPATH\CodeIgniter.php(482): CodeIgniter\CodeIgniter->runController(Object(App\Controllers\Admin))
 9 SYSTEMPATH\CodeIgniter.php(351): CodeIgniter\CodeIgniter->handleRequest(null, Object(Config\Cache), false)
10 FCPATH\index.php(67): CodeIgniter\CodeIgniter->run()
11 SYSTEMPATH\Commands\Server\rewrite.php(46): require_once('FCPATH\\index.php')
CRITICAL - 2023-01-04 09:58:40 --> Call to undefined method CodeIgniter\Database\MySQLi\Result::findAll()
in APPPATH\Models\ModelKv.php on line 59.
 1 APPPATH\Controllers\Admin.php(291): App\Models\ModelKv->callKafe()
 2 SYSTEMPATH\CodeIgniter.php(927): App\Controllers\Admin->Kafe()
 3 SYSTEMPATH\CodeIgniter.php(482): CodeIgniter\CodeIgniter->runController(Object(App\Controllers\Admin))
 4 SYSTEMPATH\CodeIgniter.php(351): CodeIgniter\CodeIgniter->handleRequest(null, Object(Config\Cache), false)
 5 FCPATH\index.php(67): CodeIgniter\CodeIgniter->run()
 6 SYSTEMPATH\Commands\Server\rewrite.php(46): require_once('FCPATH\\index.php')
CRITICAL - 2023-01-04 10:02:03 --> Undefined array key ""
in APPPATH\Models\ModelKv.php on line 63.
 1 APPPATH\Models\ModelKv.php(63): CodeIgniter\Debug\Exceptions->errorHandler(2, 'Undefined array key ""', 'APPPATH\\Models\\ModelKv.php', 63)
 2 APPPATH\Controllers\Admin.php(291): App\Models\ModelKv->callKafe()
 3 SYSTEMPATH\CodeIgniter.php(927): App\Controllers\Admin->Kafe()
 4 SYSTEMPATH\CodeIgniter.php(482): CodeIgniter\CodeIgniter->runController(Object(App\Controllers\Admin))
 5 SYSTEMPATH\CodeIgniter.php(351): CodeIgniter\CodeIgniter->handleRequest(null, Object(Config\Cache), false)
 6 FCPATH\index.php(67): CodeIgniter\CodeIgniter->run()
 7 SYSTEMPATH\Commands\Server\rewrite.php(46): require_once('FCPATH\\index.php')
CRITICAL - 2023-01-04 10:04:27 --> Attempt to read property "id_kafe" on array
in APPPATH\Views\admin\updateKafe.php on line 79.
 1 APPPATH\Views\admin\updateKafe.php(79): CodeIgniter\Debug\Exceptions->errorHandler(2, 'Attempt to read property "id_kafe" on array', 'APPPATH\\Views\\admin\\updateKafe.php', 79)
 2 SYSTEMPATH\View\View.php(213): include('APPPATH\\Views\\admin\\updateKafe.php')
 3 SYSTEMPATH\View\View.php(216): CodeIgniter\View\View->CodeIgniter\View\{closure}()
 4 SYSTEMPATH\Common.php(1134): CodeIgniter\View\View->render('admin/updateKafe', [], true)
 5 APPPATH\Controllers\Admin.php(323): view('admin/updateKafe', [...])
 6 SYSTEMPATH\CodeIgniter.php(927): App\Controllers\Admin->editKafe('112')
 7 SYSTEMPATH\CodeIgniter.php(482): CodeIgniter\CodeIgniter->runController(Object(App\Controllers\Admin))
 8 SYSTEMPATH\CodeIgniter.php(351): CodeIgniter\CodeIgniter->handleRequest(null, Object(Config\Cache), false)
 9 FCPATH\index.php(67): CodeIgniter\CodeIgniter->run()
10 SYSTEMPATH\Commands\Server\rewrite.php(46): require_once('FCPATH\\index.php')
CRITICAL - 2023-01-04 10:04:50 --> Attempt to read property "id_kafe" on array
in APPPATH\Views\admin\updateKafe.php on line 79.
 1 APPPATH\Views\admin\updateKafe.php(79): CodeIgniter\Debug\Exceptions->errorHandler(2, 'Attempt to read property "id_kafe" on array', 'APPPATH\\Views\\admin\\updateKafe.php', 79)
 2 SYSTEMPATH\View\View.php(213): include('APPPATH\\Views\\admin\\updateKafe.php')
 3 SYSTEMPATH\View\View.php(216): CodeIgniter\View\View->CodeIgniter\View\{closure}()
 4 SYSTEMPATH\Common.php(1134): CodeIgniter\View\View->render('admin/updateKafe', [], true)
 5 APPPATH\Controllers\Admin.php(323): view('admin/updateKafe', [...])
 6 SYSTEMPATH\CodeIgniter.php(927): App\Controllers\Admin->editKafe('112')
 7 SYSTEMPATH\CodeIgniter.php(482): CodeIgniter\CodeIgniter->runController(Object(App\Controllers\Admin))
 8 SYSTEMPATH\CodeIgniter.php(351): CodeIgniter\CodeIgniter->handleRequest(null, Object(Config\Cache), false)
 9 FCPATH\index.php(67): CodeIgniter\CodeIgniter->run()
10 SYSTEMPATH\Commands\Server\rewrite.php(46): require_once('FCPATH\\index.php')
CRITICAL - 2023-01-04 10:05:15 --> Undefined array key "id_kafe"
in APPPATH\Views\admin\updateKafe.php on line 79.
 1 APPPATH\Views\admin\updateKafe.php(79): CodeIgniter\Debug\Exceptions->errorHandler(2, 'Undefined array key "id_kafe"', 'APPPATH\\Views\\admin\\updateKafe.php', 79)
 2 SYSTEMPATH\View\View.php(213): include('APPPATH\\Views\\admin\\updateKafe.php')
 3 SYSTEMPATH\View\View.php(216): CodeIgniter\View\View->CodeIgniter\View\{closure}()
 4 SYSTEMPATH\Common.php(1134): CodeIgniter\View\View->render('admin/updateKafe', [], true)
 5 APPPATH\Controllers\Admin.php(323): view('admin/updateKafe', [...])
 6 SYSTEMPATH\CodeIgniter.php(927): App\Controllers\Admin->editKafe('112')
 7 SYSTEMPATH\CodeIgniter.php(482): CodeIgniter\CodeIgniter->runController(Object(App\Controllers\Admin))
 8 SYSTEMPATH\CodeIgniter.php(351): CodeIgniter\CodeIgniter->handleRequest(null, Object(Config\Cache), false)
 9 FCPATH\index.php(67): CodeIgniter\CodeIgniter->run()
10 SYSTEMPATH\Commands\Server\rewrite.php(46): require_once('FCPATH\\index.php')
CRITICAL - 2023-01-04 10:05:33 --> Attempt to read property "id_kafe" on array
in APPPATH\Views\admin\updateKafe.php on line 79.
 1 APPPATH\Views\admin\updateKafe.php(79): CodeIgniter\Debug\Exceptions->errorHandler(2, 'Attempt to read property "id_kafe" on array', 'APPPATH\\Views\\admin\\updateKafe.php', 79)
 2 SYSTEMPATH\View\View.php(213): include('APPPATH\\Views\\admin\\updateKafe.php')
 3 SYSTEMPATH\View\View.php(216): CodeIgniter\View\View->CodeIgniter\View\{closure}()
 4 SYSTEMPATH\Common.php(1134): CodeIgniter\View\View->render('admin/updateKafe', [], true)
 5 APPPATH\Controllers\Admin.php(323): view('admin/updateKafe', [...])
 6 SYSTEMPATH\CodeIgniter.php(927): App\Controllers\Admin->editKafe('112')
 7 SYSTEMPATH\CodeIgniter.php(482): CodeIgniter\CodeIgniter->runController(Object(App\Controllers\Admin))
 8 SYSTEMPATH\CodeIgniter.php(351): CodeIgniter\CodeIgniter->handleRequest(null, Object(Config\Cache), false)
 9 FCPATH\index.php(67): CodeIgniter\CodeIgniter->run()
10 SYSTEMPATH\Commands\Server\rewrite.php(46): require_once('FCPATH\\index.php')
CRITICAL - 2023-01-04 10:06:38 --> Cannot use object of type stdClass as array
in APPPATH\Controllers\Admin.php on line 294.
 1 SYSTEMPATH\CodeIgniter.php(927): App\Controllers\Admin->Kafe()
 2 SYSTEMPATH\CodeIgniter.php(482): CodeIgniter\CodeIgniter->runController(Object(App\Controllers\Admin))
 3 SYSTEMPATH\CodeIgniter.php(351): CodeIgniter\CodeIgniter->handleRequest(null, Object(Config\Cache), false)
 4 FCPATH\index.php(67): CodeIgniter\CodeIgniter->run()
 5 SYSTEMPATH\Commands\Server\rewrite.php(46): require_once('FCPATH\\index.php')
CRITICAL - 2023-01-04 10:07:06 --> Cannot use object of type stdClass as array
in APPPATH\Controllers\Admin.php on line 294.
 1 SYSTEMPATH\CodeIgniter.php(927): App\Controllers\Admin->Kafe()
 2 SYSTEMPATH\CodeIgniter.php(482): CodeIgniter\CodeIgniter->runController(Object(App\Controllers\Admin))
 3 SYSTEMPATH\CodeIgniter.php(351): CodeIgniter\CodeIgniter->handleRequest(null, Object(Config\Cache), false)
 4 FCPATH\index.php(67): CodeIgniter\CodeIgniter->run()
 5 SYSTEMPATH\Commands\Server\rewrite.php(46): require_once('FCPATH\\index.php')
CRITICAL - 2023-01-04 10:07:35 --> Attempt to read property "id_kafe" on array
in APPPATH\Views\admin\updateKafe.php on line 79.
 1 APPPATH\Views\admin\updateKafe.php(79): CodeIgniter\Debug\Exceptions->errorHandler(2, 'Attempt to read property "id_kafe" on array', 'APPPATH\\Views\\admin\\updateKafe.php', 79)
 2 SYSTEMPATH\View\View.php(213): include('APPPATH\\Views\\admin\\updateKafe.php')
 3 SYSTEMPATH\View\View.php(216): CodeIgniter\View\View->CodeIgniter\View\{closure}()
 4 SYSTEMPATH\Common.php(1134): CodeIgniter\View\View->render('admin/updateKafe', [], true)
 5 APPPATH\Controllers\Admin.php(323): view('admin/updateKafe', [...])
 6 SYSTEMPATH\CodeIgniter.php(927): App\Controllers\Admin->editKafe('112')
 7 SYSTEMPATH\CodeIgniter.php(482): CodeIgniter\CodeIgniter->runController(Object(App\Controllers\Admin))
 8 SYSTEMPATH\CodeIgniter.php(351): CodeIgniter\CodeIgniter->handleRequest(null, Object(Config\Cache), false)
 9 FCPATH\index.php(67): CodeIgniter\CodeIgniter->run()
10 SYSTEMPATH\Commands\Server\rewrite.php(46): require_once('FCPATH\\index.php')
