CRITICAL - 2023-01-14 16:18:31 --> Undefined property: stdClass::$coordinate
in APPPATH\Views\page\nearby.php on line 185.
 1 APPPATH\Views\page\nearby.php(185): CodeIgniter\Debug\Exceptions->errorHandler(2, 'Undefined property: stdClass::$coordinate', 'APPPATH\\Views\\page\\nearby.php', 185)
 2 SYSTEMPATH\View\View.php(213): include('APPPATH\\Views\\page\\nearby.php')
 3 SYSTEMPATH\View\View.php(216): CodeIgniter\View\View->CodeIgniter\View\{closure}()
 4 SYSTEMPATH\Common.php(1134): CodeIgniter\View\View->render('page/nearby', [], true)
 5 APPPATH\Controllers\Kafe.php(89): view('page/nearby', [...])
 6 SYSTEMPATH\CodeIgniter.php(927): App\Controllers\Kafe->near()
 7 SYSTEMPATH\CodeIgniter.php(482): CodeIgniter\CodeIgniter->runController(Object(App\Controllers\Kafe))
 8 SYSTEMPATH\CodeIgniter.php(351): CodeIgniter\CodeIgniter->handleRequest(null, Object(Config\Cache), false)
 9 FCPATH\index.php(67): CodeIgniter\CodeIgniter->run()
10 SYSTEMPATH\Commands\Server\rewrite.php(46): require_once('FCPATH\\index.php')
CRITICAL - 2023-01-14 16:18:31 --> Undefined property: stdClass::$coordinate
in APPPATH\Views\page\nearby.php on line 185.
 1 APPPATH\Views\page\nearby.php(185): CodeIgniter\Debug\Exceptions->errorHandler(2, 'Undefined property: stdClass::$coordinate', 'APPPATH\\Views\\page\\nearby.php', 185)
 2 SYSTEMPATH\View\View.php(213): include('APPPATH\\Views\\page\\nearby.php')
 3 SYSTEMPATH\View\View.php(216): CodeIgniter\View\View->CodeIgniter\View\{closure}()
 4 SYSTEMPATH\Common.php(1134): CodeIgniter\View\View->render('page/nearby', [], true)
 5 APPPATH\Controllers\Kafe.php(89): view('page/nearby', [...])
 6 SYSTEMPATH\CodeIgniter.php(927): App\Controllers\Kafe->near()
 7 SYSTEMPATH\CodeIgniter.php(482): CodeIgniter\CodeIgniter->runController(Object(App\Controllers\Kafe))
 8 SYSTEMPATH\CodeIgniter.php(351): CodeIgniter\CodeIgniter->handleRequest(null, Object(Config\Cache), false)
 9 FCPATH\index.php(67): CodeIgniter\CodeIgniter->run()
10 SYSTEMPATH\Commands\Server\rewrite.php(46): require_once('FCPATH\\index.php')
CRITICAL - 2023-01-14 16:46:33 --> Undefined variable $selectajax
in APPPATH\Controllers\Admin.php on line 643.
 1 APPPATH\Controllers\Admin.php(643): CodeIgniter\Debug\Exceptions->errorHandler(2, 'Undefined variable $selectajax', 'APPPATH\\Controllers\\Admin.php', 643)
 2 SYSTEMPATH\CodeIgniter.php(927): App\Controllers\Admin->getDataAjaxRemote()
 3 SYSTEMPATH\CodeIgniter.php(482): CodeIgniter\CodeIgniter->runController(Object(App\Controllers\Admin))
 4 SYSTEMPATH\CodeIgniter.php(351): CodeIgniter\CodeIgniter->handleRequest(null, Object(Config\Cache), false)
 5 FCPATH\index.php(67): CodeIgniter\CodeIgniter->run()
 6 SYSTEMPATH\Commands\Server\rewrite.php(46): require_once('FCPATH\\index.php')
CRITICAL - 2023-01-14 16:46:34 --> Undefined variable $selectajax
in APPPATH\Controllers\Admin.php on line 643.
 1 APPPATH\Controllers\Admin.php(643): CodeIgniter\Debug\Exceptions->errorHandler(2, 'Undefined variable $selectajax', 'APPPATH\\Controllers\\Admin.php', 643)
 2 SYSTEMPATH\CodeIgniter.php(927): App\Controllers\Admin->getDataAjaxRemote()
 3 SYSTEMPATH\CodeIgniter.php(482): CodeIgniter\CodeIgniter->runController(Object(App\Controllers\Admin))
 4 SYSTEMPATH\CodeIgniter.php(351): CodeIgniter\CodeIgniter->handleRequest(null, Object(Config\Cache), false)
 5 FCPATH\index.php(67): CodeIgniter\CodeIgniter->run()
 6 SYSTEMPATH\Commands\Server\rewrite.php(46): require_once('FCPATH\\index.php')
ERROR - 2023-01-14 16:46:53 --> mysqli_sql_exception: Cannot get geometry object from data you send to the GEOMETRY field in F:\WEB\XAMPP\htdocs\WebGis_kv\vendor\codeigniter4\framework\system\Database\MySQLi\Connection.php:292
Stack trace:
#0 F:\WEB\XAMPP\htdocs\WebGis_kv\vendor\codeigniter4\framework\system\Database\MySQLi\Connection.php(292): mysqli->query('INSERT INTO `tb...', 0)
#1 F:\WEB\XAMPP\htdocs\WebGis_kv\vendor\codeigniter4\framework\system\Database\BaseConnection.php(666): CodeIgniter\Database\MySQLi\Connection->execute('INSERT INTO `tb...')
#2 F:\WEB\XAMPP\htdocs\WebGis_kv\vendor\codeigniter4\framework\system\Database\BaseConnection.php(593): CodeIgniter\Database\BaseConnection->simpleQuery('INSERT INTO `tb...')
#3 F:\WEB\XAMPP\htdocs\WebGis_kv\vendor\codeigniter4\framework\system\Database\BaseBuilder.php(1916): CodeIgniter\Database\BaseConnection->query('INSERT INTO `tb...', Array, false)
#4 F:\WEB\XAMPP\htdocs\WebGis_kv\app\Models\ModelKv.php(286): CodeIgniter\Database\BaseBuilder->insert(Array)
#5 F:\WEB\XAMPP\htdocs\WebGis_kv\app\Controllers\Admin.php(369): App\Models\ModelKv->addKafe(Array, 'ST_GeomFromText...')
#6 F:\WEB\XAMPP\htdocs\WebGis_kv\vendor\codeigniter4\framework\system\CodeIgniter.php(927): App\Controllers\Admin->tambah_Kafe()
#7 F:\WEB\XAMPP\htdocs\WebGis_kv\vendor\codeigniter4\framework\system\CodeIgniter.php(482): CodeIgniter\CodeIgniter->runController(Object(App\Controllers\Admin))
#8 F:\WEB\XAMPP\htdocs\WebGis_kv\vendor\codeigniter4\framework\system\CodeIgniter.php(351): CodeIgniter\CodeIgniter->handleRequest(NULL, Object(Config\Cache), false)
#9 F:\WEB\XAMPP\htdocs\WebGis_kv\public\index.php(67): CodeIgniter\CodeIgniter->run()
#10 F:\WEB\XAMPP\htdocs\WebGis_kv\vendor\codeigniter4\framework\system\Commands\Server\rewrite.php(46): require_once('F:\\WEB\\XAMPP\\ht...')
#11 {main}
CRITICAL - 2023-01-14 16:46:53 --> Cannot get geometry object from data you send to the GEOMETRY field
in SYSTEMPATH\Database\MySQLi\Connection.php on line 292.
 1 SYSTEMPATH\Database\MySQLi\Connection.php(292): mysqli->query('INSERT INTO `tbl_kafe` (`lokasi`, `nama_kafe`, `alamat_kafe`, `longitude`, `latitude`, `instagram_kafe`, `fasilitas_kafe`, `id_provinsi`, `id_kabupaten`, `id_kecamatan`, `id_kelurahan`, `created_at`, `updated_at`) VALUES (\'ST_GeomFromText(\\\'ST_GeomFromText(\\\'POINT(112.353 -7.4345)\\\', 4326)\\\')\', \'yuuykuk\', \'dfbfdgbfg\', \'112.353\', \'-7.4345\', \'adw\', \'Reading, Writing\', \' 91\', \' 9123\', \' 912334\', \'9123342004\', \'2023-01-14 16:46:53\', \'2023-01-14 16:46:53\')', 0)
 2 SYSTEMPATH\Database\BaseConnection.php(666): CodeIgniter\Database\MySQLi\Connection->execute('INSERT INTO `tbl_kafe` (`lokasi`, `nama_kafe`, `alamat_kafe`, `longitude`, `latitude`, `instagram_kafe`, `fasilitas_kafe`, `id_provinsi`, `id_kabupaten`, `id_kecamatan`, `id_kelurahan`, `created_at`, `updated_at`) VALUES (\'ST_GeomFromText(\\\'ST_GeomFromText(\\\'POINT(112.353 -7.4345)\\\', 4326)\\\')\', \'yuuykuk\', \'dfbfdgbfg\', \'112.353\', \'-7.4345\', \'adw\', \'Reading, Writing\', \' 91\', \' 9123\', \' 912334\', \'9123342004\', \'2023-01-14 16:46:53\', \'2023-01-14 16:46:53\')')
 3 SYSTEMPATH\Database\BaseConnection.php(593): CodeIgniter\Database\BaseConnection->simpleQuery('INSERT INTO `tbl_kafe` (`lokasi`, `nama_kafe`, `alamat_kafe`, `longitude`, `latitude`, `instagram_kafe`, `fasilitas_kafe`, `id_provinsi`, `id_kabupaten`, `id_kecamatan`, `id_kelurahan`, `created_at`, `updated_at`) VALUES (\'ST_GeomFromText(\\\'ST_GeomFromText(\\\'POINT(112.353 -7.4345)\\\', 4326)\\\')\', \'yuuykuk\', \'dfbfdgbfg\', \'112.353\', \'-7.4345\', \'adw\', \'Reading, Writing\', \' 91\', \' 9123\', \' 912334\', \'9123342004\', \'2023-01-14 16:46:53\', \'2023-01-14 16:46:53\')')
 4 SYSTEMPATH\Database\BaseBuilder.php(1916): CodeIgniter\Database\BaseConnection->query('INSERT INTO `tbl_kafe` (`lokasi`, `nama_kafe`, `alamat_kafe`, `longitude`, `latitude`, `instagram_kafe`, `fasilitas_kafe`, `id_provinsi`, `id_kabupaten`, `id_kecamatan`, `id_kelurahan`, `created_at`, `updated_at`) VALUES (:lokasi:, :nama_kafe:, :alamat_kafe:, :longitude:, :latitude:, :instagram_kafe:, :fasilitas_kafe:, :id_provinsi:, :id_kabupaten:, :id_kecamatan:, :id_kelurahan:, :created_at:, :updated_at:)', [...], false)
 5 APPPATH\Models\ModelKv.php(286): CodeIgniter\Database\BaseBuilder->insert([...])
 6 APPPATH\Controllers\Admin.php(369): App\Models\ModelKv->addKafe([...], 'ST_GeomFromText(\'POINT(112.353 -7.4345)\', 4326)')
 7 SYSTEMPATH\CodeIgniter.php(927): App\Controllers\Admin->tambah_Kafe()
 8 SYSTEMPATH\CodeIgniter.php(482): CodeIgniter\CodeIgniter->runController(Object(App\Controllers\Admin))
 9 SYSTEMPATH\CodeIgniter.php(351): CodeIgniter\CodeIgniter->handleRequest(null, Object(Config\Cache), false)
10 FCPATH\index.php(67): CodeIgniter\CodeIgniter->run()
11 SYSTEMPATH\Commands\Server\rewrite.php(46): require_once('FCPATH\\index.php')
ERROR - 2023-01-14 16:47:37 --> mysqli_sql_exception: Cannot get geometry object from data you send to the GEOMETRY field in F:\WEB\XAMPP\htdocs\WebGis_kv\vendor\codeigniter4\framework\system\Database\MySQLi\Connection.php:292
Stack trace:
#0 F:\WEB\XAMPP\htdocs\WebGis_kv\vendor\codeigniter4\framework\system\Database\MySQLi\Connection.php(292): mysqli->query('INSERT INTO `tb...', 0)
#1 F:\WEB\XAMPP\htdocs\WebGis_kv\vendor\codeigniter4\framework\system\Database\BaseConnection.php(666): CodeIgniter\Database\MySQLi\Connection->execute('INSERT INTO `tb...')
#2 F:\WEB\XAMPP\htdocs\WebGis_kv\vendor\codeigniter4\framework\system\Database\BaseConnection.php(593): CodeIgniter\Database\BaseConnection->simpleQuery('INSERT INTO `tb...')
#3 F:\WEB\XAMPP\htdocs\WebGis_kv\vendor\codeigniter4\framework\system\Database\BaseBuilder.php(1916): CodeIgniter\Database\BaseConnection->query('INSERT INTO `tb...', Array, false)
#4 F:\WEB\XAMPP\htdocs\WebGis_kv\app\Models\ModelKv.php(286): CodeIgniter\Database\BaseBuilder->insert(Array)
#5 F:\WEB\XAMPP\htdocs\WebGis_kv\app\Controllers\Admin.php(370): App\Models\ModelKv->addKafe(Array, 'ST_GeomFromText...')
#6 F:\WEB\XAMPP\htdocs\WebGis_kv\vendor\codeigniter4\framework\system\CodeIgniter.php(927): App\Controllers\Admin->tambah_Kafe()
#7 F:\WEB\XAMPP\htdocs\WebGis_kv\vendor\codeigniter4\framework\system\CodeIgniter.php(482): CodeIgniter\CodeIgniter->runController(Object(App\Controllers\Admin))
#8 F:\WEB\XAMPP\htdocs\WebGis_kv\vendor\codeigniter4\framework\system\CodeIgniter.php(351): CodeIgniter\CodeIgniter->handleRequest(NULL, Object(Config\Cache), false)
#9 F:\WEB\XAMPP\htdocs\WebGis_kv\public\index.php(67): CodeIgniter\CodeIgniter->run()
#10 F:\WEB\XAMPP\htdocs\WebGis_kv\vendor\codeigniter4\framework\system\Commands\Server\rewrite.php(46): require_once('F:\\WEB\\XAMPP\\ht...')
#11 {main}
CRITICAL - 2023-01-14 16:47:38 --> Cannot get geometry object from data you send to the GEOMETRY field
in SYSTEMPATH\Database\MySQLi\Connection.php on line 292.
 1 SYSTEMPATH\Database\MySQLi\Connection.php(292): mysqli->query('INSERT INTO `tbl_kafe` (`lokasi`, `nama_kafe`, `alamat_kafe`, `longitude`, `latitude`, `instagram_kafe`, `fasilitas_kafe`, `id_provinsi`, `id_kabupaten`, `id_kecamatan`, `id_kelurahan`, `created_at`, `updated_at`) VALUES (\'ST_GeomFromText(\\\'POINT(112.353 -7.4345)\\\', 4326)\', \'yuuykuk\', \'dfbfdgbfg\', \'112.353\', \'-7.4345\', \'adw\', \'Reading, Writing\', \' 91\', \' 9123\', \' 912334\', \'9123342004\', \'2023-01-14 16:47:37\', \'2023-01-14 16:47:37\')', 0)
 2 SYSTEMPATH\Database\BaseConnection.php(666): CodeIgniter\Database\MySQLi\Connection->execute('INSERT INTO `tbl_kafe` (`lokasi`, `nama_kafe`, `alamat_kafe`, `longitude`, `latitude`, `instagram_kafe`, `fasilitas_kafe`, `id_provinsi`, `id_kabupaten`, `id_kecamatan`, `id_kelurahan`, `created_at`, `updated_at`) VALUES (\'ST_GeomFromText(\\\'POINT(112.353 -7.4345)\\\', 4326)\', \'yuuykuk\', \'dfbfdgbfg\', \'112.353\', \'-7.4345\', \'adw\', \'Reading, Writing\', \' 91\', \' 9123\', \' 912334\', \'9123342004\', \'2023-01-14 16:47:37\', \'2023-01-14 16:47:37\')')
 3 SYSTEMPATH\Database\BaseConnection.php(593): CodeIgniter\Database\BaseConnection->simpleQuery('INSERT INTO `tbl_kafe` (`lokasi`, `nama_kafe`, `alamat_kafe`, `longitude`, `latitude`, `instagram_kafe`, `fasilitas_kafe`, `id_provinsi`, `id_kabupaten`, `id_kecamatan`, `id_kelurahan`, `created_at`, `updated_at`) VALUES (\'ST_GeomFromText(\\\'POINT(112.353 -7.4345)\\\', 4326)\', \'yuuykuk\', \'dfbfdgbfg\', \'112.353\', \'-7.4345\', \'adw\', \'Reading, Writing\', \' 91\', \' 9123\', \' 912334\', \'9123342004\', \'2023-01-14 16:47:37\', \'2023-01-14 16:47:37\')')
 4 SYSTEMPATH\Database\BaseBuilder.php(1916): CodeIgniter\Database\BaseConnection->query('INSERT INTO `tbl_kafe` (`lokasi`, `nama_kafe`, `alamat_kafe`, `longitude`, `latitude`, `instagram_kafe`, `fasilitas_kafe`, `id_provinsi`, `id_kabupaten`, `id_kecamatan`, `id_kelurahan`, `created_at`, `updated_at`) VALUES (:lokasi.1:, :nama_kafe:, :alamat_kafe:, :longitude:, :latitude:, :instagram_kafe:, :fasilitas_kafe:, :id_provinsi:, :id_kabupaten:, :id_kecamatan:, :id_kelurahan:, :created_at:, :updated_at:)', [...], false)
 5 APPPATH\Models\ModelKv.php(286): CodeIgniter\Database\BaseBuilder->insert([...])
 6 APPPATH\Controllers\Admin.php(370): App\Models\ModelKv->addKafe([...], 'ST_GeomFromText(\'POINT(112.353 -7.4345)\', 4326)')
 7 SYSTEMPATH\CodeIgniter.php(927): App\Controllers\Admin->tambah_Kafe()
 8 SYSTEMPATH\CodeIgniter.php(482): CodeIgniter\CodeIgniter->runController(Object(App\Controllers\Admin))
 9 SYSTEMPATH\CodeIgniter.php(351): CodeIgniter\CodeIgniter->handleRequest(null, Object(Config\Cache), false)
10 FCPATH\index.php(67): CodeIgniter\CodeIgniter->run()
11 SYSTEMPATH\Commands\Server\rewrite.php(46): require_once('FCPATH\\index.php')
