CRITICAL - 2023-05-31 11:48:00 --> unlink(img/kafe/1672850491.png): No such file or directory
in APPPATH\Controllers\Admin.php on line 652.
 1 [internal function]: CodeIgniter\Debug\Exceptions->errorHandler(2, 'unlink(img/kafe/1672850491.png): No such file or directory', 'APPPATH\\Controllers\\Admin.php', 652)
 2 APPPATH\Controllers\Admin.php(652): unlink('img/kafe/1672850491.png')
 3 SYSTEMPATH\CodeIgniter.php(927): App\Controllers\Admin->delete_Kafe('115')
 4 SYSTEMPATH\CodeIgniter.php(482): CodeIgniter\CodeIgniter->runController(Object(App\Controllers\Admin))
 5 SYSTEMPATH\CodeIgniter.php(351): CodeIgniter\CodeIgniter->handleRequest(null, Object(Config\Cache), false)
 6 FCPATH\index.php(67): CodeIgniter\CodeIgniter->run()
 7 SYSTEMPATH\Commands\Server\rewrite.php(46): require_once('FCPATH\\index.php')
CRITICAL - 2023-05-31 12:54:29 --> Undefined variable $selectajax
in APPPATH\Controllers\Admin.php on line 746.
 1 APPPATH\Controllers\Admin.php(746): CodeIgniter\Debug\Exceptions->errorHandler(2, 'Undefined variable $selectajax', 'APPPATH\\Controllers\\Admin.php', 746)
 2 SYSTEMPATH\CodeIgniter.php(927): App\Controllers\Admin->getDataAjaxRemote()
 3 SYSTEMPATH\CodeIgniter.php(482): CodeIgniter\CodeIgniter->runController(Object(App\Controllers\Admin))
 4 SYSTEMPATH\CodeIgniter.php(351): CodeIgniter\CodeIgniter->handleRequest(null, Object(Config\Cache), false)
 5 FCPATH\index.php(67): CodeIgniter\CodeIgniter->run()
 6 SYSTEMPATH\Commands\Server\rewrite.php(46): require_once('FCPATH\\index.php')
CRITICAL - 2023-05-31 12:54:29 --> Uncaught CodeIgniter\Format\Exceptions\FormatException: Failed to parse json string, error: "Type is not supported". in F:\WEB\XAMPP\htdocs\WebGis_kv\vendor\codeigniter4\framework\system\Format\JSONFormatter.php:41
Stack trace:
#0 F:\WEB\XAMPP\htdocs\WebGis_kv\vendor\codeigniter4\framework\system\Format\JSONFormatter.php(41): CodeIgniter\Format\Exceptions\FormatException::forInvalidJSON('Type is not sup...')
#1 F:\WEB\XAMPP\htdocs\WebGis_kv\vendor\codeigniter4\framework\system\API\ResponseTrait.php(348): CodeIgniter\Format\JSONFormatter->format(Array)
#2 F:\WEB\XAMPP\htdocs\WebGis_kv\vendor\codeigniter4\framework\system\API\ResponseTrait.php(99): CodeIgniter\Debug\Exceptions->format(Array)
#3 F:\WEB\XAMPP\htdocs\WebGis_kv\vendor\codeigniter4\framework\system\Debug\Exceptions.php(133): CodeIgniter\Debug\Exceptions->respond(Array, 500)
#4 [internal function]: CodeIgniter\Debug\Exceptions->exceptionHandler(Object(ErrorException))
#5 {main}
  thrown
in SYSTEMPATH\Format\JSONFormatter.php on line 41.
 1 [internal function]: CodeIgniter\Debug\Exceptions->shutdownHandler()
CRITICAL - 2023-05-31 12:54:29 --> Undefined variable $selectajax
in APPPATH\Controllers\Admin.php on line 746.
 1 APPPATH\Controllers\Admin.php(746): CodeIgniter\Debug\Exceptions->errorHandler(2, 'Undefined variable $selectajax', 'APPPATH\\Controllers\\Admin.php', 746)
 2 SYSTEMPATH\CodeIgniter.php(927): App\Controllers\Admin->getDataAjaxRemote()
 3 SYSTEMPATH\CodeIgniter.php(482): CodeIgniter\CodeIgniter->runController(Object(App\Controllers\Admin))
 4 SYSTEMPATH\CodeIgniter.php(351): CodeIgniter\CodeIgniter->handleRequest(null, Object(Config\Cache), false)
 5 FCPATH\index.php(67): CodeIgniter\CodeIgniter->run()
 6 SYSTEMPATH\Commands\Server\rewrite.php(46): require_once('FCPATH\\index.php')
CRITICAL - 2023-05-31 12:54:29 --> Uncaught CodeIgniter\Format\Exceptions\FormatException: Failed to parse json string, error: "Type is not supported". in F:\WEB\XAMPP\htdocs\WebGis_kv\vendor\codeigniter4\framework\system\Format\JSONFormatter.php:41
Stack trace:
#0 F:\WEB\XAMPP\htdocs\WebGis_kv\vendor\codeigniter4\framework\system\Format\JSONFormatter.php(41): CodeIgniter\Format\Exceptions\FormatException::forInvalidJSON('Type is not sup...')
#1 F:\WEB\XAMPP\htdocs\WebGis_kv\vendor\codeigniter4\framework\system\API\ResponseTrait.php(348): CodeIgniter\Format\JSONFormatter->format(Array)
#2 F:\WEB\XAMPP\htdocs\WebGis_kv\vendor\codeigniter4\framework\system\API\ResponseTrait.php(99): CodeIgniter\Debug\Exceptions->format(Array)
#3 F:\WEB\XAMPP\htdocs\WebGis_kv\vendor\codeigniter4\framework\system\Debug\Exceptions.php(133): CodeIgniter\Debug\Exceptions->respond(Array, 500)
#4 [internal function]: CodeIgniter\Debug\Exceptions->exceptionHandler(Object(ErrorException))
#5 {main}
  thrown
in SYSTEMPATH\Format\JSONFormatter.php on line 41.
 1 [internal function]: CodeIgniter\Debug\Exceptions->shutdownHandler()
