CRITICAL - 2023-04-30 12:32:35 --> implode(): Argument #1 ($pieces) must be of type array, string given
in APPPATH\Controllers\Admin.php on line 356.
 1 APPPATH\Controllers\Admin.php(356): implode(', ', null)
 2 SYSTEMPATH\CodeIgniter.php(927): App\Controllers\Admin->tambah_Kafe()
 3 SYSTEMPATH\CodeIgniter.php(482): CodeIgniter\CodeIgniter->runController(Object(App\Controllers\Admin))
 4 SYSTEMPATH\CodeIgniter.php(351): CodeIgniter\CodeIgniter->handleRequest(null, Object(Config\Cache), false)
 5 FCPATH\index.php(67): CodeIgniter\CodeIgniter->run()
 6 SYSTEMPATH\Commands\Server\rewrite.php(46): require_once('FCPATH\\index.php')
CRITICAL - 2023-04-30 12:35:12 --> Attempt to read property "id_kafe" on array
in APPPATH\Views\admin\updateKafe.php on line 79.
 1 APPPATH\Views\admin\updateKafe.php(79): CodeIgniter\Debug\Exceptions->errorHandler(2, 'Attempt to read property "id_kafe" on array', 'APPPATH\\Views\\admin\\updateKafe.php', 79)
 2 SYSTEMPATH\View\View.php(213): include('APPPATH\\Views\\admin\\updateKafe.php')
 3 SYSTEMPATH\View\View.php(216): CodeIgniter\View\View->CodeIgniter\View\{closure}()
 4 SYSTEMPATH\Common.php(1134): CodeIgniter\View\View->render('admin/updateKafe', [], true)
 5 APPPATH\Controllers\Admin.php(335): view('admin/updateKafe', [...])
 6 SYSTEMPATH\CodeIgniter.php(927): App\Controllers\Admin->editKafe('182')
 7 SYSTEMPATH\CodeIgniter.php(482): CodeIgniter\CodeIgniter->runController(Object(App\Controllers\Admin))
 8 SYSTEMPATH\CodeIgniter.php(351): CodeIgniter\CodeIgniter->handleRequest(null, Object(Config\Cache), false)
 9 FCPATH\index.php(67): CodeIgniter\CodeIgniter->run()
10 SYSTEMPATH\Commands\Server\rewrite.php(46): require_once('FCPATH\\index.php')
CRITICAL - 2023-04-30 13:20:07 --> Attempt to read property "id_kelurahan" on array
in APPPATH\Views\admin\updateKafe.php on line 79.
 1 APPPATH\Views\admin\updateKafe.php(79): CodeIgniter\Debug\Exceptions->errorHandler(2, 'Attempt to read property "id_kelurahan" on array', 'APPPATH\\Views\\admin\\updateKafe.php', 79)
 2 SYSTEMPATH\View\View.php(213): include('APPPATH\\Views\\admin\\updateKafe.php')
 3 SYSTEMPATH\View\View.php(216): CodeIgniter\View\View->CodeIgniter\View\{closure}()
 4 SYSTEMPATH\Common.php(1134): CodeIgniter\View\View->render('admin/updateKafe', [], true)
 5 APPPATH\Controllers\Admin.php(335): view('admin/updateKafe', [...])
 6 SYSTEMPATH\CodeIgniter.php(927): App\Controllers\Admin->editKafe('182')
 7 SYSTEMPATH\CodeIgniter.php(482): CodeIgniter\CodeIgniter->runController(Object(App\Controllers\Admin))
 8 SYSTEMPATH\CodeIgniter.php(351): CodeIgniter\CodeIgniter->handleRequest(null, Object(Config\Cache), false)
 9 FCPATH\index.php(67): CodeIgniter\CodeIgniter->run()
10 SYSTEMPATH\Commands\Server\rewrite.php(46): require_once('FCPATH\\index.php')
CRITICAL - 2023-04-30 13:20:57 --> Attempt to read property "nama_kafe" on array
in APPPATH\Views\admin\updateKafe.php on line 86.
 1 APPPATH\Views\admin\updateKafe.php(86): CodeIgniter\Debug\Exceptions->errorHandler(2, 'Attempt to read property "nama_kafe" on array', 'APPPATH\\Views\\admin\\updateKafe.php', 86)
 2 SYSTEMPATH\View\View.php(213): include('APPPATH\\Views\\admin\\updateKafe.php')
 3 SYSTEMPATH\View\View.php(216): CodeIgniter\View\View->CodeIgniter\View\{closure}()
 4 SYSTEMPATH\Common.php(1134): CodeIgniter\View\View->render('admin/updateKafe', [], true)
 5 APPPATH\Controllers\Admin.php(335): view('admin/updateKafe', [...])
 6 SYSTEMPATH\CodeIgniter.php(927): App\Controllers\Admin->editKafe('182')
 7 SYSTEMPATH\CodeIgniter.php(482): CodeIgniter\CodeIgniter->runController(Object(App\Controllers\Admin))
 8 SYSTEMPATH\CodeIgniter.php(351): CodeIgniter\CodeIgniter->handleRequest(null, Object(Config\Cache), false)
 9 FCPATH\index.php(67): CodeIgniter\CodeIgniter->run()
10 SYSTEMPATH\Commands\Server\rewrite.php(46): require_once('FCPATH\\index.php')
CRITICAL - 2023-04-30 13:23:05 --> Attempt to read property "id_kafe" on array
in APPPATH\Views\admin\updateKafe.php on line 79.
 1 APPPATH\Views\admin\updateKafe.php(79): CodeIgniter\Debug\Exceptions->errorHandler(2, 'Attempt to read property "id_kafe" on array', 'APPPATH\\Views\\admin\\updateKafe.php', 79)
 2 SYSTEMPATH\View\View.php(213): include('APPPATH\\Views\\admin\\updateKafe.php')
 3 SYSTEMPATH\View\View.php(216): CodeIgniter\View\View->CodeIgniter\View\{closure}()
 4 SYSTEMPATH\Common.php(1134): CodeIgniter\View\View->render('admin/updateKafe', [], true)
 5 APPPATH\Controllers\Admin.php(335): view('admin/updateKafe', [...])
 6 SYSTEMPATH\CodeIgniter.php(927): App\Controllers\Admin->editKafe('182')
 7 SYSTEMPATH\CodeIgniter.php(482): CodeIgniter\CodeIgniter->runController(Object(App\Controllers\Admin))
 8 SYSTEMPATH\CodeIgniter.php(351): CodeIgniter\CodeIgniter->handleRequest(null, Object(Config\Cache), false)
 9 FCPATH\index.php(67): CodeIgniter\CodeIgniter->run()
10 SYSTEMPATH\Commands\Server\rewrite.php(46): require_once('FCPATH\\index.php')
CRITICAL - 2023-04-30 13:23:25 --> Attempt to read property "nama_file_foto" on string
in APPPATH\Views\admin\updateKafe.php on line 82.
 1 APPPATH\Views\admin\updateKafe.php(82): CodeIgniter\Debug\Exceptions->errorHandler(2, 'Attempt to read property "nama_file_foto" on string', 'APPPATH\\Views\\admin\\updateKafe.php', 82)
 2 SYSTEMPATH\View\View.php(213): include('APPPATH\\Views\\admin\\updateKafe.php')
 3 SYSTEMPATH\View\View.php(216): CodeIgniter\View\View->CodeIgniter\View\{closure}()
 4 SYSTEMPATH\Common.php(1134): CodeIgniter\View\View->render('admin/updateKafe', [], true)
 5 APPPATH\Controllers\Admin.php(335): view('admin/updateKafe', [...])
 6 SYSTEMPATH\CodeIgniter.php(927): App\Controllers\Admin->editKafe('182')
 7 SYSTEMPATH\CodeIgniter.php(482): CodeIgniter\CodeIgniter->runController(Object(App\Controllers\Admin))
 8 SYSTEMPATH\CodeIgniter.php(351): CodeIgniter\CodeIgniter->handleRequest(null, Object(Config\Cache), false)
 9 FCPATH\index.php(67): CodeIgniter\CodeIgniter->run()
10 SYSTEMPATH\Commands\Server\rewrite.php(46): require_once('FCPATH\\index.php')
CRITICAL - 2023-04-30 13:23:26 --> Attempt to read property "nama_file_foto" on string
in APPPATH\Views\admin\updateKafe.php on line 82.
 1 APPPATH\Views\admin\updateKafe.php(82): CodeIgniter\Debug\Exceptions->errorHandler(2, 'Attempt to read property "nama_file_foto" on string', 'APPPATH\\Views\\admin\\updateKafe.php', 82)
 2 SYSTEMPATH\View\View.php(213): include('APPPATH\\Views\\admin\\updateKafe.php')
 3 SYSTEMPATH\View\View.php(216): CodeIgniter\View\View->CodeIgniter\View\{closure}()
 4 SYSTEMPATH\Common.php(1134): CodeIgniter\View\View->render('admin/updateKafe', [], true)
 5 APPPATH\Controllers\Admin.php(335): view('admin/updateKafe', [...])
 6 SYSTEMPATH\CodeIgniter.php(927): App\Controllers\Admin->editKafe('182')
 7 SYSTEMPATH\CodeIgniter.php(482): CodeIgniter\CodeIgniter->runController(Object(App\Controllers\Admin))
 8 SYSTEMPATH\CodeIgniter.php(351): CodeIgniter\CodeIgniter->handleRequest(null, Object(Config\Cache), false)
 9 FCPATH\index.php(67): CodeIgniter\CodeIgniter->run()
10 SYSTEMPATH\Commands\Server\rewrite.php(46): require_once('FCPATH\\index.php')
CRITICAL - 2023-04-30 13:25:13 --> Attempt to read property "nama_file_foto" on string
in APPPATH\Views\admin\updateKafe.php on line 82.
 1 APPPATH\Views\admin\updateKafe.php(82): CodeIgniter\Debug\Exceptions->errorHandler(2, 'Attempt to read property "nama_file_foto" on string', 'APPPATH\\Views\\admin\\updateKafe.php', 82)
 2 SYSTEMPATH\View\View.php(213): include('APPPATH\\Views\\admin\\updateKafe.php')
 3 SYSTEMPATH\View\View.php(216): CodeIgniter\View\View->CodeIgniter\View\{closure}()
 4 SYSTEMPATH\Common.php(1134): CodeIgniter\View\View->render('admin/updateKafe', [], true)
 5 APPPATH\Controllers\Admin.php(338): view('admin/updateKafe', [...])
 6 SYSTEMPATH\CodeIgniter.php(927): App\Controllers\Admin->editKafe('182')
 7 SYSTEMPATH\CodeIgniter.php(482): CodeIgniter\CodeIgniter->runController(Object(App\Controllers\Admin))
 8 SYSTEMPATH\CodeIgniter.php(351): CodeIgniter\CodeIgniter->handleRequest(null, Object(Config\Cache), false)
 9 FCPATH\index.php(67): CodeIgniter\CodeIgniter->run()
10 SYSTEMPATH\Commands\Server\rewrite.php(46): require_once('FCPATH\\index.php')
CRITICAL - 2023-04-30 13:26:04 --> Attempt to read property "nama_file_foto" on string
in APPPATH\Views\admin\updateKafe.php on line 82.
 1 APPPATH\Views\admin\updateKafe.php(82): CodeIgniter\Debug\Exceptions->errorHandler(2, 'Attempt to read property "nama_file_foto" on string', 'APPPATH\\Views\\admin\\updateKafe.php', 82)
 2 SYSTEMPATH\View\View.php(213): include('APPPATH\\Views\\admin\\updateKafe.php')
 3 SYSTEMPATH\View\View.php(216): CodeIgniter\View\View->CodeIgniter\View\{closure}()
 4 SYSTEMPATH\Common.php(1134): CodeIgniter\View\View->render('admin/updateKafe', [], true)
 5 APPPATH\Controllers\Admin.php(338): view('admin/updateKafe', [...])
 6 SYSTEMPATH\CodeIgniter.php(927): App\Controllers\Admin->editKafe('182')
 7 SYSTEMPATH\CodeIgniter.php(482): CodeIgniter\CodeIgniter->runController(Object(App\Controllers\Admin))
 8 SYSTEMPATH\CodeIgniter.php(351): CodeIgniter\CodeIgniter->handleRequest(null, Object(Config\Cache), false)
 9 FCPATH\index.php(67): CodeIgniter\CodeIgniter->run()
10 SYSTEMPATH\Commands\Server\rewrite.php(46): require_once('FCPATH\\index.php')
CRITICAL - 2023-04-30 13:26:22 --> Undefined property: stdClass::$business_hours
in APPPATH\Views\admin\updateKafe.php on line 135.
 1 APPPATH\Views\admin\updateKafe.php(135): CodeIgniter\Debug\Exceptions->errorHandler(2, 'Undefined property: stdClass::$business_hours', 'APPPATH\\Views\\admin\\updateKafe.php', 135)
 2 SYSTEMPATH\View\View.php(213): include('APPPATH\\Views\\admin\\updateKafe.php')
 3 SYSTEMPATH\View\View.php(216): CodeIgniter\View\View->CodeIgniter\View\{closure}()
 4 SYSTEMPATH\Common.php(1134): CodeIgniter\View\View->render('admin/updateKafe', [], true)
 5 APPPATH\Controllers\Admin.php(338): view('admin/updateKafe', [...])
 6 SYSTEMPATH\CodeIgniter.php(927): App\Controllers\Admin->editKafe('182')
 7 SYSTEMPATH\CodeIgniter.php(482): CodeIgniter\CodeIgniter->runController(Object(App\Controllers\Admin))
 8 SYSTEMPATH\CodeIgniter.php(351): CodeIgniter\CodeIgniter->handleRequest(null, Object(Config\Cache), false)
 9 FCPATH\index.php(67): CodeIgniter\CodeIgniter->run()
10 SYSTEMPATH\Commands\Server\rewrite.php(46): require_once('FCPATH\\index.php')
CRITICAL - 2023-04-30 13:27:11 --> Undefined property: stdClass::$business_hours
in APPPATH\Views\admin\updateKafe.php on line 135.
 1 APPPATH\Views\admin\updateKafe.php(135): CodeIgniter\Debug\Exceptions->errorHandler(2, 'Undefined property: stdClass::$business_hours', 'APPPATH\\Views\\admin\\updateKafe.php', 135)
 2 SYSTEMPATH\View\View.php(213): include('APPPATH\\Views\\admin\\updateKafe.php')
 3 SYSTEMPATH\View\View.php(216): CodeIgniter\View\View->CodeIgniter\View\{closure}()
 4 SYSTEMPATH\Common.php(1134): CodeIgniter\View\View->render('admin/updateKafe', [], true)
 5 APPPATH\Controllers\Admin.php(338): view('admin/updateKafe', [...])
 6 SYSTEMPATH\CodeIgniter.php(927): App\Controllers\Admin->editKafe('182')
 7 SYSTEMPATH\CodeIgniter.php(482): CodeIgniter\CodeIgniter->runController(Object(App\Controllers\Admin))
 8 SYSTEMPATH\CodeIgniter.php(351): CodeIgniter\CodeIgniter->handleRequest(null, Object(Config\Cache), false)
 9 FCPATH\index.php(67): CodeIgniter\CodeIgniter->run()
10 SYSTEMPATH\Commands\Server\rewrite.php(46): require_once('FCPATH\\index.php')
CRITICAL - 2023-04-30 13:28:26 --> Cannot access offset of type string on string
in APPPATH\Views\admin\updateKafe.php on line 151.
 1 SYSTEMPATH\View\View.php(213): include()
 2 SYSTEMPATH\View\View.php(216): CodeIgniter\View\View->CodeIgniter\View\{closure}()
 3 SYSTEMPATH\Common.php(1134): CodeIgniter\View\View->render('admin/updateKafe', [], true)
 4 APPPATH\Controllers\Admin.php(338): view('admin/updateKafe', [...])
 5 SYSTEMPATH\CodeIgniter.php(927): App\Controllers\Admin->editKafe('182')
 6 SYSTEMPATH\CodeIgniter.php(482): CodeIgniter\CodeIgniter->runController(Object(App\Controllers\Admin))
 7 SYSTEMPATH\CodeIgniter.php(351): CodeIgniter\CodeIgniter->handleRequest(null, Object(Config\Cache), false)
 8 FCPATH\index.php(67): CodeIgniter\CodeIgniter->run()
 9 SYSTEMPATH\Commands\Server\rewrite.php(46): require_once('FCPATH\\index.php')
CRITICAL - 2023-04-30 13:32:36 --> Undefined array key "Senin"
in APPPATH\Views\admin\updateKafe.php on line 151.
 1 APPPATH\Views\admin\updateKafe.php(151): CodeIgniter\Debug\Exceptions->errorHandler(2, 'Undefined array key "Senin"', 'APPPATH\\Views\\admin\\updateKafe.php', 151)
 2 SYSTEMPATH\View\View.php(213): include('APPPATH\\Views\\admin\\updateKafe.php')
 3 SYSTEMPATH\View\View.php(216): CodeIgniter\View\View->CodeIgniter\View\{closure}()
 4 SYSTEMPATH\Common.php(1134): CodeIgniter\View\View->render('admin/updateKafe', [], true)
 5 APPPATH\Controllers\Admin.php(338): view('admin/updateKafe', [...])
 6 SYSTEMPATH\CodeIgniter.php(927): App\Controllers\Admin->editKafe('182')
 7 SYSTEMPATH\CodeIgniter.php(482): CodeIgniter\CodeIgniter->runController(Object(App\Controllers\Admin))
 8 SYSTEMPATH\CodeIgniter.php(351): CodeIgniter\CodeIgniter->handleRequest(null, Object(Config\Cache), false)
 9 FCPATH\index.php(67): CodeIgniter\CodeIgniter->run()
10 SYSTEMPATH\Commands\Server\rewrite.php(46): require_once('FCPATH\\index.php')
CRITICAL - 2023-04-30 13:33:11 --> Undefined array key "Senin"
in APPPATH\Views\admin\updateKafe.php on line 152.
 1 APPPATH\Views\admin\updateKafe.php(152): CodeIgniter\Debug\Exceptions->errorHandler(2, 'Undefined array key "Senin"', 'APPPATH\\Views\\admin\\updateKafe.php', 152)
 2 SYSTEMPATH\View\View.php(213): include('APPPATH\\Views\\admin\\updateKafe.php')
 3 SYSTEMPATH\View\View.php(216): CodeIgniter\View\View->CodeIgniter\View\{closure}()
 4 SYSTEMPATH\Common.php(1134): CodeIgniter\View\View->render('admin/updateKafe', [], true)
 5 APPPATH\Controllers\Admin.php(338): view('admin/updateKafe', [...])
 6 SYSTEMPATH\CodeIgniter.php(927): App\Controllers\Admin->editKafe('182')
 7 SYSTEMPATH\CodeIgniter.php(482): CodeIgniter\CodeIgniter->runController(Object(App\Controllers\Admin))
 8 SYSTEMPATH\CodeIgniter.php(351): CodeIgniter\CodeIgniter->handleRequest(null, Object(Config\Cache), false)
 9 FCPATH\index.php(67): CodeIgniter\CodeIgniter->run()
10 SYSTEMPATH\Commands\Server\rewrite.php(46): require_once('FCPATH\\index.php')
CRITICAL - 2023-04-30 13:33:13 --> Undefined array key "Senin"
in APPPATH\Views\admin\updateKafe.php on line 152.
 1 APPPATH\Views\admin\updateKafe.php(152): CodeIgniter\Debug\Exceptions->errorHandler(2, 'Undefined array key "Senin"', 'APPPATH\\Views\\admin\\updateKafe.php', 152)
 2 SYSTEMPATH\View\View.php(213): include('APPPATH\\Views\\admin\\updateKafe.php')
 3 SYSTEMPATH\View\View.php(216): CodeIgniter\View\View->CodeIgniter\View\{closure}()
 4 SYSTEMPATH\Common.php(1134): CodeIgniter\View\View->render('admin/updateKafe', [], true)
 5 APPPATH\Controllers\Admin.php(338): view('admin/updateKafe', [...])
 6 SYSTEMPATH\CodeIgniter.php(927): App\Controllers\Admin->editKafe('182')
 7 SYSTEMPATH\CodeIgniter.php(482): CodeIgniter\CodeIgniter->runController(Object(App\Controllers\Admin))
 8 SYSTEMPATH\CodeIgniter.php(351): CodeIgniter\CodeIgniter->handleRequest(null, Object(Config\Cache), false)
 9 FCPATH\index.php(67): CodeIgniter\CodeIgniter->run()
10 SYSTEMPATH\Commands\Server\rewrite.php(46): require_once('FCPATH\\index.php')
CRITICAL - 2023-04-30 13:34:02 --> Undefined variable $jam_oprasional
in APPPATH\Views\admin\updateKafe.php on line 137.
 1 APPPATH\Views\admin\updateKafe.php(137): CodeIgniter\Debug\Exceptions->errorHandler(2, 'Undefined variable $jam_oprasional', 'APPPATH\\Views\\admin\\updateKafe.php', 137)
 2 SYSTEMPATH\View\View.php(213): include('APPPATH\\Views\\admin\\updateKafe.php')
 3 SYSTEMPATH\View\View.php(216): CodeIgniter\View\View->CodeIgniter\View\{closure}()
 4 SYSTEMPATH\Common.php(1134): CodeIgniter\View\View->render('admin/updateKafe', [], true)
 5 APPPATH\Controllers\Admin.php(338): view('admin/updateKafe', [...])
 6 SYSTEMPATH\CodeIgniter.php(927): App\Controllers\Admin->editKafe('182')
 7 SYSTEMPATH\CodeIgniter.php(482): CodeIgniter\CodeIgniter->runController(Object(App\Controllers\Admin))
 8 SYSTEMPATH\CodeIgniter.php(351): CodeIgniter\CodeIgniter->handleRequest(null, Object(Config\Cache), false)
 9 FCPATH\index.php(67): CodeIgniter\CodeIgniter->run()
10 SYSTEMPATH\Commands\Server\rewrite.php(46): require_once('FCPATH\\index.php')
CRITICAL - 2023-04-30 13:34:10 --> Undefined array key "Senin"
in APPPATH\Views\admin\updateKafe.php on line 168.
 1 APPPATH\Views\admin\updateKafe.php(168): CodeIgniter\Debug\Exceptions->errorHandler(2, 'Undefined array key "Senin"', 'APPPATH\\Views\\admin\\updateKafe.php', 168)
 2 SYSTEMPATH\View\View.php(213): include('APPPATH\\Views\\admin\\updateKafe.php')
 3 SYSTEMPATH\View\View.php(216): CodeIgniter\View\View->CodeIgniter\View\{closure}()
 4 SYSTEMPATH\Common.php(1134): CodeIgniter\View\View->render('admin/updateKafe', [], true)
 5 APPPATH\Controllers\Admin.php(338): view('admin/updateKafe', [...])
 6 SYSTEMPATH\CodeIgniter.php(927): App\Controllers\Admin->editKafe('182')
 7 SYSTEMPATH\CodeIgniter.php(482): CodeIgniter\CodeIgniter->runController(Object(App\Controllers\Admin))
 8 SYSTEMPATH\CodeIgniter.php(351): CodeIgniter\CodeIgniter->handleRequest(null, Object(Config\Cache), false)
 9 FCPATH\index.php(67): CodeIgniter\CodeIgniter->run()
10 SYSTEMPATH\Commands\Server\rewrite.php(46): require_once('FCPATH\\index.php')
CRITICAL - 2023-04-30 13:37:14 --> Undefined array key "Senin"
in APPPATH\Views\admin\updateKafe.php on line 154.
 1 APPPATH\Views\admin\updateKafe.php(154): CodeIgniter\Debug\Exceptions->errorHandler(2, 'Undefined array key "Senin"', 'APPPATH\\Views\\admin\\updateKafe.php', 154)
 2 SYSTEMPATH\View\View.php(213): include('APPPATH\\Views\\admin\\updateKafe.php')
 3 SYSTEMPATH\View\View.php(216): CodeIgniter\View\View->CodeIgniter\View\{closure}()
 4 SYSTEMPATH\Common.php(1134): CodeIgniter\View\View->render('admin/updateKafe', [], true)
 5 APPPATH\Controllers\Admin.php(338): view('admin/updateKafe', [...])
 6 SYSTEMPATH\CodeIgniter.php(927): App\Controllers\Admin->editKafe('182')
 7 SYSTEMPATH\CodeIgniter.php(482): CodeIgniter\CodeIgniter->runController(Object(App\Controllers\Admin))
 8 SYSTEMPATH\CodeIgniter.php(351): CodeIgniter\CodeIgniter->handleRequest(null, Object(Config\Cache), false)
 9 FCPATH\index.php(67): CodeIgniter\CodeIgniter->run()
10 SYSTEMPATH\Commands\Server\rewrite.php(46): require_once('FCPATH\\index.php')
CRITICAL - 2023-04-30 13:37:57 --> Undefined array key "Senin"
in APPPATH\Views\admin\updateKafe.php on line 154.
 1 APPPATH\Views\admin\updateKafe.php(154): CodeIgniter\Debug\Exceptions->errorHandler(2, 'Undefined array key "Senin"', 'APPPATH\\Views\\admin\\updateKafe.php', 154)
 2 SYSTEMPATH\View\View.php(213): include('APPPATH\\Views\\admin\\updateKafe.php')
 3 SYSTEMPATH\View\View.php(216): CodeIgniter\View\View->CodeIgniter\View\{closure}()
 4 SYSTEMPATH\Common.php(1134): CodeIgniter\View\View->render('admin/updateKafe', [], true)
 5 APPPATH\Controllers\Admin.php(338): view('admin/updateKafe', [...])
 6 SYSTEMPATH\CodeIgniter.php(927): App\Controllers\Admin->editKafe('182')
 7 SYSTEMPATH\CodeIgniter.php(482): CodeIgniter\CodeIgniter->runController(Object(App\Controllers\Admin))
 8 SYSTEMPATH\CodeIgniter.php(351): CodeIgniter\CodeIgniter->handleRequest(null, Object(Config\Cache), false)
 9 FCPATH\index.php(67): CodeIgniter\CodeIgniter->run()
10 SYSTEMPATH\Commands\Server\rewrite.php(46): require_once('FCPATH\\index.php')
CRITICAL - 2023-04-30 13:39:31 --> Undefined array key "Senin"
in APPPATH\Views\admin\updateKafe.php on line 154.
 1 APPPATH\Views\admin\updateKafe.php(154): CodeIgniter\Debug\Exceptions->errorHandler(2, 'Undefined array key "Senin"', 'APPPATH\\Views\\admin\\updateKafe.php', 154)
 2 SYSTEMPATH\View\View.php(213): include('APPPATH\\Views\\admin\\updateKafe.php')
 3 SYSTEMPATH\View\View.php(216): CodeIgniter\View\View->CodeIgniter\View\{closure}()
 4 SYSTEMPATH\Common.php(1134): CodeIgniter\View\View->render('admin/updateKafe', [], true)
 5 APPPATH\Controllers\Admin.php(338): view('admin/updateKafe', [...])
 6 SYSTEMPATH\CodeIgniter.php(927): App\Controllers\Admin->editKafe('182')
 7 SYSTEMPATH\CodeIgniter.php(482): CodeIgniter\CodeIgniter->runController(Object(App\Controllers\Admin))
 8 SYSTEMPATH\CodeIgniter.php(351): CodeIgniter\CodeIgniter->handleRequest(null, Object(Config\Cache), false)
 9 FCPATH\index.php(67): CodeIgniter\CodeIgniter->run()
10 SYSTEMPATH\Commands\Server\rewrite.php(46): require_once('FCPATH\\index.php')
CRITICAL - 2023-04-30 13:42:00 --> Undefined array key "Senin"
in APPPATH\Views\admin\updateKafe.php on line 154.
 1 APPPATH\Views\admin\updateKafe.php(154): CodeIgniter\Debug\Exceptions->errorHandler(2, 'Undefined array key "Senin"', 'APPPATH\\Views\\admin\\updateKafe.php', 154)
 2 SYSTEMPATH\View\View.php(213): include('APPPATH\\Views\\admin\\updateKafe.php')
 3 SYSTEMPATH\View\View.php(216): CodeIgniter\View\View->CodeIgniter\View\{closure}()
 4 SYSTEMPATH\Common.php(1134): CodeIgniter\View\View->render('admin/updateKafe', [], true)
 5 APPPATH\Controllers\Admin.php(338): view('admin/updateKafe', [...])
 6 SYSTEMPATH\CodeIgniter.php(927): App\Controllers\Admin->editKafe('182')
 7 SYSTEMPATH\CodeIgniter.php(482): CodeIgniter\CodeIgniter->runController(Object(App\Controllers\Admin))
 8 SYSTEMPATH\CodeIgniter.php(351): CodeIgniter\CodeIgniter->handleRequest(null, Object(Config\Cache), false)
 9 FCPATH\index.php(67): CodeIgniter\CodeIgniter->run()
10 SYSTEMPATH\Commands\Server\rewrite.php(46): require_once('FCPATH\\index.php')
CRITICAL - 2023-04-30 13:42:55 --> Undefined array key "hari"
in APPPATH\Views\admin\updateKafe.php on line 154.
 1 APPPATH\Views\admin\updateKafe.php(154): CodeIgniter\Debug\Exceptions->errorHandler(2, 'Undefined array key "hari"', 'APPPATH\\Views\\admin\\updateKafe.php', 154)
 2 SYSTEMPATH\View\View.php(213): include('APPPATH\\Views\\admin\\updateKafe.php')
 3 SYSTEMPATH\View\View.php(216): CodeIgniter\View\View->CodeIgniter\View\{closure}()
 4 SYSTEMPATH\Common.php(1134): CodeIgniter\View\View->render('admin/updateKafe', [], true)
 5 APPPATH\Controllers\Admin.php(338): view('admin/updateKafe', [...])
 6 SYSTEMPATH\CodeIgniter.php(927): App\Controllers\Admin->editKafe('182')
 7 SYSTEMPATH\CodeIgniter.php(482): CodeIgniter\CodeIgniter->runController(Object(App\Controllers\Admin))
 8 SYSTEMPATH\CodeIgniter.php(351): CodeIgniter\CodeIgniter->handleRequest(null, Object(Config\Cache), false)
 9 FCPATH\index.php(67): CodeIgniter\CodeIgniter->run()
10 SYSTEMPATH\Commands\Server\rewrite.php(46): require_once('FCPATH\\index.php')
CRITICAL - 2023-04-30 13:43:19 --> Undefined array key "hari"
in APPPATH\Views\admin\updateKafe.php on line 138.
 1 APPPATH\Views\admin\updateKafe.php(138): CodeIgniter\Debug\Exceptions->errorHandler(2, 'Undefined array key "hari"', 'APPPATH\\Views\\admin\\updateKafe.php', 138)
 2 SYSTEMPATH\View\View.php(213): include('APPPATH\\Views\\admin\\updateKafe.php')
 3 SYSTEMPATH\View\View.php(216): CodeIgniter\View\View->CodeIgniter\View\{closure}()
 4 SYSTEMPATH\Common.php(1134): CodeIgniter\View\View->render('admin/updateKafe', [], true)
 5 APPPATH\Controllers\Admin.php(338): view('admin/updateKafe', [...])
 6 SYSTEMPATH\CodeIgniter.php(927): App\Controllers\Admin->editKafe('182')
 7 SYSTEMPATH\CodeIgniter.php(482): CodeIgniter\CodeIgniter->runController(Object(App\Controllers\Admin))
 8 SYSTEMPATH\CodeIgniter.php(351): CodeIgniter\CodeIgniter->handleRequest(null, Object(Config\Cache), false)
 9 FCPATH\index.php(67): CodeIgniter\CodeIgniter->run()
10 SYSTEMPATH\Commands\Server\rewrite.php(46): require_once('FCPATH\\index.php')
CRITICAL - 2023-04-30 13:44:56 --> Undefined property: stdClass::$business_hours
in APPPATH\Views\admin\updateKafe.php on line 135.
 1 APPPATH\Views\admin\updateKafe.php(135): CodeIgniter\Debug\Exceptions->errorHandler(2, 'Undefined property: stdClass::$business_hours', 'APPPATH\\Views\\admin\\updateKafe.php', 135)
 2 SYSTEMPATH\View\View.php(213): include('APPPATH\\Views\\admin\\updateKafe.php')
 3 SYSTEMPATH\View\View.php(216): CodeIgniter\View\View->CodeIgniter\View\{closure}()
 4 SYSTEMPATH\Common.php(1134): CodeIgniter\View\View->render('admin/updateKafe', [], true)
 5 APPPATH\Controllers\Admin.php(338): view('admin/updateKafe', [...])
 6 SYSTEMPATH\CodeIgniter.php(927): App\Controllers\Admin->editKafe('182')
 7 SYSTEMPATH\CodeIgniter.php(482): CodeIgniter\CodeIgniter->runController(Object(App\Controllers\Admin))
 8 SYSTEMPATH\CodeIgniter.php(351): CodeIgniter\CodeIgniter->handleRequest(null, Object(Config\Cache), false)
 9 FCPATH\index.php(67): CodeIgniter\CodeIgniter->run()
10 SYSTEMPATH\Commands\Server\rewrite.php(46): require_once('FCPATH\\index.php')
CRITICAL - 2023-04-30 13:45:10 --> Undefined variable $oprasional
in APPPATH\Views\admin\updateKafe.php on line 151.
 1 APPPATH\Views\admin\updateKafe.php(151): CodeIgniter\Debug\Exceptions->errorHandler(2, 'Undefined variable $oprasional', 'APPPATH\\Views\\admin\\updateKafe.php', 151)
 2 SYSTEMPATH\View\View.php(213): include('APPPATH\\Views\\admin\\updateKafe.php')
 3 SYSTEMPATH\View\View.php(216): CodeIgniter\View\View->CodeIgniter\View\{closure}()
 4 SYSTEMPATH\Common.php(1134): CodeIgniter\View\View->render('admin/updateKafe', [], true)
 5 APPPATH\Controllers\Admin.php(338): view('admin/updateKafe', [...])
 6 SYSTEMPATH\CodeIgniter.php(927): App\Controllers\Admin->editKafe('182')
 7 SYSTEMPATH\CodeIgniter.php(482): CodeIgniter\CodeIgniter->runController(Object(App\Controllers\Admin))
 8 SYSTEMPATH\CodeIgniter.php(351): CodeIgniter\CodeIgniter->handleRequest(null, Object(Config\Cache), false)
 9 FCPATH\index.php(67): CodeIgniter\CodeIgniter->run()
10 SYSTEMPATH\Commands\Server\rewrite.php(46): require_once('FCPATH\\index.php')
CRITICAL - 2023-04-30 13:45:59 --> Array to string conversion
in APPPATH\Views\admin\updateKafe.php on line 136.
 1 APPPATH\Views\admin\updateKafe.php(136): CodeIgniter\Debug\Exceptions->errorHandler(2, 'Array to string conversion', 'APPPATH\\Views\\admin\\updateKafe.php', 136)
 2 SYSTEMPATH\View\View.php(213): include('APPPATH\\Views\\admin\\updateKafe.php')
 3 SYSTEMPATH\View\View.php(216): CodeIgniter\View\View->CodeIgniter\View\{closure}()
 4 SYSTEMPATH\Common.php(1134): CodeIgniter\View\View->render('admin/updateKafe', [], true)
 5 APPPATH\Controllers\Admin.php(338): view('admin/updateKafe', [...])
 6 SYSTEMPATH\CodeIgniter.php(927): App\Controllers\Admin->editKafe('182')
 7 SYSTEMPATH\CodeIgniter.php(482): CodeIgniter\CodeIgniter->runController(Object(App\Controllers\Admin))
 8 SYSTEMPATH\CodeIgniter.php(351): CodeIgniter\CodeIgniter->handleRequest(null, Object(Config\Cache), false)
 9 FCPATH\index.php(67): CodeIgniter\CodeIgniter->run()
10 SYSTEMPATH\Commands\Server\rewrite.php(46): require_once('FCPATH\\index.php')
CRITICAL - 2023-04-30 13:46:21 --> Undefined array key "Senin"
in APPPATH\Views\admin\updateKafe.php on line 152.
 1 APPPATH\Views\admin\updateKafe.php(152): CodeIgniter\Debug\Exceptions->errorHandler(2, 'Undefined array key "Senin"', 'APPPATH\\Views\\admin\\updateKafe.php', 152)
 2 SYSTEMPATH\View\View.php(213): include('APPPATH\\Views\\admin\\updateKafe.php')
 3 SYSTEMPATH\View\View.php(216): CodeIgniter\View\View->CodeIgniter\View\{closure}()
 4 SYSTEMPATH\Common.php(1134): CodeIgniter\View\View->render('admin/updateKafe', [], true)
 5 APPPATH\Controllers\Admin.php(338): view('admin/updateKafe', [...])
 6 SYSTEMPATH\CodeIgniter.php(927): App\Controllers\Admin->editKafe('182')
 7 SYSTEMPATH\CodeIgniter.php(482): CodeIgniter\CodeIgniter->runController(Object(App\Controllers\Admin))
 8 SYSTEMPATH\CodeIgniter.php(351): CodeIgniter\CodeIgniter->handleRequest(null, Object(Config\Cache), false)
 9 FCPATH\index.php(67): CodeIgniter\CodeIgniter->run()
10 SYSTEMPATH\Commands\Server\rewrite.php(46): require_once('FCPATH\\index.php')
CRITICAL - 2023-04-30 13:46:53 --> Undefined array key "Senin"
in APPPATH\Views\admin\updateKafe.php on line 156.
 1 APPPATH\Views\admin\updateKafe.php(156): CodeIgniter\Debug\Exceptions->errorHandler(2, 'Undefined array key "Senin"', 'APPPATH\\Views\\admin\\updateKafe.php', 156)
 2 SYSTEMPATH\View\View.php(213): include('APPPATH\\Views\\admin\\updateKafe.php')
 3 SYSTEMPATH\View\View.php(216): CodeIgniter\View\View->CodeIgniter\View\{closure}()
 4 SYSTEMPATH\Common.php(1134): CodeIgniter\View\View->render('admin/updateKafe', [], true)
 5 APPPATH\Controllers\Admin.php(338): view('admin/updateKafe', [...])
 6 SYSTEMPATH\CodeIgniter.php(927): App\Controllers\Admin->editKafe('182')
 7 SYSTEMPATH\CodeIgniter.php(482): CodeIgniter\CodeIgniter->runController(Object(App\Controllers\Admin))
 8 SYSTEMPATH\CodeIgniter.php(351): CodeIgniter\CodeIgniter->handleRequest(null, Object(Config\Cache), false)
 9 FCPATH\index.php(67): CodeIgniter\CodeIgniter->run()
10 SYSTEMPATH\Commands\Server\rewrite.php(46): require_once('FCPATH\\index.php')
CRITICAL - 2023-04-30 13:47:23 --> Array to string conversion
in APPPATH\Views\admin\updateKafe.php on line 156.
 1 APPPATH\Views\admin\updateKafe.php(156): CodeIgniter\Debug\Exceptions->errorHandler(2, 'Array to string conversion', 'APPPATH\\Views\\admin\\updateKafe.php', 156)
 2 SYSTEMPATH\View\View.php(213): include('APPPATH\\Views\\admin\\updateKafe.php')
 3 SYSTEMPATH\View\View.php(216): CodeIgniter\View\View->CodeIgniter\View\{closure}()
 4 SYSTEMPATH\Common.php(1134): CodeIgniter\View\View->render('admin/updateKafe', [], true)
 5 APPPATH\Controllers\Admin.php(338): view('admin/updateKafe', [...])
 6 SYSTEMPATH\CodeIgniter.php(927): App\Controllers\Admin->editKafe('182')
 7 SYSTEMPATH\CodeIgniter.php(482): CodeIgniter\CodeIgniter->runController(Object(App\Controllers\Admin))
 8 SYSTEMPATH\CodeIgniter.php(351): CodeIgniter\CodeIgniter->handleRequest(null, Object(Config\Cache), false)
 9 FCPATH\index.php(67): CodeIgniter\CodeIgniter->run()
10 SYSTEMPATH\Commands\Server\rewrite.php(46): require_once('FCPATH\\index.php')
CRITICAL - 2023-04-30 13:47:30 --> Undefined array key "Selasa"
in APPPATH\Views\admin\updateKafe.php on line 173.
 1 APPPATH\Views\admin\updateKafe.php(173): CodeIgniter\Debug\Exceptions->errorHandler(2, 'Undefined array key "Selasa"', 'APPPATH\\Views\\admin\\updateKafe.php', 173)
 2 SYSTEMPATH\View\View.php(213): include('APPPATH\\Views\\admin\\updateKafe.php')
 3 SYSTEMPATH\View\View.php(216): CodeIgniter\View\View->CodeIgniter\View\{closure}()
 4 SYSTEMPATH\Common.php(1134): CodeIgniter\View\View->render('admin/updateKafe', [], true)
 5 APPPATH\Controllers\Admin.php(338): view('admin/updateKafe', [...])
 6 SYSTEMPATH\CodeIgniter.php(927): App\Controllers\Admin->editKafe('182')
 7 SYSTEMPATH\CodeIgniter.php(482): CodeIgniter\CodeIgniter->runController(Object(App\Controllers\Admin))
 8 SYSTEMPATH\CodeIgniter.php(351): CodeIgniter\CodeIgniter->handleRequest(null, Object(Config\Cache), false)
 9 FCPATH\index.php(67): CodeIgniter\CodeIgniter->run()
10 SYSTEMPATH\Commands\Server\rewrite.php(46): require_once('FCPATH\\index.php')
