CRITICAL - 2023-05-01 12:06:50 --> Attempt to read property "user_image" on null
in APPPATH\Views\_Layout/_template/_admin/header.php on line 11.
 1 APPPATH\Views\_Layout/_template/_admin/header.php(11): CodeIgniter\Debug\Exceptions->errorHandler(2, 'Attempt to read property "user_image" on null', 'APPPATH\\Views\\_Layout\\_template\\_admin\\header.php', 11)
 2 SYSTEMPATH\View\View.php(213): include('APPPATH\\Views\\_Layout\\_template\\_admin\\header.php')
 3 SYSTEMPATH\View\View.php(216): CodeIgniter\View\View->CodeIgniter\View\{closure}()
 4 SYSTEMPATH\View\View.php(431): CodeIgniter\View\View->render('_Layout\\_template\\_admin\\header', null, true)
 5 APPPATH\Views\page\tes.php(25): CodeIgniter\View\View->include('_Layout\\_template\\_admin\\header')
 6 SYSTEMPATH\View\View.php(213): include('APPPATH\\Views\\page\\tes.php')
 7 SYSTEMPATH\View\View.php(216): CodeIgniter\View\View->CodeIgniter\View\{closure}()
 8 SYSTEMPATH\Common.php(1134): CodeIgniter\View\View->render('page/tes', [], true)
 9 APPPATH\Controllers\Admin.php(88): view('page/tes', [...])
10 SYSTEMPATH\CodeIgniter.php(927): App\Controllers\Admin->tes()
11 SYSTEMPATH\CodeIgniter.php(482): CodeIgniter\CodeIgniter->runController(Object(App\Controllers\Admin))
12 SYSTEMPATH\CodeIgniter.php(351): CodeIgniter\CodeIgniter->handleRequest(null, Object(Config\Cache), false)
13 FCPATH\index.php(67): CodeIgniter\CodeIgniter->run()
14 SYSTEMPATH\Commands\Server\rewrite.php(46): require_once('FCPATH\\index.php')
CRITICAL - 2023-05-01 12:21:11 --> Undefined variable $tampilKafe
in APPPATH\Views\admin\geojsonData.php on line 245.
 1 APPPATH\Views\admin\geojsonData.php(245): CodeIgniter\Debug\Exceptions->errorHandler(2, 'Undefined variable $tampilKafe', 'APPPATH\\Views\\admin\\geojsonData.php', 245)
 2 SYSTEMPATH\View\View.php(213): include('APPPATH\\Views\\admin\\geojsonData.php')
 3 SYSTEMPATH\View\View.php(216): CodeIgniter\View\View->CodeIgniter\View\{closure}()
 4 SYSTEMPATH\Common.php(1134): CodeIgniter\View\View->render('admin/geojsonData', [], true)
 5 APPPATH\Controllers\Admin.php(164): view('admin/geojsonData', [...])
 6 SYSTEMPATH\CodeIgniter.php(927): App\Controllers\Admin->geojson()
 7 SYSTEMPATH\CodeIgniter.php(482): CodeIgniter\CodeIgniter->runController(Object(App\Controllers\Admin))
 8 SYSTEMPATH\CodeIgniter.php(351): CodeIgniter\CodeIgniter->handleRequest(null, Object(Config\Cache), false)
 9 FCPATH\index.php(67): CodeIgniter\CodeIgniter->run()
10 SYSTEMPATH\Commands\Server\rewrite.php(46): require_once('FCPATH\\index.php')
CRITICAL - 2023-05-01 12:27:33 --> View themes, no current section.
in SYSTEMPATH\View\View.php on line 394.
 1 APPPATH\Views\admin\tambahGeojson.php(93): CodeIgniter\View\View->endSection()
 2 SYSTEMPATH\View\View.php(213): include('APPPATH\\Views\\admin\\tambahGeojson.php')
 3 SYSTEMPATH\View\View.php(216): CodeIgniter\View\View->CodeIgniter\View\{closure}()
 4 SYSTEMPATH\Common.php(1134): CodeIgniter\View\View->render('admin/tambahGeojson', [], true)
 5 APPPATH\Controllers\Admin.php(183): view('admin/tambahGeojson', [...])
 6 SYSTEMPATH\CodeIgniter.php(927): App\Controllers\Admin->tambahGeojson()
 7 SYSTEMPATH\CodeIgniter.php(482): CodeIgniter\CodeIgniter->runController(Object(App\Controllers\Admin))
 8 SYSTEMPATH\CodeIgniter.php(351): CodeIgniter\CodeIgniter->handleRequest(null, Object(Config\Cache), false)
 9 FCPATH\index.php(67): CodeIgniter\CodeIgniter->run()
10 SYSTEMPATH\Commands\Server\rewrite.php(46): require_once('FCPATH\\index.php')
CRITICAL - 2023-05-01 12:28:22 --> View themes, no current section.
in SYSTEMPATH\View\View.php on line 394.
 1 APPPATH\Views\admin\tambahGeojson.php(122): CodeIgniter\View\View->endSection()
 2 SYSTEMPATH\View\View.php(213): include('APPPATH\\Views\\admin\\tambahGeojson.php')
 3 SYSTEMPATH\View\View.php(216): CodeIgniter\View\View->CodeIgniter\View\{closure}()
 4 SYSTEMPATH\Common.php(1134): CodeIgniter\View\View->render('admin/tambahGeojson', [], true)
 5 APPPATH\Controllers\Admin.php(183): view('admin/tambahGeojson', [...])
 6 SYSTEMPATH\CodeIgniter.php(927): App\Controllers\Admin->tambahGeojson()
 7 SYSTEMPATH\CodeIgniter.php(482): CodeIgniter\CodeIgniter->runController(Object(App\Controllers\Admin))
 8 SYSTEMPATH\CodeIgniter.php(351): CodeIgniter\CodeIgniter->handleRequest(null, Object(Config\Cache), false)
 9 FCPATH\index.php(67): CodeIgniter\CodeIgniter->run()
10 SYSTEMPATH\Commands\Server\rewrite.php(46): require_once('FCPATH\\index.php')
CRITICAL - 2023-05-01 12:29:03 --> Undefined variable $tampilData
in APPPATH\Views\admin\tambahGeojson.php on line 182.
 1 APPPATH\Views\admin\tambahGeojson.php(182): CodeIgniter\Debug\Exceptions->errorHandler(2, 'Undefined variable $tampilData', 'APPPATH\\Views\\admin\\tambahGeojson.php', 182)
 2 SYSTEMPATH\View\View.php(213): include('APPPATH\\Views\\admin\\tambahGeojson.php')
 3 SYSTEMPATH\View\View.php(216): CodeIgniter\View\View->CodeIgniter\View\{closure}()
 4 SYSTEMPATH\Common.php(1134): CodeIgniter\View\View->render('admin/tambahGeojson', [], true)
 5 APPPATH\Controllers\Admin.php(183): view('admin/tambahGeojson', [...])
 6 SYSTEMPATH\CodeIgniter.php(927): App\Controllers\Admin->tambahGeojson()
 7 SYSTEMPATH\CodeIgniter.php(482): CodeIgniter\CodeIgniter->runController(Object(App\Controllers\Admin))
 8 SYSTEMPATH\CodeIgniter.php(351): CodeIgniter\CodeIgniter->handleRequest(null, Object(Config\Cache), false)
 9 FCPATH\index.php(67): CodeIgniter\CodeIgniter->run()
10 SYSTEMPATH\Commands\Server\rewrite.php(46): require_once('FCPATH\\index.php')
CRITICAL - 2023-05-01 12:31:11 --> Undefined variable $tampilData
in APPPATH\Views\admin\tambahGeojson.php on line 183.
 1 APPPATH\Views\admin\tambahGeojson.php(183): CodeIgniter\Debug\Exceptions->errorHandler(2, 'Undefined variable $tampilData', 'APPPATH\\Views\\admin\\tambahGeojson.php', 183)
 2 SYSTEMPATH\View\View.php(213): include('APPPATH\\Views\\admin\\tambahGeojson.php')
 3 SYSTEMPATH\View\View.php(216): CodeIgniter\View\View->CodeIgniter\View\{closure}()
 4 SYSTEMPATH\Common.php(1134): CodeIgniter\View\View->render('admin/tambahGeojson', [], true)
 5 APPPATH\Controllers\Admin.php(183): view('admin/tambahGeojson', [...])
 6 SYSTEMPATH\CodeIgniter.php(927): App\Controllers\Admin->tambahGeojson()
 7 SYSTEMPATH\CodeIgniter.php(482): CodeIgniter\CodeIgniter->runController(Object(App\Controllers\Admin))
 8 SYSTEMPATH\CodeIgniter.php(351): CodeIgniter\CodeIgniter->handleRequest(null, Object(Config\Cache), false)
 9 FCPATH\index.php(67): CodeIgniter\CodeIgniter->run()
10 SYSTEMPATH\Commands\Server\rewrite.php(46): require_once('FCPATH\\index.php')
CRITICAL - 2023-05-01 12:32:14 --> Undefined variable $tampilData
in APPPATH\Views\admin\tambahGeojson.php on line 183.
 1 APPPATH\Views\admin\tambahGeojson.php(183): CodeIgniter\Debug\Exceptions->errorHandler(2, 'Undefined variable $tampilData', 'APPPATH\\Views\\admin\\tambahGeojson.php', 183)
 2 SYSTEMPATH\View\View.php(213): include('APPPATH\\Views\\admin\\tambahGeojson.php')
 3 SYSTEMPATH\View\View.php(216): CodeIgniter\View\View->CodeIgniter\View\{closure}()
 4 SYSTEMPATH\Common.php(1134): CodeIgniter\View\View->render('admin/tambahGeojson', [], true)
 5 APPPATH\Controllers\Admin.php(183): view('admin/tambahGeojson', [...])
 6 SYSTEMPATH\CodeIgniter.php(927): App\Controllers\Admin->tambahGeojson()
 7 SYSTEMPATH\CodeIgniter.php(482): CodeIgniter\CodeIgniter->runController(Object(App\Controllers\Admin))
 8 SYSTEMPATH\CodeIgniter.php(351): CodeIgniter\CodeIgniter->handleRequest(null, Object(Config\Cache), false)
 9 FCPATH\index.php(67): CodeIgniter\CodeIgniter->run()
10 SYSTEMPATH\Commands\Server\rewrite.php(46): require_once('FCPATH\\index.php')
CRITICAL - 2023-05-01 14:54:00 --> Invalid file: _Layout/_template/_admin/templateAdmin.php
in SYSTEMPATH\Exceptions\FrameworkException.php on line 33.
 1 SYSTEMPATH\View\View.php(201): CodeIgniter\Exceptions\FrameworkException::forInvalidFile('_Layout/_template/_admin/templateAdmin.php')
 2 SYSTEMPATH\View\View.php(229): CodeIgniter\View\View->render('_Layout/_template/_admin/templateAdmin', [], true)
 3 SYSTEMPATH\Common.php(1134): CodeIgniter\View\View->render('admin/tempp', [], true)
 4 APPPATH\Controllers\Admin.php(114): view('admin/tempp', [...])
 5 SYSTEMPATH\CodeIgniter.php(927): App\Controllers\Admin->temp()
 6 SYSTEMPATH\CodeIgniter.php(482): CodeIgniter\CodeIgniter->runController(Object(App\Controllers\Admin))
 7 SYSTEMPATH\CodeIgniter.php(351): CodeIgniter\CodeIgniter->handleRequest(null, Object(Config\Cache), false)
 8 FCPATH\index.php(67): CodeIgniter\CodeIgniter->run()
 9 SYSTEMPATH\Commands\Server\rewrite.php(46): require_once('FCPATH\\index.php')
