CRITICAL - 2022-12-25 01:10:10 --> Undefined array key "day"
in APPPATH\Controllers\View.php on line 64.
 1 APPPATH\Controllers\View.php(64): CodeIgniter\Debug\Exceptions->errorHandler(2, 'Undefined array key "day"', 'APPPATH\\Controllers\\View.php', 64)
 2 SYSTEMPATH\CodeIgniter.php(927): App\Controllers\View->dump()
 3 SYSTEMPATH\CodeIgniter.php(482): CodeIgniter\CodeIgniter->runController(Object(App\Controllers\View))
 4 SYSTEMPATH\CodeIgniter.php(351): CodeIgniter\CodeIgniter->handleRequest(null, Object(Config\Cache), false)
 5 FCPATH\index.php(67): CodeIgniter\CodeIgniter->run()
 6 SYSTEMPATH\Commands\Server\rewrite.php(46): require_once('FCPATH\\index.php')
CRITICAL - 2022-12-25 01:29:43 --> [] operator not supported for strings
in APPPATH\Controllers\View.php on line 76.
 1 SYSTEMPATH\CodeIgniter.php(927): App\Controllers\View->dump()
 2 SYSTEMPATH\CodeIgniter.php(482): CodeIgniter\CodeIgniter->runController(Object(App\Controllers\View))
 3 SYSTEMPATH\CodeIgniter.php(351): CodeIgniter\CodeIgniter->handleRequest(null, Object(Config\Cache), false)
 4 FCPATH\index.php(67): CodeIgniter\CodeIgniter->run()
 5 SYSTEMPATH\Commands\Server\rewrite.php(46): require_once('FCPATH\\index.php')
CRITICAL - 2022-12-25 01:30:16 --> [] operator not supported for strings
in APPPATH\Controllers\View.php on line 76.
 1 SYSTEMPATH\CodeIgniter.php(927): App\Controllers\View->dump()
 2 SYSTEMPATH\CodeIgniter.php(482): CodeIgniter\CodeIgniter->runController(Object(App\Controllers\View))
 3 SYSTEMPATH\CodeIgniter.php(351): CodeIgniter\CodeIgniter->handleRequest(null, Object(Config\Cache), false)
 4 FCPATH\index.php(67): CodeIgniter\CodeIgniter->run()
 5 SYSTEMPATH\Commands\Server\rewrite.php(46): require_once('FCPATH\\index.php')
CRITICAL - 2022-12-25 01:30:26 --> Cannot use [] for reading
in APPPATH\Controllers\View.php on line 76.
 1 [internal function]: CodeIgniter\Debug\Exceptions->shutdownHandler()
CRITICAL - 2022-12-25 01:30:46 --> Uninitialized string offset 0
in APPPATH\Controllers\View.php on line 76.
 1 APPPATH\Controllers\View.php(76): CodeIgniter\Debug\Exceptions->errorHandler(2, 'Uninitialized string offset 0', 'APPPATH\\Controllers\\View.php', 76)
 2 SYSTEMPATH\CodeIgniter.php(927): App\Controllers\View->dump()
 3 SYSTEMPATH\CodeIgniter.php(482): CodeIgniter\CodeIgniter->runController(Object(App\Controllers\View))
 4 SYSTEMPATH\CodeIgniter.php(351): CodeIgniter\CodeIgniter->handleRequest(null, Object(Config\Cache), false)
 5 FCPATH\index.php(67): CodeIgniter\CodeIgniter->run()
 6 SYSTEMPATH\Commands\Server\rewrite.php(46): require_once('FCPATH\\index.php')
CRITICAL - 2022-12-25 01:31:00 --> Uninitialized string offset 0
in APPPATH\Controllers\View.php on line 76.
 1 APPPATH\Controllers\View.php(76): CodeIgniter\Debug\Exceptions->errorHandler(2, 'Uninitialized string offset 0', 'APPPATH\\Controllers\\View.php', 76)
 2 SYSTEMPATH\CodeIgniter.php(927): App\Controllers\View->dump()
 3 SYSTEMPATH\CodeIgniter.php(482): CodeIgniter\CodeIgniter->runController(Object(App\Controllers\View))
 4 SYSTEMPATH\CodeIgniter.php(351): CodeIgniter\CodeIgniter->handleRequest(null, Object(Config\Cache), false)
 5 FCPATH\index.php(67): CodeIgniter\CodeIgniter->run()
 6 SYSTEMPATH\Commands\Server\rewrite.php(46): require_once('FCPATH\\index.php')
CRITICAL - 2022-12-25 01:32:44 --> Undefined variable $days_array
in APPPATH\Controllers\View.php on line 81.
 1 APPPATH\Controllers\View.php(81): CodeIgniter\Debug\Exceptions->errorHandler(2, 'Undefined variable $days_array', 'APPPATH\\Controllers\\View.php', 81)
 2 SYSTEMPATH\CodeIgniter.php(927): App\Controllers\View->dump()
 3 SYSTEMPATH\CodeIgniter.php(482): CodeIgniter\CodeIgniter->runController(Object(App\Controllers\View))
 4 SYSTEMPATH\CodeIgniter.php(351): CodeIgniter\CodeIgniter->handleRequest(null, Object(Config\Cache), false)
 5 FCPATH\index.php(67): CodeIgniter\CodeIgniter->run()
 6 SYSTEMPATH\Commands\Server\rewrite.php(46): require_once('FCPATH\\index.php')
CRITICAL - 2022-12-25 01:33:00 --> Cannot use [] for reading
in APPPATH\Controllers\View.php on line 81.
 1 SYSTEMPATH\CodeIgniter.php(927): App\Controllers\View->dump()
 2 SYSTEMPATH\CodeIgniter.php(482): CodeIgniter\CodeIgniter->runController(Object(App\Controllers\View))
 3 SYSTEMPATH\CodeIgniter.php(351): CodeIgniter\CodeIgniter->handleRequest(null, Object(Config\Cache), false)
 4 FCPATH\index.php(67): CodeIgniter\CodeIgniter->run()
 5 SYSTEMPATH\Commands\Server\rewrite.php(46): require_once('FCPATH\\index.php')
CRITICAL - 2022-12-25 01:35:52 --> Undefined variable $open_times_array
in APPPATH\Controllers\View.php on line 81.
 1 APPPATH\Controllers\View.php(81): CodeIgniter\Debug\Exceptions->errorHandler(2, 'Undefined variable $open_times_array', 'APPPATH\\Controllers\\View.php', 81)
 2 SYSTEMPATH\CodeIgniter.php(927): App\Controllers\View->dump()
 3 SYSTEMPATH\CodeIgniter.php(482): CodeIgniter\CodeIgniter->runController(Object(App\Controllers\View))
 4 SYSTEMPATH\CodeIgniter.php(351): CodeIgniter\CodeIgniter->handleRequest(null, Object(Config\Cache), false)
 5 FCPATH\index.php(67): CodeIgniter\CodeIgniter->run()
 6 SYSTEMPATH\Commands\Server\rewrite.php(46): require_once('FCPATH\\index.php')
CRITICAL - 2022-12-25 01:38:42 --> Undefined variable $dayo
in APPPATH\Controllers\View.php on line 81.
 1 APPPATH\Controllers\View.php(81): CodeIgniter\Debug\Exceptions->errorHandler(2, 'Undefined variable $dayo', 'APPPATH\\Controllers\\View.php', 81)
 2 SYSTEMPATH\CodeIgniter.php(927): App\Controllers\View->dump()
 3 SYSTEMPATH\CodeIgniter.php(482): CodeIgniter\CodeIgniter->runController(Object(App\Controllers\View))
 4 SYSTEMPATH\CodeIgniter.php(351): CodeIgniter\CodeIgniter->handleRequest(null, Object(Config\Cache), false)
 5 FCPATH\index.php(67): CodeIgniter\CodeIgniter->run()
 6 SYSTEMPATH\Commands\Server\rewrite.php(46): require_once('FCPATH\\index.php')
CRITICAL - 2022-12-25 01:38:59 --> Undefined variable $dayo
in APPPATH\Controllers\View.php on line 81.
 1 APPPATH\Controllers\View.php(81): CodeIgniter\Debug\Exceptions->errorHandler(2, 'Undefined variable $dayo', 'APPPATH\\Controllers\\View.php', 81)
 2 SYSTEMPATH\CodeIgniter.php(927): App\Controllers\View->dump()
 3 SYSTEMPATH\CodeIgniter.php(482): CodeIgniter\CodeIgniter->runController(Object(App\Controllers\View))
 4 SYSTEMPATH\CodeIgniter.php(351): CodeIgniter\CodeIgniter->handleRequest(null, Object(Config\Cache), false)
 5 FCPATH\index.php(67): CodeIgniter\CodeIgniter->run()
 6 SYSTEMPATH\Commands\Server\rewrite.php(46): require_once('FCPATH\\index.php')
CRITICAL - 2022-12-25 01:39:55 --> Undefined variable $dayo
in APPPATH\Controllers\View.php on line 81.
 1 APPPATH\Controllers\View.php(81): CodeIgniter\Debug\Exceptions->errorHandler(2, 'Undefined variable $dayo', 'APPPATH\\Controllers\\View.php', 81)
 2 SYSTEMPATH\CodeIgniter.php(927): App\Controllers\View->dump()
 3 SYSTEMPATH\CodeIgniter.php(482): CodeIgniter\CodeIgniter->runController(Object(App\Controllers\View))
 4 SYSTEMPATH\CodeIgniter.php(351): CodeIgniter\CodeIgniter->handleRequest(null, Object(Config\Cache), false)
 5 FCPATH\index.php(67): CodeIgniter\CodeIgniter->run()
 6 SYSTEMPATH\Commands\Server\rewrite.php(46): require_once('FCPATH\\index.php')
CRITICAL - 2022-12-25 01:40:42 --> Undefined variable $dayo
in APPPATH\Controllers\View.php on line 82.
 1 APPPATH\Controllers\View.php(82): CodeIgniter\Debug\Exceptions->errorHandler(2, 'Undefined variable $dayo', 'APPPATH\\Controllers\\View.php', 82)
 2 SYSTEMPATH\CodeIgniter.php(927): App\Controllers\View->dump()
 3 SYSTEMPATH\CodeIgniter.php(482): CodeIgniter\CodeIgniter->runController(Object(App\Controllers\View))
 4 SYSTEMPATH\CodeIgniter.php(351): CodeIgniter\CodeIgniter->handleRequest(null, Object(Config\Cache), false)
 5 FCPATH\index.php(67): CodeIgniter\CodeIgniter->run()
 6 SYSTEMPATH\Commands\Server\rewrite.php(46): require_once('FCPATH\\index.php')
CRITICAL - 2022-12-25 01:41:09 --> Undefined variable $dayo
in APPPATH\Controllers\View.php on line 81.
 1 APPPATH\Controllers\View.php(81): CodeIgniter\Debug\Exceptions->errorHandler(2, 'Undefined variable $dayo', 'APPPATH\\Controllers\\View.php', 81)
 2 SYSTEMPATH\CodeIgniter.php(927): App\Controllers\View->dump()
 3 SYSTEMPATH\CodeIgniter.php(482): CodeIgniter\CodeIgniter->runController(Object(App\Controllers\View))
 4 SYSTEMPATH\CodeIgniter.php(351): CodeIgniter\CodeIgniter->handleRequest(null, Object(Config\Cache), false)
 5 FCPATH\index.php(67): CodeIgniter\CodeIgniter->run()
 6 SYSTEMPATH\Commands\Server\rewrite.php(46): require_once('FCPATH\\index.php')
CRITICAL - 2022-12-25 01:42:13 --> Unclosed '{' on line 13
in APPPATH\Controllers\View.php on line 87.
 1 SYSTEMPATH\Router\Router.php(499): CodeIgniter\Router\AutoRouter->getRoute('view/dump')
 2 SYSTEMPATH\Router\Router.php(205): CodeIgniter\Router\Router->autoRoute('view/dump')
 3 SYSTEMPATH\CodeIgniter.php(802): CodeIgniter\Router\Router->handle('view/dump')
 4 SYSTEMPATH\CodeIgniter.php(430): CodeIgniter\CodeIgniter->tryToRouteIt(Object(CodeIgniter\Router\RouteCollection))
 5 SYSTEMPATH\CodeIgniter.php(351): CodeIgniter\CodeIgniter->handleRequest(null, Object(Config\Cache), false)
 6 FCPATH\index.php(67): CodeIgniter\CodeIgniter->run()
 7 SYSTEMPATH\Commands\Server\rewrite.php(46): require_once('FCPATH\\index.php')
CRITICAL - 2022-12-25 01:42:56 --> Uninitialized string offset 5
in APPPATH\Controllers\View.php on line 80.
 1 APPPATH\Controllers\View.php(80): CodeIgniter\Debug\Exceptions->errorHandler(2, 'Uninitialized string offset 5', 'APPPATH\\Controllers\\View.php', 80)
 2 SYSTEMPATH\CodeIgniter.php(927): App\Controllers\View->dump()
 3 SYSTEMPATH\CodeIgniter.php(482): CodeIgniter\CodeIgniter->runController(Object(App\Controllers\View))
 4 SYSTEMPATH\CodeIgniter.php(351): CodeIgniter\CodeIgniter->handleRequest(null, Object(Config\Cache), false)
 5 FCPATH\index.php(67): CodeIgniter\CodeIgniter->run()
 6 SYSTEMPATH\Commands\Server\rewrite.php(46): require_once('FCPATH\\index.php')
CRITICAL - 2022-12-25 01:44:02 --> Undefined variable $dayo
in APPPATH\Controllers\View.php on line 79.
 1 APPPATH\Controllers\View.php(79): CodeIgniter\Debug\Exceptions->errorHandler(2, 'Undefined variable $dayo', 'APPPATH\\Controllers\\View.php', 79)
 2 SYSTEMPATH\CodeIgniter.php(927): App\Controllers\View->dump()
 3 SYSTEMPATH\CodeIgniter.php(482): CodeIgniter\CodeIgniter->runController(Object(App\Controllers\View))
 4 SYSTEMPATH\CodeIgniter.php(351): CodeIgniter\CodeIgniter->handleRequest(null, Object(Config\Cache), false)
 5 FCPATH\index.php(67): CodeIgniter\CodeIgniter->run()
 6 SYSTEMPATH\Commands\Server\rewrite.php(46): require_once('FCPATH\\index.php')
CRITICAL - 2022-12-25 07:04:55 --> foreach() argument must be of type array|object, null given
in APPPATH\Controllers\View.php on line 64.
 1 APPPATH\Controllers\View.php(64): CodeIgniter\Debug\Exceptions->errorHandler(2, 'foreach() argument must be of type array|object, null given', 'APPPATH\\Controllers\\View.php', 64)
 2 SYSTEMPATH\CodeIgniter.php(927): App\Controllers\View->dump()
 3 SYSTEMPATH\CodeIgniter.php(482): CodeIgniter\CodeIgniter->runController(Object(App\Controllers\View))
 4 SYSTEMPATH\CodeIgniter.php(351): CodeIgniter\CodeIgniter->handleRequest(null, Object(Config\Cache), false)
 5 FCPATH\index.php(67): CodeIgniter\CodeIgniter->run()
 6 SYSTEMPATH\Commands\Server\rewrite.php(46): require_once('FCPATH\\index.php')
ERROR - 2022-12-25 08:08:57 --> mysqli_sql_exception: Operand should contain 1 column(s) in F:\WEB\XAMPP\htdocs\WebGis_kv\vendor\codeigniter4\framework\system\Database\MySQLi\Connection.php:292
Stack trace:
#0 F:\WEB\XAMPP\htdocs\WebGis_kv\vendor\codeigniter4\framework\system\Database\MySQLi\Connection.php(292): mysqli->query('INSERT INTO `tb...', 0)
#1 F:\WEB\XAMPP\htdocs\WebGis_kv\vendor\codeigniter4\framework\system\Database\BaseConnection.php(666): CodeIgniter\Database\MySQLi\Connection->execute('INSERT INTO `tb...')
#2 F:\WEB\XAMPP\htdocs\WebGis_kv\vendor\codeigniter4\framework\system\Database\BaseConnection.php(593): CodeIgniter\Database\BaseConnection->simpleQuery('INSERT INTO `tb...')
#3 F:\WEB\XAMPP\htdocs\WebGis_kv\vendor\codeigniter4\framework\system\Database\BaseBuilder.php(1916): CodeIgniter\Database\BaseConnection->query('INSERT INTO `tb...', Array, false)
#4 F:\WEB\XAMPP\htdocs\WebGis_kv\app\Models\ModelKv.php(82): CodeIgniter\Database\BaseBuilder->insert(Array)
#5 F:\WEB\XAMPP\htdocs\WebGis_kv\app\Controllers\View.php(87): App\Models\ModelKv->addTime(Array)
#6 F:\WEB\XAMPP\htdocs\WebGis_kv\vendor\codeigniter4\framework\system\CodeIgniter.php(927): App\Controllers\View->dump()
#7 F:\WEB\XAMPP\htdocs\WebGis_kv\vendor\codeigniter4\framework\system\CodeIgniter.php(482): CodeIgniter\CodeIgniter->runController(Object(App\Controllers\View))
#8 F:\WEB\XAMPP\htdocs\WebGis_kv\vendor\codeigniter4\framework\system\CodeIgniter.php(351): CodeIgniter\CodeIgniter->handleRequest(NULL, Object(Config\Cache), false)
#9 F:\WEB\XAMPP\htdocs\WebGis_kv\public\index.php(67): CodeIgniter\CodeIgniter->run()
#10 F:\WEB\XAMPP\htdocs\WebGis_kv\vendor\codeigniter4\framework\system\Commands\Server\rewrite.php(46): require_once('F:\\WEB\\XAMPP\\ht...')
#11 {main}
CRITICAL - 2022-12-25 08:08:57 --> Operand should contain 1 column(s)
in SYSTEMPATH\Database\MySQLi\Connection.php on line 292.
 1 SYSTEMPATH\Database\MySQLi\Connection.php(292): mysqli->query('INSERT INTO `tbl_jam_operasional` (`kafe_id`, `hari`, `open_time`, `close_time`) VALUES (\'109\', (\'Senin\',\'Selasa\',\'Rabu\',\'Kamis\',\'Jumat\',\'Sabtu\',\'Minggu\'), (\'05:03\',\'\',\'05:03\',\'05:03\',\'05:03\',\'\',\'\'), (\'05:03\',\'\',\'05:03\',\'05:03\',\'05:03\',\'\',\'\'))', 0)
 2 SYSTEMPATH\Database\BaseConnection.php(666): CodeIgniter\Database\MySQLi\Connection->execute('INSERT INTO `tbl_jam_operasional` (`kafe_id`, `hari`, `open_time`, `close_time`) VALUES (\'109\', (\'Senin\',\'Selasa\',\'Rabu\',\'Kamis\',\'Jumat\',\'Sabtu\',\'Minggu\'), (\'05:03\',\'\',\'05:03\',\'05:03\',\'05:03\',\'\',\'\'), (\'05:03\',\'\',\'05:03\',\'05:03\',\'05:03\',\'\',\'\'))')
 3 SYSTEMPATH\Database\BaseConnection.php(593): CodeIgniter\Database\BaseConnection->simpleQuery('INSERT INTO `tbl_jam_operasional` (`kafe_id`, `hari`, `open_time`, `close_time`) VALUES (\'109\', (\'Senin\',\'Selasa\',\'Rabu\',\'Kamis\',\'Jumat\',\'Sabtu\',\'Minggu\'), (\'05:03\',\'\',\'05:03\',\'05:03\',\'05:03\',\'\',\'\'), (\'05:03\',\'\',\'05:03\',\'05:03\',\'05:03\',\'\',\'\'))')
 4 SYSTEMPATH\Database\BaseBuilder.php(1916): CodeIgniter\Database\BaseConnection->query('INSERT INTO `tbl_jam_operasional` (`kafe_id`, `hari`, `open_time`, `close_time`) VALUES (:kafe_id:, :hari:, :open_time:, :close_time:)', [...], false)
 5 APPPATH\Models\ModelKv.php(82): CodeIgniter\Database\BaseBuilder->insert([...])
 6 APPPATH\Controllers\View.php(87): App\Models\ModelKv->addTime([...])
 7 SYSTEMPATH\CodeIgniter.php(927): App\Controllers\View->dump()
 8 SYSTEMPATH\CodeIgniter.php(482): CodeIgniter\CodeIgniter->runController(Object(App\Controllers\View))
 9 SYSTEMPATH\CodeIgniter.php(351): CodeIgniter\CodeIgniter->handleRequest(null, Object(Config\Cache), false)
10 FCPATH\index.php(67): CodeIgniter\CodeIgniter->run()
11 SYSTEMPATH\Commands\Server\rewrite.php(46): require_once('FCPATH\\index.php')
CRITICAL - 2022-12-25 08:14:32 --> array_keys(): Argument #1 ($array) must be of type array, string given
in SYSTEMPATH\Database\BaseBuilder.php on line 1820.
 1 SYSTEMPATH\Database\BaseBuilder.php(1820): array_keys('109')
 2 SYSTEMPATH\Database\BaseBuilder.php(1770): CodeIgniter\Database\BaseBuilder->setInsertBatch([...], 'ROOTPATH\\public', true)
 3 APPPATH\Models\ModelKv.php(82): CodeIgniter\Database\BaseBuilder->insertBatch([...])
 4 APPPATH\Controllers\View.php(87): App\Models\ModelKv->addTime([...])
 5 SYSTEMPATH\CodeIgniter.php(927): App\Controllers\View->dump()
 6 SYSTEMPATH\CodeIgniter.php(482): CodeIgniter\CodeIgniter->runController(Object(App\Controllers\View))
 7 SYSTEMPATH\CodeIgniter.php(351): CodeIgniter\CodeIgniter->handleRequest(null, Object(Config\Cache), false)
 8 FCPATH\index.php(67): CodeIgniter\CodeIgniter->run()
 9 SYSTEMPATH\Commands\Server\rewrite.php(46): require_once('FCPATH\\index.php')
CRITICAL - 2022-12-25 08:14:48 --> array_keys(): Argument #1 ($array) must be of type array, string given
in SYSTEMPATH\Database\BaseBuilder.php on line 1820.
 1 SYSTEMPATH\Database\BaseBuilder.php(1820): array_keys('109')
 2 SYSTEMPATH\Database\BaseBuilder.php(1770): CodeIgniter\Database\BaseBuilder->setInsertBatch([...], 'ROOTPATH\\public', true)
 3 APPPATH\Models\ModelKv.php(82): CodeIgniter\Database\BaseBuilder->insertBatch([...])
 4 APPPATH\Controllers\View.php(87): App\Models\ModelKv->addTime([...])
 5 SYSTEMPATH\CodeIgniter.php(927): App\Controllers\View->dump()
 6 SYSTEMPATH\CodeIgniter.php(482): CodeIgniter\CodeIgniter->runController(Object(App\Controllers\View))
 7 SYSTEMPATH\CodeIgniter.php(351): CodeIgniter\CodeIgniter->handleRequest(null, Object(Config\Cache), false)
 8 FCPATH\index.php(67): CodeIgniter\CodeIgniter->run()
 9 SYSTEMPATH\Commands\Server\rewrite.php(46): require_once('FCPATH\\index.php')
CRITICAL - 2022-12-25 08:15:22 --> array_keys(): Argument #1 ($array) must be of type array, string given
in SYSTEMPATH\Database\BaseBuilder.php on line 1820.
 1 SYSTEMPATH\Database\BaseBuilder.php(1820): array_keys('109')
 2 SYSTEMPATH\Database\BaseBuilder.php(1770): CodeIgniter\Database\BaseBuilder->setInsertBatch([...], 'ROOTPATH\\public', true)
 3 APPPATH\Models\ModelKv.php(82): CodeIgniter\Database\BaseBuilder->insertBatch([...])
 4 APPPATH\Controllers\View.php(87): App\Models\ModelKv->addTime([...])
 5 SYSTEMPATH\CodeIgniter.php(927): App\Controllers\View->dump()
 6 SYSTEMPATH\CodeIgniter.php(482): CodeIgniter\CodeIgniter->runController(Object(App\Controllers\View))
 7 SYSTEMPATH\CodeIgniter.php(351): CodeIgniter\CodeIgniter->handleRequest(null, Object(Config\Cache), false)
 8 FCPATH\index.php(67): CodeIgniter\CodeIgniter->run()
 9 SYSTEMPATH\Commands\Server\rewrite.php(46): require_once('FCPATH\\index.php')
CRITICAL - 2022-12-25 08:20:23 --> foreach() argument must be of type array|object, string given
in APPPATH\Controllers\View.php on line 79.
 1 APPPATH\Controllers\View.php(79): CodeIgniter\Debug\Exceptions->errorHandler(2, 'foreach() argument must be of type array|object, string given', 'APPPATH\\Controllers\\View.php', 79)
 2 SYSTEMPATH\CodeIgniter.php(927): App\Controllers\View->dump()
 3 SYSTEMPATH\CodeIgniter.php(482): CodeIgniter\CodeIgniter->runController(Object(App\Controllers\View))
 4 SYSTEMPATH\CodeIgniter.php(351): CodeIgniter\CodeIgniter->handleRequest(null, Object(Config\Cache), false)
 5 FCPATH\index.php(67): CodeIgniter\CodeIgniter->run()
 6 SYSTEMPATH\Commands\Server\rewrite.php(46): require_once('FCPATH\\index.php')
CRITICAL - 2022-12-25 08:21:48 --> foreach() argument must be of type array|object, string given
in APPPATH\Controllers\View.php on line 79.
 1 APPPATH\Controllers\View.php(79): CodeIgniter\Debug\Exceptions->errorHandler(2, 'foreach() argument must be of type array|object, string given', 'APPPATH\\Controllers\\View.php', 79)
 2 SYSTEMPATH\CodeIgniter.php(927): App\Controllers\View->dump()
 3 SYSTEMPATH\CodeIgniter.php(482): CodeIgniter\CodeIgniter->runController(Object(App\Controllers\View))
 4 SYSTEMPATH\CodeIgniter.php(351): CodeIgniter\CodeIgniter->handleRequest(null, Object(Config\Cache), false)
 5 FCPATH\index.php(67): CodeIgniter\CodeIgniter->run()
 6 SYSTEMPATH\Commands\Server\rewrite.php(46): require_once('FCPATH\\index.php')
CRITICAL - 2022-12-25 08:22:01 --> foreach() argument must be of type array|object, string given
in APPPATH\Controllers\View.php on line 79.
 1 APPPATH\Controllers\View.php(79): CodeIgniter\Debug\Exceptions->errorHandler(2, 'foreach() argument must be of type array|object, string given', 'APPPATH\\Controllers\\View.php', 79)
 2 SYSTEMPATH\CodeIgniter.php(927): App\Controllers\View->dump()
 3 SYSTEMPATH\CodeIgniter.php(482): CodeIgniter\CodeIgniter->runController(Object(App\Controllers\View))
 4 SYSTEMPATH\CodeIgniter.php(351): CodeIgniter\CodeIgniter->handleRequest(null, Object(Config\Cache), false)
 5 FCPATH\index.php(67): CodeIgniter\CodeIgniter->run()
 6 SYSTEMPATH\Commands\Server\rewrite.php(46): require_once('FCPATH\\index.php')
CRITICAL - 2022-12-25 08:22:30 --> foreach() argument must be of type array|object, string given
in APPPATH\Controllers\View.php on line 80.
 1 APPPATH\Controllers\View.php(80): CodeIgniter\Debug\Exceptions->errorHandler(2, 'foreach() argument must be of type array|object, string given', 'APPPATH\\Controllers\\View.php', 80)
 2 SYSTEMPATH\CodeIgniter.php(927): App\Controllers\View->dump()
 3 SYSTEMPATH\CodeIgniter.php(482): CodeIgniter\CodeIgniter->runController(Object(App\Controllers\View))
 4 SYSTEMPATH\CodeIgniter.php(351): CodeIgniter\CodeIgniter->handleRequest(null, Object(Config\Cache), false)
 5 FCPATH\index.php(67): CodeIgniter\CodeIgniter->run()
 6 SYSTEMPATH\Commands\Server\rewrite.php(46): require_once('FCPATH\\index.php')
CRITICAL - 2022-12-25 08:22:43 --> foreach() argument must be of type array|object, string given
in APPPATH\Controllers\View.php on line 80.
 1 APPPATH\Controllers\View.php(80): CodeIgniter\Debug\Exceptions->errorHandler(2, 'foreach() argument must be of type array|object, string given', 'APPPATH\\Controllers\\View.php', 80)
 2 SYSTEMPATH\CodeIgniter.php(927): App\Controllers\View->dump()
 3 SYSTEMPATH\CodeIgniter.php(482): CodeIgniter\CodeIgniter->runController(Object(App\Controllers\View))
 4 SYSTEMPATH\CodeIgniter.php(351): CodeIgniter\CodeIgniter->handleRequest(null, Object(Config\Cache), false)
 5 FCPATH\index.php(67): CodeIgniter\CodeIgniter->run()
 6 SYSTEMPATH\Commands\Server\rewrite.php(46): require_once('FCPATH\\index.php')
CRITICAL - 2022-12-25 08:22:48 --> foreach() argument must be of type array|object, string given
in APPPATH\Controllers\View.php on line 80.
 1 APPPATH\Controllers\View.php(80): CodeIgniter\Debug\Exceptions->errorHandler(2, 'foreach() argument must be of type array|object, string given', 'APPPATH\\Controllers\\View.php', 80)
 2 SYSTEMPATH\CodeIgniter.php(927): App\Controllers\View->dump()
 3 SYSTEMPATH\CodeIgniter.php(482): CodeIgniter\CodeIgniter->runController(Object(App\Controllers\View))
 4 SYSTEMPATH\CodeIgniter.php(351): CodeIgniter\CodeIgniter->handleRequest(null, Object(Config\Cache), false)
 5 FCPATH\index.php(67): CodeIgniter\CodeIgniter->run()
 6 SYSTEMPATH\Commands\Server\rewrite.php(46): require_once('FCPATH\\index.php')
CRITICAL - 2022-12-25 08:23:07 --> foreach() argument must be of type array|object, string given
in APPPATH\Controllers\View.php on line 80.
 1 APPPATH\Controllers\View.php(80): CodeIgniter\Debug\Exceptions->errorHandler(2, 'foreach() argument must be of type array|object, string given', 'APPPATH\\Controllers\\View.php', 80)
 2 SYSTEMPATH\CodeIgniter.php(927): App\Controllers\View->dump()
 3 SYSTEMPATH\CodeIgniter.php(482): CodeIgniter\CodeIgniter->runController(Object(App\Controllers\View))
 4 SYSTEMPATH\CodeIgniter.php(351): CodeIgniter\CodeIgniter->handleRequest(null, Object(Config\Cache), false)
 5 FCPATH\index.php(67): CodeIgniter\CodeIgniter->run()
 6 SYSTEMPATH\Commands\Server\rewrite.php(46): require_once('FCPATH\\index.php')
CRITICAL - 2022-12-25 08:23:23 --> foreach() argument must be of type array|object, string given
in APPPATH\Controllers\View.php on line 80.
 1 APPPATH\Controllers\View.php(80): CodeIgniter\Debug\Exceptions->errorHandler(2, 'foreach() argument must be of type array|object, string given', 'APPPATH\\Controllers\\View.php', 80)
 2 SYSTEMPATH\CodeIgniter.php(927): App\Controllers\View->dump()
 3 SYSTEMPATH\CodeIgniter.php(482): CodeIgniter\CodeIgniter->runController(Object(App\Controllers\View))
 4 SYSTEMPATH\CodeIgniter.php(351): CodeIgniter\CodeIgniter->handleRequest(null, Object(Config\Cache), false)
 5 FCPATH\index.php(67): CodeIgniter\CodeIgniter->run()
 6 SYSTEMPATH\Commands\Server\rewrite.php(46): require_once('FCPATH\\index.php')
ERROR - 2022-12-25 08:30:23 --> mysqli_sql_exception: You have an error in your SQL syntax; check the manual that corresponds to your MariaDB server version for the right syntax to use near '0, 1, 2, 3, 4, 5, 6) VALUES ('109','109','109','109','109','109','109'), ('Se...' at line 1 in F:\WEB\XAMPP\htdocs\WebGis_kv\vendor\codeigniter4\framework\system\Database\MySQLi\Connection.php:292
Stack trace:
#0 F:\WEB\XAMPP\htdocs\WebGis_kv\vendor\codeigniter4\framework\system\Database\MySQLi\Connection.php(292): mysqli->query('INSERT INTO `tb...', 0)
#1 F:\WEB\XAMPP\htdocs\WebGis_kv\vendor\codeigniter4\framework\system\Database\BaseConnection.php(666): CodeIgniter\Database\MySQLi\Connection->execute('INSERT INTO `tb...')
#2 F:\WEB\XAMPP\htdocs\WebGis_kv\vendor\codeigniter4\framework\system\Database\BaseConnection.php(593): CodeIgniter\Database\BaseConnection->simpleQuery('INSERT INTO `tb...')
#3 F:\WEB\XAMPP\htdocs\WebGis_kv\vendor\codeigniter4\framework\system\Database\BaseBuilder.php(1778): CodeIgniter\Database\BaseConnection->query('INSERT INTO `tb...', NULL, false)
#4 F:\WEB\XAMPP\htdocs\WebGis_kv\app\Models\ModelKv.php(82): CodeIgniter\Database\BaseBuilder->insertBatch(Array)
#5 F:\WEB\XAMPP\htdocs\WebGis_kv\app\Controllers\View.php(81): App\Models\ModelKv->addTime(Array)
#6 F:\WEB\XAMPP\htdocs\WebGis_kv\vendor\codeigniter4\framework\system\CodeIgniter.php(927): App\Controllers\View->dump()
#7 F:\WEB\XAMPP\htdocs\WebGis_kv\vendor\codeigniter4\framework\system\CodeIgniter.php(482): CodeIgniter\CodeIgniter->runController(Object(App\Controllers\View))
#8 F:\WEB\XAMPP\htdocs\WebGis_kv\vendor\codeigniter4\framework\system\CodeIgniter.php(351): CodeIgniter\CodeIgniter->handleRequest(NULL, Object(Config\Cache), false)
#9 F:\WEB\XAMPP\htdocs\WebGis_kv\public\index.php(67): CodeIgniter\CodeIgniter->run()
#10 F:\WEB\XAMPP\htdocs\WebGis_kv\vendor\codeigniter4\framework\system\Commands\Server\rewrite.php(46): require_once('F:\\WEB\\XAMPP\\ht...')
#11 {main}
CRITICAL - 2022-12-25 08:30:23 --> You have an error in your SQL syntax; check the manual that corresponds to your MariaDB server version for the right syntax to use near '0, 1, 2, 3, 4, 5, 6) VALUES ('109','109','109','109','109','109','109'), ('Se...' at line 1
in SYSTEMPATH\Database\MySQLi\Connection.php on line 292.
 1 SYSTEMPATH\Database\MySQLi\Connection.php(292): mysqli->query('INSERT INTO `tbl_jam_operasional` (0, 1, 2, 3, 4, 5, 6) VALUES (\'109\',\'109\',\'109\',\'109\',\'109\',\'109\',\'109\'), (\'Senin\',\'Selasa\',\'Rabu\',\'Kamis\',\'Jumat\',\'Sabtu\',\'Minggu\'), (\'06:53\',\'\',\'06:53\',\'06:53\',\'06:53\',\'\',\'\'), (\'08:39\',\'\',\'08:39\',\'08:39\',\'08:39\',\'\',\'\')', 0)
 2 SYSTEMPATH\Database\BaseConnection.php(666): CodeIgniter\Database\MySQLi\Connection->execute('INSERT INTO `tbl_jam_operasional` (0, 1, 2, 3, 4, 5, 6) VALUES (\'109\',\'109\',\'109\',\'109\',\'109\',\'109\',\'109\'), (\'Senin\',\'Selasa\',\'Rabu\',\'Kamis\',\'Jumat\',\'Sabtu\',\'Minggu\'), (\'06:53\',\'\',\'06:53\',\'06:53\',\'06:53\',\'\',\'\'), (\'08:39\',\'\',\'08:39\',\'08:39\',\'08:39\',\'\',\'\')')
 3 SYSTEMPATH\Database\BaseConnection.php(593): CodeIgniter\Database\BaseConnection->simpleQuery('INSERT INTO `tbl_jam_operasional` (0, 1, 2, 3, 4, 5, 6) VALUES (\'109\',\'109\',\'109\',\'109\',\'109\',\'109\',\'109\'), (\'Senin\',\'Selasa\',\'Rabu\',\'Kamis\',\'Jumat\',\'Sabtu\',\'Minggu\'), (\'06:53\',\'\',\'06:53\',\'06:53\',\'06:53\',\'\',\'\'), (\'08:39\',\'\',\'08:39\',\'08:39\',\'08:39\',\'\',\'\')')
 4 SYSTEMPATH\Database\BaseBuilder.php(1778): CodeIgniter\Database\BaseConnection->query('INSERT INTO `tbl_jam_operasional` (0, 1, 2, 3, 4, 5, 6) VALUES (\'109\',\'109\',\'109\',\'109\',\'109\',\'109\',\'109\'), (\'Senin\',\'Selasa\',\'Rabu\',\'Kamis\',\'Jumat\',\'Sabtu\',\'Minggu\'), (\'06:53\',\'\',\'06:53\',\'06:53\',\'06:53\',\'\',\'\'), (\'08:39\',\'\',\'08:39\',\'08:39\',\'08:39\',\'\',\'\')', null, false)
 5 APPPATH\Models\ModelKv.php(82): CodeIgniter\Database\BaseBuilder->insertBatch([...])
 6 APPPATH\Controllers\View.php(81): App\Models\ModelKv->addTime([...])
 7 SYSTEMPATH\CodeIgniter.php(927): App\Controllers\View->dump()
 8 SYSTEMPATH\CodeIgniter.php(482): CodeIgniter\CodeIgniter->runController(Object(App\Controllers\View))
 9 SYSTEMPATH\CodeIgniter.php(351): CodeIgniter\CodeIgniter->handleRequest(null, Object(Config\Cache), false)
10 FCPATH\index.php(67): CodeIgniter\CodeIgniter->run()
11 SYSTEMPATH\Commands\Server\rewrite.php(46): require_once('FCPATH\\index.php')
ERROR - 2022-12-25 08:31:02 --> mysqli_sql_exception: You have an error in your SQL syntax; check the manual that corresponds to your MariaDB server version for the right syntax to use near '0, 1, 2, 3, 4, 5, 6) VALUES ('109','109','109','109','109','109','109'), ('Se...' at line 1 in F:\WEB\XAMPP\htdocs\WebGis_kv\vendor\codeigniter4\framework\system\Database\MySQLi\Connection.php:292
Stack trace:
#0 F:\WEB\XAMPP\htdocs\WebGis_kv\vendor\codeigniter4\framework\system\Database\MySQLi\Connection.php(292): mysqli->query('INSERT INTO `tb...', 0)
#1 F:\WEB\XAMPP\htdocs\WebGis_kv\vendor\codeigniter4\framework\system\Database\BaseConnection.php(666): CodeIgniter\Database\MySQLi\Connection->execute('INSERT INTO `tb...')
#2 F:\WEB\XAMPP\htdocs\WebGis_kv\vendor\codeigniter4\framework\system\Database\BaseConnection.php(593): CodeIgniter\Database\BaseConnection->simpleQuery('INSERT INTO `tb...')
#3 F:\WEB\XAMPP\htdocs\WebGis_kv\vendor\codeigniter4\framework\system\Database\BaseBuilder.php(1778): CodeIgniter\Database\BaseConnection->query('INSERT INTO `tb...', NULL, false)
#4 F:\WEB\XAMPP\htdocs\WebGis_kv\app\Models\ModelKv.php(82): CodeIgniter\Database\BaseBuilder->insertBatch(Array)
#5 F:\WEB\XAMPP\htdocs\WebGis_kv\app\Controllers\View.php(81): App\Models\ModelKv->addTime(Array)
#6 F:\WEB\XAMPP\htdocs\WebGis_kv\vendor\codeigniter4\framework\system\CodeIgniter.php(927): App\Controllers\View->dump()
#7 F:\WEB\XAMPP\htdocs\WebGis_kv\vendor\codeigniter4\framework\system\CodeIgniter.php(482): CodeIgniter\CodeIgniter->runController(Object(App\Controllers\View))
#8 F:\WEB\XAMPP\htdocs\WebGis_kv\vendor\codeigniter4\framework\system\CodeIgniter.php(351): CodeIgniter\CodeIgniter->handleRequest(NULL, Object(Config\Cache), false)
#9 F:\WEB\XAMPP\htdocs\WebGis_kv\public\index.php(67): CodeIgniter\CodeIgniter->run()
#10 F:\WEB\XAMPP\htdocs\WebGis_kv\vendor\codeigniter4\framework\system\Commands\Server\rewrite.php(46): require_once('F:\\WEB\\XAMPP\\ht...')
#11 {main}
CRITICAL - 2022-12-25 08:31:02 --> You have an error in your SQL syntax; check the manual that corresponds to your MariaDB server version for the right syntax to use near '0, 1, 2, 3, 4, 5, 6) VALUES ('109','109','109','109','109','109','109'), ('Se...' at line 1
in SYSTEMPATH\Database\MySQLi\Connection.php on line 292.
 1 SYSTEMPATH\Database\MySQLi\Connection.php(292): mysqli->query('INSERT INTO `tbl_jam_operasional` (0, 1, 2, 3, 4, 5, 6) VALUES (\'109\',\'109\',\'109\',\'109\',\'109\',\'109\',\'109\'), (\'Senin\',\'Selasa\',\'Rabu\',\'Kamis\',\'Jumat\',\'Sabtu\',\'Minggu\'), (\'06:53\',\'\',\'06:53\',\'06:53\',\'06:53\',\'\',\'\'), (\'08:39\',\'\',\'08:39\',\'08:39\',\'08:39\',\'\',\'\')', 0)
 2 SYSTEMPATH\Database\BaseConnection.php(666): CodeIgniter\Database\MySQLi\Connection->execute('INSERT INTO `tbl_jam_operasional` (0, 1, 2, 3, 4, 5, 6) VALUES (\'109\',\'109\',\'109\',\'109\',\'109\',\'109\',\'109\'), (\'Senin\',\'Selasa\',\'Rabu\',\'Kamis\',\'Jumat\',\'Sabtu\',\'Minggu\'), (\'06:53\',\'\',\'06:53\',\'06:53\',\'06:53\',\'\',\'\'), (\'08:39\',\'\',\'08:39\',\'08:39\',\'08:39\',\'\',\'\')')
 3 SYSTEMPATH\Database\BaseConnection.php(593): CodeIgniter\Database\BaseConnection->simpleQuery('INSERT INTO `tbl_jam_operasional` (0, 1, 2, 3, 4, 5, 6) VALUES (\'109\',\'109\',\'109\',\'109\',\'109\',\'109\',\'109\'), (\'Senin\',\'Selasa\',\'Rabu\',\'Kamis\',\'Jumat\',\'Sabtu\',\'Minggu\'), (\'06:53\',\'\',\'06:53\',\'06:53\',\'06:53\',\'\',\'\'), (\'08:39\',\'\',\'08:39\',\'08:39\',\'08:39\',\'\',\'\')')
 4 SYSTEMPATH\Database\BaseBuilder.php(1778): CodeIgniter\Database\BaseConnection->query('INSERT INTO `tbl_jam_operasional` (0, 1, 2, 3, 4, 5, 6) VALUES (\'109\',\'109\',\'109\',\'109\',\'109\',\'109\',\'109\'), (\'Senin\',\'Selasa\',\'Rabu\',\'Kamis\',\'Jumat\',\'Sabtu\',\'Minggu\'), (\'06:53\',\'\',\'06:53\',\'06:53\',\'06:53\',\'\',\'\'), (\'08:39\',\'\',\'08:39\',\'08:39\',\'08:39\',\'\',\'\')', null, false)
 5 APPPATH\Models\ModelKv.php(82): CodeIgniter\Database\BaseBuilder->insertBatch([...])
 6 APPPATH\Controllers\View.php(81): App\Models\ModelKv->addTime([...])
 7 SYSTEMPATH\CodeIgniter.php(927): App\Controllers\View->dump()
 8 SYSTEMPATH\CodeIgniter.php(482): CodeIgniter\CodeIgniter->runController(Object(App\Controllers\View))
 9 SYSTEMPATH\CodeIgniter.php(351): CodeIgniter\CodeIgniter->handleRequest(null, Object(Config\Cache), false)
10 FCPATH\index.php(67): CodeIgniter\CodeIgniter->run()
11 SYSTEMPATH\Commands\Server\rewrite.php(46): require_once('FCPATH\\index.php')
ERROR - 2022-12-25 08:31:18 --> mysqli_sql_exception: You have an error in your SQL syntax; check the manual that corresponds to your MariaDB server version for the right syntax to use near '0, 1, 2, 3, 4, 5, 6) VALUES ('109','109','109','109','109','109','109'), ('Se...' at line 1 in F:\WEB\XAMPP\htdocs\WebGis_kv\vendor\codeigniter4\framework\system\Database\MySQLi\Connection.php:292
Stack trace:
#0 F:\WEB\XAMPP\htdocs\WebGis_kv\vendor\codeigniter4\framework\system\Database\MySQLi\Connection.php(292): mysqli->query('INSERT INTO `tb...', 0)
#1 F:\WEB\XAMPP\htdocs\WebGis_kv\vendor\codeigniter4\framework\system\Database\BaseConnection.php(666): CodeIgniter\Database\MySQLi\Connection->execute('INSERT INTO `tb...')
#2 F:\WEB\XAMPP\htdocs\WebGis_kv\vendor\codeigniter4\framework\system\Database\BaseConnection.php(593): CodeIgniter\Database\BaseConnection->simpleQuery('INSERT INTO `tb...')
#3 F:\WEB\XAMPP\htdocs\WebGis_kv\vendor\codeigniter4\framework\system\Database\BaseBuilder.php(1778): CodeIgniter\Database\BaseConnection->query('INSERT INTO `tb...', NULL, false)
#4 F:\WEB\XAMPP\htdocs\WebGis_kv\app\Models\ModelKv.php(82): CodeIgniter\Database\BaseBuilder->insertBatch(Array)
#5 F:\WEB\XAMPP\htdocs\WebGis_kv\app\Controllers\View.php(81): App\Models\ModelKv->addTime(Array)
#6 F:\WEB\XAMPP\htdocs\WebGis_kv\vendor\codeigniter4\framework\system\CodeIgniter.php(927): App\Controllers\View->dump()
#7 F:\WEB\XAMPP\htdocs\WebGis_kv\vendor\codeigniter4\framework\system\CodeIgniter.php(482): CodeIgniter\CodeIgniter->runController(Object(App\Controllers\View))
#8 F:\WEB\XAMPP\htdocs\WebGis_kv\vendor\codeigniter4\framework\system\CodeIgniter.php(351): CodeIgniter\CodeIgniter->handleRequest(NULL, Object(Config\Cache), false)
#9 F:\WEB\XAMPP\htdocs\WebGis_kv\public\index.php(67): CodeIgniter\CodeIgniter->run()
#10 F:\WEB\XAMPP\htdocs\WebGis_kv\vendor\codeigniter4\framework\system\Commands\Server\rewrite.php(46): require_once('F:\\WEB\\XAMPP\\ht...')
#11 {main}
CRITICAL - 2022-12-25 08:31:18 --> You have an error in your SQL syntax; check the manual that corresponds to your MariaDB server version for the right syntax to use near '0, 1, 2, 3, 4, 5, 6) VALUES ('109','109','109','109','109','109','109'), ('Se...' at line 1
in SYSTEMPATH\Database\MySQLi\Connection.php on line 292.
 1 SYSTEMPATH\Database\MySQLi\Connection.php(292): mysqli->query('INSERT INTO `tbl_jam_operasional` (0, 1, 2, 3, 4, 5, 6) VALUES (\'109\',\'109\',\'109\',\'109\',\'109\',\'109\',\'109\'), (\'Senin\',\'Selasa\',\'Rabu\',\'Kamis\',\'Jumat\',\'Sabtu\',\'Minggu\'), (\'06:53\',\'\',\'06:53\',\'06:53\',\'06:53\',\'\',\'\'), (\'08:39\',\'\',\'08:39\',\'08:39\',\'08:39\',\'\',\'\')', 0)
 2 SYSTEMPATH\Database\BaseConnection.php(666): CodeIgniter\Database\MySQLi\Connection->execute('INSERT INTO `tbl_jam_operasional` (0, 1, 2, 3, 4, 5, 6) VALUES (\'109\',\'109\',\'109\',\'109\',\'109\',\'109\',\'109\'), (\'Senin\',\'Selasa\',\'Rabu\',\'Kamis\',\'Jumat\',\'Sabtu\',\'Minggu\'), (\'06:53\',\'\',\'06:53\',\'06:53\',\'06:53\',\'\',\'\'), (\'08:39\',\'\',\'08:39\',\'08:39\',\'08:39\',\'\',\'\')')
 3 SYSTEMPATH\Database\BaseConnection.php(593): CodeIgniter\Database\BaseConnection->simpleQuery('INSERT INTO `tbl_jam_operasional` (0, 1, 2, 3, 4, 5, 6) VALUES (\'109\',\'109\',\'109\',\'109\',\'109\',\'109\',\'109\'), (\'Senin\',\'Selasa\',\'Rabu\',\'Kamis\',\'Jumat\',\'Sabtu\',\'Minggu\'), (\'06:53\',\'\',\'06:53\',\'06:53\',\'06:53\',\'\',\'\'), (\'08:39\',\'\',\'08:39\',\'08:39\',\'08:39\',\'\',\'\')')
 4 SYSTEMPATH\Database\BaseBuilder.php(1778): CodeIgniter\Database\BaseConnection->query('INSERT INTO `tbl_jam_operasional` (0, 1, 2, 3, 4, 5, 6) VALUES (\'109\',\'109\',\'109\',\'109\',\'109\',\'109\',\'109\'), (\'Senin\',\'Selasa\',\'Rabu\',\'Kamis\',\'Jumat\',\'Sabtu\',\'Minggu\'), (\'06:53\',\'\',\'06:53\',\'06:53\',\'06:53\',\'\',\'\'), (\'08:39\',\'\',\'08:39\',\'08:39\',\'08:39\',\'\',\'\')', null, false)
 5 APPPATH\Models\ModelKv.php(82): CodeIgniter\Database\BaseBuilder->insertBatch([...])
 6 APPPATH\Controllers\View.php(81): App\Models\ModelKv->addTime([...])
 7 SYSTEMPATH\CodeIgniter.php(927): App\Controllers\View->dump()
 8 SYSTEMPATH\CodeIgniter.php(482): CodeIgniter\CodeIgniter->runController(Object(App\Controllers\View))
 9 SYSTEMPATH\CodeIgniter.php(351): CodeIgniter\CodeIgniter->handleRequest(null, Object(Config\Cache), false)
10 FCPATH\index.php(67): CodeIgniter\CodeIgniter->run()
11 SYSTEMPATH\Commands\Server\rewrite.php(46): require_once('FCPATH\\index.php')
ERROR - 2022-12-25 08:31:30 --> mysqli_sql_exception: You have an error in your SQL syntax; check the manual that corresponds to your MariaDB server version for the right syntax to use near '0, 1, 2, 3, 4, 5, 6) VALUES ('109','109','109','109','109','109','109'), ('Se...' at line 1 in F:\WEB\XAMPP\htdocs\WebGis_kv\vendor\codeigniter4\framework\system\Database\MySQLi\Connection.php:292
Stack trace:
#0 F:\WEB\XAMPP\htdocs\WebGis_kv\vendor\codeigniter4\framework\system\Database\MySQLi\Connection.php(292): mysqli->query('INSERT INTO `tb...', 0)
#1 F:\WEB\XAMPP\htdocs\WebGis_kv\vendor\codeigniter4\framework\system\Database\BaseConnection.php(666): CodeIgniter\Database\MySQLi\Connection->execute('INSERT INTO `tb...')
#2 F:\WEB\XAMPP\htdocs\WebGis_kv\vendor\codeigniter4\framework\system\Database\BaseConnection.php(593): CodeIgniter\Database\BaseConnection->simpleQuery('INSERT INTO `tb...')
#3 F:\WEB\XAMPP\htdocs\WebGis_kv\vendor\codeigniter4\framework\system\Database\BaseBuilder.php(1778): CodeIgniter\Database\BaseConnection->query('INSERT INTO `tb...', NULL, false)
#4 F:\WEB\XAMPP\htdocs\WebGis_kv\app\Models\ModelKv.php(82): CodeIgniter\Database\BaseBuilder->insertBatch(Array)
#5 F:\WEB\XAMPP\htdocs\WebGis_kv\app\Controllers\View.php(81): App\Models\ModelKv->addTime(Array)
#6 F:\WEB\XAMPP\htdocs\WebGis_kv\vendor\codeigniter4\framework\system\CodeIgniter.php(927): App\Controllers\View->dump()
#7 F:\WEB\XAMPP\htdocs\WebGis_kv\vendor\codeigniter4\framework\system\CodeIgniter.php(482): CodeIgniter\CodeIgniter->runController(Object(App\Controllers\View))
#8 F:\WEB\XAMPP\htdocs\WebGis_kv\vendor\codeigniter4\framework\system\CodeIgniter.php(351): CodeIgniter\CodeIgniter->handleRequest(NULL, Object(Config\Cache), false)
#9 F:\WEB\XAMPP\htdocs\WebGis_kv\public\index.php(67): CodeIgniter\CodeIgniter->run()
#10 F:\WEB\XAMPP\htdocs\WebGis_kv\vendor\codeigniter4\framework\system\Commands\Server\rewrite.php(46): require_once('F:\\WEB\\XAMPP\\ht...')
#11 {main}
CRITICAL - 2022-12-25 08:31:30 --> You have an error in your SQL syntax; check the manual that corresponds to your MariaDB server version for the right syntax to use near '0, 1, 2, 3, 4, 5, 6) VALUES ('109','109','109','109','109','109','109'), ('Se...' at line 1
in SYSTEMPATH\Database\MySQLi\Connection.php on line 292.
 1 SYSTEMPATH\Database\MySQLi\Connection.php(292): mysqli->query('INSERT INTO `tbl_jam_operasional` (0, 1, 2, 3, 4, 5, 6) VALUES (\'109\',\'109\',\'109\',\'109\',\'109\',\'109\',\'109\'), (\'Senin\',\'Selasa\',\'Rabu\',\'Kamis\',\'Jumat\',\'Sabtu\',\'Minggu\'), (\'05:32\',\'05:32\',\'05:32\',\'05:32\',\'05:32\',\'\',\'\'), (\'05:03\',\'05:03\',\'05:03\',\'05:03\',\'05:03\',\'\',\'\')', 0)
 2 SYSTEMPATH\Database\BaseConnection.php(666): CodeIgniter\Database\MySQLi\Connection->execute('INSERT INTO `tbl_jam_operasional` (0, 1, 2, 3, 4, 5, 6) VALUES (\'109\',\'109\',\'109\',\'109\',\'109\',\'109\',\'109\'), (\'Senin\',\'Selasa\',\'Rabu\',\'Kamis\',\'Jumat\',\'Sabtu\',\'Minggu\'), (\'05:32\',\'05:32\',\'05:32\',\'05:32\',\'05:32\',\'\',\'\'), (\'05:03\',\'05:03\',\'05:03\',\'05:03\',\'05:03\',\'\',\'\')')
 3 SYSTEMPATH\Database\BaseConnection.php(593): CodeIgniter\Database\BaseConnection->simpleQuery('INSERT INTO `tbl_jam_operasional` (0, 1, 2, 3, 4, 5, 6) VALUES (\'109\',\'109\',\'109\',\'109\',\'109\',\'109\',\'109\'), (\'Senin\',\'Selasa\',\'Rabu\',\'Kamis\',\'Jumat\',\'Sabtu\',\'Minggu\'), (\'05:32\',\'05:32\',\'05:32\',\'05:32\',\'05:32\',\'\',\'\'), (\'05:03\',\'05:03\',\'05:03\',\'05:03\',\'05:03\',\'\',\'\')')
 4 SYSTEMPATH\Database\BaseBuilder.php(1778): CodeIgniter\Database\BaseConnection->query('INSERT INTO `tbl_jam_operasional` (0, 1, 2, 3, 4, 5, 6) VALUES (\'109\',\'109\',\'109\',\'109\',\'109\',\'109\',\'109\'), (\'Senin\',\'Selasa\',\'Rabu\',\'Kamis\',\'Jumat\',\'Sabtu\',\'Minggu\'), (\'05:32\',\'05:32\',\'05:32\',\'05:32\',\'05:32\',\'\',\'\'), (\'05:03\',\'05:03\',\'05:03\',\'05:03\',\'05:03\',\'\',\'\')', null, false)
 5 APPPATH\Models\ModelKv.php(82): CodeIgniter\Database\BaseBuilder->insertBatch([...])
 6 APPPATH\Controllers\View.php(81): App\Models\ModelKv->addTime([...])
 7 SYSTEMPATH\CodeIgniter.php(927): App\Controllers\View->dump()
 8 SYSTEMPATH\CodeIgniter.php(482): CodeIgniter\CodeIgniter->runController(Object(App\Controllers\View))
 9 SYSTEMPATH\CodeIgniter.php(351): CodeIgniter\CodeIgniter->handleRequest(null, Object(Config\Cache), false)
10 FCPATH\index.php(67): CodeIgniter\CodeIgniter->run()
11 SYSTEMPATH\Commands\Server\rewrite.php(46): require_once('FCPATH\\index.php')
ERROR - 2022-12-25 08:33:09 --> mysqli_sql_exception: Operand should contain 1 column(s) in F:\WEB\XAMPP\htdocs\WebGis_kv\vendor\codeigniter4\framework\system\Database\MySQLi\Connection.php:292
Stack trace:
#0 F:\WEB\XAMPP\htdocs\WebGis_kv\vendor\codeigniter4\framework\system\Database\MySQLi\Connection.php(292): mysqli->query('INSERT INTO `tb...', 0)
#1 F:\WEB\XAMPP\htdocs\WebGis_kv\vendor\codeigniter4\framework\system\Database\BaseConnection.php(666): CodeIgniter\Database\MySQLi\Connection->execute('INSERT INTO `tb...')
#2 F:\WEB\XAMPP\htdocs\WebGis_kv\vendor\codeigniter4\framework\system\Database\BaseConnection.php(593): CodeIgniter\Database\BaseConnection->simpleQuery('INSERT INTO `tb...')
#3 F:\WEB\XAMPP\htdocs\WebGis_kv\vendor\codeigniter4\framework\system\Database\BaseBuilder.php(1916): CodeIgniter\Database\BaseConnection->query('INSERT INTO `tb...', Array, false)
#4 F:\WEB\XAMPP\htdocs\WebGis_kv\app\Models\ModelKv.php(83): CodeIgniter\Database\BaseBuilder->insert(Array)
#5 F:\WEB\XAMPP\htdocs\WebGis_kv\app\Controllers\View.php(81): App\Models\ModelKv->addTime(Array)
#6 F:\WEB\XAMPP\htdocs\WebGis_kv\vendor\codeigniter4\framework\system\CodeIgniter.php(927): App\Controllers\View->dump()
#7 F:\WEB\XAMPP\htdocs\WebGis_kv\vendor\codeigniter4\framework\system\CodeIgniter.php(482): CodeIgniter\CodeIgniter->runController(Object(App\Controllers\View))
#8 F:\WEB\XAMPP\htdocs\WebGis_kv\vendor\codeigniter4\framework\system\CodeIgniter.php(351): CodeIgniter\CodeIgniter->handleRequest(NULL, Object(Config\Cache), false)
#9 F:\WEB\XAMPP\htdocs\WebGis_kv\public\index.php(67): CodeIgniter\CodeIgniter->run()
#10 F:\WEB\XAMPP\htdocs\WebGis_kv\vendor\codeigniter4\framework\system\Commands\Server\rewrite.php(46): require_once('F:\\WEB\\XAMPP\\ht...')
#11 {main}
CRITICAL - 2022-12-25 08:33:09 --> Operand should contain 1 column(s)
in SYSTEMPATH\Database\MySQLi\Connection.php on line 292.
 1 SYSTEMPATH\Database\MySQLi\Connection.php(292): mysqli->query('INSERT INTO `tbl_jam_operasional` (`kafe_id`, `hari`, `open_time`, `close_time`) VALUES ((\'109\',\'109\',\'109\',\'109\',\'109\',\'109\',\'109\'), (\'Senin\',\'Selasa\',\'Rabu\',\'Kamis\',\'Jumat\',\'Sabtu\',\'Minggu\'), (\'05:32\',\'05:32\',\'05:32\',\'05:32\',\'05:32\',\'\',\'\'), (\'05:03\',\'05:03\',\'05:03\',\'05:03\',\'05:03\',\'\',\'\'))', 0)
 2 SYSTEMPATH\Database\BaseConnection.php(666): CodeIgniter\Database\MySQLi\Connection->execute('INSERT INTO `tbl_jam_operasional` (`kafe_id`, `hari`, `open_time`, `close_time`) VALUES ((\'109\',\'109\',\'109\',\'109\',\'109\',\'109\',\'109\'), (\'Senin\',\'Selasa\',\'Rabu\',\'Kamis\',\'Jumat\',\'Sabtu\',\'Minggu\'), (\'05:32\',\'05:32\',\'05:32\',\'05:32\',\'05:32\',\'\',\'\'), (\'05:03\',\'05:03\',\'05:03\',\'05:03\',\'05:03\',\'\',\'\'))')
 3 SYSTEMPATH\Database\BaseConnection.php(593): CodeIgniter\Database\BaseConnection->simpleQuery('INSERT INTO `tbl_jam_operasional` (`kafe_id`, `hari`, `open_time`, `close_time`) VALUES ((\'109\',\'109\',\'109\',\'109\',\'109\',\'109\',\'109\'), (\'Senin\',\'Selasa\',\'Rabu\',\'Kamis\',\'Jumat\',\'Sabtu\',\'Minggu\'), (\'05:32\',\'05:32\',\'05:32\',\'05:32\',\'05:32\',\'\',\'\'), (\'05:03\',\'05:03\',\'05:03\',\'05:03\',\'05:03\',\'\',\'\'))')
 4 SYSTEMPATH\Database\BaseBuilder.php(1916): CodeIgniter\Database\BaseConnection->query('INSERT INTO `tbl_jam_operasional` (`kafe_id`, `hari`, `open_time`, `close_time`) VALUES (:kafe_id:, :hari:, :open_time:, :close_time:)', [...], false)
 5 APPPATH\Models\ModelKv.php(83): CodeIgniter\Database\BaseBuilder->insert([...])
 6 APPPATH\Controllers\View.php(81): App\Models\ModelKv->addTime([...])
 7 SYSTEMPATH\CodeIgniter.php(927): App\Controllers\View->dump()
 8 SYSTEMPATH\CodeIgniter.php(482): CodeIgniter\CodeIgniter->runController(Object(App\Controllers\View))
 9 SYSTEMPATH\CodeIgniter.php(351): CodeIgniter\CodeIgniter->handleRequest(null, Object(Config\Cache), false)
10 FCPATH\index.php(67): CodeIgniter\CodeIgniter->run()
11 SYSTEMPATH\Commands\Server\rewrite.php(46): require_once('FCPATH\\index.php')
ERROR - 2022-12-25 08:35:13 --> mysqli_sql_exception: You have an error in your SQL syntax; check the manual that corresponds to your MariaDB server version for the right syntax to use near '0, 1, 2, 3, 4, 5, 6) VALUES ('109','109','109','109','109','109','109'), ('Se...' at line 1 in F:\WEB\XAMPP\htdocs\WebGis_kv\vendor\codeigniter4\framework\system\Database\MySQLi\Connection.php:292
Stack trace:
#0 F:\WEB\XAMPP\htdocs\WebGis_kv\vendor\codeigniter4\framework\system\Database\MySQLi\Connection.php(292): mysqli->query('INSERT INTO `tb...', 0)
#1 F:\WEB\XAMPP\htdocs\WebGis_kv\vendor\codeigniter4\framework\system\Database\BaseConnection.php(666): CodeIgniter\Database\MySQLi\Connection->execute('INSERT INTO `tb...')
#2 F:\WEB\XAMPP\htdocs\WebGis_kv\vendor\codeigniter4\framework\system\Database\BaseConnection.php(593): CodeIgniter\Database\BaseConnection->simpleQuery('INSERT INTO `tb...')
#3 F:\WEB\XAMPP\htdocs\WebGis_kv\vendor\codeigniter4\framework\system\Database\BaseBuilder.php(1778): CodeIgniter\Database\BaseConnection->query('INSERT INTO `tb...', NULL, false)
#4 F:\WEB\XAMPP\htdocs\WebGis_kv\app\Models\ModelKv.php(83): CodeIgniter\Database\BaseBuilder->insertBatch(Array)
#5 F:\WEB\XAMPP\htdocs\WebGis_kv\app\Controllers\View.php(81): App\Models\ModelKv->addTime(Array)
#6 F:\WEB\XAMPP\htdocs\WebGis_kv\vendor\codeigniter4\framework\system\CodeIgniter.php(927): App\Controllers\View->dump()
#7 F:\WEB\XAMPP\htdocs\WebGis_kv\vendor\codeigniter4\framework\system\CodeIgniter.php(482): CodeIgniter\CodeIgniter->runController(Object(App\Controllers\View))
#8 F:\WEB\XAMPP\htdocs\WebGis_kv\vendor\codeigniter4\framework\system\CodeIgniter.php(351): CodeIgniter\CodeIgniter->handleRequest(NULL, Object(Config\Cache), false)
#9 F:\WEB\XAMPP\htdocs\WebGis_kv\public\index.php(67): CodeIgniter\CodeIgniter->run()
#10 F:\WEB\XAMPP\htdocs\WebGis_kv\vendor\codeigniter4\framework\system\Commands\Server\rewrite.php(46): require_once('F:\\WEB\\XAMPP\\ht...')
#11 {main}
CRITICAL - 2022-12-25 08:35:13 --> You have an error in your SQL syntax; check the manual that corresponds to your MariaDB server version for the right syntax to use near '0, 1, 2, 3, 4, 5, 6) VALUES ('109','109','109','109','109','109','109'), ('Se...' at line 1
in SYSTEMPATH\Database\MySQLi\Connection.php on line 292.
 1 SYSTEMPATH\Database\MySQLi\Connection.php(292): mysqli->query('INSERT INTO `tbl_jam_operasional` (0, 1, 2, 3, 4, 5, 6) VALUES (\'109\',\'109\',\'109\',\'109\',\'109\',\'109\',\'109\'), (\'Senin\',\'Selasa\',\'Rabu\',\'Kamis\',\'Jumat\',\'Sabtu\',\'Minggu\'), (\'07:59\',\'07:59\',\'07:59\',\'07:59\',\'07:59\',\'\',\'\'), (\'08:59\',\'08:59\',\'08:59\',\'08:59\',\'08:59\',\'\',\'\')', 0)
 2 SYSTEMPATH\Database\BaseConnection.php(666): CodeIgniter\Database\MySQLi\Connection->execute('INSERT INTO `tbl_jam_operasional` (0, 1, 2, 3, 4, 5, 6) VALUES (\'109\',\'109\',\'109\',\'109\',\'109\',\'109\',\'109\'), (\'Senin\',\'Selasa\',\'Rabu\',\'Kamis\',\'Jumat\',\'Sabtu\',\'Minggu\'), (\'07:59\',\'07:59\',\'07:59\',\'07:59\',\'07:59\',\'\',\'\'), (\'08:59\',\'08:59\',\'08:59\',\'08:59\',\'08:59\',\'\',\'\')')
 3 SYSTEMPATH\Database\BaseConnection.php(593): CodeIgniter\Database\BaseConnection->simpleQuery('INSERT INTO `tbl_jam_operasional` (0, 1, 2, 3, 4, 5, 6) VALUES (\'109\',\'109\',\'109\',\'109\',\'109\',\'109\',\'109\'), (\'Senin\',\'Selasa\',\'Rabu\',\'Kamis\',\'Jumat\',\'Sabtu\',\'Minggu\'), (\'07:59\',\'07:59\',\'07:59\',\'07:59\',\'07:59\',\'\',\'\'), (\'08:59\',\'08:59\',\'08:59\',\'08:59\',\'08:59\',\'\',\'\')')
 4 SYSTEMPATH\Database\BaseBuilder.php(1778): CodeIgniter\Database\BaseConnection->query('INSERT INTO `tbl_jam_operasional` (0, 1, 2, 3, 4, 5, 6) VALUES (\'109\',\'109\',\'109\',\'109\',\'109\',\'109\',\'109\'), (\'Senin\',\'Selasa\',\'Rabu\',\'Kamis\',\'Jumat\',\'Sabtu\',\'Minggu\'), (\'07:59\',\'07:59\',\'07:59\',\'07:59\',\'07:59\',\'\',\'\'), (\'08:59\',\'08:59\',\'08:59\',\'08:59\',\'08:59\',\'\',\'\')', null, false)
 5 APPPATH\Models\ModelKv.php(83): CodeIgniter\Database\BaseBuilder->insertBatch([...])
 6 APPPATH\Controllers\View.php(81): App\Models\ModelKv->addTime([...])
 7 SYSTEMPATH\CodeIgniter.php(927): App\Controllers\View->dump()
 8 SYSTEMPATH\CodeIgniter.php(482): CodeIgniter\CodeIgniter->runController(Object(App\Controllers\View))
 9 SYSTEMPATH\CodeIgniter.php(351): CodeIgniter\CodeIgniter->handleRequest(null, Object(Config\Cache), false)
10 FCPATH\index.php(67): CodeIgniter\CodeIgniter->run()
11 SYSTEMPATH\Commands\Server\rewrite.php(46): require_once('FCPATH\\index.php')
ERROR - 2022-12-25 08:39:24 --> mysqli_sql_exception: Operand should contain 1 column(s) in F:\WEB\XAMPP\htdocs\WebGis_kv\vendor\codeigniter4\framework\system\Database\MySQLi\Connection.php:292
Stack trace:
#0 F:\WEB\XAMPP\htdocs\WebGis_kv\vendor\codeigniter4\framework\system\Database\MySQLi\Connection.php(292): mysqli->query('INSERT INTO `tb...', 0)
#1 F:\WEB\XAMPP\htdocs\WebGis_kv\vendor\codeigniter4\framework\system\Database\BaseConnection.php(666): CodeIgniter\Database\MySQLi\Connection->execute('INSERT INTO `tb...')
#2 F:\WEB\XAMPP\htdocs\WebGis_kv\vendor\codeigniter4\framework\system\Database\BaseConnection.php(593): CodeIgniter\Database\BaseConnection->simpleQuery('INSERT INTO `tb...')
#3 F:\WEB\XAMPP\htdocs\WebGis_kv\vendor\codeigniter4\framework\system\Database\BaseBuilder.php(1916): CodeIgniter\Database\BaseConnection->query('INSERT INTO `tb...', Array, false)
#4 F:\WEB\XAMPP\htdocs\WebGis_kv\app\Models\ModelKv.php(83): CodeIgniter\Database\BaseBuilder->insert(Array)
#5 F:\WEB\XAMPP\htdocs\WebGis_kv\app\Controllers\View.php(81): App\Models\ModelKv->addTime(Array)
#6 F:\WEB\XAMPP\htdocs\WebGis_kv\vendor\codeigniter4\framework\system\CodeIgniter.php(927): App\Controllers\View->dump()
#7 F:\WEB\XAMPP\htdocs\WebGis_kv\vendor\codeigniter4\framework\system\CodeIgniter.php(482): CodeIgniter\CodeIgniter->runController(Object(App\Controllers\View))
#8 F:\WEB\XAMPP\htdocs\WebGis_kv\vendor\codeigniter4\framework\system\CodeIgniter.php(351): CodeIgniter\CodeIgniter->handleRequest(NULL, Object(Config\Cache), false)
#9 F:\WEB\XAMPP\htdocs\WebGis_kv\public\index.php(67): CodeIgniter\CodeIgniter->run()
#10 F:\WEB\XAMPP\htdocs\WebGis_kv\vendor\codeigniter4\framework\system\Commands\Server\rewrite.php(46): require_once('F:\\WEB\\XAMPP\\ht...')
#11 {main}
CRITICAL - 2022-12-25 08:39:24 --> Operand should contain 1 column(s)
in SYSTEMPATH\Database\MySQLi\Connection.php on line 292.
 1 SYSTEMPATH\Database\MySQLi\Connection.php(292): mysqli->query('INSERT INTO `tbl_jam_operasional` (`kafe_id`, `hari`, `open_time`, `close_time`) VALUES (\'\\"110\\"\', (\'Senin\',\'Selasa\',\'Rabu\',\'Kamis\',\'Jumat\',\'Sabtu\',\'Minggu\'), (\'07:59\',\'07:59\',\'07:59\',\'07:59\',\'07:59\',\'\',\'\'), (\'08:59\',\'08:59\',\'08:59\',\'08:59\',\'08:59\',\'\',\'\'))', 0)
 2 SYSTEMPATH\Database\BaseConnection.php(666): CodeIgniter\Database\MySQLi\Connection->execute('INSERT INTO `tbl_jam_operasional` (`kafe_id`, `hari`, `open_time`, `close_time`) VALUES (\'\\"110\\"\', (\'Senin\',\'Selasa\',\'Rabu\',\'Kamis\',\'Jumat\',\'Sabtu\',\'Minggu\'), (\'07:59\',\'07:59\',\'07:59\',\'07:59\',\'07:59\',\'\',\'\'), (\'08:59\',\'08:59\',\'08:59\',\'08:59\',\'08:59\',\'\',\'\'))')
 3 SYSTEMPATH\Database\BaseConnection.php(593): CodeIgniter\Database\BaseConnection->simpleQuery('INSERT INTO `tbl_jam_operasional` (`kafe_id`, `hari`, `open_time`, `close_time`) VALUES (\'\\"110\\"\', (\'Senin\',\'Selasa\',\'Rabu\',\'Kamis\',\'Jumat\',\'Sabtu\',\'Minggu\'), (\'07:59\',\'07:59\',\'07:59\',\'07:59\',\'07:59\',\'\',\'\'), (\'08:59\',\'08:59\',\'08:59\',\'08:59\',\'08:59\',\'\',\'\'))')
 4 SYSTEMPATH\Database\BaseBuilder.php(1916): CodeIgniter\Database\BaseConnection->query('INSERT INTO `tbl_jam_operasional` (`kafe_id`, `hari`, `open_time`, `close_time`) VALUES (:kafe_id:, :hari:, :open_time:, :close_time:)', [...], false)
 5 APPPATH\Models\ModelKv.php(83): CodeIgniter\Database\BaseBuilder->insert([...])
 6 APPPATH\Controllers\View.php(81): App\Models\ModelKv->addTime([...])
 7 SYSTEMPATH\CodeIgniter.php(927): App\Controllers\View->dump()
 8 SYSTEMPATH\CodeIgniter.php(482): CodeIgniter\CodeIgniter->runController(Object(App\Controllers\View))
 9 SYSTEMPATH\CodeIgniter.php(351): CodeIgniter\CodeIgniter->handleRequest(null, Object(Config\Cache), false)
10 FCPATH\index.php(67): CodeIgniter\CodeIgniter->run()
11 SYSTEMPATH\Commands\Server\rewrite.php(46): require_once('FCPATH\\index.php')
ERROR - 2022-12-25 08:56:49 --> mysqli_sql_exception: Duplicate entry '0' for key 'PRIMARY' in F:\WEB\XAMPP\htdocs\WebGis_kv\vendor\codeigniter4\framework\system\Database\MySQLi\Connection.php:292
Stack trace:
#0 F:\WEB\XAMPP\htdocs\WebGis_kv\vendor\codeigniter4\framework\system\Database\MySQLi\Connection.php(292): mysqli->query('INSERT INTO `tb...', 0)
#1 F:\WEB\XAMPP\htdocs\WebGis_kv\vendor\codeigniter4\framework\system\Database\BaseConnection.php(666): CodeIgniter\Database\MySQLi\Connection->execute('INSERT INTO `tb...')
#2 F:\WEB\XAMPP\htdocs\WebGis_kv\vendor\codeigniter4\framework\system\Database\BaseConnection.php(593): CodeIgniter\Database\BaseConnection->simpleQuery('INSERT INTO `tb...')
#3 F:\WEB\XAMPP\htdocs\WebGis_kv\vendor\codeigniter4\framework\system\Database\BaseBuilder.php(1778): CodeIgniter\Database\BaseConnection->query('INSERT INTO `tb...', NULL, false)
#4 F:\WEB\XAMPP\htdocs\WebGis_kv\app\Models\ModelKv.php(83): CodeIgniter\Database\BaseBuilder->insertBatch(Array)
#5 F:\WEB\XAMPP\htdocs\WebGis_kv\app\Controllers\View.php(93): App\Models\ModelKv->addTime(Array)
#6 F:\WEB\XAMPP\htdocs\WebGis_kv\vendor\codeigniter4\framework\system\CodeIgniter.php(927): App\Controllers\View->dump()
#7 F:\WEB\XAMPP\htdocs\WebGis_kv\vendor\codeigniter4\framework\system\CodeIgniter.php(482): CodeIgniter\CodeIgniter->runController(Object(App\Controllers\View))
#8 F:\WEB\XAMPP\htdocs\WebGis_kv\vendor\codeigniter4\framework\system\CodeIgniter.php(351): CodeIgniter\CodeIgniter->handleRequest(NULL, Object(Config\Cache), false)
#9 F:\WEB\XAMPP\htdocs\WebGis_kv\public\index.php(67): CodeIgniter\CodeIgniter->run()
#10 F:\WEB\XAMPP\htdocs\WebGis_kv\vendor\codeigniter4\framework\system\Commands\Server\rewrite.php(46): require_once('F:\\WEB\\XAMPP\\ht...')
#11 {main}
CRITICAL - 2022-12-25 08:56:49 --> Duplicate entry '0' for key 'PRIMARY'
in SYSTEMPATH\Database\MySQLi\Connection.php on line 292.
 1 SYSTEMPATH\Database\MySQLi\Connection.php(292): mysqli->query('INSERT INTO `tbl_jam_operasional` (`close_time`, `hari`, `kafe_id`, `open_time`) VALUES (\'08:59\',\'Senin\',\'109\',\'07:59\'), (\'08:59\',\'Selasa\',\'109\',\'07:59\'), (\'08:59\',\'Rabu\',\'109\',\'07:59\'), (\'08:59\',\'Kamis\',\'109\',\'07:59\'), (\'08:59\',\'Jumat\',\'109\',\'07:59\'), (\'\',\'Sabtu\',\'109\',\'\'), (\'\',\'Minggu\',\'109\',\'\')', 0)
 2 SYSTEMPATH\Database\BaseConnection.php(666): CodeIgniter\Database\MySQLi\Connection->execute('INSERT INTO `tbl_jam_operasional` (`close_time`, `hari`, `kafe_id`, `open_time`) VALUES (\'08:59\',\'Senin\',\'109\',\'07:59\'), (\'08:59\',\'Selasa\',\'109\',\'07:59\'), (\'08:59\',\'Rabu\',\'109\',\'07:59\'), (\'08:59\',\'Kamis\',\'109\',\'07:59\'), (\'08:59\',\'Jumat\',\'109\',\'07:59\'), (\'\',\'Sabtu\',\'109\',\'\'), (\'\',\'Minggu\',\'109\',\'\')')
 3 SYSTEMPATH\Database\BaseConnection.php(593): CodeIgniter\Database\BaseConnection->simpleQuery('INSERT INTO `tbl_jam_operasional` (`close_time`, `hari`, `kafe_id`, `open_time`) VALUES (\'08:59\',\'Senin\',\'109\',\'07:59\'), (\'08:59\',\'Selasa\',\'109\',\'07:59\'), (\'08:59\',\'Rabu\',\'109\',\'07:59\'), (\'08:59\',\'Kamis\',\'109\',\'07:59\'), (\'08:59\',\'Jumat\',\'109\',\'07:59\'), (\'\',\'Sabtu\',\'109\',\'\'), (\'\',\'Minggu\',\'109\',\'\')')
 4 SYSTEMPATH\Database\BaseBuilder.php(1778): CodeIgniter\Database\BaseConnection->query('INSERT INTO `tbl_jam_operasional` (`close_time`, `hari`, `kafe_id`, `open_time`) VALUES (\'08:59\',\'Senin\',\'109\',\'07:59\'), (\'08:59\',\'Selasa\',\'109\',\'07:59\'), (\'08:59\',\'Rabu\',\'109\',\'07:59\'), (\'08:59\',\'Kamis\',\'109\',\'07:59\'), (\'08:59\',\'Jumat\',\'109\',\'07:59\'), (\'\',\'Sabtu\',\'109\',\'\'), (\'\',\'Minggu\',\'109\',\'\')', null, false)
 5 APPPATH\Models\ModelKv.php(83): CodeIgniter\Database\BaseBuilder->insertBatch([...])
 6 APPPATH\Controllers\View.php(93): App\Models\ModelKv->addTime([...])
 7 SYSTEMPATH\CodeIgniter.php(927): App\Controllers\View->dump()
 8 SYSTEMPATH\CodeIgniter.php(482): CodeIgniter\CodeIgniter->runController(Object(App\Controllers\View))
 9 SYSTEMPATH\CodeIgniter.php(351): CodeIgniter\CodeIgniter->handleRequest(null, Object(Config\Cache), false)
10 FCPATH\index.php(67): CodeIgniter\CodeIgniter->run()
11 SYSTEMPATH\Commands\Server\rewrite.php(46): require_once('FCPATH\\index.php')
CRITICAL - 2022-12-25 09:06:05 --> array_keys(): Argument #1 ($array) must be of type array, string given
in SYSTEMPATH\Database\BaseBuilder.php on line 1820.
 1 SYSTEMPATH\Database\BaseBuilder.php(1820): array_keys('111')
 2 SYSTEMPATH\Database\BaseBuilder.php(1770): CodeIgniter\Database\BaseBuilder->setInsertBatch([...], 'ROOTPATH\\public', true)
 3 APPPATH\Models\ModelKv.php(83): CodeIgniter\Database\BaseBuilder->insertBatch([...])
 4 APPPATH\Controllers\View.php(99): App\Models\ModelKv->addTime([...])
 5 SYSTEMPATH\CodeIgniter.php(927): App\Controllers\View->dump()
 6 SYSTEMPATH\CodeIgniter.php(482): CodeIgniter\CodeIgniter->runController(Object(App\Controllers\View))
 7 SYSTEMPATH\CodeIgniter.php(351): CodeIgniter\CodeIgniter->handleRequest(null, Object(Config\Cache), false)
 8 FCPATH\index.php(67): CodeIgniter\CodeIgniter->run()
 9 SYSTEMPATH\Commands\Server\rewrite.php(46): require_once('FCPATH\\index.php')
CRITICAL - 2022-12-25 09:06:16 --> array_keys(): Argument #1 ($array) must be of type array, string given
in SYSTEMPATH\Database\BaseBuilder.php on line 1820.
 1 SYSTEMPATH\Database\BaseBuilder.php(1820): array_keys('111')
 2 SYSTEMPATH\Database\BaseBuilder.php(1770): CodeIgniter\Database\BaseBuilder->setInsertBatch([...], 'ROOTPATH\\public', true)
 3 APPPATH\Models\ModelKv.php(83): CodeIgniter\Database\BaseBuilder->insertBatch([...])
 4 APPPATH\Controllers\View.php(99): App\Models\ModelKv->addTime([...])
 5 SYSTEMPATH\CodeIgniter.php(927): App\Controllers\View->dump()
 6 SYSTEMPATH\CodeIgniter.php(482): CodeIgniter\CodeIgniter->runController(Object(App\Controllers\View))
 7 SYSTEMPATH\CodeIgniter.php(351): CodeIgniter\CodeIgniter->handleRequest(null, Object(Config\Cache), false)
 8 FCPATH\index.php(67): CodeIgniter\CodeIgniter->run()
 9 SYSTEMPATH\Commands\Server\rewrite.php(46): require_once('FCPATH\\index.php')
CRITICAL - 2022-12-25 09:06:45 --> array_keys(): Argument #1 ($array) must be of type array, string given
in SYSTEMPATH\Database\BaseBuilder.php on line 1820.
 1 SYSTEMPATH\Database\BaseBuilder.php(1820): array_keys('111')
 2 SYSTEMPATH\Database\BaseBuilder.php(1770): CodeIgniter\Database\BaseBuilder->setInsertBatch([...], 'ROOTPATH\\public', true)
 3 APPPATH\Models\ModelKv.php(83): CodeIgniter\Database\BaseBuilder->insertBatch([...])
 4 APPPATH\Controllers\View.php(99): App\Models\ModelKv->addTime([...])
 5 SYSTEMPATH\CodeIgniter.php(927): App\Controllers\View->dump()
 6 SYSTEMPATH\CodeIgniter.php(482): CodeIgniter\CodeIgniter->runController(Object(App\Controllers\View))
 7 SYSTEMPATH\CodeIgniter.php(351): CodeIgniter\CodeIgniter->handleRequest(null, Object(Config\Cache), false)
 8 FCPATH\index.php(67): CodeIgniter\CodeIgniter->run()
 9 SYSTEMPATH\Commands\Server\rewrite.php(46): require_once('FCPATH\\index.php')
CRITICAL - 2022-12-25 09:08:32 --> array_keys(): Argument #1 ($array) must be of type array, string given
in SYSTEMPATH\Database\BaseBuilder.php on line 1820.
 1 SYSTEMPATH\Database\BaseBuilder.php(1820): array_keys('111')
 2 SYSTEMPATH\Database\BaseBuilder.php(1770): CodeIgniter\Database\BaseBuilder->setInsertBatch([...], 'ROOTPATH\\public', true)
 3 APPPATH\Models\ModelKv.php(83): CodeIgniter\Database\BaseBuilder->insertBatch([...])
 4 APPPATH\Controllers\View.php(99): App\Models\ModelKv->addTime([...])
 5 SYSTEMPATH\CodeIgniter.php(927): App\Controllers\View->dump()
 6 SYSTEMPATH\CodeIgniter.php(482): CodeIgniter\CodeIgniter->runController(Object(App\Controllers\View))
 7 SYSTEMPATH\CodeIgniter.php(351): CodeIgniter\CodeIgniter->handleRequest(null, Object(Config\Cache), false)
 8 FCPATH\index.php(67): CodeIgniter\CodeIgniter->run()
 9 SYSTEMPATH\Commands\Server\rewrite.php(46): require_once('FCPATH\\index.php')
CRITICAL - 2022-12-25 09:08:53 --> array_keys(): Argument #1 ($array) must be of type array, string given
in SYSTEMPATH\Database\BaseBuilder.php on line 1820.
 1 SYSTEMPATH\Database\BaseBuilder.php(1820): array_keys('111')
 2 SYSTEMPATH\Database\BaseBuilder.php(1770): CodeIgniter\Database\BaseBuilder->setInsertBatch([...], 'ROOTPATH\\public', true)
 3 APPPATH\Models\ModelKv.php(83): CodeIgniter\Database\BaseBuilder->insertBatch([...])
 4 APPPATH\Controllers\View.php(99): App\Models\ModelKv->addTime([...])
 5 SYSTEMPATH\CodeIgniter.php(927): App\Controllers\View->dump()
 6 SYSTEMPATH\CodeIgniter.php(482): CodeIgniter\CodeIgniter->runController(Object(App\Controllers\View))
 7 SYSTEMPATH\CodeIgniter.php(351): CodeIgniter\CodeIgniter->handleRequest(null, Object(Config\Cache), false)
 8 FCPATH\index.php(67): CodeIgniter\CodeIgniter->run()
 9 SYSTEMPATH\Commands\Server\rewrite.php(46): require_once('FCPATH\\index.php')
CRITICAL - 2022-12-25 09:09:05 --> array_keys(): Argument #1 ($array) must be of type array, string given
in SYSTEMPATH\Database\BaseBuilder.php on line 1820.
 1 SYSTEMPATH\Database\BaseBuilder.php(1820): array_keys('ROOTPATH\\public')
 2 SYSTEMPATH\Database\BaseBuilder.php(1770): CodeIgniter\Database\BaseBuilder->setInsertBatch([...], 'ROOTPATH\\public', true)
 3 APPPATH\Models\ModelKv.php(83): CodeIgniter\Database\BaseBuilder->insertBatch([...])
 4 APPPATH\Controllers\View.php(99): App\Models\ModelKv->addTime([...])
 5 SYSTEMPATH\CodeIgniter.php(927): App\Controllers\View->dump()
 6 SYSTEMPATH\CodeIgniter.php(482): CodeIgniter\CodeIgniter->runController(Object(App\Controllers\View))
 7 SYSTEMPATH\CodeIgniter.php(351): CodeIgniter\CodeIgniter->handleRequest(null, Object(Config\Cache), false)
 8 FCPATH\index.php(67): CodeIgniter\CodeIgniter->run()
 9 SYSTEMPATH\Commands\Server\rewrite.php(46): require_once('FCPATH\\index.php')
CRITICAL - 2022-12-25 10:04:52 --> [] operator not supported for strings
in APPPATH\Controllers\View.php on line 65.
 1 SYSTEMPATH\CodeIgniter.php(927): App\Controllers\View->dump()
 2 SYSTEMPATH\CodeIgniter.php(482): CodeIgniter\CodeIgniter->runController(Object(App\Controllers\View))
 3 SYSTEMPATH\CodeIgniter.php(351): CodeIgniter\CodeIgniter->handleRequest(null, Object(Config\Cache), false)
 4 FCPATH\index.php(67): CodeIgniter\CodeIgniter->run()
 5 SYSTEMPATH\Commands\Server\rewrite.php(46): require_once('FCPATH\\index.php')
CRITICAL - 2022-12-25 10:04:57 --> [] operator not supported for strings
in APPPATH\Controllers\View.php on line 65.
 1 SYSTEMPATH\CodeIgniter.php(927): App\Controllers\View->dump()
 2 SYSTEMPATH\CodeIgniter.php(482): CodeIgniter\CodeIgniter->runController(Object(App\Controllers\View))
 3 SYSTEMPATH\CodeIgniter.php(351): CodeIgniter\CodeIgniter->handleRequest(null, Object(Config\Cache), false)
 4 FCPATH\index.php(67): CodeIgniter\CodeIgniter->run()
 5 SYSTEMPATH\Commands\Server\rewrite.php(46): require_once('FCPATH\\index.php')
CRITICAL - 2022-12-25 10:05:19 --> foreach() argument must be of type array|object, null given
in APPPATH\Controllers\View.php on line 74.
 1 APPPATH\Controllers\View.php(74): CodeIgniter\Debug\Exceptions->errorHandler(2, 'foreach() argument must be of type array|object, null given', 'APPPATH\\Controllers\\View.php', 74)
 2 SYSTEMPATH\CodeIgniter.php(927): App\Controllers\View->dump()
 3 SYSTEMPATH\CodeIgniter.php(482): CodeIgniter\CodeIgniter->runController(Object(App\Controllers\View))
 4 SYSTEMPATH\CodeIgniter.php(351): CodeIgniter\CodeIgniter->handleRequest(null, Object(Config\Cache), false)
 5 FCPATH\index.php(67): CodeIgniter\CodeIgniter->run()
 6 SYSTEMPATH\Commands\Server\rewrite.php(46): require_once('FCPATH\\index.php')
CRITICAL - 2022-12-25 10:05:40 --> foreach() argument must be of type array|object, null given
in APPPATH\Controllers\View.php on line 74.
 1 APPPATH\Controllers\View.php(74): CodeIgniter\Debug\Exceptions->errorHandler(2, 'foreach() argument must be of type array|object, null given', 'APPPATH\\Controllers\\View.php', 74)
 2 SYSTEMPATH\CodeIgniter.php(927): App\Controllers\View->dump()
 3 SYSTEMPATH\CodeIgniter.php(482): CodeIgniter\CodeIgniter->runController(Object(App\Controllers\View))
 4 SYSTEMPATH\CodeIgniter.php(351): CodeIgniter\CodeIgniter->handleRequest(null, Object(Config\Cache), false)
 5 FCPATH\index.php(67): CodeIgniter\CodeIgniter->run()
 6 SYSTEMPATH\Commands\Server\rewrite.php(46): require_once('FCPATH\\index.php')
CRITICAL - 2022-12-25 10:07:17 --> [] operator not supported for strings
in APPPATH\Controllers\View.php on line 65.
 1 SYSTEMPATH\CodeIgniter.php(927): App\Controllers\View->dump()
 2 SYSTEMPATH\CodeIgniter.php(482): CodeIgniter\CodeIgniter->runController(Object(App\Controllers\View))
 3 SYSTEMPATH\CodeIgniter.php(351): CodeIgniter\CodeIgniter->handleRequest(null, Object(Config\Cache), false)
 4 FCPATH\index.php(67): CodeIgniter\CodeIgniter->run()
 5 SYSTEMPATH\Commands\Server\rewrite.php(46): require_once('FCPATH\\index.php')
CRITICAL - 2022-12-25 12:01:34 --> Trying to access array offset on value of type int
in APPPATH\Controllers\Admin.php on line 344.
 1 APPPATH\Controllers\Admin.php(344): CodeIgniter\Debug\Exceptions->errorHandler(2, 'Trying to access array offset on value of type int', 'APPPATH\\Controllers\\Admin.php', 344)
 2 SYSTEMPATH\CodeIgniter.php(927): App\Controllers\Admin->tambah_Kafe()
 3 SYSTEMPATH\CodeIgniter.php(482): CodeIgniter\CodeIgniter->runController(Object(App\Controllers\Admin))
 4 SYSTEMPATH\CodeIgniter.php(351): CodeIgniter\CodeIgniter->handleRequest(null, Object(Config\Cache), false)
 5 FCPATH\index.php(67): CodeIgniter\CodeIgniter->run()
 6 SYSTEMPATH\Commands\Server\rewrite.php(46): require_once('FCPATH\\index.php')
CRITICAL - 2022-12-25 12:02:05 --> Trying to access array offset on value of type int
in APPPATH\Controllers\Admin.php on line 344.
 1 APPPATH\Controllers\Admin.php(344): CodeIgniter\Debug\Exceptions->errorHandler(2, 'Trying to access array offset on value of type int', 'APPPATH\\Controllers\\Admin.php', 344)
 2 SYSTEMPATH\CodeIgniter.php(927): App\Controllers\Admin->tambah_Kafe()
 3 SYSTEMPATH\CodeIgniter.php(482): CodeIgniter\CodeIgniter->runController(Object(App\Controllers\Admin))
 4 SYSTEMPATH\CodeIgniter.php(351): CodeIgniter\CodeIgniter->handleRequest(null, Object(Config\Cache), false)
 5 FCPATH\index.php(67): CodeIgniter\CodeIgniter->run()
 6 SYSTEMPATH\Commands\Server\rewrite.php(46): require_once('FCPATH\\index.php')
