CRITICAL - 2023-05-22 00:03:06 --> Undefined property: stdClass::$date_updated
in APPPATH\Views\admin\dashboard.php on line 299.
 1 APPPATH\Views\admin\dashboard.php(299): CodeIgniter\Debug\Exceptions->errorHandler(2, 'Undefined property: stdClass::$date_updated', 'APPPATH\\Views\\admin\\dashboard.php', 299)
 2 SYSTEMPATH\View\View.php(213): include('APPPATH\\Views\\admin\\dashboard.php')
 3 SYSTEMPATH\View\View.php(216): CodeIgniter\View\View->CodeIgniter\View\{closure}()
 4 SYSTEMPATH\Common.php(1134): CodeIgniter\View\View->render('admin/dashboard', [], true)
 5 APPPATH\Controllers\Admin.php(51): view('admin/dashboard', [...])
 6 SYSTEMPATH\CodeIgniter.php(927): App\Controllers\Admin->index()
 7 SYSTEMPATH\CodeIgniter.php(482): CodeIgniter\CodeIgniter->runController(Object(App\Controllers\Admin))
 8 SYSTEMPATH\CodeIgniter.php(351): CodeIgniter\CodeIgniter->handleRequest(null, Object(Config\Cache), false)
 9 FCPATH\index.php(67): CodeIgniter\CodeIgniter->run()
10 SYSTEMPATH\Commands\Server\rewrite.php(46): require_once('FCPATH\\index.php')
CRITICAL - 2023-05-22 00:04:18 --> Undefined property: stdClass::$date_updated
in APPPATH\Views\admin\dashboard.php on line 299.
 1 APPPATH\Views\admin\dashboard.php(299): CodeIgniter\Debug\Exceptions->errorHandler(2, 'Undefined property: stdClass::$date_updated', 'APPPATH\\Views\\admin\\dashboard.php', 299)
 2 SYSTEMPATH\View\View.php(213): include('APPPATH\\Views\\admin\\dashboard.php')
 3 SYSTEMPATH\View\View.php(216): CodeIgniter\View\View->CodeIgniter\View\{closure}()
 4 SYSTEMPATH\Common.php(1134): CodeIgniter\View\View->render('admin/dashboard', [], true)
 5 APPPATH\Controllers\Admin.php(51): view('admin/dashboard', [...])
 6 SYSTEMPATH\CodeIgniter.php(927): App\Controllers\Admin->index()
 7 SYSTEMPATH\CodeIgniter.php(482): CodeIgniter\CodeIgniter->runController(Object(App\Controllers\Admin))
 8 SYSTEMPATH\CodeIgniter.php(351): CodeIgniter\CodeIgniter->handleRequest(null, Object(Config\Cache), false)
 9 FCPATH\index.php(67): CodeIgniter\CodeIgniter->run()
10 SYSTEMPATH\Commands\Server\rewrite.php(46): require_once('FCPATH\\index.php')
CRITICAL - 2023-05-22 00:04:43 --> Undefined property: stdClass::$date_updated
in APPPATH\Views\admin\dashboard.php on line 299.
 1 APPPATH\Views\admin\dashboard.php(299): CodeIgniter\Debug\Exceptions->errorHandler(2, 'Undefined property: stdClass::$date_updated', 'APPPATH\\Views\\admin\\dashboard.php', 299)
 2 SYSTEMPATH\View\View.php(213): include('APPPATH\\Views\\admin\\dashboard.php')
 3 SYSTEMPATH\View\View.php(216): CodeIgniter\View\View->CodeIgniter\View\{closure}()
 4 SYSTEMPATH\Common.php(1134): CodeIgniter\View\View->render('admin/dashboard', [], true)
 5 APPPATH\Controllers\Admin.php(51): view('admin/dashboard', [...])
 6 SYSTEMPATH\CodeIgniter.php(927): App\Controllers\Admin->index()
 7 SYSTEMPATH\CodeIgniter.php(482): CodeIgniter\CodeIgniter->runController(Object(App\Controllers\Admin))
 8 SYSTEMPATH\CodeIgniter.php(351): CodeIgniter\CodeIgniter->handleRequest(null, Object(Config\Cache), false)
 9 FCPATH\index.php(67): CodeIgniter\CodeIgniter->run()
10 SYSTEMPATH\Commands\Server\rewrite.php(46): require_once('FCPATH\\index.php')
CRITICAL - 2023-05-22 00:05:18 --> Undefined property: stdClass::$date_updated
in APPPATH\Views\admin\dashboard.php on line 299.
 1 APPPATH\Views\admin\dashboard.php(299): CodeIgniter\Debug\Exceptions->errorHandler(2, 'Undefined property: stdClass::$date_updated', 'APPPATH\\Views\\admin\\dashboard.php', 299)
 2 SYSTEMPATH\View\View.php(213): include('APPPATH\\Views\\admin\\dashboard.php')
 3 SYSTEMPATH\View\View.php(216): CodeIgniter\View\View->CodeIgniter\View\{closure}()
 4 SYSTEMPATH\Common.php(1134): CodeIgniter\View\View->render('admin/dashboard', [], true)
 5 APPPATH\Controllers\Admin.php(51): view('admin/dashboard', [...])
 6 SYSTEMPATH\CodeIgniter.php(927): App\Controllers\Admin->index()
 7 SYSTEMPATH\CodeIgniter.php(482): CodeIgniter\CodeIgniter->runController(Object(App\Controllers\Admin))
 8 SYSTEMPATH\CodeIgniter.php(351): CodeIgniter\CodeIgniter->handleRequest(null, Object(Config\Cache), false)
 9 FCPATH\index.php(67): CodeIgniter\CodeIgniter->run()
10 SYSTEMPATH\Commands\Server\rewrite.php(46): require_once('FCPATH\\index.php')
CRITICAL - 2023-05-22 00:13:02 --> Undefined variable $S
in APPPATH\Views\admin\dashboard.php on line 341.
 1 APPPATH\Views\admin\dashboard.php(341): CodeIgniter\Debug\Exceptions->errorHandler(2, 'Undefined variable $S', 'APPPATH\\Views\\admin\\dashboard.php', 341)
 2 SYSTEMPATH\View\View.php(213): include('APPPATH\\Views\\admin\\dashboard.php')
 3 SYSTEMPATH\View\View.php(216): CodeIgniter\View\View->CodeIgniter\View\{closure}()
 4 SYSTEMPATH\Common.php(1134): CodeIgniter\View\View->render('admin/dashboard', [], true)
 5 APPPATH\Controllers\Admin.php(51): view('admin/dashboard', [...])
 6 SYSTEMPATH\CodeIgniter.php(927): App\Controllers\Admin->index()
 7 SYSTEMPATH\CodeIgniter.php(482): CodeIgniter\CodeIgniter->runController(Object(App\Controllers\Admin))
 8 SYSTEMPATH\CodeIgniter.php(351): CodeIgniter\CodeIgniter->handleRequest(null, Object(Config\Cache), false)
 9 FCPATH\index.php(67): CodeIgniter\CodeIgniter->run()
10 SYSTEMPATH\Commands\Server\rewrite.php(46): require_once('FCPATH\\index.php')
CRITICAL - 2023-05-22 00:17:59 --> Attempt to read property "id_kafe" on null
in APPPATH\Views\admin\updateKafe.php on line 63.
 1 APPPATH\Views\admin\updateKafe.php(63): CodeIgniter\Debug\Exceptions->errorHandler(2, 'Attempt to read property "id_kafe" on null', 'APPPATH\\Views\\admin\\updateKafe.php', 63)
 2 SYSTEMPATH\View\View.php(213): include('APPPATH\\Views\\admin\\updateKafe.php')
 3 SYSTEMPATH\View\View.php(216): CodeIgniter\View\View->CodeIgniter\View\{closure}()
 4 SYSTEMPATH\Common.php(1134): CodeIgniter\View\View->render('admin/updateKafe', [], true)
 5 APPPATH\Controllers\Admin.php(302): view('admin/updateKafe', [...])
 6 SYSTEMPATH\CodeIgniter.php(927): App\Controllers\Admin->editKafe('205')
 7 SYSTEMPATH\CodeIgniter.php(482): CodeIgniter\CodeIgniter->runController(Object(App\Controllers\Admin))
 8 SYSTEMPATH\CodeIgniter.php(351): CodeIgniter\CodeIgniter->handleRequest(null, Object(Config\Cache), false)
 9 FCPATH\index.php(67): CodeIgniter\CodeIgniter->run()
10 SYSTEMPATH\Commands\Server\rewrite.php(46): require_once('FCPATH\\index.php')
CRITICAL - 2023-05-22 00:18:53 --> Attempt to read property "id_kafe" on null
in APPPATH\Views\admin\updateKafe.php on line 63.
 1 APPPATH\Views\admin\updateKafe.php(63): CodeIgniter\Debug\Exceptions->errorHandler(2, 'Attempt to read property "id_kafe" on null', 'APPPATH\\Views\\admin\\updateKafe.php', 63)
 2 SYSTEMPATH\View\View.php(213): include('APPPATH\\Views\\admin\\updateKafe.php')
 3 SYSTEMPATH\View\View.php(216): CodeIgniter\View\View->CodeIgniter\View\{closure}()
 4 SYSTEMPATH\Common.php(1134): CodeIgniter\View\View->render('admin/updateKafe', [], true)
 5 APPPATH\Controllers\Admin.php(302): view('admin/updateKafe', [...])
 6 SYSTEMPATH\CodeIgniter.php(927): App\Controllers\Admin->editKafe('205')
 7 SYSTEMPATH\CodeIgniter.php(482): CodeIgniter\CodeIgniter->runController(Object(App\Controllers\Admin))
 8 SYSTEMPATH\CodeIgniter.php(351): CodeIgniter\CodeIgniter->handleRequest(null, Object(Config\Cache), false)
 9 FCPATH\index.php(67): CodeIgniter\CodeIgniter->run()
10 SYSTEMPATH\Commands\Server\rewrite.php(46): require_once('FCPATH\\index.php')
CRITICAL - 2023-05-22 00:21:13 --> Attempt to read property "id_kafe" on null
in APPPATH\Views\admin\updateKafe.php on line 63.
 1 APPPATH\Views\admin\updateKafe.php(63): CodeIgniter\Debug\Exceptions->errorHandler(2, 'Attempt to read property "id_kafe" on null', 'APPPATH\\Views\\admin\\updateKafe.php', 63)
 2 SYSTEMPATH\View\View.php(213): include('APPPATH\\Views\\admin\\updateKafe.php')
 3 SYSTEMPATH\View\View.php(216): CodeIgniter\View\View->CodeIgniter\View\{closure}()
 4 SYSTEMPATH\Common.php(1134): CodeIgniter\View\View->render('admin/updateKafe', [], true)
 5 APPPATH\Controllers\Admin.php(302): view('admin/updateKafe', [...])
 6 SYSTEMPATH\CodeIgniter.php(927): App\Controllers\Admin->editKafe('205')
 7 SYSTEMPATH\CodeIgniter.php(482): CodeIgniter\CodeIgniter->runController(Object(App\Controllers\Admin))
 8 SYSTEMPATH\CodeIgniter.php(351): CodeIgniter\CodeIgniter->handleRequest(null, Object(Config\Cache), false)
 9 FCPATH\index.php(67): CodeIgniter\CodeIgniter->run()
10 SYSTEMPATH\Commands\Server\rewrite.php(46): require_once('FCPATH\\index.php')
CRITICAL - 2023-05-22 00:25:29 --> Undefined variable $S
in APPPATH\Views\admin\dashboard.php on line 347.
 1 APPPATH\Views\admin\dashboard.php(347): CodeIgniter\Debug\Exceptions->errorHandler(2, 'Undefined variable $S', 'APPPATH\\Views\\admin\\dashboard.php', 347)
 2 SYSTEMPATH\View\View.php(213): include('APPPATH\\Views\\admin\\dashboard.php')
 3 SYSTEMPATH\View\View.php(216): CodeIgniter\View\View->CodeIgniter\View\{closure}()
 4 SYSTEMPATH\Common.php(1134): CodeIgniter\View\View->render('admin/dashboard', [], true)
 5 APPPATH\Controllers\Admin.php(51): view('admin/dashboard', [...])
 6 SYSTEMPATH\CodeIgniter.php(927): App\Controllers\Admin->index()
 7 SYSTEMPATH\CodeIgniter.php(482): CodeIgniter\CodeIgniter->runController(Object(App\Controllers\Admin))
 8 SYSTEMPATH\CodeIgniter.php(351): CodeIgniter\CodeIgniter->handleRequest(null, Object(Config\Cache), false)
 9 FCPATH\index.php(67): CodeIgniter\CodeIgniter->run()
10 SYSTEMPATH\Commands\Server\rewrite.php(46): require_once('FCPATH\\index.php')
CRITICAL - 2023-05-22 00:30:46 --> Undefined variable $S
in APPPATH\Views\admin\dashboard.php on line 353.
 1 APPPATH\Views\admin\dashboard.php(353): CodeIgniter\Debug\Exceptions->errorHandler(2, 'Undefined variable $S', 'APPPATH\\Views\\admin\\dashboard.php', 353)
 2 SYSTEMPATH\View\View.php(213): include('APPPATH\\Views\\admin\\dashboard.php')
 3 SYSTEMPATH\View\View.php(216): CodeIgniter\View\View->CodeIgniter\View\{closure}()
 4 SYSTEMPATH\Common.php(1134): CodeIgniter\View\View->render('admin/dashboard', [], true)
 5 APPPATH\Controllers\Admin.php(51): view('admin/dashboard', [...])
 6 SYSTEMPATH\CodeIgniter.php(927): App\Controllers\Admin->index()
 7 SYSTEMPATH\CodeIgniter.php(482): CodeIgniter\CodeIgniter->runController(Object(App\Controllers\Admin))
 8 SYSTEMPATH\CodeIgniter.php(351): CodeIgniter\CodeIgniter->handleRequest(null, Object(Config\Cache), false)
 9 FCPATH\index.php(67): CodeIgniter\CodeIgniter->run()
10 SYSTEMPATH\Commands\Server\rewrite.php(46): require_once('FCPATH\\index.php')
CRITICAL - 2023-05-22 00:31:45 --> Undefined variable $S
in APPPATH\Views\admin\dashboard.php on line 353.
 1 APPPATH\Views\admin\dashboard.php(353): CodeIgniter\Debug\Exceptions->errorHandler(2, 'Undefined variable $S', 'APPPATH\\Views\\admin\\dashboard.php', 353)
 2 SYSTEMPATH\View\View.php(213): include('APPPATH\\Views\\admin\\dashboard.php')
 3 SYSTEMPATH\View\View.php(216): CodeIgniter\View\View->CodeIgniter\View\{closure}()
 4 SYSTEMPATH\Common.php(1134): CodeIgniter\View\View->render('admin/dashboard', [], true)
 5 APPPATH\Controllers\Admin.php(51): view('admin/dashboard', [...])
 6 SYSTEMPATH\CodeIgniter.php(927): App\Controllers\Admin->index()
 7 SYSTEMPATH\CodeIgniter.php(482): CodeIgniter\CodeIgniter->runController(Object(App\Controllers\Admin))
 8 SYSTEMPATH\CodeIgniter.php(351): CodeIgniter\CodeIgniter->handleRequest(null, Object(Config\Cache), false)
 9 FCPATH\index.php(67): CodeIgniter\CodeIgniter->run()
10 SYSTEMPATH\Commands\Server\rewrite.php(46): require_once('FCPATH\\index.php')
CRITICAL - 2023-05-22 00:32:04 --> Undefined variable $S
in APPPATH\Views\admin\dashboard.php on line 353.
 1 APPPATH\Views\admin\dashboard.php(353): CodeIgniter\Debug\Exceptions->errorHandler(2, 'Undefined variable $S', 'APPPATH\\Views\\admin\\dashboard.php', 353)
 2 SYSTEMPATH\View\View.php(213): include('APPPATH\\Views\\admin\\dashboard.php')
 3 SYSTEMPATH\View\View.php(216): CodeIgniter\View\View->CodeIgniter\View\{closure}()
 4 SYSTEMPATH\Common.php(1134): CodeIgniter\View\View->render('admin/dashboard', [], true)
 5 APPPATH\Controllers\Admin.php(51): view('admin/dashboard', [...])
 6 SYSTEMPATH\CodeIgniter.php(927): App\Controllers\Admin->index()
 7 SYSTEMPATH\CodeIgniter.php(482): CodeIgniter\CodeIgniter->runController(Object(App\Controllers\Admin))
 8 SYSTEMPATH\CodeIgniter.php(351): CodeIgniter\CodeIgniter->handleRequest(null, Object(Config\Cache), false)
 9 FCPATH\index.php(67): CodeIgniter\CodeIgniter->run()
10 SYSTEMPATH\Commands\Server\rewrite.php(46): require_once('FCPATH\\index.php')
CRITICAL - 2023-05-22 00:33:27 --> Undefined property: stdClass::$username
in APPPATH\Views\admin\dashboard.php on line 436.
 1 APPPATH\Views\admin\dashboard.php(436): CodeIgniter\Debug\Exceptions->errorHandler(2, 'Undefined property: stdClass::$username', 'APPPATH\\Views\\admin\\dashboard.php', 436)
 2 SYSTEMPATH\View\View.php(213): include('APPPATH\\Views\\admin\\dashboard.php')
 3 SYSTEMPATH\View\View.php(216): CodeIgniter\View\View->CodeIgniter\View\{closure}()
 4 SYSTEMPATH\Common.php(1134): CodeIgniter\View\View->render('admin/dashboard', [], true)
 5 APPPATH\Controllers\Admin.php(51): view('admin/dashboard', [...])
 6 SYSTEMPATH\CodeIgniter.php(927): App\Controllers\Admin->index()
 7 SYSTEMPATH\CodeIgniter.php(482): CodeIgniter\CodeIgniter->runController(Object(App\Controllers\Admin))
 8 SYSTEMPATH\CodeIgniter.php(351): CodeIgniter\CodeIgniter->handleRequest(null, Object(Config\Cache), false)
 9 FCPATH\index.php(67): CodeIgniter\CodeIgniter->run()
10 SYSTEMPATH\Commands\Server\rewrite.php(46): require_once('FCPATH\\index.php')
CRITICAL - 2023-05-22 00:33:56 --> Undefined property: stdClass::$username
in APPPATH\Views\admin\dashboard.php on line 436.
 1 APPPATH\Views\admin\dashboard.php(436): CodeIgniter\Debug\Exceptions->errorHandler(2, 'Undefined property: stdClass::$username', 'APPPATH\\Views\\admin\\dashboard.php', 436)
 2 SYSTEMPATH\View\View.php(213): include('APPPATH\\Views\\admin\\dashboard.php')
 3 SYSTEMPATH\View\View.php(216): CodeIgniter\View\View->CodeIgniter\View\{closure}()
 4 SYSTEMPATH\Common.php(1134): CodeIgniter\View\View->render('admin/dashboard', [], true)
 5 APPPATH\Controllers\Admin.php(51): view('admin/dashboard', [...])
 6 SYSTEMPATH\CodeIgniter.php(927): App\Controllers\Admin->index()
 7 SYSTEMPATH\CodeIgniter.php(482): CodeIgniter\CodeIgniter->runController(Object(App\Controllers\Admin))
 8 SYSTEMPATH\CodeIgniter.php(351): CodeIgniter\CodeIgniter->handleRequest(null, Object(Config\Cache), false)
 9 FCPATH\index.php(67): CodeIgniter\CodeIgniter->run()
10 SYSTEMPATH\Commands\Server\rewrite.php(46): require_once('FCPATH\\index.php')
CRITICAL - 2023-05-22 00:34:02 --> Undefined property: stdClass::$username
in APPPATH\Views\admin\dashboard.php on line 436.
 1 APPPATH\Views\admin\dashboard.php(436): CodeIgniter\Debug\Exceptions->errorHandler(2, 'Undefined property: stdClass::$username', 'APPPATH\\Views\\admin\\dashboard.php', 436)
 2 SYSTEMPATH\View\View.php(213): include('APPPATH\\Views\\admin\\dashboard.php')
 3 SYSTEMPATH\View\View.php(216): CodeIgniter\View\View->CodeIgniter\View\{closure}()
 4 SYSTEMPATH\Common.php(1134): CodeIgniter\View\View->render('admin/dashboard', [], true)
 5 APPPATH\Controllers\Admin.php(51): view('admin/dashboard', [...])
 6 SYSTEMPATH\CodeIgniter.php(927): App\Controllers\Admin->index()
 7 SYSTEMPATH\CodeIgniter.php(482): CodeIgniter\CodeIgniter->runController(Object(App\Controllers\Admin))
 8 SYSTEMPATH\CodeIgniter.php(351): CodeIgniter\CodeIgniter->handleRequest(null, Object(Config\Cache), false)
 9 FCPATH\index.php(67): CodeIgniter\CodeIgniter->run()
10 SYSTEMPATH\Commands\Server\rewrite.php(46): require_once('FCPATH\\index.php')
CRITICAL - 2023-05-22 12:21:02 --> Too few arguments to function App\Controllers\Api::pndg(), 0 passed in F:\WEB\XAMPP\htdocs\WebGis_kv\vendor\codeigniter4\framework\system\CodeIgniter.php on line 927 and exactly 1 expected
in APPPATH\Controllers\Api.php on line 113.
 1 SYSTEMPATH\CodeIgniter.php(927): App\Controllers\Api->pndg()
 2 SYSTEMPATH\CodeIgniter.php(482): CodeIgniter\CodeIgniter->runController(Object(App\Controllers\Api))
 3 SYSTEMPATH\CodeIgniter.php(351): CodeIgniter\CodeIgniter->handleRequest(null, Object(Config\Cache), false)
 4 FCPATH\index.php(67): CodeIgniter\CodeIgniter->run()
 5 SYSTEMPATH\Commands\Server\rewrite.php(46): require_once('FCPATH\\index.php')
CRITICAL - 2023-05-22 12:21:08 --> Undefined variable $geojson
in APPPATH\Controllers\Api.php on line 158.
 1 APPPATH\Controllers\Api.php(158): CodeIgniter\Debug\Exceptions->errorHandler(2, 'Undefined variable $geojson', 'APPPATH\\Controllers\\Api.php', 158)
 2 SYSTEMPATH\CodeIgniter.php(927): App\Controllers\Api->pndg('2')
 3 SYSTEMPATH\CodeIgniter.php(482): CodeIgniter\CodeIgniter->runController(Object(App\Controllers\Api))
 4 SYSTEMPATH\CodeIgniter.php(351): CodeIgniter\CodeIgniter->handleRequest(null, Object(Config\Cache), false)
 5 FCPATH\index.php(67): CodeIgniter\CodeIgniter->run()
 6 SYSTEMPATH\Commands\Server\rewrite.php(46): require_once('FCPATH\\index.php')
CRITICAL - 2023-05-22 12:21:38 --> Undefined variable $geojson
in APPPATH\Controllers\Api.php on line 158.
 1 APPPATH\Controllers\Api.php(158): CodeIgniter\Debug\Exceptions->errorHandler(2, 'Undefined variable $geojson', 'APPPATH\\Controllers\\Api.php', 158)
 2 SYSTEMPATH\CodeIgniter.php(927): App\Controllers\Api->pndg('6')
 3 SYSTEMPATH\CodeIgniter.php(482): CodeIgniter\CodeIgniter->runController(Object(App\Controllers\Api))
 4 SYSTEMPATH\CodeIgniter.php(351): CodeIgniter\CodeIgniter->handleRequest(null, Object(Config\Cache), false)
 5 FCPATH\index.php(67): CodeIgniter\CodeIgniter->run()
 6 SYSTEMPATH\Commands\Server\rewrite.php(46): require_once('FCPATH\\index.php')
CRITICAL - 2023-05-22 12:21:42 --> Undefined variable $geojson
in APPPATH\Controllers\Api.php on line 158.
 1 APPPATH\Controllers\Api.php(158): CodeIgniter\Debug\Exceptions->errorHandler(2, 'Undefined variable $geojson', 'APPPATH\\Controllers\\Api.php', 158)
 2 SYSTEMPATH\CodeIgniter.php(927): App\Controllers\Api->pndg('1')
 3 SYSTEMPATH\CodeIgniter.php(482): CodeIgniter\CodeIgniter->runController(Object(App\Controllers\Api))
 4 SYSTEMPATH\CodeIgniter.php(351): CodeIgniter\CodeIgniter->handleRequest(null, Object(Config\Cache), false)
 5 FCPATH\index.php(67): CodeIgniter\CodeIgniter->run()
 6 SYSTEMPATH\Commands\Server\rewrite.php(46): require_once('FCPATH\\index.php')
CRITICAL - 2023-05-22 12:21:55 --> Undefined variable $geojson
in APPPATH\Controllers\Api.php on line 158.
 1 APPPATH\Controllers\Api.php(158): CodeIgniter\Debug\Exceptions->errorHandler(2, 'Undefined variable $geojson', 'APPPATH\\Controllers\\Api.php', 158)
 2 SYSTEMPATH\CodeIgniter.php(927): App\Controllers\Api->pndg('2')
 3 SYSTEMPATH\CodeIgniter.php(482): CodeIgniter\CodeIgniter->runController(Object(App\Controllers\Api))
 4 SYSTEMPATH\CodeIgniter.php(351): CodeIgniter\CodeIgniter->handleRequest(null, Object(Config\Cache), false)
 5 FCPATH\index.php(67): CodeIgniter\CodeIgniter->run()
 6 SYSTEMPATH\Commands\Server\rewrite.php(46): require_once('FCPATH\\index.php')
CRITICAL - 2023-05-22 12:22:47 --> Undefined variable $geojson
in APPPATH\Controllers\Api.php on line 158.
 1 APPPATH\Controllers\Api.php(158): CodeIgniter\Debug\Exceptions->errorHandler(2, 'Undefined variable $geojson', 'APPPATH\\Controllers\\Api.php', 158)
 2 SYSTEMPATH\CodeIgniter.php(927): App\Controllers\Api->pndg('2')
 3 SYSTEMPATH\CodeIgniter.php(482): CodeIgniter\CodeIgniter->runController(Object(App\Controllers\Api))
 4 SYSTEMPATH\CodeIgniter.php(351): CodeIgniter\CodeIgniter->handleRequest(null, Object(Config\Cache), false)
 5 FCPATH\index.php(67): CodeIgniter\CodeIgniter->run()
 6 SYSTEMPATH\Commands\Server\rewrite.php(46): require_once('FCPATH\\index.php')
CRITICAL - 2023-05-22 12:22:48 --> Undefined variable $geojson
in APPPATH\Controllers\Api.php on line 158.
 1 APPPATH\Controllers\Api.php(158): CodeIgniter\Debug\Exceptions->errorHandler(2, 'Undefined variable $geojson', 'APPPATH\\Controllers\\Api.php', 158)
 2 SYSTEMPATH\CodeIgniter.php(927): App\Controllers\Api->pndg('2')
 3 SYSTEMPATH\CodeIgniter.php(482): CodeIgniter\CodeIgniter->runController(Object(App\Controllers\Api))
 4 SYSTEMPATH\CodeIgniter.php(351): CodeIgniter\CodeIgniter->handleRequest(null, Object(Config\Cache), false)
 5 FCPATH\index.php(67): CodeIgniter\CodeIgniter->run()
 6 SYSTEMPATH\Commands\Server\rewrite.php(46): require_once('FCPATH\\index.php')
CRITICAL - 2023-05-22 12:23:26 --> Undefined variable $gj
in APPPATH\Controllers\Api.php on line 158.
 1 APPPATH\Controllers\Api.php(158): CodeIgniter\Debug\Exceptions->errorHandler(2, 'Undefined variable $gj', 'APPPATH\\Controllers\\Api.php', 158)
 2 SYSTEMPATH\CodeIgniter.php(927): App\Controllers\Api->pndg('2')
 3 SYSTEMPATH\CodeIgniter.php(482): CodeIgniter\CodeIgniter->runController(Object(App\Controllers\Api))
 4 SYSTEMPATH\CodeIgniter.php(351): CodeIgniter\CodeIgniter->handleRequest(null, Object(Config\Cache), false)
 5 FCPATH\index.php(67): CodeIgniter\CodeIgniter->run()
 6 SYSTEMPATH\Commands\Server\rewrite.php(46): require_once('FCPATH\\index.php')
CRITICAL - 2023-05-22 12:24:26 --> Undefined variable $geojson
in APPPATH\Controllers\Api.php on line 158.
 1 APPPATH\Controllers\Api.php(158): CodeIgniter\Debug\Exceptions->errorHandler(2, 'Undefined variable $geojson', 'APPPATH\\Controllers\\Api.php', 158)
 2 SYSTEMPATH\CodeIgniter.php(927): App\Controllers\Api->pndg('2')
 3 SYSTEMPATH\CodeIgniter.php(482): CodeIgniter\CodeIgniter->runController(Object(App\Controllers\Api))
 4 SYSTEMPATH\CodeIgniter.php(351): CodeIgniter\CodeIgniter->handleRequest(null, Object(Config\Cache), false)
 5 FCPATH\index.php(67): CodeIgniter\CodeIgniter->run()
 6 SYSTEMPATH\Commands\Server\rewrite.php(46): require_once('FCPATH\\index.php')
CRITICAL - 2023-05-22 12:38:24 --> Undefined variable $skafe
in APPPATH\Views\admin\dashboard.php on line 270.
 1 APPPATH\Views\admin\dashboard.php(270): CodeIgniter\Debug\Exceptions->errorHandler(2, 'Undefined variable $skafe', 'APPPATH\\Views\\admin\\dashboard.php', 270)
 2 SYSTEMPATH\View\View.php(213): include('APPPATH\\Views\\admin\\dashboard.php')
 3 SYSTEMPATH\View\View.php(216): CodeIgniter\View\View->CodeIgniter\View\{closure}()
 4 SYSTEMPATH\Common.php(1134): CodeIgniter\View\View->render('admin/dashboard', [], true)
 5 APPPATH\Controllers\Admin.php(51): view('admin/dashboard', [...])
 6 SYSTEMPATH\CodeIgniter.php(927): App\Controllers\Admin->index()
 7 SYSTEMPATH\CodeIgniter.php(482): CodeIgniter\CodeIgniter->runController(Object(App\Controllers\Admin))
 8 SYSTEMPATH\CodeIgniter.php(351): CodeIgniter\CodeIgniter->handleRequest(null, Object(Config\Cache), false)
 9 FCPATH\index.php(67): CodeIgniter\CodeIgniter->run()
10 SYSTEMPATH\Commands\Server\rewrite.php(46): require_once('FCPATH\\index.php')
CRITICAL - 2023-05-22 12:39:21 --> Undefined variable $skafe
in APPPATH\Views\admin\dashboard.php on line 276.
 1 APPPATH\Views\admin\dashboard.php(276): CodeIgniter\Debug\Exceptions->errorHandler(2, 'Undefined variable $skafe', 'APPPATH\\Views\\admin\\dashboard.php', 276)
 2 SYSTEMPATH\View\View.php(213): include('APPPATH\\Views\\admin\\dashboard.php')
 3 SYSTEMPATH\View\View.php(216): CodeIgniter\View\View->CodeIgniter\View\{closure}()
 4 SYSTEMPATH\Common.php(1134): CodeIgniter\View\View->render('admin/dashboard', [], true)
 5 APPPATH\Controllers\Admin.php(51): view('admin/dashboard', [...])
 6 SYSTEMPATH\CodeIgniter.php(927): App\Controllers\Admin->index()
 7 SYSTEMPATH\CodeIgniter.php(482): CodeIgniter\CodeIgniter->runController(Object(App\Controllers\Admin))
 8 SYSTEMPATH\CodeIgniter.php(351): CodeIgniter\CodeIgniter->handleRequest(null, Object(Config\Cache), false)
 9 FCPATH\index.php(67): CodeIgniter\CodeIgniter->run()
10 SYSTEMPATH\Commands\Server\rewrite.php(46): require_once('FCPATH\\index.php')
CRITICAL - 2023-05-22 12:43:04 --> Undefined variable $geojson
in APPPATH\Controllers\Api.php on line 111.
 1 APPPATH\Controllers\Api.php(111): CodeIgniter\Debug\Exceptions->errorHandler(2, 'Undefined variable $geojson', 'APPPATH\\Controllers\\Api.php', 111)
 2 SYSTEMPATH\CodeIgniter.php(927): App\Controllers\Api->pndg('3')
 3 SYSTEMPATH\CodeIgniter.php(482): CodeIgniter\CodeIgniter->runController(Object(App\Controllers\Api))
 4 SYSTEMPATH\CodeIgniter.php(351): CodeIgniter\CodeIgniter->handleRequest(null, Object(Config\Cache), false)
 5 FCPATH\index.php(67): CodeIgniter\CodeIgniter->run()
 6 SYSTEMPATH\Commands\Server\rewrite.php(46): require_once('FCPATH\\index.php')
CRITICAL - 2023-05-22 12:43:32 --> Undefined variable $geojson
in APPPATH\Controllers\Api.php on line 111.
 1 APPPATH\Controllers\Api.php(111): CodeIgniter\Debug\Exceptions->errorHandler(2, 'Undefined variable $geojson', 'APPPATH\\Controllers\\Api.php', 111)
 2 SYSTEMPATH\CodeIgniter.php(927): App\Controllers\Api->pndg('3')
 3 SYSTEMPATH\CodeIgniter.php(482): CodeIgniter\CodeIgniter->runController(Object(App\Controllers\Api))
 4 SYSTEMPATH\CodeIgniter.php(351): CodeIgniter\CodeIgniter->handleRequest(null, Object(Config\Cache), false)
 5 FCPATH\index.php(67): CodeIgniter\CodeIgniter->run()
 6 SYSTEMPATH\Commands\Server\rewrite.php(46): require_once('FCPATH\\index.php')
CRITICAL - 2023-05-22 12:43:34 --> Undefined variable $geojson
in APPPATH\Controllers\Api.php on line 111.
 1 APPPATH\Controllers\Api.php(111): CodeIgniter\Debug\Exceptions->errorHandler(2, 'Undefined variable $geojson', 'APPPATH\\Controllers\\Api.php', 111)
 2 SYSTEMPATH\CodeIgniter.php(927): App\Controllers\Api->pndg('1')
 3 SYSTEMPATH\CodeIgniter.php(482): CodeIgniter\CodeIgniter->runController(Object(App\Controllers\Api))
 4 SYSTEMPATH\CodeIgniter.php(351): CodeIgniter\CodeIgniter->handleRequest(null, Object(Config\Cache), false)
 5 FCPATH\index.php(67): CodeIgniter\CodeIgniter->run()
 6 SYSTEMPATH\Commands\Server\rewrite.php(46): require_once('FCPATH\\index.php')
CRITICAL - 2023-05-22 12:43:36 --> Undefined variable $geojson
in APPPATH\Controllers\Api.php on line 111.
 1 APPPATH\Controllers\Api.php(111): CodeIgniter\Debug\Exceptions->errorHandler(2, 'Undefined variable $geojson', 'APPPATH\\Controllers\\Api.php', 111)
 2 SYSTEMPATH\CodeIgniter.php(927): App\Controllers\Api->pndg('2')
 3 SYSTEMPATH\CodeIgniter.php(482): CodeIgniter\CodeIgniter->runController(Object(App\Controllers\Api))
 4 SYSTEMPATH\CodeIgniter.php(351): CodeIgniter\CodeIgniter->handleRequest(null, Object(Config\Cache), false)
 5 FCPATH\index.php(67): CodeIgniter\CodeIgniter->run()
 6 SYSTEMPATH\Commands\Server\rewrite.php(46): require_once('FCPATH\\index.php')
CRITICAL - 2023-05-22 12:43:38 --> Too few arguments to function App\Controllers\Api::pndg(), 0 passed in F:\WEB\XAMPP\htdocs\WebGis_kv\vendor\codeigniter4\framework\system\CodeIgniter.php on line 927 and exactly 1 expected
in APPPATH\Controllers\Api.php on line 66.
 1 SYSTEMPATH\CodeIgniter.php(927): App\Controllers\Api->pndg()
 2 SYSTEMPATH\CodeIgniter.php(482): CodeIgniter\CodeIgniter->runController(Object(App\Controllers\Api))
 3 SYSTEMPATH\CodeIgniter.php(351): CodeIgniter\CodeIgniter->handleRequest(null, Object(Config\Cache), false)
 4 FCPATH\index.php(67): CodeIgniter\CodeIgniter->run()
 5 SYSTEMPATH\Commands\Server\rewrite.php(46): require_once('FCPATH\\index.php')
CRITICAL - 2023-05-22 12:43:42 --> Undefined variable $geojson
in APPPATH\Controllers\Api.php on line 111.
 1 APPPATH\Controllers\Api.php(111): CodeIgniter\Debug\Exceptions->errorHandler(2, 'Undefined variable $geojson', 'APPPATH\\Controllers\\Api.php', 111)
 2 SYSTEMPATH\CodeIgniter.php(927): App\Controllers\Api->pndg('3')
 3 SYSTEMPATH\CodeIgniter.php(482): CodeIgniter\CodeIgniter->runController(Object(App\Controllers\Api))
 4 SYSTEMPATH\CodeIgniter.php(351): CodeIgniter\CodeIgniter->handleRequest(null, Object(Config\Cache), false)
 5 FCPATH\index.php(67): CodeIgniter\CodeIgniter->run()
 6 SYSTEMPATH\Commands\Server\rewrite.php(46): require_once('FCPATH\\index.php')
CRITICAL - 2023-05-22 12:51:22 --> syntax error, unexpected token "}"
in APPPATH\Views\admin\dashboard.php on line 236.
 1 SYSTEMPATH\View\View.php(216): CodeIgniter\View\View->CodeIgniter\View\{closure}()
 2 SYSTEMPATH\Common.php(1134): CodeIgniter\View\View->render('admin/dashboard', [], true)
 3 APPPATH\Controllers\Admin.php(49): view('admin/dashboard', [...])
 4 SYSTEMPATH\CodeIgniter.php(927): App\Controllers\Admin->index()
 5 SYSTEMPATH\CodeIgniter.php(482): CodeIgniter\CodeIgniter->runController(Object(App\Controllers\Admin))
 6 SYSTEMPATH\CodeIgniter.php(351): CodeIgniter\CodeIgniter->handleRequest(null, Object(Config\Cache), false)
 7 FCPATH\index.php(67): CodeIgniter\CodeIgniter->run()
 8 SYSTEMPATH\Commands\Server\rewrite.php(46): require_once('FCPATH\\index.php')
CRITICAL - 2023-05-22 12:54:34 --> Cannot use object of type stdClass as array
in APPPATH\Views\admin\dashboard.php on line 236.
 1 SYSTEMPATH\View\View.php(213): include()
 2 SYSTEMPATH\View\View.php(216): CodeIgniter\View\View->CodeIgniter\View\{closure}()
 3 SYSTEMPATH\Common.php(1134): CodeIgniter\View\View->render('admin/dashboard', [], true)
 4 APPPATH\Controllers\Admin.php(49): view('admin/dashboard', [...])
 5 SYSTEMPATH\CodeIgniter.php(927): App\Controllers\Admin->index()
 6 SYSTEMPATH\CodeIgniter.php(482): CodeIgniter\CodeIgniter->runController(Object(App\Controllers\Admin))
 7 SYSTEMPATH\CodeIgniter.php(351): CodeIgniter\CodeIgniter->handleRequest(null, Object(Config\Cache), false)
 8 FCPATH\index.php(67): CodeIgniter\CodeIgniter->run()
 9 SYSTEMPATH\Commands\Server\rewrite.php(46): require_once('FCPATH\\index.php')
CRITICAL - 2023-05-22 12:54:49 --> Cannot use object of type stdClass as array
in APPPATH\Views\admin\dashboard.php on line 236.
 1 SYSTEMPATH\View\View.php(213): include()
 2 SYSTEMPATH\View\View.php(216): CodeIgniter\View\View->CodeIgniter\View\{closure}()
 3 SYSTEMPATH\Common.php(1134): CodeIgniter\View\View->render('admin/dashboard', [], true)
 4 APPPATH\Controllers\Admin.php(49): view('admin/dashboard', [...])
 5 SYSTEMPATH\CodeIgniter.php(927): App\Controllers\Admin->index()
 6 SYSTEMPATH\CodeIgniter.php(482): CodeIgniter\CodeIgniter->runController(Object(App\Controllers\Admin))
 7 SYSTEMPATH\CodeIgniter.php(351): CodeIgniter\CodeIgniter->handleRequest(null, Object(Config\Cache), false)
 8 FCPATH\index.php(67): CodeIgniter\CodeIgniter->run()
 9 SYSTEMPATH\Commands\Server\rewrite.php(46): require_once('FCPATH\\index.php')
CRITICAL - 2023-05-22 13:00:55 --> Undefined variable $pendingKafe
in APPPATH\Views\admin\dashboard.php on line 235.
 1 APPPATH\Views\admin\dashboard.php(235): CodeIgniter\Debug\Exceptions->errorHandler(2, 'Undefined variable $pendingKafe', 'APPPATH\\Views\\admin\\dashboard.php', 235)
 2 SYSTEMPATH\View\View.php(213): include('APPPATH\\Views\\admin\\dashboard.php')
 3 SYSTEMPATH\View\View.php(216): CodeIgniter\View\View->CodeIgniter\View\{closure}()
 4 SYSTEMPATH\Common.php(1134): CodeIgniter\View\View->render('admin/dashboard', [], true)
 5 APPPATH\Controllers\Admin.php(49): view('admin/dashboard', [...])
 6 SYSTEMPATH\CodeIgniter.php(927): App\Controllers\Admin->index()
 7 SYSTEMPATH\CodeIgniter.php(482): CodeIgniter\CodeIgniter->runController(Object(App\Controllers\Admin))
 8 SYSTEMPATH\CodeIgniter.php(351): CodeIgniter\CodeIgniter->handleRequest(null, Object(Config\Cache), false)
 9 FCPATH\index.php(67): CodeIgniter\CodeIgniter->run()
10 SYSTEMPATH\Commands\Server\rewrite.php(46): require_once('FCPATH\\index.php')
CRITICAL - 2023-05-22 13:02:00 --> Undefined array key 0
in APPPATH\Views\admin\dashboard.php on line 236.
 1 APPPATH\Views\admin\dashboard.php(236): CodeIgniter\Debug\Exceptions->errorHandler(2, 'Undefined array key 0', 'APPPATH\\Views\\admin\\dashboard.php', 236)
 2 SYSTEMPATH\View\View.php(213): include('APPPATH\\Views\\admin\\dashboard.php')
 3 SYSTEMPATH\View\View.php(216): CodeIgniter\View\View->CodeIgniter\View\{closure}()
 4 SYSTEMPATH\Common.php(1134): CodeIgniter\View\View->render('admin/dashboard', [], true)
 5 APPPATH\Controllers\Admin.php(49): view('admin/dashboard', [...])
 6 SYSTEMPATH\CodeIgniter.php(927): App\Controllers\Admin->index()
 7 SYSTEMPATH\CodeIgniter.php(482): CodeIgniter\CodeIgniter->runController(Object(App\Controllers\Admin))
 8 SYSTEMPATH\CodeIgniter.php(351): CodeIgniter\CodeIgniter->handleRequest(null, Object(Config\Cache), false)
 9 FCPATH\index.php(67): CodeIgniter\CodeIgniter->run()
10 SYSTEMPATH\Commands\Server\rewrite.php(46): require_once('FCPATH\\index.php')
CRITICAL - 2023-05-22 13:02:09 --> Undefined variable $pendingKafe
in APPPATH\Views\admin\dashboard.php on line 235.
 1 APPPATH\Views\admin\dashboard.php(235): CodeIgniter\Debug\Exceptions->errorHandler(2, 'Undefined variable $pendingKafe', 'APPPATH\\Views\\admin\\dashboard.php', 235)
 2 SYSTEMPATH\View\View.php(213): include('APPPATH\\Views\\admin\\dashboard.php')
 3 SYSTEMPATH\View\View.php(216): CodeIgniter\View\View->CodeIgniter\View\{closure}()
 4 SYSTEMPATH\Common.php(1134): CodeIgniter\View\View->render('admin/dashboard', [], true)
 5 APPPATH\Controllers\Admin.php(49): view('admin/dashboard', [...])
 6 SYSTEMPATH\CodeIgniter.php(927): App\Controllers\Admin->index()
 7 SYSTEMPATH\CodeIgniter.php(482): CodeIgniter\CodeIgniter->runController(Object(App\Controllers\Admin))
 8 SYSTEMPATH\CodeIgniter.php(351): CodeIgniter\CodeIgniter->handleRequest(null, Object(Config\Cache), false)
 9 FCPATH\index.php(67): CodeIgniter\CodeIgniter->run()
10 SYSTEMPATH\Commands\Server\rewrite.php(46): require_once('FCPATH\\index.php')
CRITICAL - 2023-05-22 13:02:25 --> Cannot use object of type stdClass as array
in APPPATH\Views\admin\dashboard.php on line 235.
 1 SYSTEMPATH\View\View.php(213): include()
 2 SYSTEMPATH\View\View.php(216): CodeIgniter\View\View->CodeIgniter\View\{closure}()
 3 SYSTEMPATH\Common.php(1134): CodeIgniter\View\View->render('admin/dashboard', [], true)
 4 APPPATH\Controllers\Admin.php(49): view('admin/dashboard', [...])
 5 SYSTEMPATH\CodeIgniter.php(927): App\Controllers\Admin->index()
 6 SYSTEMPATH\CodeIgniter.php(482): CodeIgniter\CodeIgniter->runController(Object(App\Controllers\Admin))
 7 SYSTEMPATH\CodeIgniter.php(351): CodeIgniter\CodeIgniter->handleRequest(null, Object(Config\Cache), false)
 8 FCPATH\index.php(67): CodeIgniter\CodeIgniter->run()
 9 SYSTEMPATH\Commands\Server\rewrite.php(46): require_once('FCPATH\\index.php')
CRITICAL - 2023-05-22 13:03:17 --> Cannot use object of type stdClass as array
in APPPATH\Views\admin\dashboard.php on line 236.
 1 SYSTEMPATH\View\View.php(213): include()
 2 SYSTEMPATH\View\View.php(216): CodeIgniter\View\View->CodeIgniter\View\{closure}()
 3 SYSTEMPATH\Common.php(1134): CodeIgniter\View\View->render('admin/dashboard', [], true)
 4 APPPATH\Controllers\Admin.php(49): view('admin/dashboard', [...])
 5 SYSTEMPATH\CodeIgniter.php(927): App\Controllers\Admin->index()
 6 SYSTEMPATH\CodeIgniter.php(482): CodeIgniter\CodeIgniter->runController(Object(App\Controllers\Admin))
 7 SYSTEMPATH\CodeIgniter.php(351): CodeIgniter\CodeIgniter->handleRequest(null, Object(Config\Cache), false)
 8 FCPATH\index.php(67): CodeIgniter\CodeIgniter->run()
 9 SYSTEMPATH\Commands\Server\rewrite.php(46): require_once('FCPATH\\index.php')
CRITICAL - 2023-05-22 13:03:58 --> Attempt to read property "stat_appv" on array
in APPPATH\Views\admin\dashboard.php on line 237.
 1 APPPATH\Views\admin\dashboard.php(237): CodeIgniter\Debug\Exceptions->errorHandler(2, 'Attempt to read property "stat_appv" on array', 'APPPATH\\Views\\admin\\dashboard.php', 237)
 2 SYSTEMPATH\View\View.php(213): include('APPPATH\\Views\\admin\\dashboard.php')
 3 SYSTEMPATH\View\View.php(216): CodeIgniter\View\View->CodeIgniter\View\{closure}()
 4 SYSTEMPATH\Common.php(1134): CodeIgniter\View\View->render('admin/dashboard', [], true)
 5 APPPATH\Controllers\Admin.php(49): view('admin/dashboard', [...])
 6 SYSTEMPATH\CodeIgniter.php(927): App\Controllers\Admin->index()
 7 SYSTEMPATH\CodeIgniter.php(482): CodeIgniter\CodeIgniter->runController(Object(App\Controllers\Admin))
 8 SYSTEMPATH\CodeIgniter.php(351): CodeIgniter\CodeIgniter->handleRequest(null, Object(Config\Cache), false)
 9 FCPATH\index.php(67): CodeIgniter\CodeIgniter->run()
10 SYSTEMPATH\Commands\Server\rewrite.php(46): require_once('FCPATH\\index.php')
CRITICAL - 2023-05-22 13:04:36 --> count(): Argument #1 ($var) must be of type Countable|array, null given
in APPPATH\Views\admin\dashboard.php on line 243.
 1 SYSTEMPATH\View\View.php(213): include()
 2 SYSTEMPATH\View\View.php(216): CodeIgniter\View\View->CodeIgniter\View\{closure}()
 3 SYSTEMPATH\Common.php(1134): CodeIgniter\View\View->render('admin/dashboard', [], true)
 4 APPPATH\Controllers\Admin.php(49): view('admin/dashboard', [...])
 5 SYSTEMPATH\CodeIgniter.php(927): App\Controllers\Admin->index()
 6 SYSTEMPATH\CodeIgniter.php(482): CodeIgniter\CodeIgniter->runController(Object(App\Controllers\Admin))
 7 SYSTEMPATH\CodeIgniter.php(351): CodeIgniter\CodeIgniter->handleRequest(null, Object(Config\Cache), false)
 8 FCPATH\index.php(67): CodeIgniter\CodeIgniter->run()
 9 SYSTEMPATH\Commands\Server\rewrite.php(46): require_once('FCPATH\\index.php')
CRITICAL - 2023-05-22 13:08:24 --> Call to undefined method App\Models\ModelKv::pendingKafe
in SYSTEMPATH\Model.php on line 774.
 1 APPPATH\Controllers\Api.php(68): CodeIgniter\Model->__call('pendingKafe', [...])
 2 SYSTEMPATH\CodeIgniter.php(927): App\Controllers\Api->pndg('3')
 3 SYSTEMPATH\CodeIgniter.php(482): CodeIgniter\CodeIgniter->runController(Object(App\Controllers\Api))
 4 SYSTEMPATH\CodeIgniter.php(351): CodeIgniter\CodeIgniter->handleRequest(null, Object(Config\Cache), false)
 5 FCPATH\index.php(67): CodeIgniter\CodeIgniter->run()
 6 SYSTEMPATH\Commands\Server\rewrite.php(46): require_once('FCPATH\\index.php')
CRITICAL - 2023-05-22 13:09:01 --> Undefined variable $geojson
in APPPATH\Controllers\Api.php on line 111.
 1 APPPATH\Controllers\Api.php(111): CodeIgniter\Debug\Exceptions->errorHandler(2, 'Undefined variable $geojson', 'APPPATH\\Controllers\\Api.php', 111)
 2 SYSTEMPATH\CodeIgniter.php(927): App\Controllers\Api->pndg('2')
 3 SYSTEMPATH\CodeIgniter.php(482): CodeIgniter\CodeIgniter->runController(Object(App\Controllers\Api))
 4 SYSTEMPATH\CodeIgniter.php(351): CodeIgniter\CodeIgniter->handleRequest(null, Object(Config\Cache), false)
 5 FCPATH\index.php(67): CodeIgniter\CodeIgniter->run()
 6 SYSTEMPATH\Commands\Server\rewrite.php(46): require_once('FCPATH\\index.php')
CRITICAL - 2023-05-22 20:36:48 --> Undefined variable $title
in APPPATH\Views\Auth\templates\index.php on line 5.
 1 APPPATH\Views\Auth\templates\index.php(5): CodeIgniter\Debug\Exceptions->errorHandler(2, 'Undefined variable $title', 'APPPATH\\Views\\Auth\\templates\\index.php', 5)
 2 SYSTEMPATH\View\View.php(213): include('APPPATH\\Views\\Auth\\templates\\index.php')
 3 SYSTEMPATH\View\View.php(216): CodeIgniter\View\View->CodeIgniter\View\{closure}()
 4 SYSTEMPATH\View\View.php(229): CodeIgniter\View\View->render('Auth/templates/index', [], true)
 5 SYSTEMPATH\Common.php(1134): CodeIgniter\View\View->render('App\\Views\\Auth\\forgot', [], true)
 6 VENDORPATH\myth\auth\src\Controllers\AuthController.php(415): view('App\\Views\\Auth\\forgot', [...])
 7 VENDORPATH\myth\auth\src\Controllers\AuthController.php(215): Myth\Auth\Controllers\AuthController->_render('App\\Views\\Auth\\forgot', [...], [...])
 8 SYSTEMPATH\CodeIgniter.php(927): Myth\Auth\Controllers\AuthController->forgotPassword()
 9 SYSTEMPATH\CodeIgniter.php(482): CodeIgniter\CodeIgniter->runController(Object(Myth\Auth\Controllers\AuthController))
10 SYSTEMPATH\CodeIgniter.php(351): CodeIgniter\CodeIgniter->handleRequest(null, Object(Config\Cache), false)
11 FCPATH\index.php(67): CodeIgniter\CodeIgniter->run()
12 SYSTEMPATH\Commands\Server\rewrite.php(46): require_once('FCPATH\\index.php')
CRITICAL - 2023-05-22 20:37:02 --> Undefined variable $title
in APPPATH\Views\Auth\templates\index.php on line 5.
 1 APPPATH\Views\Auth\templates\index.php(5): CodeIgniter\Debug\Exceptions->errorHandler(2, 'Undefined variable $title', 'APPPATH\\Views\\Auth\\templates\\index.php', 5)
 2 SYSTEMPATH\View\View.php(213): include('APPPATH\\Views\\Auth\\templates\\index.php')
 3 SYSTEMPATH\View\View.php(216): CodeIgniter\View\View->CodeIgniter\View\{closure}()
 4 SYSTEMPATH\View\View.php(229): CodeIgniter\View\View->render('Auth/templates/index', [], true)
 5 SYSTEMPATH\Common.php(1134): CodeIgniter\View\View->render('App\\Views\\Auth\\forgot', [], true)
 6 VENDORPATH\myth\auth\src\Controllers\AuthController.php(415): view('App\\Views\\Auth\\forgot', [...])
 7 VENDORPATH\myth\auth\src\Controllers\AuthController.php(215): Myth\Auth\Controllers\AuthController->_render('App\\Views\\Auth\\forgot', [...], [...])
 8 SYSTEMPATH\CodeIgniter.php(927): Myth\Auth\Controllers\AuthController->forgotPassword()
 9 SYSTEMPATH\CodeIgniter.php(482): CodeIgniter\CodeIgniter->runController(Object(Myth\Auth\Controllers\AuthController))
10 SYSTEMPATH\CodeIgniter.php(351): CodeIgniter\CodeIgniter->handleRequest(null, Object(Config\Cache), false)
11 FCPATH\index.php(67): CodeIgniter\CodeIgniter->run()
12 SYSTEMPATH\Commands\Server\rewrite.php(46): require_once('FCPATH\\index.php')
CRITICAL - 2023-05-22 20:37:41 --> syntax error, unexpected token ",", expecting "]"
in VENDORPATH\myth\auth\src\Controllers\AuthController.php on line 215.
 1 SYSTEMPATH\Autoloader\Autoloader.php(259): CodeIgniter\Autoloader\Autoloader->includeFile('VENDORPATH\\myth\\auth\\src\\Controllers\\AuthController.php')
 2 SYSTEMPATH\Autoloader\Autoloader.php(237): CodeIgniter\Autoloader\Autoloader->loadInNamespace('Myth\\Auth\\Controllers\\AuthController')
 3 [internal function]: CodeIgniter\Autoloader\Autoloader->loadClass('Myth\\Auth\\Controllers\\AuthController')
 4 SYSTEMPATH\CodeIgniter.php(877): class_exists('\\Myth\\Auth\\Controllers\\AuthController', true)
 5 SYSTEMPATH\CodeIgniter.php(469): CodeIgniter\CodeIgniter->startController()
 6 SYSTEMPATH\CodeIgniter.php(351): CodeIgniter\CodeIgniter->handleRequest(null, Object(Config\Cache), false)
 7 FCPATH\index.php(67): CodeIgniter\CodeIgniter->run()
 8 SYSTEMPATH\Commands\Server\rewrite.php(46): require_once('FCPATH\\index.php')
CRITICAL - 2023-05-22 20:39:32 --> Undefined variable $config
in APPPATH\Views\Auth\login.php on line 22.
 1 APPPATH\Views\Auth\login.php(22): CodeIgniter\Debug\Exceptions->errorHandler(2, 'Undefined variable $config', 'APPPATH\\Views\\Auth\\login.php', 22)
 2 SYSTEMPATH\View\View.php(213): include('APPPATH\\Views\\Auth\\login.php')
 3 SYSTEMPATH\View\View.php(216): CodeIgniter\View\View->CodeIgniter\View\{closure}()
 4 SYSTEMPATH\Common.php(1134): CodeIgniter\View\View->render('App\\Views\\Auth\\login', [], true)
 5 VENDORPATH\myth\auth\src\Controllers\AuthController.php(423): view('App\\Views\\Auth\\login', [...])
 6 VENDORPATH\myth\auth\src\Controllers\AuthController.php(62): Myth\Auth\Controllers\AuthController->_render('App\\Views\\Auth\\login', [...], [...])
 7 SYSTEMPATH\CodeIgniter.php(927): Myth\Auth\Controllers\AuthController->login()
 8 SYSTEMPATH\CodeIgniter.php(482): CodeIgniter\CodeIgniter->runController(Object(Myth\Auth\Controllers\AuthController))
 9 SYSTEMPATH\CodeIgniter.php(351): CodeIgniter\CodeIgniter->handleRequest(null, Object(Config\Cache), false)
10 FCPATH\index.php(67): CodeIgniter\CodeIgniter->run()
11 SYSTEMPATH\Commands\Server\rewrite.php(46): require_once('FCPATH\\index.php')
CRITICAL - 2023-05-22 20:39:50 --> Undefined variable $config
in APPPATH\Views\Auth\login.php on line 22.
 1 APPPATH\Views\Auth\login.php(22): CodeIgniter\Debug\Exceptions->errorHandler(2, 'Undefined variable $config', 'APPPATH\\Views\\Auth\\login.php', 22)
 2 SYSTEMPATH\View\View.php(213): include('APPPATH\\Views\\Auth\\login.php')
 3 SYSTEMPATH\View\View.php(216): CodeIgniter\View\View->CodeIgniter\View\{closure}()
 4 SYSTEMPATH\Common.php(1134): CodeIgniter\View\View->render('App\\Views\\Auth\\login', [], true)
 5 VENDORPATH\myth\auth\src\Controllers\AuthController.php(423): view('App\\Views\\Auth\\login', [...])
 6 VENDORPATH\myth\auth\src\Controllers\AuthController.php(62): Myth\Auth\Controllers\AuthController->_render('App\\Views\\Auth\\login', [...], [...])
 7 SYSTEMPATH\CodeIgniter.php(927): Myth\Auth\Controllers\AuthController->login()
 8 SYSTEMPATH\CodeIgniter.php(482): CodeIgniter\CodeIgniter->runController(Object(Myth\Auth\Controllers\AuthController))
 9 SYSTEMPATH\CodeIgniter.php(351): CodeIgniter\CodeIgniter->handleRequest(null, Object(Config\Cache), false)
10 FCPATH\index.php(67): CodeIgniter\CodeIgniter->run()
11 SYSTEMPATH\Commands\Server\rewrite.php(46): require_once('FCPATH\\index.php')
CRITICAL - 2023-05-22 20:40:11 --> Undefined variable $title
in APPPATH\Views\Auth\templates\index.php on line 5.
 1 APPPATH\Views\Auth\templates\index.php(5): CodeIgniter\Debug\Exceptions->errorHandler(2, 'Undefined variable $title', 'APPPATH\\Views\\Auth\\templates\\index.php', 5)
 2 SYSTEMPATH\View\View.php(213): include('APPPATH\\Views\\Auth\\templates\\index.php')
 3 SYSTEMPATH\View\View.php(216): CodeIgniter\View\View->CodeIgniter\View\{closure}()
 4 SYSTEMPATH\View\View.php(229): CodeIgniter\View\View->render('Auth/templates/index', [], true)
 5 SYSTEMPATH\Common.php(1134): CodeIgniter\View\View->render('App\\Views\\Auth\\login', [], true)
 6 VENDORPATH\myth\auth\src\Controllers\AuthController.php(421): view('App\\Views\\Auth\\login', [...])
 7 VENDORPATH\myth\auth\src\Controllers\AuthController.php(60): Myth\Auth\Controllers\AuthController->_render('App\\Views\\Auth\\login', [...])
 8 SYSTEMPATH\CodeIgniter.php(927): Myth\Auth\Controllers\AuthController->login()
 9 SYSTEMPATH\CodeIgniter.php(482): CodeIgniter\CodeIgniter->runController(Object(Myth\Auth\Controllers\AuthController))
10 SYSTEMPATH\CodeIgniter.php(351): CodeIgniter\CodeIgniter->handleRequest(null, Object(Config\Cache), false)
11 FCPATH\index.php(67): CodeIgniter\CodeIgniter->run()
12 SYSTEMPATH\Commands\Server\rewrite.php(46): require_once('FCPATH\\index.php')
CRITICAL - 2023-05-22 20:41:16 --> Undefined variable $config
in APPPATH\Views\Auth\login.php on line 22.
 1 APPPATH\Views\Auth\login.php(22): CodeIgniter\Debug\Exceptions->errorHandler(2, 'Undefined variable $config', 'APPPATH\\Views\\Auth\\login.php', 22)
 2 SYSTEMPATH\View\View.php(213): include('APPPATH\\Views\\Auth\\login.php')
 3 SYSTEMPATH\View\View.php(216): CodeIgniter\View\View->CodeIgniter\View\{closure}()
 4 SYSTEMPATH\Common.php(1134): CodeIgniter\View\View->render('App\\Views\\Auth\\login', [], true)
 5 VENDORPATH\myth\auth\src\Controllers\AuthController.php(423): view('App\\Views\\Auth\\login', [...])
 6 VENDORPATH\myth\auth\src\Controllers\AuthController.php(62): Myth\Auth\Controllers\AuthController->_render('App\\Views\\Auth\\login', [...], [...])
 7 SYSTEMPATH\CodeIgniter.php(927): Myth\Auth\Controllers\AuthController->login()
 8 SYSTEMPATH\CodeIgniter.php(482): CodeIgniter\CodeIgniter->runController(Object(Myth\Auth\Controllers\AuthController))
 9 SYSTEMPATH\CodeIgniter.php(351): CodeIgniter\CodeIgniter->handleRequest(null, Object(Config\Cache), false)
10 FCPATH\index.php(67): CodeIgniter\CodeIgniter->run()
11 SYSTEMPATH\Commands\Server\rewrite.php(46): require_once('FCPATH\\index.php')
CRITICAL - 2023-05-22 20:42:01 --> Undefined variable $title
in APPPATH\Views\Auth\templates\index.php on line 5.
 1 APPPATH\Views\Auth\templates\index.php(5): CodeIgniter\Debug\Exceptions->errorHandler(2, 'Undefined variable $title', 'APPPATH\\Views\\Auth\\templates\\index.php', 5)
 2 SYSTEMPATH\View\View.php(213): include('APPPATH\\Views\\Auth\\templates\\index.php')
 3 SYSTEMPATH\View\View.php(216): CodeIgniter\View\View->CodeIgniter\View\{closure}()
 4 SYSTEMPATH\View\View.php(229): CodeIgniter\View\View->render('Auth/templates/index', [], true)
 5 SYSTEMPATH\Common.php(1134): CodeIgniter\View\View->render('App\\Views\\Auth\\login', [], true)
 6 VENDORPATH\myth\auth\src\Controllers\AuthController.php(423): view('App\\Views\\Auth\\login', [...])
 7 VENDORPATH\myth\auth\src\Controllers\AuthController.php(62): Myth\Auth\Controllers\AuthController->_render('App\\Views\\Auth\\login', [...])
 8 SYSTEMPATH\CodeIgniter.php(927): Myth\Auth\Controllers\AuthController->login()
 9 SYSTEMPATH\CodeIgniter.php(482): CodeIgniter\CodeIgniter->runController(Object(Myth\Auth\Controllers\AuthController))
10 SYSTEMPATH\CodeIgniter.php(351): CodeIgniter\CodeIgniter->handleRequest(null, Object(Config\Cache), false)
11 FCPATH\index.php(67): CodeIgniter\CodeIgniter->run()
12 SYSTEMPATH\Commands\Server\rewrite.php(46): require_once('FCPATH\\index.php')
CRITICAL - 2023-05-22 20:42:08 --> Undefined variable $title
in APPPATH\Views\Auth\templates\index.php on line 5.
 1 APPPATH\Views\Auth\templates\index.php(5): CodeIgniter\Debug\Exceptions->errorHandler(2, 'Undefined variable $title', 'APPPATH\\Views\\Auth\\templates\\index.php', 5)
 2 SYSTEMPATH\View\View.php(213): include('APPPATH\\Views\\Auth\\templates\\index.php')
 3 SYSTEMPATH\View\View.php(216): CodeIgniter\View\View->CodeIgniter\View\{closure}()
 4 SYSTEMPATH\View\View.php(229): CodeIgniter\View\View->render('Auth/templates/index', [], true)
 5 SYSTEMPATH\Common.php(1134): CodeIgniter\View\View->render('App\\Views\\Auth\\login', [], true)
 6 VENDORPATH\myth\auth\src\Controllers\AuthController.php(423): view('App\\Views\\Auth\\login', [...])
 7 VENDORPATH\myth\auth\src\Controllers\AuthController.php(62): Myth\Auth\Controllers\AuthController->_render('App\\Views\\Auth\\login', [...], [...])
 8 SYSTEMPATH\CodeIgniter.php(927): Myth\Auth\Controllers\AuthController->login()
 9 SYSTEMPATH\CodeIgniter.php(482): CodeIgniter\CodeIgniter->runController(Object(Myth\Auth\Controllers\AuthController))
10 SYSTEMPATH\CodeIgniter.php(351): CodeIgniter\CodeIgniter->handleRequest(null, Object(Config\Cache), false)
11 FCPATH\index.php(67): CodeIgniter\CodeIgniter->run()
12 SYSTEMPATH\Commands\Server\rewrite.php(46): require_once('FCPATH\\index.php')
CRITICAL - 2023-05-22 20:46:59 --> Undefined variable $title
in APPPATH\Views\Auth\templates\index.php on line 5.
 1 APPPATH\Views\Auth\templates\index.php(5): CodeIgniter\Debug\Exceptions->errorHandler(2, 'Undefined variable $title', 'APPPATH\\Views\\Auth\\templates\\index.php', 5)
 2 SYSTEMPATH\View\View.php(213): include('APPPATH\\Views\\Auth\\templates\\index.php')
 3 SYSTEMPATH\View\View.php(216): CodeIgniter\View\View->CodeIgniter\View\{closure}()
 4 SYSTEMPATH\View\View.php(229): CodeIgniter\View\View->render('Auth/templates/index', [], true)
 5 SYSTEMPATH\Common.php(1134): CodeIgniter\View\View->render('App\\Views\\Auth\\login', [], true)
 6 VENDORPATH\myth\auth\src\Controllers\AuthController.php(419): view('App\\Views\\Auth\\login', [...])
 7 VENDORPATH\myth\auth\src\Controllers\AuthController.php(58): Myth\Auth\Controllers\AuthController->_render('App\\Views\\Auth\\login', [...])
 8 SYSTEMPATH\CodeIgniter.php(927): Myth\Auth\Controllers\AuthController->login()
 9 SYSTEMPATH\CodeIgniter.php(482): CodeIgniter\CodeIgniter->runController(Object(Myth\Auth\Controllers\AuthController))
10 SYSTEMPATH\CodeIgniter.php(351): CodeIgniter\CodeIgniter->handleRequest(null, Object(Config\Cache), false)
11 FCPATH\index.php(67): CodeIgniter\CodeIgniter->run()
12 SYSTEMPATH\Commands\Server\rewrite.php(46): require_once('FCPATH\\index.php')
CRITICAL - 2023-05-22 20:59:09 --> Undefined property: stdClass::$username
in APPPATH\Views\page\kafeDetail.php on line 149.
 1 APPPATH\Views\page\kafeDetail.php(149): CodeIgniter\Debug\Exceptions->errorHandler(2, 'Undefined property: stdClass::$username', 'APPPATH\\Views\\page\\kafeDetail.php', 149)
 2 SYSTEMPATH\View\View.php(213): include('APPPATH\\Views\\page\\kafeDetail.php')
 3 SYSTEMPATH\View\View.php(216): CodeIgniter\View\View->CodeIgniter\View\{closure}()
 4 SYSTEMPATH\Common.php(1134): CodeIgniter\View\View->render('page/kafeDetail', [], true)
 5 APPPATH\Controllers\Kafe.php(49): view('page/kafeDetail', [...])
 6 SYSTEMPATH\CodeIgniter.php(927): App\Controllers\Kafe->detail('203')
 7 SYSTEMPATH\CodeIgniter.php(482): CodeIgniter\CodeIgniter->runController(Object(App\Controllers\Kafe))
 8 SYSTEMPATH\CodeIgniter.php(351): CodeIgniter\CodeIgniter->handleRequest(null, Object(Config\Cache), false)
 9 FCPATH\index.php(67): CodeIgniter\CodeIgniter->run()
10 SYSTEMPATH\Commands\Server\rewrite.php(46): require_once('FCPATH\\index.php')
ERROR - 2023-05-22 21:01:50 --> mysqli_sql_exception: Column 'created_at' in field list is ambiguous in F:\WEB\XAMPP\htdocs\WebGis_kv\vendor\codeigniter4\framework\system\Database\MySQLi\Connection.php:292
Stack trace:
#0 F:\WEB\XAMPP\htdocs\WebGis_kv\vendor\codeigniter4\framework\system\Database\MySQLi\Connection.php(292): mysqli->query('SELECT `tbl_kaf...', 0)
#1 F:\WEB\XAMPP\htdocs\WebGis_kv\vendor\codeigniter4\framework\system\Database\BaseConnection.php(666): CodeIgniter\Database\MySQLi\Connection->execute('SELECT `tbl_kaf...')
#2 F:\WEB\XAMPP\htdocs\WebGis_kv\vendor\codeigniter4\framework\system\Database\BaseConnection.php(593): CodeIgniter\Database\BaseConnection->simpleQuery('SELECT `tbl_kaf...')
#3 F:\WEB\XAMPP\htdocs\WebGis_kv\vendor\codeigniter4\framework\system\Database\BaseBuilder.php(1585): CodeIgniter\Database\BaseConnection->query('SELECT `tbl_kaf...', Array, false)
#4 F:\WEB\XAMPP\htdocs\WebGis_kv\app\Models\ModelKv.php(48): CodeIgniter\Database\BaseBuilder->get()
#5 F:\WEB\XAMPP\htdocs\WebGis_kv\app\Controllers\Kafe.php(44): App\Models\ModelKv->callKafe('203')
#6 F:\WEB\XAMPP\htdocs\WebGis_kv\vendor\codeigniter4\framework\system\CodeIgniter.php(927): App\Controllers\Kafe->detail('203')
#7 F:\WEB\XAMPP\htdocs\WebGis_kv\vendor\codeigniter4\framework\system\CodeIgniter.php(482): CodeIgniter\CodeIgniter->runController(Object(App\Controllers\Kafe))
#8 F:\WEB\XAMPP\htdocs\WebGis_kv\vendor\codeigniter4\framework\system\CodeIgniter.php(351): CodeIgniter\CodeIgniter->handleRequest(NULL, Object(Config\Cache), false)
#9 F:\WEB\XAMPP\htdocs\WebGis_kv\public\index.php(67): CodeIgniter\CodeIgniter->run()
#10 F:\WEB\XAMPP\htdocs\WebGis_kv\vendor\codeigniter4\framework\system\Commands\Server\rewrite.php(46): require_once('F:\\WEB\\XAMPP\\ht...')
#11 {main}
CRITICAL - 2023-05-22 21:01:50 --> Column 'created_at' in field list is ambiguous
in SYSTEMPATH\Database\MySQLi\Connection.php on line 292.
 1 SYSTEMPATH\Database\MySQLi\Connection.php(292): mysqli->query('SELECT `tbl_kafe`.`id_kafe`, `nama_kafe`, `alamat_kafe`, `latitude`, `longitude`, `instagram_kafe`, `tbl_provinsi`.`id_provinsi` as `id_provinsi`, `nama_provinsi`, `tbl_kabupaten`.`id_kabupaten` as `id_kabupaten`, `nama_kabupaten`, `tbl_kecamatan`.`id_kecamatan` as `id_kecamatan`, `nama_kecamatan`, `tbl_kelurahan`.`id_kelurahan` as `id_kelurahan`, `nama_kelurahan`, `created_at`, `updated_at`, `tbl_status_appv`.`user` as `user`, `tbl_status_appv`.`stat_appv` as `stat_appv`, `users`.`username` as `username`, GROUP_CONCAT(DISTINCT nama_file_foto SEPARATOR ", ") as nama_foto, GROUP_CONCAT(DISTINCT JSON_OBJECT("hari", `tjo`.`hari`, "open_time", `tjo`.`open_time`, "close_time", tjo.close_time) ORDER BY FIELD(tjo.hari, "Senin", "Selasa", "Rabu", "Kamis", "Jumat", "Sabtu", "Minggu")) AS jam_oprasional
FROM `tbl_kafe`
LEFT JOIN `tbl_foto_kafe` `tfk` ON `tfk`.`id_kafe` = `tbl_kafe`.`id_kafe`
LEFT JOIN `tbl_jam_operasional` `tjo` ON `tjo`.`kafe_id` = `tbl_kafe`.`id_kafe`
LEFT JOIN `tbl_status_appv` ON `tbl_status_appv`.`id_kafe` = `tbl_kafe`.`id_kafe`
LEFT JOIN `tbl_provinsi` ON `tbl_provinsi`.`id_provinsi` = `tbl_kafe`.`id_provinsi`
LEFT JOIN `tbl_kabupaten` ON `tbl_kabupaten`.`id_kabupaten` = `tbl_kafe`.`id_kabupaten`
LEFT JOIN `tbl_kecamatan` ON `tbl_kecamatan`.`id_kecamatan` = `tbl_kafe`.`id_kecamatan`
LEFT JOIN `tbl_kelurahan` ON `tbl_kelurahan`.`id_kelurahan` = `tbl_kafe`.`id_kelurahan`
LEFT JOIN `users` ON `users`.`id` = `tbl_status_appv`.`user`
WHERE `tbl_kafe`.`id_kafe` = \'203\'
GROUP BY `id_kafe`, `tjo`.`kafe_id`', 0)
 2 SYSTEMPATH\Database\BaseConnection.php(666): CodeIgniter\Database\MySQLi\Connection->execute('SELECT `tbl_kafe`.`id_kafe`, `nama_kafe`, `alamat_kafe`, `latitude`, `longitude`, `instagram_kafe`, `tbl_provinsi`.`id_provinsi` as `id_provinsi`, `nama_provinsi`, `tbl_kabupaten`.`id_kabupaten` as `id_kabupaten`, `nama_kabupaten`, `tbl_kecamatan`.`id_kecamatan` as `id_kecamatan`, `nama_kecamatan`, `tbl_kelurahan`.`id_kelurahan` as `id_kelurahan`, `nama_kelurahan`, `created_at`, `updated_at`, `tbl_status_appv`.`user` as `user`, `tbl_status_appv`.`stat_appv` as `stat_appv`, `users`.`username` as `username`, GROUP_CONCAT(DISTINCT nama_file_foto SEPARATOR ", ") as nama_foto, GROUP_CONCAT(DISTINCT JSON_OBJECT("hari", `tjo`.`hari`, "open_time", `tjo`.`open_time`, "close_time", tjo.close_time) ORDER BY FIELD(tjo.hari, "Senin", "Selasa", "Rabu", "Kamis", "Jumat", "Sabtu", "Minggu")) AS jam_oprasional
FROM `tbl_kafe`
LEFT JOIN `tbl_foto_kafe` `tfk` ON `tfk`.`id_kafe` = `tbl_kafe`.`id_kafe`
LEFT JOIN `tbl_jam_operasional` `tjo` ON `tjo`.`kafe_id` = `tbl_kafe`.`id_kafe`
LEFT JOIN `tbl_status_appv` ON `tbl_status_appv`.`id_kafe` = `tbl_kafe`.`id_kafe`
LEFT JOIN `tbl_provinsi` ON `tbl_provinsi`.`id_provinsi` = `tbl_kafe`.`id_provinsi`
LEFT JOIN `tbl_kabupaten` ON `tbl_kabupaten`.`id_kabupaten` = `tbl_kafe`.`id_kabupaten`
LEFT JOIN `tbl_kecamatan` ON `tbl_kecamatan`.`id_kecamatan` = `tbl_kafe`.`id_kecamatan`
LEFT JOIN `tbl_kelurahan` ON `tbl_kelurahan`.`id_kelurahan` = `tbl_kafe`.`id_kelurahan`
LEFT JOIN `users` ON `users`.`id` = `tbl_status_appv`.`user`
WHERE `tbl_kafe`.`id_kafe` = \'203\'
GROUP BY `id_kafe`, `tjo`.`kafe_id`')
 3 SYSTEMPATH\Database\BaseConnection.php(593): CodeIgniter\Database\BaseConnection->simpleQuery('SELECT `tbl_kafe`.`id_kafe`, `nama_kafe`, `alamat_kafe`, `latitude`, `longitude`, `instagram_kafe`, `tbl_provinsi`.`id_provinsi` as `id_provinsi`, `nama_provinsi`, `tbl_kabupaten`.`id_kabupaten` as `id_kabupaten`, `nama_kabupaten`, `tbl_kecamatan`.`id_kecamatan` as `id_kecamatan`, `nama_kecamatan`, `tbl_kelurahan`.`id_kelurahan` as `id_kelurahan`, `nama_kelurahan`, `created_at`, `updated_at`, `tbl_status_appv`.`user` as `user`, `tbl_status_appv`.`stat_appv` as `stat_appv`, `users`.`username` as `username`, GROUP_CONCAT(DISTINCT nama_file_foto SEPARATOR ", ") as nama_foto, GROUP_CONCAT(DISTINCT JSON_OBJECT("hari", `tjo`.`hari`, "open_time", `tjo`.`open_time`, "close_time", tjo.close_time) ORDER BY FIELD(tjo.hari, "Senin", "Selasa", "Rabu", "Kamis", "Jumat", "Sabtu", "Minggu")) AS jam_oprasional
FROM `tbl_kafe`
LEFT JOIN `tbl_foto_kafe` `tfk` ON `tfk`.`id_kafe` = `tbl_kafe`.`id_kafe`
LEFT JOIN `tbl_jam_operasional` `tjo` ON `tjo`.`kafe_id` = `tbl_kafe`.`id_kafe`
LEFT JOIN `tbl_status_appv` ON `tbl_status_appv`.`id_kafe` = `tbl_kafe`.`id_kafe`
LEFT JOIN `tbl_provinsi` ON `tbl_provinsi`.`id_provinsi` = `tbl_kafe`.`id_provinsi`
LEFT JOIN `tbl_kabupaten` ON `tbl_kabupaten`.`id_kabupaten` = `tbl_kafe`.`id_kabupaten`
LEFT JOIN `tbl_kecamatan` ON `tbl_kecamatan`.`id_kecamatan` = `tbl_kafe`.`id_kecamatan`
LEFT JOIN `tbl_kelurahan` ON `tbl_kelurahan`.`id_kelurahan` = `tbl_kafe`.`id_kelurahan`
LEFT JOIN `users` ON `users`.`id` = `tbl_status_appv`.`user`
WHERE `tbl_kafe`.`id_kafe` = \'203\'
GROUP BY `id_kafe`, `tjo`.`kafe_id`')
 4 SYSTEMPATH\Database\BaseBuilder.php(1585): CodeIgniter\Database\BaseConnection->query('SELECT `tbl_kafe`.`id_kafe`, `nama_kafe`, `alamat_kafe`, `latitude`, `longitude`, `instagram_kafe`, `tbl_provinsi`.`id_provinsi` as `id_provinsi`, `nama_provinsi`, `tbl_kabupaten`.`id_kabupaten` as `id_kabupaten`, `nama_kabupaten`, `tbl_kecamatan`.`id_kecamatan` as `id_kecamatan`, `nama_kecamatan`, `tbl_kelurahan`.`id_kelurahan` as `id_kelurahan`, `nama_kelurahan`, `created_at`, `updated_at`, `tbl_status_appv`.`user` as `user`, `tbl_status_appv`.`stat_appv` as `stat_appv`, `users`.`username` as `username`, GROUP_CONCAT(DISTINCT nama_file_foto SEPARATOR ", ") as nama_foto, GROUP_CONCAT(DISTINCT JSON_OBJECT("hari", `tjo`.`hari`, "open_time", `tjo`.`open_time`, "close_time", tjo.close_time) ORDER BY FIELD(tjo.hari, "Senin", "Selasa", "Rabu", "Kamis", "Jumat", "Sabtu", "Minggu")) AS jam_oprasional
FROM `tbl_kafe`
LEFT JOIN `tbl_foto_kafe` `tfk` ON `tfk`.`id_kafe` = `tbl_kafe`.`id_kafe`
LEFT JOIN `tbl_jam_operasional` `tjo` ON `tjo`.`kafe_id` = `tbl_kafe`.`id_kafe`
LEFT JOIN `tbl_status_appv` ON `tbl_status_appv`.`id_kafe` = `tbl_kafe`.`id_kafe`
LEFT JOIN `tbl_provinsi` ON `tbl_provinsi`.`id_provinsi` = `tbl_kafe`.`id_provinsi`
LEFT JOIN `tbl_kabupaten` ON `tbl_kabupaten`.`id_kabupaten` = `tbl_kafe`.`id_kabupaten`
LEFT JOIN `tbl_kecamatan` ON `tbl_kecamatan`.`id_kecamatan` = `tbl_kafe`.`id_kecamatan`
LEFT JOIN `tbl_kelurahan` ON `tbl_kelurahan`.`id_kelurahan` = `tbl_kafe`.`id_kelurahan`
LEFT JOIN `users` ON `users`.`id` = `tbl_status_appv`.`user`
WHERE `tbl_kafe`.`id_kafe` = :tbl_kafe.id_kafe:
GROUP BY `id_kafe`, `tjo`.`kafe_id`', [...], false)
 5 APPPATH\Models\ModelKv.php(48): CodeIgniter\Database\BaseBuilder->get()
 6 APPPATH\Controllers\Kafe.php(44): App\Models\ModelKv->callKafe('203')
 7 SYSTEMPATH\CodeIgniter.php(927): App\Controllers\Kafe->detail('203')
 8 SYSTEMPATH\CodeIgniter.php(482): CodeIgniter\CodeIgniter->runController(Object(App\Controllers\Kafe))
 9 SYSTEMPATH\CodeIgniter.php(351): CodeIgniter\CodeIgniter->handleRequest(null, Object(Config\Cache), false)
10 FCPATH\index.php(67): CodeIgniter\CodeIgniter->run()
11 SYSTEMPATH\Commands\Server\rewrite.php(46): require_once('FCPATH\\index.php')
