ERROR - 2022-12-29 07:59:15 --> mysqli_sql_exception: Unknown column 'id_op' in 'order clause' in F:\WEB\XAMPP\htdocs\WebGis_kv\vendor\codeigniter4\framework\system\Database\MySQLi\Connection.php:292
Stack trace:
#0 F:\WEB\XAMPP\htdocs\WebGis_kv\vendor\codeigniter4\framework\system\Database\MySQLi\Connection.php(292): mysqli->query('SELECT `kafe_id...', 0)
#1 F:\WEB\XAMPP\htdocs\WebGis_kv\vendor\codeigniter4\framework\system\Database\BaseConnection.php(666): CodeIgniter\Database\MySQLi\Connection->execute('SELECT `kafe_id...')
#2 F:\WEB\XAMPP\htdocs\WebGis_kv\vendor\codeigniter4\framework\system\Database\BaseConnection.php(593): CodeIgniter\Database\BaseConnection->simpleQuery('SELECT `kafe_id...')
#3 F:\WEB\XAMPP\htdocs\WebGis_kv\vendor\codeigniter4\framework\system\Database\BaseBuilder.php(1585): CodeIgniter\Database\BaseConnection->query('SELECT `kafe_id...', Array, false)
#4 F:\WEB\XAMPP\htdocs\WebGis_kv\app\Models\ModelKv.php(27): CodeIgniter\Database\BaseBuilder->get()
#5 F:\WEB\XAMPP\htdocs\WebGis_kv\app\Controllers\Admin.php(296): App\Models\ModelKv->jam()
#6 F:\WEB\XAMPP\htdocs\WebGis_kv\vendor\codeigniter4\framework\system\CodeIgniter.php(927): App\Controllers\Admin->Kafe()
#7 F:\WEB\XAMPP\htdocs\WebGis_kv\vendor\codeigniter4\framework\system\CodeIgniter.php(482): CodeIgniter\CodeIgniter->runController(Object(App\Controllers\Admin))
#8 F:\WEB\XAMPP\htdocs\WebGis_kv\vendor\codeigniter4\framework\system\CodeIgniter.php(351): CodeIgniter\CodeIgniter->handleRequest(NULL, Object(Config\Cache), false)
#9 F:\WEB\XAMPP\htdocs\WebGis_kv\public\index.php(67): CodeIgniter\CodeIgniter->run()
#10 F:\WEB\XAMPP\htdocs\WebGis_kv\vendor\codeigniter4\framework\system\Commands\Server\rewrite.php(46): require_once('F:\\WEB\\XAMPP\\ht...')
#11 {main}
CRITICAL - 2022-12-29 07:59:15 --> Unknown column 'id_op' in 'order clause'
in SYSTEMPATH\Database\MySQLi\Connection.php on line 292.
 1 SYSTEMPATH\Database\MySQLi\Connection.php(292): mysqli->query('SELECT `kafe_id`, GROUP_CONCAT(hari SEPARATOR ", ") as hari, GROUP_CONCAT(open_time SEPARATOR ", ") as open_time, GROUP_CONCAT(close_time SEPARATOR ", ") as close_time
FROM `tbl_jam_operasional`
GROUP BY `tbl_jam_operasional`.`kafe_id`
ORDER BY `id_op` DESC', 0)
 2 SYSTEMPATH\Database\BaseConnection.php(666): CodeIgniter\Database\MySQLi\Connection->execute('SELECT `kafe_id`, GROUP_CONCAT(hari SEPARATOR ", ") as hari, GROUP_CONCAT(open_time SEPARATOR ", ") as open_time, GROUP_CONCAT(close_time SEPARATOR ", ") as close_time
FROM `tbl_jam_operasional`
GROUP BY `tbl_jam_operasional`.`kafe_id`
ORDER BY `id_op` DESC')
 3 SYSTEMPATH\Database\BaseConnection.php(593): CodeIgniter\Database\BaseConnection->simpleQuery('SELECT `kafe_id`, GROUP_CONCAT(hari SEPARATOR ", ") as hari, GROUP_CONCAT(open_time SEPARATOR ", ") as open_time, GROUP_CONCAT(close_time SEPARATOR ", ") as close_time
FROM `tbl_jam_operasional`
GROUP BY `tbl_jam_operasional`.`kafe_id`
ORDER BY `id_op` DESC')
 4 SYSTEMPATH\Database\BaseBuilder.php(1585): CodeIgniter\Database\BaseConnection->query('SELECT `kafe_id`, GROUP_CONCAT(hari SEPARATOR ", ") as hari, GROUP_CONCAT(open_time SEPARATOR ", ") as open_time, GROUP_CONCAT(close_time SEPARATOR ", ") as close_time
FROM `tbl_jam_operasional`
GROUP BY `tbl_jam_operasional`.`kafe_id`
ORDER BY `id_op` DESC', [], false)
 5 APPPATH\Models\ModelKv.php(27): CodeIgniter\Database\BaseBuilder->get()
 6 APPPATH\Controllers\Admin.php(296): App\Models\ModelKv->jam()
 7 SYSTEMPATH\CodeIgniter.php(927): App\Controllers\Admin->Kafe()
 8 SYSTEMPATH\CodeIgniter.php(482): CodeIgniter\CodeIgniter->runController(Object(App\Controllers\Admin))
 9 SYSTEMPATH\CodeIgniter.php(351): CodeIgniter\CodeIgniter->handleRequest(null, Object(Config\Cache), false)
10 FCPATH\index.php(67): CodeIgniter\CodeIgniter->run()
11 SYSTEMPATH\Commands\Server\rewrite.php(46): require_once('FCPATH\\index.php')
CRITICAL - 2022-12-29 08:29:41 --> Undefined variable $tampilKafe
in APPPATH\Controllers\Admin.php on line 319.
 1 APPPATH\Controllers\Admin.php(319): CodeIgniter\Debug\Exceptions->errorHandler(2, 'Undefined variable $tampilKafe', 'APPPATH\\Controllers\\Admin.php', 319)
 2 SYSTEMPATH\CodeIgniter.php(927): App\Controllers\Admin->Kafe()
 3 SYSTEMPATH\CodeIgniter.php(482): CodeIgniter\CodeIgniter->runController(Object(App\Controllers\Admin))
 4 SYSTEMPATH\CodeIgniter.php(351): CodeIgniter\CodeIgniter->handleRequest(null, Object(Config\Cache), false)
 5 FCPATH\index.php(67): CodeIgniter\CodeIgniter->run()
 6 SYSTEMPATH\Commands\Server\rewrite.php(46): require_once('FCPATH\\index.php')
CRITICAL - 2022-12-29 08:37:22 --> Undefined property: stdClass::$id_kafe
in APPPATH\Controllers\Admin.php on line 312.
 1 APPPATH\Controllers\Admin.php(312): CodeIgniter\Debug\Exceptions->errorHandler(2, 'Undefined property: stdClass::$id_kafe', 'APPPATH\\Controllers\\Admin.php', 312)
 2 SYSTEMPATH\CodeIgniter.php(927): App\Controllers\Admin->Kafe()
 3 SYSTEMPATH\CodeIgniter.php(482): CodeIgniter\CodeIgniter->runController(Object(App\Controllers\Admin))
 4 SYSTEMPATH\CodeIgniter.php(351): CodeIgniter\CodeIgniter->handleRequest(null, Object(Config\Cache), false)
 5 FCPATH\index.php(67): CodeIgniter\CodeIgniter->run()
 6 SYSTEMPATH\Commands\Server\rewrite.php(46): require_once('FCPATH\\index.php')
CRITICAL - 2022-12-29 08:37:53 --> Undefined property: stdClass::$id_kafe
in APPPATH\Controllers\Admin.php on line 312.
 1 APPPATH\Controllers\Admin.php(312): CodeIgniter\Debug\Exceptions->errorHandler(2, 'Undefined property: stdClass::$id_kafe', 'APPPATH\\Controllers\\Admin.php', 312)
 2 SYSTEMPATH\CodeIgniter.php(927): App\Controllers\Admin->Kafe()
 3 SYSTEMPATH\CodeIgniter.php(482): CodeIgniter\CodeIgniter->runController(Object(App\Controllers\Admin))
 4 SYSTEMPATH\CodeIgniter.php(351): CodeIgniter\CodeIgniter->handleRequest(null, Object(Config\Cache), false)
 5 FCPATH\index.php(67): CodeIgniter\CodeIgniter->run()
 6 SYSTEMPATH\Commands\Server\rewrite.php(46): require_once('FCPATH\\index.php')
CRITICAL - 2022-12-29 08:37:54 --> Undefined property: stdClass::$id_kafe
in APPPATH\Controllers\Admin.php on line 312.
 1 APPPATH\Controllers\Admin.php(312): CodeIgniter\Debug\Exceptions->errorHandler(2, 'Undefined property: stdClass::$id_kafe', 'APPPATH\\Controllers\\Admin.php', 312)
 2 SYSTEMPATH\CodeIgniter.php(927): App\Controllers\Admin->Kafe()
 3 SYSTEMPATH\CodeIgniter.php(482): CodeIgniter\CodeIgniter->runController(Object(App\Controllers\Admin))
 4 SYSTEMPATH\CodeIgniter.php(351): CodeIgniter\CodeIgniter->handleRequest(null, Object(Config\Cache), false)
 5 FCPATH\index.php(67): CodeIgniter\CodeIgniter->run()
 6 SYSTEMPATH\Commands\Server\rewrite.php(46): require_once('FCPATH\\index.php')
CRITICAL - 2022-12-29 08:38:25 --> Undefined property: stdClass::$id_kafe
in APPPATH\Controllers\Admin.php on line 312.
 1 APPPATH\Controllers\Admin.php(312): CodeIgniter\Debug\Exceptions->errorHandler(2, 'Undefined property: stdClass::$id_kafe', 'APPPATH\\Controllers\\Admin.php', 312)
 2 SYSTEMPATH\CodeIgniter.php(927): App\Controllers\Admin->Kafe()
 3 SYSTEMPATH\CodeIgniter.php(482): CodeIgniter\CodeIgniter->runController(Object(App\Controllers\Admin))
 4 SYSTEMPATH\CodeIgniter.php(351): CodeIgniter\CodeIgniter->handleRequest(null, Object(Config\Cache), false)
 5 FCPATH\index.php(67): CodeIgniter\CodeIgniter->run()
 6 SYSTEMPATH\Commands\Server\rewrite.php(46): require_once('FCPATH\\index.php')
CRITICAL - 2022-12-29 08:38:43 --> Undefined property: stdClass::$nama_kafe
in APPPATH\Controllers\Admin.php on line 313.
 1 APPPATH\Controllers\Admin.php(313): CodeIgniter\Debug\Exceptions->errorHandler(2, 'Undefined property: stdClass::$nama_kafe', 'APPPATH\\Controllers\\Admin.php', 313)
 2 SYSTEMPATH\CodeIgniter.php(927): App\Controllers\Admin->Kafe()
 3 SYSTEMPATH\CodeIgniter.php(482): CodeIgniter\CodeIgniter->runController(Object(App\Controllers\Admin))
 4 SYSTEMPATH\CodeIgniter.php(351): CodeIgniter\CodeIgniter->handleRequest(null, Object(Config\Cache), false)
 5 FCPATH\index.php(67): CodeIgniter\CodeIgniter->run()
 6 SYSTEMPATH\Commands\Server\rewrite.php(46): require_once('FCPATH\\index.php')
CRITICAL - 2022-12-29 08:38:59 --> Undefined property: stdClass::$nama_kafe
in APPPATH\Controllers\Admin.php on line 313.
 1 APPPATH\Controllers\Admin.php(313): CodeIgniter\Debug\Exceptions->errorHandler(2, 'Undefined property: stdClass::$nama_kafe', 'APPPATH\\Controllers\\Admin.php', 313)
 2 SYSTEMPATH\CodeIgniter.php(927): App\Controllers\Admin->Kafe()
 3 SYSTEMPATH\CodeIgniter.php(482): CodeIgniter\CodeIgniter->runController(Object(App\Controllers\Admin))
 4 SYSTEMPATH\CodeIgniter.php(351): CodeIgniter\CodeIgniter->handleRequest(null, Object(Config\Cache), false)
 5 FCPATH\index.php(67): CodeIgniter\CodeIgniter->run()
 6 SYSTEMPATH\Commands\Server\rewrite.php(46): require_once('FCPATH\\index.php')
CRITICAL - 2022-12-29 08:41:47 --> Trying to access array offset on value of type int
in APPPATH\Controllers\Admin.php on line 312.
 1 APPPATH\Controllers\Admin.php(312): CodeIgniter\Debug\Exceptions->errorHandler(2, 'Trying to access array offset on value of type int', 'APPPATH\\Controllers\\Admin.php', 312)
 2 SYSTEMPATH\CodeIgniter.php(927): App\Controllers\Admin->Kafe()
 3 SYSTEMPATH\CodeIgniter.php(482): CodeIgniter\CodeIgniter->runController(Object(App\Controllers\Admin))
 4 SYSTEMPATH\CodeIgniter.php(351): CodeIgniter\CodeIgniter->handleRequest(null, Object(Config\Cache), false)
 5 FCPATH\index.php(67): CodeIgniter\CodeIgniter->run()
 6 SYSTEMPATH\Commands\Server\rewrite.php(46): require_once('FCPATH\\index.php')
CRITICAL - 2022-12-29 08:43:31 --> foreach() argument must be of type array|object, string given
in APPPATH\Controllers\Admin.php on line 313.
 1 APPPATH\Controllers\Admin.php(313): CodeIgniter\Debug\Exceptions->errorHandler(2, 'foreach() argument must be of type array|object, string given', 'APPPATH\\Controllers\\Admin.php', 313)
 2 SYSTEMPATH\CodeIgniter.php(927): App\Controllers\Admin->Kafe()
 3 SYSTEMPATH\CodeIgniter.php(482): CodeIgniter\CodeIgniter->runController(Object(App\Controllers\Admin))
 4 SYSTEMPATH\CodeIgniter.php(351): CodeIgniter\CodeIgniter->handleRequest(null, Object(Config\Cache), false)
 5 FCPATH\index.php(67): CodeIgniter\CodeIgniter->run()
 6 SYSTEMPATH\Commands\Server\rewrite.php(46): require_once('FCPATH\\index.php')
CRITICAL - 2022-12-29 08:43:32 --> foreach() argument must be of type array|object, string given
in APPPATH\Controllers\Admin.php on line 313.
 1 APPPATH\Controllers\Admin.php(313): CodeIgniter\Debug\Exceptions->errorHandler(2, 'foreach() argument must be of type array|object, string given', 'APPPATH\\Controllers\\Admin.php', 313)
 2 SYSTEMPATH\CodeIgniter.php(927): App\Controllers\Admin->Kafe()
 3 SYSTEMPATH\CodeIgniter.php(482): CodeIgniter\CodeIgniter->runController(Object(App\Controllers\Admin))
 4 SYSTEMPATH\CodeIgniter.php(351): CodeIgniter\CodeIgniter->handleRequest(null, Object(Config\Cache), false)
 5 FCPATH\index.php(67): CodeIgniter\CodeIgniter->run()
 6 SYSTEMPATH\Commands\Server\rewrite.php(46): require_once('FCPATH\\index.php')
CRITICAL - 2022-12-29 08:45:24 --> Undefined property: stdClass::$id_kafe
in APPPATH\Controllers\Admin.php on line 312.
 1 APPPATH\Controllers\Admin.php(312): CodeIgniter\Debug\Exceptions->errorHandler(2, 'Undefined property: stdClass::$id_kafe', 'APPPATH\\Controllers\\Admin.php', 312)
 2 SYSTEMPATH\CodeIgniter.php(927): App\Controllers\Admin->Kafe()
 3 SYSTEMPATH\CodeIgniter.php(482): CodeIgniter\CodeIgniter->runController(Object(App\Controllers\Admin))
 4 SYSTEMPATH\CodeIgniter.php(351): CodeIgniter\CodeIgniter->handleRequest(null, Object(Config\Cache), false)
 5 FCPATH\index.php(67): CodeIgniter\CodeIgniter->run()
 6 SYSTEMPATH\Commands\Server\rewrite.php(46): require_once('FCPATH\\index.php')
CRITICAL - 2022-12-29 08:46:16 --> Undefined property: stdClass::$id_kafe
in APPPATH\Controllers\Admin.php on line 312.
 1 APPPATH\Controllers\Admin.php(312): CodeIgniter\Debug\Exceptions->errorHandler(2, 'Undefined property: stdClass::$id_kafe', 'APPPATH\\Controllers\\Admin.php', 312)
 2 SYSTEMPATH\CodeIgniter.php(927): App\Controllers\Admin->Kafe()
 3 SYSTEMPATH\CodeIgniter.php(482): CodeIgniter\CodeIgniter->runController(Object(App\Controllers\Admin))
 4 SYSTEMPATH\CodeIgniter.php(351): CodeIgniter\CodeIgniter->handleRequest(null, Object(Config\Cache), false)
 5 FCPATH\index.php(67): CodeIgniter\CodeIgniter->run()
 6 SYSTEMPATH\Commands\Server\rewrite.php(46): require_once('FCPATH\\index.php')
CRITICAL - 2022-12-29 08:46:48 --> Undefined property: stdClass::$nama_kafe
in APPPATH\Controllers\Admin.php on line 313.
 1 APPPATH\Controllers\Admin.php(313): CodeIgniter\Debug\Exceptions->errorHandler(2, 'Undefined property: stdClass::$nama_kafe', 'APPPATH\\Controllers\\Admin.php', 313)
 2 SYSTEMPATH\CodeIgniter.php(927): App\Controllers\Admin->Kafe()
 3 SYSTEMPATH\CodeIgniter.php(482): CodeIgniter\CodeIgniter->runController(Object(App\Controllers\Admin))
 4 SYSTEMPATH\CodeIgniter.php(351): CodeIgniter\CodeIgniter->handleRequest(null, Object(Config\Cache), false)
 5 FCPATH\index.php(67): CodeIgniter\CodeIgniter->run()
 6 SYSTEMPATH\Commands\Server\rewrite.php(46): require_once('FCPATH\\index.php')
CRITICAL - 2022-12-29 08:47:58 --> Undefined property: stdClass::$id_kafe
in APPPATH\Controllers\Admin.php on line 312.
 1 APPPATH\Controllers\Admin.php(312): CodeIgniter\Debug\Exceptions->errorHandler(2, 'Undefined property: stdClass::$id_kafe', 'APPPATH\\Controllers\\Admin.php', 312)
 2 SYSTEMPATH\CodeIgniter.php(927): App\Controllers\Admin->Kafe()
 3 SYSTEMPATH\CodeIgniter.php(482): CodeIgniter\CodeIgniter->runController(Object(App\Controllers\Admin))
 4 SYSTEMPATH\CodeIgniter.php(351): CodeIgniter\CodeIgniter->handleRequest(null, Object(Config\Cache), false)
 5 FCPATH\index.php(67): CodeIgniter\CodeIgniter->run()
 6 SYSTEMPATH\Commands\Server\rewrite.php(46): require_once('FCPATH\\index.php')
CRITICAL - 2022-12-29 08:48:08 --> Undefined property: stdClass::$id_kafe
in APPPATH\Controllers\Admin.php on line 312.
 1 APPPATH\Controllers\Admin.php(312): CodeIgniter\Debug\Exceptions->errorHandler(2, 'Undefined property: stdClass::$id_kafe', 'APPPATH\\Controllers\\Admin.php', 312)
 2 SYSTEMPATH\CodeIgniter.php(927): App\Controllers\Admin->Kafe()
 3 SYSTEMPATH\CodeIgniter.php(482): CodeIgniter\CodeIgniter->runController(Object(App\Controllers\Admin))
 4 SYSTEMPATH\CodeIgniter.php(351): CodeIgniter\CodeIgniter->handleRequest(null, Object(Config\Cache), false)
 5 FCPATH\index.php(67): CodeIgniter\CodeIgniter->run()
 6 SYSTEMPATH\Commands\Server\rewrite.php(46): require_once('FCPATH\\index.php')
CRITICAL - 2022-12-29 08:48:17 --> Undefined property: stdClass::$id_kafe
in APPPATH\Controllers\Admin.php on line 312.
 1 APPPATH\Controllers\Admin.php(312): CodeIgniter\Debug\Exceptions->errorHandler(2, 'Undefined property: stdClass::$id_kafe', 'APPPATH\\Controllers\\Admin.php', 312)
 2 SYSTEMPATH\CodeIgniter.php(927): App\Controllers\Admin->Kafe()
 3 SYSTEMPATH\CodeIgniter.php(482): CodeIgniter\CodeIgniter->runController(Object(App\Controllers\Admin))
 4 SYSTEMPATH\CodeIgniter.php(351): CodeIgniter\CodeIgniter->handleRequest(null, Object(Config\Cache), false)
 5 FCPATH\index.php(67): CodeIgniter\CodeIgniter->run()
 6 SYSTEMPATH\Commands\Server\rewrite.php(46): require_once('FCPATH\\index.php')
CRITICAL - 2022-12-29 08:58:23 --> Undefined array key "business_hours"
in APPPATH\Controllers\Admin.php on line 369.
 1 APPPATH\Controllers\Admin.php(369): CodeIgniter\Debug\Exceptions->errorHandler(2, 'Undefined array key "business_hours"', 'APPPATH\\Controllers\\Admin.php', 369)
 2 SYSTEMPATH\CodeIgniter.php(927): App\Controllers\Admin->Kafe()
 3 SYSTEMPATH\CodeIgniter.php(482): CodeIgniter\CodeIgniter->runController(Object(App\Controllers\Admin))
 4 SYSTEMPATH\CodeIgniter.php(351): CodeIgniter\CodeIgniter->handleRequest(null, Object(Config\Cache), false)
 5 FCPATH\index.php(67): CodeIgniter\CodeIgniter->run()
 6 SYSTEMPATH\Commands\Server\rewrite.php(46): require_once('FCPATH\\index.php')
CRITICAL - 2022-12-29 08:58:32 --> Undefined array key ""
in APPPATH\Controllers\Admin.php on line 369.
 1 APPPATH\Controllers\Admin.php(369): CodeIgniter\Debug\Exceptions->errorHandler(2, 'Undefined array key ""', 'APPPATH\\Controllers\\Admin.php', 369)
 2 SYSTEMPATH\CodeIgniter.php(927): App\Controllers\Admin->Kafe()
 3 SYSTEMPATH\CodeIgniter.php(482): CodeIgniter\CodeIgniter->runController(Object(App\Controllers\Admin))
 4 SYSTEMPATH\CodeIgniter.php(351): CodeIgniter\CodeIgniter->handleRequest(null, Object(Config\Cache), false)
 5 FCPATH\index.php(67): CodeIgniter\CodeIgniter->run()
 6 SYSTEMPATH\Commands\Server\rewrite.php(46): require_once('FCPATH\\index.php')
CRITICAL - 2022-12-29 08:58:48 --> Undefined array key "id_kafe"
in APPPATH\Controllers\Admin.php on line 369.
 1 APPPATH\Controllers\Admin.php(369): CodeIgniter\Debug\Exceptions->errorHandler(2, 'Undefined array key "id_kafe"', 'APPPATH\\Controllers\\Admin.php', 369)
 2 SYSTEMPATH\CodeIgniter.php(927): App\Controllers\Admin->Kafe()
 3 SYSTEMPATH\CodeIgniter.php(482): CodeIgniter\CodeIgniter->runController(Object(App\Controllers\Admin))
 4 SYSTEMPATH\CodeIgniter.php(351): CodeIgniter\CodeIgniter->handleRequest(null, Object(Config\Cache), false)
 5 FCPATH\index.php(67): CodeIgniter\CodeIgniter->run()
 6 SYSTEMPATH\Commands\Server\rewrite.php(46): require_once('FCPATH\\index.php')
CRITICAL - 2022-12-29 08:59:58 --> Undefined array key "business_hours"
in APPPATH\Controllers\Admin.php on line 369.
 1 APPPATH\Controllers\Admin.php(369): CodeIgniter\Debug\Exceptions->errorHandler(2, 'Undefined array key "business_hours"', 'APPPATH\\Controllers\\Admin.php', 369)
 2 SYSTEMPATH\CodeIgniter.php(927): App\Controllers\Admin->Kafe()
 3 SYSTEMPATH\CodeIgniter.php(482): CodeIgniter\CodeIgniter->runController(Object(App\Controllers\Admin))
 4 SYSTEMPATH\CodeIgniter.php(351): CodeIgniter\CodeIgniter->handleRequest(null, Object(Config\Cache), false)
 5 FCPATH\index.php(67): CodeIgniter\CodeIgniter->run()
 6 SYSTEMPATH\Commands\Server\rewrite.php(46): require_once('FCPATH\\index.php')
CRITICAL - 2022-12-29 09:00:07 --> Undefined array key "id_kafe"
in APPPATH\Controllers\Admin.php on line 369.
 1 APPPATH\Controllers\Admin.php(369): CodeIgniter\Debug\Exceptions->errorHandler(2, 'Undefined array key "id_kafe"', 'APPPATH\\Controllers\\Admin.php', 369)
 2 SYSTEMPATH\CodeIgniter.php(927): App\Controllers\Admin->Kafe()
 3 SYSTEMPATH\CodeIgniter.php(482): CodeIgniter\CodeIgniter->runController(Object(App\Controllers\Admin))
 4 SYSTEMPATH\CodeIgniter.php(351): CodeIgniter\CodeIgniter->handleRequest(null, Object(Config\Cache), false)
 5 FCPATH\index.php(67): CodeIgniter\CodeIgniter->run()
 6 SYSTEMPATH\Commands\Server\rewrite.php(46): require_once('FCPATH\\index.php')
CRITICAL - 2022-12-29 09:00:17 --> Attempt to read property "id_kafe" on array
in APPPATH\Controllers\Admin.php on line 369.
 1 APPPATH\Controllers\Admin.php(369): CodeIgniter\Debug\Exceptions->errorHandler(2, 'Attempt to read property "id_kafe" on array', 'APPPATH\\Controllers\\Admin.php', 369)
 2 SYSTEMPATH\CodeIgniter.php(927): App\Controllers\Admin->Kafe()
 3 SYSTEMPATH\CodeIgniter.php(482): CodeIgniter\CodeIgniter->runController(Object(App\Controllers\Admin))
 4 SYSTEMPATH\CodeIgniter.php(351): CodeIgniter\CodeIgniter->handleRequest(null, Object(Config\Cache), false)
 5 FCPATH\index.php(67): CodeIgniter\CodeIgniter->run()
 6 SYSTEMPATH\Commands\Server\rewrite.php(46): require_once('FCPATH\\index.php')
CRITICAL - 2022-12-29 09:01:14 --> Cannot use [] for reading
in APPPATH\Controllers\Admin.php on line 369.
 1 SYSTEMPATH\CodeIgniter.php(927): App\Controllers\Admin->Kafe()
 2 SYSTEMPATH\CodeIgniter.php(482): CodeIgniter\CodeIgniter->runController(Object(App\Controllers\Admin))
 3 SYSTEMPATH\CodeIgniter.php(351): CodeIgniter\CodeIgniter->handleRequest(null, Object(Config\Cache), false)
 4 FCPATH\index.php(67): CodeIgniter\CodeIgniter->run()
 5 SYSTEMPATH\Commands\Server\rewrite.php(46): require_once('FCPATH\\index.php')
CRITICAL - 2022-12-29 09:03:49 --> Cannot use [] for reading
in APPPATH\Controllers\Admin.php on line 368.
 1 SYSTEMPATH\CodeIgniter.php(927): App\Controllers\Admin->Kafe()
 2 SYSTEMPATH\CodeIgniter.php(482): CodeIgniter\CodeIgniter->runController(Object(App\Controllers\Admin))
 3 SYSTEMPATH\CodeIgniter.php(351): CodeIgniter\CodeIgniter->handleRequest(null, Object(Config\Cache), false)
 4 FCPATH\index.php(67): CodeIgniter\CodeIgniter->run()
 5 SYSTEMPATH\Commands\Server\rewrite.php(46): require_once('FCPATH\\index.php')
CRITICAL - 2022-12-29 09:03:55 --> Cannot use [] for reading
in APPPATH\Controllers\Admin.php on line 368.
 1 SYSTEMPATH\CodeIgniter.php(927): App\Controllers\Admin->Kafe()
 2 SYSTEMPATH\CodeIgniter.php(482): CodeIgniter\CodeIgniter->runController(Object(App\Controllers\Admin))
 3 SYSTEMPATH\CodeIgniter.php(351): CodeIgniter\CodeIgniter->handleRequest(null, Object(Config\Cache), false)
 4 FCPATH\index.php(67): CodeIgniter\CodeIgniter->run()
 5 SYSTEMPATH\Commands\Server\rewrite.php(46): require_once('FCPATH\\index.php')
CRITICAL - 2022-12-29 09:04:49 --> array_push(): Argument #1 ($array) must be of type array, null given
in APPPATH\Controllers\Admin.php on line 356.
 1 APPPATH\Controllers\Admin.php(356): array_push(null, Object(stdClass))
 2 SYSTEMPATH\CodeIgniter.php(927): App\Controllers\Admin->Kafe()
 3 SYSTEMPATH\CodeIgniter.php(482): CodeIgniter\CodeIgniter->runController(Object(App\Controllers\Admin))
 4 SYSTEMPATH\CodeIgniter.php(351): CodeIgniter\CodeIgniter->handleRequest(null, Object(Config\Cache), false)
 5 FCPATH\index.php(67): CodeIgniter\CodeIgniter->run()
 6 SYSTEMPATH\Commands\Server\rewrite.php(46): require_once('FCPATH\\index.php')
CRITICAL - 2022-12-29 09:07:25 --> Undefined array key "id_kafe"
in APPPATH\Controllers\Admin.php on line 370.
 1 APPPATH\Controllers\Admin.php(370): CodeIgniter\Debug\Exceptions->errorHandler(2, 'Undefined array key "id_kafe"', 'APPPATH\\Controllers\\Admin.php', 370)
 2 SYSTEMPATH\CodeIgniter.php(927): App\Controllers\Admin->Kafe()
 3 SYSTEMPATH\CodeIgniter.php(482): CodeIgniter\CodeIgniter->runController(Object(App\Controllers\Admin))
 4 SYSTEMPATH\CodeIgniter.php(351): CodeIgniter\CodeIgniter->handleRequest(null, Object(Config\Cache), false)
 5 FCPATH\index.php(67): CodeIgniter\CodeIgniter->run()
 6 SYSTEMPATH\Commands\Server\rewrite.php(46): require_once('FCPATH\\index.php')
CRITICAL - 2022-12-29 09:07:55 --> Undefined array key "id_kafe"
in APPPATH\Controllers\Admin.php on line 370.
 1 APPPATH\Controllers\Admin.php(370): CodeIgniter\Debug\Exceptions->errorHandler(2, 'Undefined array key "id_kafe"', 'APPPATH\\Controllers\\Admin.php', 370)
 2 SYSTEMPATH\CodeIgniter.php(927): App\Controllers\Admin->Kafe()
 3 SYSTEMPATH\CodeIgniter.php(482): CodeIgniter\CodeIgniter->runController(Object(App\Controllers\Admin))
 4 SYSTEMPATH\CodeIgniter.php(351): CodeIgniter\CodeIgniter->handleRequest(null, Object(Config\Cache), false)
 5 FCPATH\index.php(67): CodeIgniter\CodeIgniter->run()
 6 SYSTEMPATH\Commands\Server\rewrite.php(46): require_once('FCPATH\\index.php')
CRITICAL - 2022-12-29 09:08:25 --> Undefined property: stdClass::$id_op
in APPPATH\Views\admin\kafeData.php on line 180.
 1 APPPATH\Views\admin\kafeData.php(180): CodeIgniter\Debug\Exceptions->errorHandler(2, 'Undefined property: stdClass::$id_op', 'APPPATH\\Views\\admin\\kafeData.php', 180)
 2 SYSTEMPATH\View\View.php(213): include('APPPATH\\Views\\admin\\kafeData.php')
 3 SYSTEMPATH\View\View.php(216): CodeIgniter\View\View->CodeIgniter\View\{closure}()
 4 SYSTEMPATH\Common.php(1134): CodeIgniter\View\View->render('admin/kafeData', [], true)
 5 APPPATH\Controllers\Admin.php(373): view('admin/kafeData', [...])
 6 SYSTEMPATH\CodeIgniter.php(927): App\Controllers\Admin->Kafe()
 7 SYSTEMPATH\CodeIgniter.php(482): CodeIgniter\CodeIgniter->runController(Object(App\Controllers\Admin))
 8 SYSTEMPATH\CodeIgniter.php(351): CodeIgniter\CodeIgniter->handleRequest(null, Object(Config\Cache), false)
 9 FCPATH\index.php(67): CodeIgniter\CodeIgniter->run()
10 SYSTEMPATH\Commands\Server\rewrite.php(46): require_once('FCPATH\\index.php')
CRITICAL - 2022-12-29 09:12:16 --> Undefined property: mysqli::$kafe_id
in APPPATH\Models\ModelKv.php on line 59.
 1 APPPATH\Models\ModelKv.php(59): CodeIgniter\Debug\Exceptions->errorHandler(2, 'Undefined property: mysqli::$kafe_id', 'APPPATH\\Models\\ModelKv.php', 59)
 2 APPPATH\Controllers\Admin.php(309): App\Models\ModelKv->callKafe()
 3 SYSTEMPATH\CodeIgniter.php(927): App\Controllers\Admin->Kafe()
 4 SYSTEMPATH\CodeIgniter.php(482): CodeIgniter\CodeIgniter->runController(Object(App\Controllers\Admin))
 5 SYSTEMPATH\CodeIgniter.php(351): CodeIgniter\CodeIgniter->handleRequest(null, Object(Config\Cache), false)
 6 FCPATH\index.php(67): CodeIgniter\CodeIgniter->run()
 7 SYSTEMPATH\Commands\Server\rewrite.php(46): require_once('FCPATH\\index.php')
CRITICAL - 2022-12-29 09:13:02 --> Undefined property: mysqli::$id_kafe
in APPPATH\Models\ModelKv.php on line 59.
 1 APPPATH\Models\ModelKv.php(59): CodeIgniter\Debug\Exceptions->errorHandler(2, 'Undefined property: mysqli::$id_kafe', 'APPPATH\\Models\\ModelKv.php', 59)
 2 APPPATH\Controllers\Admin.php(309): App\Models\ModelKv->callKafe()
 3 SYSTEMPATH\CodeIgniter.php(927): App\Controllers\Admin->Kafe()
 4 SYSTEMPATH\CodeIgniter.php(482): CodeIgniter\CodeIgniter->runController(Object(App\Controllers\Admin))
 5 SYSTEMPATH\CodeIgniter.php(351): CodeIgniter\CodeIgniter->handleRequest(null, Object(Config\Cache), false)
 6 FCPATH\index.php(67): CodeIgniter\CodeIgniter->run()
 7 SYSTEMPATH\Commands\Server\rewrite.php(46): require_once('FCPATH\\index.php')
CRITICAL - 2022-12-29 09:13:27 --> Undefined property: mysqli::$kafe_id
in APPPATH\Models\ModelKv.php on line 59.
 1 APPPATH\Models\ModelKv.php(59): CodeIgniter\Debug\Exceptions->errorHandler(2, 'Undefined property: mysqli::$kafe_id', 'APPPATH\\Models\\ModelKv.php', 59)
 2 APPPATH\Controllers\Admin.php(309): App\Models\ModelKv->callKafe()
 3 SYSTEMPATH\CodeIgniter.php(927): App\Controllers\Admin->Kafe()
 4 SYSTEMPATH\CodeIgniter.php(482): CodeIgniter\CodeIgniter->runController(Object(App\Controllers\Admin))
 5 SYSTEMPATH\CodeIgniter.php(351): CodeIgniter\CodeIgniter->handleRequest(null, Object(Config\Cache), false)
 6 FCPATH\index.php(67): CodeIgniter\CodeIgniter->run()
 7 SYSTEMPATH\Commands\Server\rewrite.php(46): require_once('FCPATH\\index.php')
CRITICAL - 2022-12-29 09:19:44 --> Undefined property: stdClass::$nama_foto
in APPPATH\Controllers\Admin.php on line 330.
 1 APPPATH\Controllers\Admin.php(330): CodeIgniter\Debug\Exceptions->errorHandler(2, 'Undefined property: stdClass::$nama_foto', 'APPPATH\\Controllers\\Admin.php', 330)
 2 SYSTEMPATH\CodeIgniter.php(927): App\Controllers\Admin->Kafe()
 3 SYSTEMPATH\CodeIgniter.php(482): CodeIgniter\CodeIgniter->runController(Object(App\Controllers\Admin))
 4 SYSTEMPATH\CodeIgniter.php(351): CodeIgniter\CodeIgniter->handleRequest(null, Object(Config\Cache), false)
 5 FCPATH\index.php(67): CodeIgniter\CodeIgniter->run()
 6 SYSTEMPATH\Commands\Server\rewrite.php(46): require_once('FCPATH\\index.php')
ERROR - 2022-12-29 09:20:56 --> mysqli_sql_exception: Unknown column 'id_op' in 'field list' in F:\WEB\XAMPP\htdocs\WebGis_kv\vendor\codeigniter4\framework\system\Database\MySQLi\Connection.php:292
Stack trace:
#0 F:\WEB\XAMPP\htdocs\WebGis_kv\vendor\codeigniter4\framework\system\Database\MySQLi\Connection.php(292): mysqli->query('SELECT `tbl_kaf...', 0)
#1 F:\WEB\XAMPP\htdocs\WebGis_kv\vendor\codeigniter4\framework\system\Database\BaseConnection.php(666): CodeIgniter\Database\MySQLi\Connection->execute('SELECT `tbl_kaf...')
#2 F:\WEB\XAMPP\htdocs\WebGis_kv\vendor\codeigniter4\framework\system\Database\BaseConnection.php(593): CodeIgniter\Database\BaseConnection->simpleQuery('SELECT `tbl_kaf...')
#3 F:\WEB\XAMPP\htdocs\WebGis_kv\vendor\codeigniter4\framework\system\Database\BaseBuilder.php(1718): CodeIgniter\Database\BaseConnection->query('SELECT `tbl_kaf...', Array, false)
#4 F:\WEB\XAMPP\htdocs\WebGis_kv\app\Models\ModelKv.php(51): CodeIgniter\Database\BaseBuilder->getWhere(Array)
#5 F:\WEB\XAMPP\htdocs\WebGis_kv\app\Controllers\Admin.php(309): App\Models\ModelKv->callKafe()
#6 F:\WEB\XAMPP\htdocs\WebGis_kv\vendor\codeigniter4\framework\system\CodeIgniter.php(927): App\Controllers\Admin->Kafe()
#7 F:\WEB\XAMPP\htdocs\WebGis_kv\vendor\codeigniter4\framework\system\CodeIgniter.php(482): CodeIgniter\CodeIgniter->runController(Object(App\Controllers\Admin))
#8 F:\WEB\XAMPP\htdocs\WebGis_kv\vendor\codeigniter4\framework\system\CodeIgniter.php(351): CodeIgniter\CodeIgniter->handleRequest(NULL, Object(Config\Cache), false)
#9 F:\WEB\XAMPP\htdocs\WebGis_kv\public\index.php(67): CodeIgniter\CodeIgniter->run()
#10 F:\WEB\XAMPP\htdocs\WebGis_kv\vendor\codeigniter4\framework\system\Commands\Server\rewrite.php(46): require_once('F:\\WEB\\XAMPP\\ht...')
#11 {main}
CRITICAL - 2022-12-29 09:20:56 --> Unknown column 'id_op' in 'field list'
in SYSTEMPATH\Database\MySQLi\Connection.php on line 292.
 1 SYSTEMPATH\Database\MySQLi\Connection.php(292): mysqli->query('SELECT `tbl_kafe`.`id_kafe`, `nama_kafe`, `alamat_kafe`, `coordinate`, `fasilitas_kafe`, `instagram_kafe`, `tbl_provinsi`.`id_provinsi` as `id_provinsi`, `nama_provinsi`, `tbl_kabupaten`.`id_kabupaten` as `id_kabupaten`, `nama_kabupaten`, `tbl_kecamatan`.`id_kecamatan` as `id_kecamatan`, `nama_kecamatan`, `tbl_kelurahan`.`id_kelurahan` as `id_kelurahan`, `nama_kelurahan`, `created_at`, `updated_at`, `user`, `stat_appv`, `nama_foto`, `id_op`, `hari`, `open_time`, `close_time`
FROM `tbl_kafe`
JOIN (SELECT `id_kafe`, GROUP_CONCAT(nama_file_foto SEPARATOR ", ") as nama_foto
FROM `tbl_foto_kafe`
GROUP BY `tbl_foto_kafe`.`id_kafe`) as tbl_foto_kafe ON `tbl_kafe`.`id_kafe` = `tbl_foto_kafe`.`id_kafe`
JOIN `tbl_provinsi` ON `tbl_provinsi`.`id_provinsi` = `tbl_kafe`.`id_provinsi`
JOIN `tbl_kabupaten` ON `tbl_kabupaten`.`id_kabupaten` = `tbl_kafe`.`id_kabupaten`
JOIN `tbl_kecamatan` ON `tbl_kecamatan`.`id_kecamatan` = `tbl_kafe`.`id_kecamatan`
JOIN `tbl_kelurahan` ON `tbl_kelurahan`.`id_kelurahan` = `tbl_kafe`.`id_kelurahan`
WHERE `stat_appv` = \'1\'', 0)
 2 SYSTEMPATH\Database\BaseConnection.php(666): CodeIgniter\Database\MySQLi\Connection->execute('SELECT `tbl_kafe`.`id_kafe`, `nama_kafe`, `alamat_kafe`, `coordinate`, `fasilitas_kafe`, `instagram_kafe`, `tbl_provinsi`.`id_provinsi` as `id_provinsi`, `nama_provinsi`, `tbl_kabupaten`.`id_kabupaten` as `id_kabupaten`, `nama_kabupaten`, `tbl_kecamatan`.`id_kecamatan` as `id_kecamatan`, `nama_kecamatan`, `tbl_kelurahan`.`id_kelurahan` as `id_kelurahan`, `nama_kelurahan`, `created_at`, `updated_at`, `user`, `stat_appv`, `nama_foto`, `id_op`, `hari`, `open_time`, `close_time`
FROM `tbl_kafe`
JOIN (SELECT `id_kafe`, GROUP_CONCAT(nama_file_foto SEPARATOR ", ") as nama_foto
FROM `tbl_foto_kafe`
GROUP BY `tbl_foto_kafe`.`id_kafe`) as tbl_foto_kafe ON `tbl_kafe`.`id_kafe` = `tbl_foto_kafe`.`id_kafe`
JOIN `tbl_provinsi` ON `tbl_provinsi`.`id_provinsi` = `tbl_kafe`.`id_provinsi`
JOIN `tbl_kabupaten` ON `tbl_kabupaten`.`id_kabupaten` = `tbl_kafe`.`id_kabupaten`
JOIN `tbl_kecamatan` ON `tbl_kecamatan`.`id_kecamatan` = `tbl_kafe`.`id_kecamatan`
JOIN `tbl_kelurahan` ON `tbl_kelurahan`.`id_kelurahan` = `tbl_kafe`.`id_kelurahan`
WHERE `stat_appv` = \'1\'')
 3 SYSTEMPATH\Database\BaseConnection.php(593): CodeIgniter\Database\BaseConnection->simpleQuery('SELECT `tbl_kafe`.`id_kafe`, `nama_kafe`, `alamat_kafe`, `coordinate`, `fasilitas_kafe`, `instagram_kafe`, `tbl_provinsi`.`id_provinsi` as `id_provinsi`, `nama_provinsi`, `tbl_kabupaten`.`id_kabupaten` as `id_kabupaten`, `nama_kabupaten`, `tbl_kecamatan`.`id_kecamatan` as `id_kecamatan`, `nama_kecamatan`, `tbl_kelurahan`.`id_kelurahan` as `id_kelurahan`, `nama_kelurahan`, `created_at`, `updated_at`, `user`, `stat_appv`, `nama_foto`, `id_op`, `hari`, `open_time`, `close_time`
FROM `tbl_kafe`
JOIN (SELECT `id_kafe`, GROUP_CONCAT(nama_file_foto SEPARATOR ", ") as nama_foto
FROM `tbl_foto_kafe`
GROUP BY `tbl_foto_kafe`.`id_kafe`) as tbl_foto_kafe ON `tbl_kafe`.`id_kafe` = `tbl_foto_kafe`.`id_kafe`
JOIN `tbl_provinsi` ON `tbl_provinsi`.`id_provinsi` = `tbl_kafe`.`id_provinsi`
JOIN `tbl_kabupaten` ON `tbl_kabupaten`.`id_kabupaten` = `tbl_kafe`.`id_kabupaten`
JOIN `tbl_kecamatan` ON `tbl_kecamatan`.`id_kecamatan` = `tbl_kafe`.`id_kecamatan`
JOIN `tbl_kelurahan` ON `tbl_kelurahan`.`id_kelurahan` = `tbl_kafe`.`id_kelurahan`
WHERE `stat_appv` = \'1\'')
 4 SYSTEMPATH\Database\BaseBuilder.php(1718): CodeIgniter\Database\BaseConnection->query('SELECT `tbl_kafe`.`id_kafe`, `nama_kafe`, `alamat_kafe`, `coordinate`, `fasilitas_kafe`, `instagram_kafe`, `tbl_provinsi`.`id_provinsi` as `id_provinsi`, `nama_provinsi`, `tbl_kabupaten`.`id_kabupaten` as `id_kabupaten`, `nama_kabupaten`, `tbl_kecamatan`.`id_kecamatan` as `id_kecamatan`, `nama_kecamatan`, `tbl_kelurahan`.`id_kelurahan` as `id_kelurahan`, `nama_kelurahan`, `created_at`, `updated_at`, `user`, `stat_appv`, `nama_foto`, `id_op`, `hari`, `open_time`, `close_time`
FROM `tbl_kafe`
JOIN (SELECT `id_kafe`, GROUP_CONCAT(nama_file_foto SEPARATOR ", ") as nama_foto
FROM `tbl_foto_kafe`
GROUP BY `tbl_foto_kafe`.`id_kafe`) as tbl_foto_kafe ON `tbl_kafe`.`id_kafe` = `tbl_foto_kafe`.`id_kafe`
JOIN `tbl_provinsi` ON `tbl_provinsi`.`id_provinsi` = `tbl_kafe`.`id_provinsi`
JOIN `tbl_kabupaten` ON `tbl_kabupaten`.`id_kabupaten` = `tbl_kafe`.`id_kabupaten`
JOIN `tbl_kecamatan` ON `tbl_kecamatan`.`id_kecamatan` = `tbl_kafe`.`id_kecamatan`
JOIN `tbl_kelurahan` ON `tbl_kelurahan`.`id_kelurahan` = `tbl_kafe`.`id_kelurahan`
WHERE `stat_appv` = :stat_appv:', [...], false)
 5 APPPATH\Models\ModelKv.php(51): CodeIgniter\Database\BaseBuilder->getWhere([...])
 6 APPPATH\Controllers\Admin.php(309): App\Models\ModelKv->callKafe()
 7 SYSTEMPATH\CodeIgniter.php(927): App\Controllers\Admin->Kafe()
 8 SYSTEMPATH\CodeIgniter.php(482): CodeIgniter\CodeIgniter->runController(Object(App\Controllers\Admin))
 9 SYSTEMPATH\CodeIgniter.php(351): CodeIgniter\CodeIgniter->handleRequest(null, Object(Config\Cache), false)
10 FCPATH\index.php(67): CodeIgniter\CodeIgniter->run()
11 SYSTEMPATH\Commands\Server\rewrite.php(46): require_once('FCPATH\\index.php')
CRITICAL - 2022-12-29 09:22:36 --> Call to undefined method App\Models\ModelKv::jam
in SYSTEMPATH\Model.php on line 774.
 1 APPPATH\Controllers\Admin.php(291): CodeIgniter\Model->__call('jam', [])
 2 SYSTEMPATH\CodeIgniter.php(927): App\Controllers\Admin->Kafe()
 3 SYSTEMPATH\CodeIgniter.php(482): CodeIgniter\CodeIgniter->runController(Object(App\Controllers\Admin))
 4 SYSTEMPATH\CodeIgniter.php(351): CodeIgniter\CodeIgniter->handleRequest(null, Object(Config\Cache), false)
 5 FCPATH\index.php(67): CodeIgniter\CodeIgniter->run()
 6 SYSTEMPATH\Commands\Server\rewrite.php(46): require_once('FCPATH\\index.php')
CRITICAL - 2022-12-29 09:23:04 --> Call to undefined method App\Models\ModelKv::jam
in SYSTEMPATH\Model.php on line 774.
 1 APPPATH\Controllers\Admin.php(291): CodeIgniter\Model->__call('jam', [])
 2 SYSTEMPATH\CodeIgniter.php(927): App\Controllers\Admin->Kafe()
 3 SYSTEMPATH\CodeIgniter.php(482): CodeIgniter\CodeIgniter->runController(Object(App\Controllers\Admin))
 4 SYSTEMPATH\CodeIgniter.php(351): CodeIgniter\CodeIgniter->handleRequest(null, Object(Config\Cache), false)
 5 FCPATH\index.php(67): CodeIgniter\CodeIgniter->run()
 6 SYSTEMPATH\Commands\Server\rewrite.php(46): require_once('FCPATH\\index.php')
CRITICAL - 2022-12-29 09:27:59 --> Array to string conversion
in APPPATH\Views\admin\kafeData.php on line 153.
 1 APPPATH\Views\admin\kafeData.php(153): CodeIgniter\Debug\Exceptions->errorHandler(2, 'Array to string conversion', 'APPPATH\\Views\\admin\\kafeData.php', 153)
 2 SYSTEMPATH\View\View.php(213): include('APPPATH\\Views\\admin\\kafeData.php')
 3 SYSTEMPATH\View\View.php(216): CodeIgniter\View\View->CodeIgniter\View\{closure}()
 4 SYSTEMPATH\Common.php(1134): CodeIgniter\View\View->render('admin/kafeData', [], true)
 5 APPPATH\Controllers\Admin.php(373): view('admin/kafeData', [...])
 6 SYSTEMPATH\CodeIgniter.php(927): App\Controllers\Admin->Kafe()
 7 SYSTEMPATH\CodeIgniter.php(482): CodeIgniter\CodeIgniter->runController(Object(App\Controllers\Admin))
 8 SYSTEMPATH\CodeIgniter.php(351): CodeIgniter\CodeIgniter->handleRequest(null, Object(Config\Cache), false)
 9 FCPATH\index.php(67): CodeIgniter\CodeIgniter->run()
10 SYSTEMPATH\Commands\Server\rewrite.php(46): require_once('FCPATH\\index.php')
CRITICAL - 2022-12-29 09:35:04 --> Undefined variable $business_hours
in APPPATH\Views\admin\kafeData.php on line 154.
 1 APPPATH\Views\admin\kafeData.php(154): CodeIgniter\Debug\Exceptions->errorHandler(2, 'Undefined variable $business_hours', 'APPPATH\\Views\\admin\\kafeData.php', 154)
 2 SYSTEMPATH\View\View.php(213): include('APPPATH\\Views\\admin\\kafeData.php')
 3 SYSTEMPATH\View\View.php(216): CodeIgniter\View\View->CodeIgniter\View\{closure}()
 4 SYSTEMPATH\Common.php(1134): CodeIgniter\View\View->render('admin/kafeData', [], true)
 5 APPPATH\Controllers\Admin.php(373): view('admin/kafeData', [...])
 6 SYSTEMPATH\CodeIgniter.php(927): App\Controllers\Admin->Kafe()
 7 SYSTEMPATH\CodeIgniter.php(482): CodeIgniter\CodeIgniter->runController(Object(App\Controllers\Admin))
 8 SYSTEMPATH\CodeIgniter.php(351): CodeIgniter\CodeIgniter->handleRequest(null, Object(Config\Cache), false)
 9 FCPATH\index.php(67): CodeIgniter\CodeIgniter->run()
10 SYSTEMPATH\Commands\Server\rewrite.php(46): require_once('FCPATH\\index.php')
CRITICAL - 2022-12-29 09:38:31 --> Undefined variable $business_hours
in APPPATH\Views\admin\kafeData.php on line 154.
 1 APPPATH\Views\admin\kafeData.php(154): CodeIgniter\Debug\Exceptions->errorHandler(2, 'Undefined variable $business_hours', 'APPPATH\\Views\\admin\\kafeData.php', 154)
 2 SYSTEMPATH\View\View.php(213): include('APPPATH\\Views\\admin\\kafeData.php')
 3 SYSTEMPATH\View\View.php(216): CodeIgniter\View\View->CodeIgniter\View\{closure}()
 4 SYSTEMPATH\Common.php(1134): CodeIgniter\View\View->render('admin/kafeData', [], true)
 5 APPPATH\Controllers\Admin.php(373): view('admin/kafeData', [...])
 6 SYSTEMPATH\CodeIgniter.php(927): App\Controllers\Admin->Kafe()
 7 SYSTEMPATH\CodeIgniter.php(482): CodeIgniter\CodeIgniter->runController(Object(App\Controllers\Admin))
 8 SYSTEMPATH\CodeIgniter.php(351): CodeIgniter\CodeIgniter->handleRequest(null, Object(Config\Cache), false)
 9 FCPATH\index.php(67): CodeIgniter\CodeIgniter->run()
10 SYSTEMPATH\Commands\Server\rewrite.php(46): require_once('FCPATH\\index.php')
CRITICAL - 2022-12-29 09:47:38 --> Undefined variable $S
in APPPATH\Views\page\kafeDetail.php on line 70.
 1 APPPATH\Views\page\kafeDetail.php(70): CodeIgniter\Debug\Exceptions->errorHandler(2, 'Undefined variable $S', 'APPPATH\\Views\\page\\kafeDetail.php', 70)
 2 SYSTEMPATH\View\View.php(213): include('APPPATH\\Views\\page\\kafeDetail.php')
 3 SYSTEMPATH\View\View.php(216): CodeIgniter\View\View->CodeIgniter\View\{closure}()
 4 SYSTEMPATH\Common.php(1134): CodeIgniter\View\View->render('page/kafeDetail', [], true)
 5 APPPATH\Controllers\Kafe.php(43): view('page/kafeDetail', [...])
 6 SYSTEMPATH\CodeIgniter.php(927): App\Controllers\Kafe->detail('112')
 7 SYSTEMPATH\CodeIgniter.php(482): CodeIgniter\CodeIgniter->runController(Object(App\Controllers\Kafe))
 8 SYSTEMPATH\CodeIgniter.php(351): CodeIgniter\CodeIgniter->handleRequest(null, Object(Config\Cache), false)
 9 FCPATH\index.php(67): CodeIgniter\CodeIgniter->run()
10 SYSTEMPATH\Commands\Server\rewrite.php(46): require_once('FCPATH\\index.php')
CRITICAL - 2022-12-29 09:47:47 --> Undefined property: stdClass::$business_hours
in APPPATH\Views\page\kafeDetail.php on line 70.
 1 APPPATH\Views\page\kafeDetail.php(70): CodeIgniter\Debug\Exceptions->errorHandler(2, 'Undefined property: stdClass::$business_hours', 'APPPATH\\Views\\page\\kafeDetail.php', 70)
 2 SYSTEMPATH\View\View.php(213): include('APPPATH\\Views\\page\\kafeDetail.php')
 3 SYSTEMPATH\View\View.php(216): CodeIgniter\View\View->CodeIgniter\View\{closure}()
 4 SYSTEMPATH\Common.php(1134): CodeIgniter\View\View->render('page/kafeDetail', [], true)
 5 APPPATH\Controllers\Kafe.php(43): view('page/kafeDetail', [...])
 6 SYSTEMPATH\CodeIgniter.php(927): App\Controllers\Kafe->detail('112')
 7 SYSTEMPATH\CodeIgniter.php(482): CodeIgniter\CodeIgniter->runController(Object(App\Controllers\Kafe))
 8 SYSTEMPATH\CodeIgniter.php(351): CodeIgniter\CodeIgniter->handleRequest(null, Object(Config\Cache), false)
 9 FCPATH\index.php(67): CodeIgniter\CodeIgniter->run()
10 SYSTEMPATH\Commands\Server\rewrite.php(46): require_once('FCPATH\\index.php')
CRITICAL - 2022-12-29 09:49:03 --> Undefined property: stdClass::$business_hours
in APPPATH\Views\page\kafeDetail.php on line 70.
 1 APPPATH\Views\page\kafeDetail.php(70): CodeIgniter\Debug\Exceptions->errorHandler(2, 'Undefined property: stdClass::$business_hours', 'APPPATH\\Views\\page\\kafeDetail.php', 70)
 2 SYSTEMPATH\View\View.php(213): include('APPPATH\\Views\\page\\kafeDetail.php')
 3 SYSTEMPATH\View\View.php(216): CodeIgniter\View\View->CodeIgniter\View\{closure}()
 4 SYSTEMPATH\Common.php(1134): CodeIgniter\View\View->render('page/kafeDetail', [], true)
 5 APPPATH\Controllers\Kafe.php(114): view('page/kafeDetail', [...])
 6 SYSTEMPATH\CodeIgniter.php(927): App\Controllers\Kafe->detail('113')
 7 SYSTEMPATH\CodeIgniter.php(482): CodeIgniter\CodeIgniter->runController(Object(App\Controllers\Kafe))
 8 SYSTEMPATH\CodeIgniter.php(351): CodeIgniter\CodeIgniter->handleRequest(null, Object(Config\Cache), false)
 9 FCPATH\index.php(67): CodeIgniter\CodeIgniter->run()
10 SYSTEMPATH\Commands\Server\rewrite.php(46): require_once('FCPATH\\index.php')
CRITICAL - 2022-12-29 09:49:44 --> Attempt to read property "id_kafe" on array
in APPPATH\Views\page\kafeDetail.php on line 48.
 1 APPPATH\Views\page\kafeDetail.php(48): CodeIgniter\Debug\Exceptions->errorHandler(2, 'Attempt to read property "id_kafe" on array', 'APPPATH\\Views\\page\\kafeDetail.php', 48)
 2 SYSTEMPATH\View\View.php(213): include('APPPATH\\Views\\page\\kafeDetail.php')
 3 SYSTEMPATH\View\View.php(216): CodeIgniter\View\View->CodeIgniter\View\{closure}()
 4 SYSTEMPATH\Common.php(1134): CodeIgniter\View\View->render('page/kafeDetail', [], true)
 5 APPPATH\Controllers\Kafe.php(114): view('page/kafeDetail', [...])
 6 SYSTEMPATH\CodeIgniter.php(927): App\Controllers\Kafe->detail('112')
 7 SYSTEMPATH\CodeIgniter.php(482): CodeIgniter\CodeIgniter->runController(Object(App\Controllers\Kafe))
 8 SYSTEMPATH\CodeIgniter.php(351): CodeIgniter\CodeIgniter->handleRequest(null, Object(Config\Cache), false)
 9 FCPATH\index.php(67): CodeIgniter\CodeIgniter->run()
10 SYSTEMPATH\Commands\Server\rewrite.php(46): require_once('FCPATH\\index.php')
CRITICAL - 2022-12-29 09:50:26 --> Attempt to read property "id_kafe" on array
in APPPATH\Views\page\kafeDetail.php on line 48.
 1 APPPATH\Views\page\kafeDetail.php(48): CodeIgniter\Debug\Exceptions->errorHandler(2, 'Attempt to read property "id_kafe" on array', 'APPPATH\\Views\\page\\kafeDetail.php', 48)
 2 SYSTEMPATH\View\View.php(213): include('APPPATH\\Views\\page\\kafeDetail.php')
 3 SYSTEMPATH\View\View.php(216): CodeIgniter\View\View->CodeIgniter\View\{closure}()
 4 SYSTEMPATH\Common.php(1134): CodeIgniter\View\View->render('page/kafeDetail', [], true)
 5 APPPATH\Controllers\Kafe.php(113): view('page/kafeDetail', [...])
 6 SYSTEMPATH\CodeIgniter.php(927): App\Controllers\Kafe->detail('112')
 7 SYSTEMPATH\CodeIgniter.php(482): CodeIgniter\CodeIgniter->runController(Object(App\Controllers\Kafe))
 8 SYSTEMPATH\CodeIgniter.php(351): CodeIgniter\CodeIgniter->handleRequest(null, Object(Config\Cache), false)
 9 FCPATH\index.php(67): CodeIgniter\CodeIgniter->run()
10 SYSTEMPATH\Commands\Server\rewrite.php(46): require_once('FCPATH\\index.php')
CRITICAL - 2022-12-29 09:51:00 --> Attempt to read property "id_kafe" on array
in APPPATH\Views\page\kafeDetail.php on line 48.
 1 APPPATH\Views\page\kafeDetail.php(48): CodeIgniter\Debug\Exceptions->errorHandler(2, 'Attempt to read property "id_kafe" on array', 'APPPATH\\Views\\page\\kafeDetail.php', 48)
 2 SYSTEMPATH\View\View.php(213): include('APPPATH\\Views\\page\\kafeDetail.php')
 3 SYSTEMPATH\View\View.php(216): CodeIgniter\View\View->CodeIgniter\View\{closure}()
 4 SYSTEMPATH\Common.php(1134): CodeIgniter\View\View->render('page/kafeDetail', [], true)
 5 APPPATH\Controllers\Kafe.php(113): view('page/kafeDetail', [...])
 6 SYSTEMPATH\CodeIgniter.php(927): App\Controllers\Kafe->detail('112')
 7 SYSTEMPATH\CodeIgniter.php(482): CodeIgniter\CodeIgniter->runController(Object(App\Controllers\Kafe))
 8 SYSTEMPATH\CodeIgniter.php(351): CodeIgniter\CodeIgniter->handleRequest(null, Object(Config\Cache), false)
 9 FCPATH\index.php(67): CodeIgniter\CodeIgniter->run()
10 SYSTEMPATH\Commands\Server\rewrite.php(46): require_once('FCPATH\\index.php')
CRITICAL - 2022-12-29 09:52:45 --> Undefined array key "id_kafe"
in APPPATH\Views\page\kafeDetail.php on line 48.
 1 APPPATH\Views\page\kafeDetail.php(48): CodeIgniter\Debug\Exceptions->errorHandler(2, 'Undefined array key "id_kafe"', 'APPPATH\\Views\\page\\kafeDetail.php', 48)
 2 SYSTEMPATH\View\View.php(213): include('APPPATH\\Views\\page\\kafeDetail.php')
 3 SYSTEMPATH\View\View.php(216): CodeIgniter\View\View->CodeIgniter\View\{closure}()
 4 SYSTEMPATH\Common.php(1134): CodeIgniter\View\View->render('page/kafeDetail', [], true)
 5 APPPATH\Controllers\Kafe.php(113): view('page/kafeDetail', [...])
 6 SYSTEMPATH\CodeIgniter.php(927): App\Controllers\Kafe->detail('112')
 7 SYSTEMPATH\CodeIgniter.php(482): CodeIgniter\CodeIgniter->runController(Object(App\Controllers\Kafe))
 8 SYSTEMPATH\CodeIgniter.php(351): CodeIgniter\CodeIgniter->handleRequest(null, Object(Config\Cache), false)
 9 FCPATH\index.php(67): CodeIgniter\CodeIgniter->run()
10 SYSTEMPATH\Commands\Server\rewrite.php(46): require_once('FCPATH\\index.php')
CRITICAL - 2022-12-29 09:53:02 --> Attempt to read property "id_kafe" on array
in APPPATH\Views\page\kafeDetail.php on line 48.
 1 APPPATH\Views\page\kafeDetail.php(48): CodeIgniter\Debug\Exceptions->errorHandler(2, 'Attempt to read property "id_kafe" on array', 'APPPATH\\Views\\page\\kafeDetail.php', 48)
 2 SYSTEMPATH\View\View.php(213): include('APPPATH\\Views\\page\\kafeDetail.php')
 3 SYSTEMPATH\View\View.php(216): CodeIgniter\View\View->CodeIgniter\View\{closure}()
 4 SYSTEMPATH\Common.php(1134): CodeIgniter\View\View->render('page/kafeDetail', [], true)
 5 APPPATH\Controllers\Kafe.php(113): view('page/kafeDetail', [...])
 6 SYSTEMPATH\CodeIgniter.php(927): App\Controllers\Kafe->detail('112')
 7 SYSTEMPATH\CodeIgniter.php(482): CodeIgniter\CodeIgniter->runController(Object(App\Controllers\Kafe))
 8 SYSTEMPATH\CodeIgniter.php(351): CodeIgniter\CodeIgniter->handleRequest(null, Object(Config\Cache), false)
 9 FCPATH\index.php(67): CodeIgniter\CodeIgniter->run()
10 SYSTEMPATH\Commands\Server\rewrite.php(46): require_once('FCPATH\\index.php')
CRITICAL - 2022-12-29 09:53:25 --> Attempt to read property "id_kafe" on array
in APPPATH\Views\page\kafeDetail.php on line 48.
 1 APPPATH\Views\page\kafeDetail.php(48): CodeIgniter\Debug\Exceptions->errorHandler(2, 'Attempt to read property "id_kafe" on array', 'APPPATH\\Views\\page\\kafeDetail.php', 48)
 2 SYSTEMPATH\View\View.php(213): include('APPPATH\\Views\\page\\kafeDetail.php')
 3 SYSTEMPATH\View\View.php(216): CodeIgniter\View\View->CodeIgniter\View\{closure}()
 4 SYSTEMPATH\Common.php(1134): CodeIgniter\View\View->render('page/kafeDetail', [], true)
 5 APPPATH\Controllers\Kafe.php(113): view('page/kafeDetail', [...])
 6 SYSTEMPATH\CodeIgniter.php(927): App\Controllers\Kafe->detail('112')
 7 SYSTEMPATH\CodeIgniter.php(482): CodeIgniter\CodeIgniter->runController(Object(App\Controllers\Kafe))
 8 SYSTEMPATH\CodeIgniter.php(351): CodeIgniter\CodeIgniter->handleRequest(null, Object(Config\Cache), false)
 9 FCPATH\index.php(67): CodeIgniter\CodeIgniter->run()
10 SYSTEMPATH\Commands\Server\rewrite.php(46): require_once('FCPATH\\index.php')
CRITICAL - 2022-12-29 09:53:33 --> Undefined array key "id_kafe"
in APPPATH\Views\page\kafeDetail.php on line 48.
 1 APPPATH\Views\page\kafeDetail.php(48): CodeIgniter\Debug\Exceptions->errorHandler(2, 'Undefined array key "id_kafe"', 'APPPATH\\Views\\page\\kafeDetail.php', 48)
 2 SYSTEMPATH\View\View.php(213): include('APPPATH\\Views\\page\\kafeDetail.php')
 3 SYSTEMPATH\View\View.php(216): CodeIgniter\View\View->CodeIgniter\View\{closure}()
 4 SYSTEMPATH\Common.php(1134): CodeIgniter\View\View->render('page/kafeDetail', [], true)
 5 APPPATH\Controllers\Kafe.php(113): view('page/kafeDetail', [...])
 6 SYSTEMPATH\CodeIgniter.php(927): App\Controllers\Kafe->detail('112')
 7 SYSTEMPATH\CodeIgniter.php(482): CodeIgniter\CodeIgniter->runController(Object(App\Controllers\Kafe))
 8 SYSTEMPATH\CodeIgniter.php(351): CodeIgniter\CodeIgniter->handleRequest(null, Object(Config\Cache), false)
 9 FCPATH\index.php(67): CodeIgniter\CodeIgniter->run()
10 SYSTEMPATH\Commands\Server\rewrite.php(46): require_once('FCPATH\\index.php')
CRITICAL - 2022-12-29 09:54:10 --> Attempt to read property "id_kafe" on array
in APPPATH\Views\page\kafeDetail.php on line 48.
 1 APPPATH\Views\page\kafeDetail.php(48): CodeIgniter\Debug\Exceptions->errorHandler(2, 'Attempt to read property "id_kafe" on array', 'APPPATH\\Views\\page\\kafeDetail.php', 48)
 2 SYSTEMPATH\View\View.php(213): include('APPPATH\\Views\\page\\kafeDetail.php')
 3 SYSTEMPATH\View\View.php(216): CodeIgniter\View\View->CodeIgniter\View\{closure}()
 4 SYSTEMPATH\Common.php(1134): CodeIgniter\View\View->render('page/kafeDetail', [], true)
 5 APPPATH\Controllers\Kafe.php(113): view('page/kafeDetail', [...])
 6 SYSTEMPATH\CodeIgniter.php(927): App\Controllers\Kafe->detail('112')
 7 SYSTEMPATH\CodeIgniter.php(482): CodeIgniter\CodeIgniter->runController(Object(App\Controllers\Kafe))
 8 SYSTEMPATH\CodeIgniter.php(351): CodeIgniter\CodeIgniter->handleRequest(null, Object(Config\Cache), false)
 9 FCPATH\index.php(67): CodeIgniter\CodeIgniter->run()
10 SYSTEMPATH\Commands\Server\rewrite.php(46): require_once('FCPATH\\index.php')
CRITICAL - 2022-12-29 09:54:15 --> Attempt to read property "nama_kafe" on array
in APPPATH\Views\page\kafeDetail.php on line 48.
 1 APPPATH\Views\page\kafeDetail.php(48): CodeIgniter\Debug\Exceptions->errorHandler(2, 'Attempt to read property "nama_kafe" on array', 'APPPATH\\Views\\page\\kafeDetail.php', 48)
 2 SYSTEMPATH\View\View.php(213): include('APPPATH\\Views\\page\\kafeDetail.php')
 3 SYSTEMPATH\View\View.php(216): CodeIgniter\View\View->CodeIgniter\View\{closure}()
 4 SYSTEMPATH\Common.php(1134): CodeIgniter\View\View->render('page/kafeDetail', [], true)
 5 APPPATH\Controllers\Kafe.php(113): view('page/kafeDetail', [...])
 6 SYSTEMPATH\CodeIgniter.php(927): App\Controllers\Kafe->detail('112')
 7 SYSTEMPATH\CodeIgniter.php(482): CodeIgniter\CodeIgniter->runController(Object(App\Controllers\Kafe))
 8 SYSTEMPATH\CodeIgniter.php(351): CodeIgniter\CodeIgniter->handleRequest(null, Object(Config\Cache), false)
 9 FCPATH\index.php(67): CodeIgniter\CodeIgniter->run()
10 SYSTEMPATH\Commands\Server\rewrite.php(46): require_once('FCPATH\\index.php')
CRITICAL - 2022-12-29 09:54:19 --> Attempt to read property "id_kafe" on array
in APPPATH\Views\page\kafeDetail.php on line 48.
 1 APPPATH\Views\page\kafeDetail.php(48): CodeIgniter\Debug\Exceptions->errorHandler(2, 'Attempt to read property "id_kafe" on array', 'APPPATH\\Views\\page\\kafeDetail.php', 48)
 2 SYSTEMPATH\View\View.php(213): include('APPPATH\\Views\\page\\kafeDetail.php')
 3 SYSTEMPATH\View\View.php(216): CodeIgniter\View\View->CodeIgniter\View\{closure}()
 4 SYSTEMPATH\Common.php(1134): CodeIgniter\View\View->render('page/kafeDetail', [], true)
 5 APPPATH\Controllers\Kafe.php(113): view('page/kafeDetail', [...])
 6 SYSTEMPATH\CodeIgniter.php(927): App\Controllers\Kafe->detail('112')
 7 SYSTEMPATH\CodeIgniter.php(482): CodeIgniter\CodeIgniter->runController(Object(App\Controllers\Kafe))
 8 SYSTEMPATH\CodeIgniter.php(351): CodeIgniter\CodeIgniter->handleRequest(null, Object(Config\Cache), false)
 9 FCPATH\index.php(67): CodeIgniter\CodeIgniter->run()
10 SYSTEMPATH\Commands\Server\rewrite.php(46): require_once('FCPATH\\index.php')
CRITICAL - 2022-12-29 09:54:32 --> Attempt to read property "id_kafe" on array
in APPPATH\Views\page\kafeDetail.php on line 48.
 1 APPPATH\Views\page\kafeDetail.php(48): CodeIgniter\Debug\Exceptions->errorHandler(2, 'Attempt to read property "id_kafe" on array', 'APPPATH\\Views\\page\\kafeDetail.php', 48)
 2 SYSTEMPATH\View\View.php(213): include('APPPATH\\Views\\page\\kafeDetail.php')
 3 SYSTEMPATH\View\View.php(216): CodeIgniter\View\View->CodeIgniter\View\{closure}()
 4 SYSTEMPATH\Common.php(1134): CodeIgniter\View\View->render('page/kafeDetail', [], true)
 5 APPPATH\Controllers\Kafe.php(113): view('page/kafeDetail', [...])
 6 SYSTEMPATH\CodeIgniter.php(927): App\Controllers\Kafe->detail('112')
 7 SYSTEMPATH\CodeIgniter.php(482): CodeIgniter\CodeIgniter->runController(Object(App\Controllers\Kafe))
 8 SYSTEMPATH\CodeIgniter.php(351): CodeIgniter\CodeIgniter->handleRequest(null, Object(Config\Cache), false)
 9 FCPATH\index.php(67): CodeIgniter\CodeIgniter->run()
10 SYSTEMPATH\Commands\Server\rewrite.php(46): require_once('FCPATH\\index.php')
CRITICAL - 2022-12-29 09:55:48 --> Undefined array key "nama_kafe"
in APPPATH\Views\page\kafeDetail.php on line 48.
 1 APPPATH\Views\page\kafeDetail.php(48): CodeIgniter\Debug\Exceptions->errorHandler(2, 'Undefined array key "nama_kafe"', 'APPPATH\\Views\\page\\kafeDetail.php', 48)
 2 SYSTEMPATH\View\View.php(213): include('APPPATH\\Views\\page\\kafeDetail.php')
 3 SYSTEMPATH\View\View.php(216): CodeIgniter\View\View->CodeIgniter\View\{closure}()
 4 SYSTEMPATH\Common.php(1134): CodeIgniter\View\View->render('page/kafeDetail', [], true)
 5 APPPATH\Controllers\Kafe.php(113): view('page/kafeDetail', [...])
 6 SYSTEMPATH\CodeIgniter.php(927): App\Controllers\Kafe->detail('112')
 7 SYSTEMPATH\CodeIgniter.php(482): CodeIgniter\CodeIgniter->runController(Object(App\Controllers\Kafe))
 8 SYSTEMPATH\CodeIgniter.php(351): CodeIgniter\CodeIgniter->handleRequest(null, Object(Config\Cache), false)
 9 FCPATH\index.php(67): CodeIgniter\CodeIgniter->run()
10 SYSTEMPATH\Commands\Server\rewrite.php(46): require_once('FCPATH\\index.php')
CRITICAL - 2022-12-29 09:56:25 --> array_push(): Argument #1 ($array) must be of type array, null given
in APPPATH\Controllers\Kafe.php on line 99.
 1 APPPATH\Controllers\Kafe.php(99): array_push(null, Object(stdClass))
 2 SYSTEMPATH\CodeIgniter.php(927): App\Controllers\Kafe->detail('112')
 3 SYSTEMPATH\CodeIgniter.php(482): CodeIgniter\CodeIgniter->runController(Object(App\Controllers\Kafe))
 4 SYSTEMPATH\CodeIgniter.php(351): CodeIgniter\CodeIgniter->handleRequest(null, Object(Config\Cache), false)
 5 FCPATH\index.php(67): CodeIgniter\CodeIgniter->run()
 6 SYSTEMPATH\Commands\Server\rewrite.php(46): require_once('FCPATH\\index.php')
CRITICAL - 2022-12-29 09:56:34 --> syntax error, unexpected token ";"
in APPPATH\Controllers\Kafe.php on line 54.
 1 SYSTEMPATH\Autoloader\Autoloader.php(259): CodeIgniter\Autoloader\Autoloader->includeFile('APPPATH\\Controllers\\Kafe.php')
 2 SYSTEMPATH\Autoloader\Autoloader.php(237): CodeIgniter\Autoloader\Autoloader->loadInNamespace('App\\Controllers\\Kafe')
 3 [internal function]: CodeIgniter\Autoloader\Autoloader->loadClass('App\\Controllers\\Kafe')
 4 SYSTEMPATH\CodeIgniter.php(877): class_exists('\\App\\Controllers\\Kafe', true)
 5 SYSTEMPATH\CodeIgniter.php(469): CodeIgniter\CodeIgniter->startController()
 6 SYSTEMPATH\CodeIgniter.php(351): CodeIgniter\CodeIgniter->handleRequest(null, Object(Config\Cache), false)
 7 FCPATH\index.php(67): CodeIgniter\CodeIgniter->run()
 8 SYSTEMPATH\Commands\Server\rewrite.php(46): require_once('FCPATH\\index.php')
CRITICAL - 2022-12-29 09:56:43 --> array_push(): Argument #1 ($array) must be of type array, string given
in APPPATH\Controllers\Kafe.php on line 100.
 1 APPPATH\Controllers\Kafe.php(100): array_push('ROOTPATH\\public', Object(stdClass))
 2 SYSTEMPATH\CodeIgniter.php(927): App\Controllers\Kafe->detail('112')
 3 SYSTEMPATH\CodeIgniter.php(482): CodeIgniter\CodeIgniter->runController(Object(App\Controllers\Kafe))
 4 SYSTEMPATH\CodeIgniter.php(351): CodeIgniter\CodeIgniter->handleRequest(null, Object(Config\Cache), false)
 5 FCPATH\index.php(67): CodeIgniter\CodeIgniter->run()
 6 SYSTEMPATH\Commands\Server\rewrite.php(46): require_once('FCPATH\\index.php')
CRITICAL - 2022-12-29 09:56:47 --> array_push(): Argument #1 ($array) must be of type array, string given
in APPPATH\Controllers\Kafe.php on line 100.
 1 APPPATH\Controllers\Kafe.php(100): array_push('ROOTPATH\\public', Object(stdClass))
 2 SYSTEMPATH\CodeIgniter.php(927): App\Controllers\Kafe->detail('112')
 3 SYSTEMPATH\CodeIgniter.php(482): CodeIgniter\CodeIgniter->runController(Object(App\Controllers\Kafe))
 4 SYSTEMPATH\CodeIgniter.php(351): CodeIgniter\CodeIgniter->handleRequest(null, Object(Config\Cache), false)
 5 FCPATH\index.php(67): CodeIgniter\CodeIgniter->run()
 6 SYSTEMPATH\Commands\Server\rewrite.php(46): require_once('FCPATH\\index.php')
CRITICAL - 2022-12-29 09:56:57 --> syntax error, unexpected token ")"
in APPPATH\Controllers\Kafe.php on line 54.
 1 SYSTEMPATH\Autoloader\Autoloader.php(259): CodeIgniter\Autoloader\Autoloader->includeFile('APPPATH\\Controllers\\Kafe.php')
 2 SYSTEMPATH\Autoloader\Autoloader.php(237): CodeIgniter\Autoloader\Autoloader->loadInNamespace('App\\Controllers\\Kafe')
 3 [internal function]: CodeIgniter\Autoloader\Autoloader->loadClass('App\\Controllers\\Kafe')
 4 SYSTEMPATH\CodeIgniter.php(877): class_exists('\\App\\Controllers\\Kafe', true)
 5 SYSTEMPATH\CodeIgniter.php(469): CodeIgniter\CodeIgniter->startController()
 6 SYSTEMPATH\CodeIgniter.php(351): CodeIgniter\CodeIgniter->handleRequest(null, Object(Config\Cache), false)
 7 FCPATH\index.php(67): CodeIgniter\CodeIgniter->run()
 8 SYSTEMPATH\Commands\Server\rewrite.php(46): require_once('FCPATH\\index.php')
CRITICAL - 2022-12-29 09:57:18 --> Attempt to read property "nama_kafe" on array
in APPPATH\Views\page\kafeDetail.php on line 48.
 1 APPPATH\Views\page\kafeDetail.php(48): CodeIgniter\Debug\Exceptions->errorHandler(2, 'Attempt to read property "nama_kafe" on array', 'APPPATH\\Views\\page\\kafeDetail.php', 48)
 2 SYSTEMPATH\View\View.php(213): include('APPPATH\\Views\\page\\kafeDetail.php')
 3 SYSTEMPATH\View\View.php(216): CodeIgniter\View\View->CodeIgniter\View\{closure}()
 4 SYSTEMPATH\Common.php(1134): CodeIgniter\View\View->render('page/kafeDetail', [], true)
 5 APPPATH\Controllers\Kafe.php(113): view('page/kafeDetail', [...])
 6 SYSTEMPATH\CodeIgniter.php(927): App\Controllers\Kafe->detail('112')
 7 SYSTEMPATH\CodeIgniter.php(482): CodeIgniter\CodeIgniter->runController(Object(App\Controllers\Kafe))
 8 SYSTEMPATH\CodeIgniter.php(351): CodeIgniter\CodeIgniter->handleRequest(null, Object(Config\Cache), false)
 9 FCPATH\index.php(67): CodeIgniter\CodeIgniter->run()
10 SYSTEMPATH\Commands\Server\rewrite.php(46): require_once('FCPATH\\index.php')
CRITICAL - 2022-12-29 09:57:52 --> Undefined variable $result_array
in APPPATH\Controllers\Kafe.php on line 106.
 1 APPPATH\Controllers\Kafe.php(106): CodeIgniter\Debug\Exceptions->errorHandler(2, 'Undefined variable $result_array', 'APPPATH\\Controllers\\Kafe.php', 106)
 2 SYSTEMPATH\CodeIgniter.php(927): App\Controllers\Kafe->detail('112')
 3 SYSTEMPATH\CodeIgniter.php(482): CodeIgniter\CodeIgniter->runController(Object(App\Controllers\Kafe))
 4 SYSTEMPATH\CodeIgniter.php(351): CodeIgniter\CodeIgniter->handleRequest(null, Object(Config\Cache), false)
 5 FCPATH\index.php(67): CodeIgniter\CodeIgniter->run()
 6 SYSTEMPATH\Commands\Server\rewrite.php(46): require_once('FCPATH\\index.php')
CRITICAL - 2022-12-29 09:58:11 --> Attempt to read property "nama_kafe" on array
in APPPATH\Views\page\kafeDetail.php on line 48.
 1 APPPATH\Views\page\kafeDetail.php(48): CodeIgniter\Debug\Exceptions->errorHandler(2, 'Attempt to read property "nama_kafe" on array', 'APPPATH\\Views\\page\\kafeDetail.php', 48)
 2 SYSTEMPATH\View\View.php(213): include('APPPATH\\Views\\page\\kafeDetail.php')
 3 SYSTEMPATH\View\View.php(216): CodeIgniter\View\View->CodeIgniter\View\{closure}()
 4 SYSTEMPATH\Common.php(1134): CodeIgniter\View\View->render('page/kafeDetail', [], true)
 5 APPPATH\Controllers\Kafe.php(113): view('page/kafeDetail', [...])
 6 SYSTEMPATH\CodeIgniter.php(927): App\Controllers\Kafe->detail('112')
 7 SYSTEMPATH\CodeIgniter.php(482): CodeIgniter\CodeIgniter->runController(Object(App\Controllers\Kafe))
 8 SYSTEMPATH\CodeIgniter.php(351): CodeIgniter\CodeIgniter->handleRequest(null, Object(Config\Cache), false)
 9 FCPATH\index.php(67): CodeIgniter\CodeIgniter->run()
10 SYSTEMPATH\Commands\Server\rewrite.php(46): require_once('FCPATH\\index.php')
CRITICAL - 2022-12-29 09:58:12 --> Attempt to read property "nama_kafe" on array
in APPPATH\Views\page\kafeDetail.php on line 48.
 1 APPPATH\Views\page\kafeDetail.php(48): CodeIgniter\Debug\Exceptions->errorHandler(2, 'Attempt to read property "nama_kafe" on array', 'APPPATH\\Views\\page\\kafeDetail.php', 48)
 2 SYSTEMPATH\View\View.php(213): include('APPPATH\\Views\\page\\kafeDetail.php')
 3 SYSTEMPATH\View\View.php(216): CodeIgniter\View\View->CodeIgniter\View\{closure}()
 4 SYSTEMPATH\Common.php(1134): CodeIgniter\View\View->render('page/kafeDetail', [], true)
 5 APPPATH\Controllers\Kafe.php(113): view('page/kafeDetail', [...])
 6 SYSTEMPATH\CodeIgniter.php(927): App\Controllers\Kafe->detail('112')
 7 SYSTEMPATH\CodeIgniter.php(482): CodeIgniter\CodeIgniter->runController(Object(App\Controllers\Kafe))
 8 SYSTEMPATH\CodeIgniter.php(351): CodeIgniter\CodeIgniter->handleRequest(null, Object(Config\Cache), false)
 9 FCPATH\index.php(67): CodeIgniter\CodeIgniter->run()
10 SYSTEMPATH\Commands\Server\rewrite.php(46): require_once('FCPATH\\index.php')
CRITICAL - 2022-12-29 09:58:13 --> Attempt to read property "nama_kafe" on array
in APPPATH\Views\page\kafeDetail.php on line 48.
 1 APPPATH\Views\page\kafeDetail.php(48): CodeIgniter\Debug\Exceptions->errorHandler(2, 'Attempt to read property "nama_kafe" on array', 'APPPATH\\Views\\page\\kafeDetail.php', 48)
 2 SYSTEMPATH\View\View.php(213): include('APPPATH\\Views\\page\\kafeDetail.php')
 3 SYSTEMPATH\View\View.php(216): CodeIgniter\View\View->CodeIgniter\View\{closure}()
 4 SYSTEMPATH\Common.php(1134): CodeIgniter\View\View->render('page/kafeDetail', [], true)
 5 APPPATH\Controllers\Kafe.php(113): view('page/kafeDetail', [...])
 6 SYSTEMPATH\CodeIgniter.php(927): App\Controllers\Kafe->detail('112')
 7 SYSTEMPATH\CodeIgniter.php(482): CodeIgniter\CodeIgniter->runController(Object(App\Controllers\Kafe))
 8 SYSTEMPATH\CodeIgniter.php(351): CodeIgniter\CodeIgniter->handleRequest(null, Object(Config\Cache), false)
 9 FCPATH\index.php(67): CodeIgniter\CodeIgniter->run()
10 SYSTEMPATH\Commands\Server\rewrite.php(46): require_once('FCPATH\\index.php')
CRITICAL - 2022-12-29 09:58:14 --> Attempt to read property "nama_kafe" on array
in APPPATH\Views\page\kafeDetail.php on line 48.
 1 APPPATH\Views\page\kafeDetail.php(48): CodeIgniter\Debug\Exceptions->errorHandler(2, 'Attempt to read property "nama_kafe" on array', 'APPPATH\\Views\\page\\kafeDetail.php', 48)
 2 SYSTEMPATH\View\View.php(213): include('APPPATH\\Views\\page\\kafeDetail.php')
 3 SYSTEMPATH\View\View.php(216): CodeIgniter\View\View->CodeIgniter\View\{closure}()
 4 SYSTEMPATH\Common.php(1134): CodeIgniter\View\View->render('page/kafeDetail', [], true)
 5 APPPATH\Controllers\Kafe.php(113): view('page/kafeDetail', [...])
 6 SYSTEMPATH\CodeIgniter.php(927): App\Controllers\Kafe->detail('112')
 7 SYSTEMPATH\CodeIgniter.php(482): CodeIgniter\CodeIgniter->runController(Object(App\Controllers\Kafe))
 8 SYSTEMPATH\CodeIgniter.php(351): CodeIgniter\CodeIgniter->handleRequest(null, Object(Config\Cache), false)
 9 FCPATH\index.php(67): CodeIgniter\CodeIgniter->run()
10 SYSTEMPATH\Commands\Server\rewrite.php(46): require_once('FCPATH\\index.php')
CRITICAL - 2022-12-29 09:58:15 --> Attempt to read property "nama_kafe" on array
in APPPATH\Views\page\kafeDetail.php on line 48.
 1 APPPATH\Views\page\kafeDetail.php(48): CodeIgniter\Debug\Exceptions->errorHandler(2, 'Attempt to read property "nama_kafe" on array', 'APPPATH\\Views\\page\\kafeDetail.php', 48)
 2 SYSTEMPATH\View\View.php(213): include('APPPATH\\Views\\page\\kafeDetail.php')
 3 SYSTEMPATH\View\View.php(216): CodeIgniter\View\View->CodeIgniter\View\{closure}()
 4 SYSTEMPATH\Common.php(1134): CodeIgniter\View\View->render('page/kafeDetail', [], true)
 5 APPPATH\Controllers\Kafe.php(113): view('page/kafeDetail', [...])
 6 SYSTEMPATH\CodeIgniter.php(927): App\Controllers\Kafe->detail('112')
 7 SYSTEMPATH\CodeIgniter.php(482): CodeIgniter\CodeIgniter->runController(Object(App\Controllers\Kafe))
 8 SYSTEMPATH\CodeIgniter.php(351): CodeIgniter\CodeIgniter->handleRequest(null, Object(Config\Cache), false)
 9 FCPATH\index.php(67): CodeIgniter\CodeIgniter->run()
10 SYSTEMPATH\Commands\Server\rewrite.php(46): require_once('FCPATH\\index.php')
CRITICAL - 2022-12-29 09:58:15 --> Attempt to read property "nama_kafe" on array
in APPPATH\Views\page\kafeDetail.php on line 48.
 1 APPPATH\Views\page\kafeDetail.php(48): CodeIgniter\Debug\Exceptions->errorHandler(2, 'Attempt to read property "nama_kafe" on array', 'APPPATH\\Views\\page\\kafeDetail.php', 48)
 2 SYSTEMPATH\View\View.php(213): include('APPPATH\\Views\\page\\kafeDetail.php')
 3 SYSTEMPATH\View\View.php(216): CodeIgniter\View\View->CodeIgniter\View\{closure}()
 4 SYSTEMPATH\Common.php(1134): CodeIgniter\View\View->render('page/kafeDetail', [], true)
 5 APPPATH\Controllers\Kafe.php(113): view('page/kafeDetail', [...])
 6 SYSTEMPATH\CodeIgniter.php(927): App\Controllers\Kafe->detail('112')
 7 SYSTEMPATH\CodeIgniter.php(482): CodeIgniter\CodeIgniter->runController(Object(App\Controllers\Kafe))
 8 SYSTEMPATH\CodeIgniter.php(351): CodeIgniter\CodeIgniter->handleRequest(null, Object(Config\Cache), false)
 9 FCPATH\index.php(67): CodeIgniter\CodeIgniter->run()
10 SYSTEMPATH\Commands\Server\rewrite.php(46): require_once('FCPATH\\index.php')
CRITICAL - 2022-12-29 09:58:16 --> Attempt to read property "nama_kafe" on array
in APPPATH\Views\page\kafeDetail.php on line 48.
 1 APPPATH\Views\page\kafeDetail.php(48): CodeIgniter\Debug\Exceptions->errorHandler(2, 'Attempt to read property "nama_kafe" on array', 'APPPATH\\Views\\page\\kafeDetail.php', 48)
 2 SYSTEMPATH\View\View.php(213): include('APPPATH\\Views\\page\\kafeDetail.php')
 3 SYSTEMPATH\View\View.php(216): CodeIgniter\View\View->CodeIgniter\View\{closure}()
 4 SYSTEMPATH\Common.php(1134): CodeIgniter\View\View->render('page/kafeDetail', [], true)
 5 APPPATH\Controllers\Kafe.php(113): view('page/kafeDetail', [...])
 6 SYSTEMPATH\CodeIgniter.php(927): App\Controllers\Kafe->detail('112')
 7 SYSTEMPATH\CodeIgniter.php(482): CodeIgniter\CodeIgniter->runController(Object(App\Controllers\Kafe))
 8 SYSTEMPATH\CodeIgniter.php(351): CodeIgniter\CodeIgniter->handleRequest(null, Object(Config\Cache), false)
 9 FCPATH\index.php(67): CodeIgniter\CodeIgniter->run()
10 SYSTEMPATH\Commands\Server\rewrite.php(46): require_once('FCPATH\\index.php')
CRITICAL - 2022-12-29 09:58:55 --> Attempt to read property "alamat_kafe" on array
in APPPATH\Views\page\kafeDetail.php on line 52.
 1 APPPATH\Views\page\kafeDetail.php(52): CodeIgniter\Debug\Exceptions->errorHandler(2, 'Attempt to read property "alamat_kafe" on array', 'APPPATH\\Views\\page\\kafeDetail.php', 52)
 2 SYSTEMPATH\View\View.php(213): include('APPPATH\\Views\\page\\kafeDetail.php')
 3 SYSTEMPATH\View\View.php(216): CodeIgniter\View\View->CodeIgniter\View\{closure}()
 4 SYSTEMPATH\Common.php(1134): CodeIgniter\View\View->render('page/kafeDetail', [], true)
 5 APPPATH\Controllers\Kafe.php(113): view('page/kafeDetail', [...])
 6 SYSTEMPATH\CodeIgniter.php(927): App\Controllers\Kafe->detail('112')
 7 SYSTEMPATH\CodeIgniter.php(482): CodeIgniter\CodeIgniter->runController(Object(App\Controllers\Kafe))
 8 SYSTEMPATH\CodeIgniter.php(351): CodeIgniter\CodeIgniter->handleRequest(null, Object(Config\Cache), false)
 9 FCPATH\index.php(67): CodeIgniter\CodeIgniter->run()
10 SYSTEMPATH\Commands\Server\rewrite.php(46): require_once('FCPATH\\index.php')
CRITICAL - 2022-12-29 09:59:21 --> Undefined variable $items
in APPPATH\Controllers\Kafe.php on line 106.
 1 APPPATH\Controllers\Kafe.php(106): CodeIgniter\Debug\Exceptions->errorHandler(2, 'Undefined variable $items', 'APPPATH\\Controllers\\Kafe.php', 106)
 2 SYSTEMPATH\CodeIgniter.php(927): App\Controllers\Kafe->detail('112')
 3 SYSTEMPATH\CodeIgniter.php(482): CodeIgniter\CodeIgniter->runController(Object(App\Controllers\Kafe))
 4 SYSTEMPATH\CodeIgniter.php(351): CodeIgniter\CodeIgniter->handleRequest(null, Object(Config\Cache), false)
 5 FCPATH\index.php(67): CodeIgniter\CodeIgniter->run()
 6 SYSTEMPATH\Commands\Server\rewrite.php(46): require_once('FCPATH\\index.php')
CRITICAL - 2022-12-29 09:59:30 --> array_push(): Argument #1 ($array) must be of type array, stdClass given
in APPPATH\Controllers\Kafe.php on line 100.
 1 APPPATH\Controllers\Kafe.php(100): array_push(Object(stdClass))
 2 SYSTEMPATH\CodeIgniter.php(927): App\Controllers\Kafe->detail('112')
 3 SYSTEMPATH\CodeIgniter.php(482): CodeIgniter\CodeIgniter->runController(Object(App\Controllers\Kafe))
 4 SYSTEMPATH\CodeIgniter.php(351): CodeIgniter\CodeIgniter->handleRequest(null, Object(Config\Cache), false)
 5 FCPATH\index.php(67): CodeIgniter\CodeIgniter->run()
 6 SYSTEMPATH\Commands\Server\rewrite.php(46): require_once('FCPATH\\index.php')
CRITICAL - 2022-12-29 10:00:41 --> array_push(): Argument #1 ($array) must be of type array, stdClass given
in APPPATH\Controllers\Kafe.php on line 99.
 1 APPPATH\Controllers\Kafe.php(99): array_push(Object(stdClass))
 2 SYSTEMPATH\CodeIgniter.php(927): App\Controllers\Kafe->detail('112')
 3 SYSTEMPATH\CodeIgniter.php(482): CodeIgniter\CodeIgniter->runController(Object(App\Controllers\Kafe))
 4 SYSTEMPATH\CodeIgniter.php(351): CodeIgniter\CodeIgniter->handleRequest(null, Object(Config\Cache), false)
 5 FCPATH\index.php(67): CodeIgniter\CodeIgniter->run()
 6 SYSTEMPATH\Commands\Server\rewrite.php(46): require_once('FCPATH\\index.php')
CRITICAL - 2022-12-29 10:00:48 --> array_push(): Argument #1 ($array) must be of type array, stdClass given
in APPPATH\Controllers\Kafe.php on line 100.
 1 APPPATH\Controllers\Kafe.php(100): array_push(Object(stdClass))
 2 SYSTEMPATH\CodeIgniter.php(927): App\Controllers\Kafe->detail('112')
 3 SYSTEMPATH\CodeIgniter.php(482): CodeIgniter\CodeIgniter->runController(Object(App\Controllers\Kafe))
 4 SYSTEMPATH\CodeIgniter.php(351): CodeIgniter\CodeIgniter->handleRequest(null, Object(Config\Cache), false)
 5 FCPATH\index.php(67): CodeIgniter\CodeIgniter->run()
 6 SYSTEMPATH\Commands\Server\rewrite.php(46): require_once('FCPATH\\index.php')
CRITICAL - 2022-12-29 10:02:28 --> Array to string conversion
in APPPATH\Controllers\Kafe.php on line 75.
 1 APPPATH\Controllers\Kafe.php(75): CodeIgniter\Debug\Exceptions->errorHandler(2, 'Array to string conversion', 'APPPATH\\Controllers\\Kafe.php', 75)
 2 SYSTEMPATH\CodeIgniter.php(927): App\Controllers\Kafe->detail('112')
 3 SYSTEMPATH\CodeIgniter.php(482): CodeIgniter\CodeIgniter->runController(Object(App\Controllers\Kafe))
 4 SYSTEMPATH\CodeIgniter.php(351): CodeIgniter\CodeIgniter->handleRequest(null, Object(Config\Cache), false)
 5 FCPATH\index.php(67): CodeIgniter\CodeIgniter->run()
 6 SYSTEMPATH\Commands\Server\rewrite.php(46): require_once('FCPATH\\index.php')
CRITICAL - 2022-12-29 10:02:35 --> Array to string conversion
in APPPATH\Controllers\Kafe.php on line 75.
 1 APPPATH\Controllers\Kafe.php(75): CodeIgniter\Debug\Exceptions->errorHandler(2, 'Array to string conversion', 'APPPATH\\Controllers\\Kafe.php', 75)
 2 SYSTEMPATH\CodeIgniter.php(927): App\Controllers\Kafe->detail('112')
 3 SYSTEMPATH\CodeIgniter.php(482): CodeIgniter\CodeIgniter->runController(Object(App\Controllers\Kafe))
 4 SYSTEMPATH\CodeIgniter.php(351): CodeIgniter\CodeIgniter->handleRequest(null, Object(Config\Cache), false)
 5 FCPATH\index.php(67): CodeIgniter\CodeIgniter->run()
 6 SYSTEMPATH\Commands\Server\rewrite.php(46): require_once('FCPATH\\index.php')
CRITICAL - 2022-12-29 10:03:24 --> Cannot use object of type stdClass as array
in APPPATH\Views\page\kafeDetail.php on line 48.
 1 SYSTEMPATH\View\View.php(213): include()
 2 SYSTEMPATH\View\View.php(216): CodeIgniter\View\View->CodeIgniter\View\{closure}()
 3 SYSTEMPATH\Common.php(1134): CodeIgniter\View\View->render('page/kafeDetail', [], true)
 4 APPPATH\Controllers\Kafe.php(90): view('page/kafeDetail', [...])
 5 SYSTEMPATH\CodeIgniter.php(927): App\Controllers\Kafe->detail('112')
 6 SYSTEMPATH\CodeIgniter.php(482): CodeIgniter\CodeIgniter->runController(Object(App\Controllers\Kafe))
 7 SYSTEMPATH\CodeIgniter.php(351): CodeIgniter\CodeIgniter->handleRequest(null, Object(Config\Cache), false)
 8 FCPATH\index.php(67): CodeIgniter\CodeIgniter->run()
 9 SYSTEMPATH\Commands\Server\rewrite.php(46): require_once('FCPATH\\index.php')
CRITICAL - 2022-12-29 10:03:32 --> Attempt to read property "alamat_kafe" on array
in APPPATH\Views\page\kafeDetail.php on line 52.
 1 APPPATH\Views\page\kafeDetail.php(52): CodeIgniter\Debug\Exceptions->errorHandler(2, 'Attempt to read property "alamat_kafe" on array', 'APPPATH\\Views\\page\\kafeDetail.php', 52)
 2 SYSTEMPATH\View\View.php(213): include('APPPATH\\Views\\page\\kafeDetail.php')
 3 SYSTEMPATH\View\View.php(216): CodeIgniter\View\View->CodeIgniter\View\{closure}()
 4 SYSTEMPATH\Common.php(1134): CodeIgniter\View\View->render('page/kafeDetail', [], true)
 5 APPPATH\Controllers\Kafe.php(90): view('page/kafeDetail', [...])
 6 SYSTEMPATH\CodeIgniter.php(927): App\Controllers\Kafe->detail('112')
 7 SYSTEMPATH\CodeIgniter.php(482): CodeIgniter\CodeIgniter->runController(Object(App\Controllers\Kafe))
 8 SYSTEMPATH\CodeIgniter.php(351): CodeIgniter\CodeIgniter->handleRequest(null, Object(Config\Cache), false)
 9 FCPATH\index.php(67): CodeIgniter\CodeIgniter->run()
10 SYSTEMPATH\Commands\Server\rewrite.php(46): require_once('FCPATH\\index.php')
CRITICAL - 2022-12-29 10:03:41 --> Cannot use object of type stdClass as array
in APPPATH\Views\page\kafeDetail.php on line 48.
 1 SYSTEMPATH\View\View.php(213): include()
 2 SYSTEMPATH\View\View.php(216): CodeIgniter\View\View->CodeIgniter\View\{closure}()
 3 SYSTEMPATH\Common.php(1134): CodeIgniter\View\View->render('page/kafeDetail', [], true)
 4 APPPATH\Controllers\Kafe.php(90): view('page/kafeDetail', [...])
 5 SYSTEMPATH\CodeIgniter.php(927): App\Controllers\Kafe->detail('112')
 6 SYSTEMPATH\CodeIgniter.php(482): CodeIgniter\CodeIgniter->runController(Object(App\Controllers\Kafe))
 7 SYSTEMPATH\CodeIgniter.php(351): CodeIgniter\CodeIgniter->handleRequest(null, Object(Config\Cache), false)
 8 FCPATH\index.php(67): CodeIgniter\CodeIgniter->run()
 9 SYSTEMPATH\Commands\Server\rewrite.php(46): require_once('FCPATH\\index.php')
CRITICAL - 2022-12-29 10:13:11 --> Undefined variable $S
in APPPATH\Views\page\kafeDetail.php on line 40.
 1 APPPATH\Views\page\kafeDetail.php(40): CodeIgniter\Debug\Exceptions->errorHandler(2, 'Undefined variable $S', 'APPPATH\\Views\\page\\kafeDetail.php', 40)
 2 SYSTEMPATH\View\View.php(213): include('APPPATH\\Views\\page\\kafeDetail.php')
 3 SYSTEMPATH\View\View.php(216): CodeIgniter\View\View->CodeIgniter\View\{closure}()
 4 SYSTEMPATH\Common.php(1134): CodeIgniter\View\View->render('page/kafeDetail', [], true)
 5 APPPATH\Controllers\Kafe.php(90): view('page/kafeDetail', [...])
 6 SYSTEMPATH\CodeIgniter.php(927): App\Controllers\Kafe->detail('112')
 7 SYSTEMPATH\CodeIgniter.php(482): CodeIgniter\CodeIgniter->runController(Object(App\Controllers\Kafe))
 8 SYSTEMPATH\CodeIgniter.php(351): CodeIgniter\CodeIgniter->handleRequest(null, Object(Config\Cache), false)
 9 FCPATH\index.php(67): CodeIgniter\CodeIgniter->run()
10 SYSTEMPATH\Commands\Server\rewrite.php(46): require_once('FCPATH\\index.php')
CRITICAL - 2022-12-29 11:05:51 --> Array to string conversion
in APPPATH\Views\page\kafeDetail.php on line 91.
 1 APPPATH\Views\page\kafeDetail.php(91): CodeIgniter\Debug\Exceptions->errorHandler(2, 'Array to string conversion', 'APPPATH\\Views\\page\\kafeDetail.php', 91)
 2 SYSTEMPATH\View\View.php(213): include('APPPATH\\Views\\page\\kafeDetail.php')
 3 SYSTEMPATH\View\View.php(216): CodeIgniter\View\View->CodeIgniter\View\{closure}()
 4 SYSTEMPATH\Common.php(1134): CodeIgniter\View\View->render('page/kafeDetail', [], true)
 5 APPPATH\Controllers\Kafe.php(90): view('page/kafeDetail', [...])
 6 SYSTEMPATH\CodeIgniter.php(927): App\Controllers\Kafe->detail('112')
 7 SYSTEMPATH\CodeIgniter.php(482): CodeIgniter\CodeIgniter->runController(Object(App\Controllers\Kafe))
 8 SYSTEMPATH\CodeIgniter.php(351): CodeIgniter\CodeIgniter->handleRequest(null, Object(Config\Cache), false)
 9 FCPATH\index.php(67): CodeIgniter\CodeIgniter->run()
10 SYSTEMPATH\Commands\Server\rewrite.php(46): require_once('FCPATH\\index.php')
CRITICAL - 2022-12-29 11:18:19 --> Undefined variable $tampilData
in APPPATH\Views\page\kafeDetail.php on line 209.
 1 APPPATH\Views\page\kafeDetail.php(209): CodeIgniter\Debug\Exceptions->errorHandler(2, 'Undefined variable $tampilData', 'APPPATH\\Views\\page\\kafeDetail.php', 209)
 2 SYSTEMPATH\View\View.php(213): include('APPPATH\\Views\\page\\kafeDetail.php')
 3 SYSTEMPATH\View\View.php(216): CodeIgniter\View\View->CodeIgniter\View\{closure}()
 4 SYSTEMPATH\Common.php(1134): CodeIgniter\View\View->render('page/kafeDetail', [], true)
 5 APPPATH\Controllers\Kafe.php(90): view('page/kafeDetail', [...])
 6 SYSTEMPATH\CodeIgniter.php(927): App\Controllers\Kafe->detail('112')
 7 SYSTEMPATH\CodeIgniter.php(482): CodeIgniter\CodeIgniter->runController(Object(App\Controllers\Kafe))
 8 SYSTEMPATH\CodeIgniter.php(351): CodeIgniter\CodeIgniter->handleRequest(null, Object(Config\Cache), false)
 9 FCPATH\index.php(67): CodeIgniter\CodeIgniter->run()
10 SYSTEMPATH\Commands\Server\rewrite.php(46): require_once('FCPATH\\index.php')
CRITICAL - 2022-12-29 11:18:58 --> Attempt to read property "coordinate" on string
in APPPATH\Views\page\kafeDetail.php on line 239.
 1 APPPATH\Views\page\kafeDetail.php(239): CodeIgniter\Debug\Exceptions->errorHandler(2, 'Attempt to read property "coordinate" on string', 'APPPATH\\Views\\page\\kafeDetail.php', 239)
 2 SYSTEMPATH\View\View.php(213): include('APPPATH\\Views\\page\\kafeDetail.php')
 3 SYSTEMPATH\View\View.php(216): CodeIgniter\View\View->CodeIgniter\View\{closure}()
 4 SYSTEMPATH\Common.php(1134): CodeIgniter\View\View->render('page/kafeDetail', [], true)
 5 APPPATH\Controllers\Kafe.php(91): view('page/kafeDetail', [...])
 6 SYSTEMPATH\CodeIgniter.php(927): App\Controllers\Kafe->detail('112')
 7 SYSTEMPATH\CodeIgniter.php(482): CodeIgniter\CodeIgniter->runController(Object(App\Controllers\Kafe))
 8 SYSTEMPATH\CodeIgniter.php(351): CodeIgniter\CodeIgniter->handleRequest(null, Object(Config\Cache), false)
 9 FCPATH\index.php(67): CodeIgniter\CodeIgniter->run()
10 SYSTEMPATH\Commands\Server\rewrite.php(46): require_once('FCPATH\\index.php')
CRITICAL - 2022-12-29 11:19:49 --> Cannot access offset of type string on string
in APPPATH\Views\page\kafeDetail.php on line 239.
 1 SYSTEMPATH\View\View.php(213): include()
 2 SYSTEMPATH\View\View.php(216): CodeIgniter\View\View->CodeIgniter\View\{closure}()
 3 SYSTEMPATH\Common.php(1134): CodeIgniter\View\View->render('page/kafeDetail', [], true)
 4 APPPATH\Controllers\Kafe.php(91): view('page/kafeDetail', [...])
 5 SYSTEMPATH\CodeIgniter.php(927): App\Controllers\Kafe->detail('112')
 6 SYSTEMPATH\CodeIgniter.php(482): CodeIgniter\CodeIgniter->runController(Object(App\Controllers\Kafe))
 7 SYSTEMPATH\CodeIgniter.php(351): CodeIgniter\CodeIgniter->handleRequest(null, Object(Config\Cache), false)
 8 FCPATH\index.php(67): CodeIgniter\CodeIgniter->run()
 9 SYSTEMPATH\Commands\Server\rewrite.php(46): require_once('FCPATH\\index.php')
CRITICAL - 2022-12-29 11:19:58 --> Attempt to read property "coordinate" on string
in APPPATH\Views\page\kafeDetail.php on line 239.
 1 APPPATH\Views\page\kafeDetail.php(239): CodeIgniter\Debug\Exceptions->errorHandler(2, 'Attempt to read property "coordinate" on string', 'APPPATH\\Views\\page\\kafeDetail.php', 239)
 2 SYSTEMPATH\View\View.php(213): include('APPPATH\\Views\\page\\kafeDetail.php')
 3 SYSTEMPATH\View\View.php(216): CodeIgniter\View\View->CodeIgniter\View\{closure}()
 4 SYSTEMPATH\Common.php(1134): CodeIgniter\View\View->render('page/kafeDetail', [], true)
 5 APPPATH\Controllers\Kafe.php(91): view('page/kafeDetail', [...])
 6 SYSTEMPATH\CodeIgniter.php(927): App\Controllers\Kafe->detail('112')
 7 SYSTEMPATH\CodeIgniter.php(482): CodeIgniter\CodeIgniter->runController(Object(App\Controllers\Kafe))
 8 SYSTEMPATH\CodeIgniter.php(351): CodeIgniter\CodeIgniter->handleRequest(null, Object(Config\Cache), false)
 9 FCPATH\index.php(67): CodeIgniter\CodeIgniter->run()
10 SYSTEMPATH\Commands\Server\rewrite.php(46): require_once('FCPATH\\index.php')
CRITICAL - 2022-12-29 11:20:00 --> Attempt to read property "coordinate" on string
in APPPATH\Views\page\kafeDetail.php on line 239.
 1 APPPATH\Views\page\kafeDetail.php(239): CodeIgniter\Debug\Exceptions->errorHandler(2, 'Attempt to read property "coordinate" on string', 'APPPATH\\Views\\page\\kafeDetail.php', 239)
 2 SYSTEMPATH\View\View.php(213): include('APPPATH\\Views\\page\\kafeDetail.php')
 3 SYSTEMPATH\View\View.php(216): CodeIgniter\View\View->CodeIgniter\View\{closure}()
 4 SYSTEMPATH\Common.php(1134): CodeIgniter\View\View->render('page/kafeDetail', [], true)
 5 APPPATH\Controllers\Kafe.php(91): view('page/kafeDetail', [...])
 6 SYSTEMPATH\CodeIgniter.php(927): App\Controllers\Kafe->detail('112')
 7 SYSTEMPATH\CodeIgniter.php(482): CodeIgniter\CodeIgniter->runController(Object(App\Controllers\Kafe))
 8 SYSTEMPATH\CodeIgniter.php(351): CodeIgniter\CodeIgniter->handleRequest(null, Object(Config\Cache), false)
 9 FCPATH\index.php(67): CodeIgniter\CodeIgniter->run()
10 SYSTEMPATH\Commands\Server\rewrite.php(46): require_once('FCPATH\\index.php')
CRITICAL - 2022-12-29 11:20:00 --> Attempt to read property "coordinate" on string
in APPPATH\Views\page\kafeDetail.php on line 239.
 1 APPPATH\Views\page\kafeDetail.php(239): CodeIgniter\Debug\Exceptions->errorHandler(2, 'Attempt to read property "coordinate" on string', 'APPPATH\\Views\\page\\kafeDetail.php', 239)
 2 SYSTEMPATH\View\View.php(213): include('APPPATH\\Views\\page\\kafeDetail.php')
 3 SYSTEMPATH\View\View.php(216): CodeIgniter\View\View->CodeIgniter\View\{closure}()
 4 SYSTEMPATH\Common.php(1134): CodeIgniter\View\View->render('page/kafeDetail', [], true)
 5 APPPATH\Controllers\Kafe.php(91): view('page/kafeDetail', [...])
 6 SYSTEMPATH\CodeIgniter.php(927): App\Controllers\Kafe->detail('112')
 7 SYSTEMPATH\CodeIgniter.php(482): CodeIgniter\CodeIgniter->runController(Object(App\Controllers\Kafe))
 8 SYSTEMPATH\CodeIgniter.php(351): CodeIgniter\CodeIgniter->handleRequest(null, Object(Config\Cache), false)
 9 FCPATH\index.php(67): CodeIgniter\CodeIgniter->run()
10 SYSTEMPATH\Commands\Server\rewrite.php(46): require_once('FCPATH\\index.php')
CRITICAL - 2022-12-29 11:20:01 --> Attempt to read property "coordinate" on string
in APPPATH\Views\page\kafeDetail.php on line 239.
 1 APPPATH\Views\page\kafeDetail.php(239): CodeIgniter\Debug\Exceptions->errorHandler(2, 'Attempt to read property "coordinate" on string', 'APPPATH\\Views\\page\\kafeDetail.php', 239)
 2 SYSTEMPATH\View\View.php(213): include('APPPATH\\Views\\page\\kafeDetail.php')
 3 SYSTEMPATH\View\View.php(216): CodeIgniter\View\View->CodeIgniter\View\{closure}()
 4 SYSTEMPATH\Common.php(1134): CodeIgniter\View\View->render('page/kafeDetail', [], true)
 5 APPPATH\Controllers\Kafe.php(91): view('page/kafeDetail', [...])
 6 SYSTEMPATH\CodeIgniter.php(927): App\Controllers\Kafe->detail('112')
 7 SYSTEMPATH\CodeIgniter.php(482): CodeIgniter\CodeIgniter->runController(Object(App\Controllers\Kafe))
 8 SYSTEMPATH\CodeIgniter.php(351): CodeIgniter\CodeIgniter->handleRequest(null, Object(Config\Cache), false)
 9 FCPATH\index.php(67): CodeIgniter\CodeIgniter->run()
10 SYSTEMPATH\Commands\Server\rewrite.php(46): require_once('FCPATH\\index.php')
CRITICAL - 2022-12-29 11:20:02 --> Attempt to read property "coordinate" on string
in APPPATH\Views\page\kafeDetail.php on line 239.
 1 APPPATH\Views\page\kafeDetail.php(239): CodeIgniter\Debug\Exceptions->errorHandler(2, 'Attempt to read property "coordinate" on string', 'APPPATH\\Views\\page\\kafeDetail.php', 239)
 2 SYSTEMPATH\View\View.php(213): include('APPPATH\\Views\\page\\kafeDetail.php')
 3 SYSTEMPATH\View\View.php(216): CodeIgniter\View\View->CodeIgniter\View\{closure}()
 4 SYSTEMPATH\Common.php(1134): CodeIgniter\View\View->render('page/kafeDetail', [], true)
 5 APPPATH\Controllers\Kafe.php(91): view('page/kafeDetail', [...])
 6 SYSTEMPATH\CodeIgniter.php(927): App\Controllers\Kafe->detail('112')
 7 SYSTEMPATH\CodeIgniter.php(482): CodeIgniter\CodeIgniter->runController(Object(App\Controllers\Kafe))
 8 SYSTEMPATH\CodeIgniter.php(351): CodeIgniter\CodeIgniter->handleRequest(null, Object(Config\Cache), false)
 9 FCPATH\index.php(67): CodeIgniter\CodeIgniter->run()
10 SYSTEMPATH\Commands\Server\rewrite.php(46): require_once('FCPATH\\index.php')
CRITICAL - 2022-12-29 11:20:03 --> Attempt to read property "coordinate" on string
in APPPATH\Views\page\kafeDetail.php on line 239.
 1 APPPATH\Views\page\kafeDetail.php(239): CodeIgniter\Debug\Exceptions->errorHandler(2, 'Attempt to read property "coordinate" on string', 'APPPATH\\Views\\page\\kafeDetail.php', 239)
 2 SYSTEMPATH\View\View.php(213): include('APPPATH\\Views\\page\\kafeDetail.php')
 3 SYSTEMPATH\View\View.php(216): CodeIgniter\View\View->CodeIgniter\View\{closure}()
 4 SYSTEMPATH\Common.php(1134): CodeIgniter\View\View->render('page/kafeDetail', [], true)
 5 APPPATH\Controllers\Kafe.php(91): view('page/kafeDetail', [...])
 6 SYSTEMPATH\CodeIgniter.php(927): App\Controllers\Kafe->detail('112')
 7 SYSTEMPATH\CodeIgniter.php(482): CodeIgniter\CodeIgniter->runController(Object(App\Controllers\Kafe))
 8 SYSTEMPATH\CodeIgniter.php(351): CodeIgniter\CodeIgniter->handleRequest(null, Object(Config\Cache), false)
 9 FCPATH\index.php(67): CodeIgniter\CodeIgniter->run()
10 SYSTEMPATH\Commands\Server\rewrite.php(46): require_once('FCPATH\\index.php')
CRITICAL - 2022-12-29 11:22:44 --> Attempt to read property "coordinate" on string
in APPPATH\Views\page\kafeDetail.php on line 239.
 1 APPPATH\Views\page\kafeDetail.php(239): CodeIgniter\Debug\Exceptions->errorHandler(2, 'Attempt to read property "coordinate" on string', 'APPPATH\\Views\\page\\kafeDetail.php', 239)
 2 SYSTEMPATH\View\View.php(213): include('APPPATH\\Views\\page\\kafeDetail.php')
 3 SYSTEMPATH\View\View.php(216): CodeIgniter\View\View->CodeIgniter\View\{closure}()
 4 SYSTEMPATH\Common.php(1134): CodeIgniter\View\View->render('page/kafeDetail', [], true)
 5 APPPATH\Controllers\Kafe.php(91): view('page/kafeDetail', [...])
 6 SYSTEMPATH\CodeIgniter.php(927): App\Controllers\Kafe->detail('112')
 7 SYSTEMPATH\CodeIgniter.php(482): CodeIgniter\CodeIgniter->runController(Object(App\Controllers\Kafe))
 8 SYSTEMPATH\CodeIgniter.php(351): CodeIgniter\CodeIgniter->handleRequest(null, Object(Config\Cache), false)
 9 FCPATH\index.php(67): CodeIgniter\CodeIgniter->run()
10 SYSTEMPATH\Commands\Server\rewrite.php(46): require_once('FCPATH\\index.php')
CRITICAL - 2022-12-29 11:22:59 --> Undefined variable $K
in APPPATH\Views\page\kafeDetail.php on line 238.
 1 APPPATH\Views\page\kafeDetail.php(238): CodeIgniter\Debug\Exceptions->errorHandler(2, 'Undefined variable $K', 'APPPATH\\Views\\page\\kafeDetail.php', 238)
 2 SYSTEMPATH\View\View.php(213): include('APPPATH\\Views\\page\\kafeDetail.php')
 3 SYSTEMPATH\View\View.php(216): CodeIgniter\View\View->CodeIgniter\View\{closure}()
 4 SYSTEMPATH\Common.php(1134): CodeIgniter\View\View->render('page/kafeDetail', [], true)
 5 APPPATH\Controllers\Kafe.php(91): view('page/kafeDetail', [...])
 6 SYSTEMPATH\CodeIgniter.php(927): App\Controllers\Kafe->detail('112')
 7 SYSTEMPATH\CodeIgniter.php(482): CodeIgniter\CodeIgniter->runController(Object(App\Controllers\Kafe))
 8 SYSTEMPATH\CodeIgniter.php(351): CodeIgniter\CodeIgniter->handleRequest(null, Object(Config\Cache), false)
 9 FCPATH\index.php(67): CodeIgniter\CodeIgniter->run()
10 SYSTEMPATH\Commands\Server\rewrite.php(46): require_once('FCPATH\\index.php')
CRITICAL - 2022-12-29 11:23:07 --> Undefined variable $K
in APPPATH\Views\page\kafeDetail.php on line 240.
 1 APPPATH\Views\page\kafeDetail.php(240): CodeIgniter\Debug\Exceptions->errorHandler(2, 'Undefined variable $K', 'APPPATH\\Views\\page\\kafeDetail.php', 240)
 2 SYSTEMPATH\View\View.php(213): include('APPPATH\\Views\\page\\kafeDetail.php')
 3 SYSTEMPATH\View\View.php(216): CodeIgniter\View\View->CodeIgniter\View\{closure}()
 4 SYSTEMPATH\Common.php(1134): CodeIgniter\View\View->render('page/kafeDetail', [], true)
 5 APPPATH\Controllers\Kafe.php(91): view('page/kafeDetail', [...])
 6 SYSTEMPATH\CodeIgniter.php(927): App\Controllers\Kafe->detail('112')
 7 SYSTEMPATH\CodeIgniter.php(482): CodeIgniter\CodeIgniter->runController(Object(App\Controllers\Kafe))
 8 SYSTEMPATH\CodeIgniter.php(351): CodeIgniter\CodeIgniter->handleRequest(null, Object(Config\Cache), false)
 9 FCPATH\index.php(67): CodeIgniter\CodeIgniter->run()
10 SYSTEMPATH\Commands\Server\rewrite.php(46): require_once('FCPATH\\index.php')
