CRITICAL - 2023-01-22 23:14:04 --> Cannot access offset of type string on string
in APPPATH\Views\admin\userManagement.php on line 207.
 1 SYSTEMPATH\View\View.php(213): include()
 2 SYSTEMPATH\View\View.php(216): CodeIgniter\View\View->CodeIgniter\View\{closure}()
 3 SYSTEMPATH\Common.php(1134): CodeIgniter\View\View->render('admin/userManagement', [], true)
 4 APPPATH\Controllers\User.php(35): view('admin/userManagement', [...])
 5 SYSTEMPATH\CodeIgniter.php(927): App\Controllers\User->manajemen()
 6 SYSTEMPATH\CodeIgniter.php(482): CodeIgniter\CodeIgniter->runController(Object(App\Controllers\User))
 7 SYSTEMPATH\CodeIgniter.php(351): CodeIgniter\CodeIgniter->handleRequest(null, Object(Config\Cache), false)
 8 FCPATH\index.php(67): CodeIgniter\CodeIgniter->run()
 9 SYSTEMPATH\Commands\Server\rewrite.php(46): require_once('FCPATH\\index.php')
CRITICAL - 2023-01-22 23:37:50 --> Attempt to read property "active" on array
in APPPATH\Views\admin\userManagement.php on line 206.
 1 APPPATH\Views\admin\userManagement.php(206): CodeIgniter\Debug\Exceptions->errorHandler(2, 'Attempt to read property "active" on array', 'APPPATH\\Views\\admin\\userManagement.php', 206)
 2 SYSTEMPATH\View\View.php(213): include('APPPATH\\Views\\admin\\userManagement.php')
 3 SYSTEMPATH\View\View.php(216): CodeIgniter\View\View->CodeIgniter\View\{closure}()
 4 SYSTEMPATH\Common.php(1134): CodeIgniter\View\View->render('admin/userManagement', [], true)
 5 APPPATH\Controllers\User.php(35): view('admin/userManagement', [...])
 6 SYSTEMPATH\CodeIgniter.php(927): App\Controllers\User->manajemen()
 7 SYSTEMPATH\CodeIgniter.php(482): CodeIgniter\CodeIgniter->runController(Object(App\Controllers\User))
 8 SYSTEMPATH\CodeIgniter.php(351): CodeIgniter\CodeIgniter->handleRequest(null, Object(Config\Cache), false)
 9 FCPATH\index.php(67): CodeIgniter\CodeIgniter->run()
10 SYSTEMPATH\Commands\Server\rewrite.php(46): require_once('FCPATH\\index.php')
