CRITICAL - 2023-02-08 16:53:31 --> Call to a member function getResult() on array
in APPPATH\Controllers\Admin.php on line 101.
 1 SYSTEMPATH\CodeIgniter.php(927): App\Controllers\Admin->dump()
 2 SYSTEMPATH\CodeIgniter.php(482): CodeIgniter\CodeIgniter->runController(Object(App\Controllers\Admin))
 3 SYSTEMPATH\CodeIgniter.php(351): CodeIgniter\CodeIgniter->handleRequest(null, Object(Config\Cache), false)
 4 FCPATH\index.php(67): CodeIgniter\CodeIgniter->run()
 5 SYSTEMPATH\Commands\Server\rewrite.php(46): require_once('FCPATH\\index.php')
CRITICAL - 2023-02-08 16:53:33 --> Call to a member function getResult() on array
in APPPATH\Controllers\Admin.php on line 101.
 1 SYSTEMPATH\CodeIgniter.php(927): App\Controllers\Admin->dump()
 2 SYSTEMPATH\CodeIgniter.php(482): CodeIgniter\CodeIgniter->runController(Object(App\Controllers\Admin))
 3 SYSTEMPATH\CodeIgniter.php(351): CodeIgniter\CodeIgniter->handleRequest(null, Object(Config\Cache), false)
 4 FCPATH\index.php(67): CodeIgniter\CodeIgniter->run()
 5 SYSTEMPATH\Commands\Server\rewrite.php(46): require_once('FCPATH\\index.php')
CRITICAL - 2023-02-08 16:53:58 --> syntax error, unexpected identifier "var_dump", expecting "," or ";"
in APPPATH\Controllers\Admin.php on line 106.
 1 SYSTEMPATH\Router\Router.php(499): CodeIgniter\Router\AutoRouter->getRoute('admin/dump')
 2 SYSTEMPATH\Router\Router.php(205): CodeIgniter\Router\Router->autoRoute('admin/dump')
 3 SYSTEMPATH\CodeIgniter.php(802): CodeIgniter\Router\Router->handle('admin/dump')
 4 SYSTEMPATH\CodeIgniter.php(430): CodeIgniter\CodeIgniter->tryToRouteIt(Object(CodeIgniter\Router\RouteCollection))
 5 SYSTEMPATH\CodeIgniter.php(351): CodeIgniter\CodeIgniter->handleRequest(null, Object(Config\Cache), false)
 6 FCPATH\index.php(67): CodeIgniter\CodeIgniter->run()
 7 SYSTEMPATH\Commands\Server\rewrite.php(46): require_once('FCPATH\\index.php')
ERROR - 2023-02-08 17:14:04 --> mysqli_sql_exception: Unknown column 'tbl_jam_operasional.hari' in 'field list' in F:\WEB\XAMPP\htdocs\WebGis_kv\vendor\codeigniter4\framework\system\Database\MySQLi\Connection.php:292
Stack trace:
#0 F:\WEB\XAMPP\htdocs\WebGis_kv\vendor\codeigniter4\framework\system\Database\MySQLi\Connection.php(292): mysqli->query('SELECT `tbl_kaf...', 0)
#1 F:\WEB\XAMPP\htdocs\WebGis_kv\vendor\codeigniter4\framework\system\Database\BaseConnection.php(666): CodeIgniter\Database\MySQLi\Connection->execute('SELECT `tbl_kaf...')
#2 F:\WEB\XAMPP\htdocs\WebGis_kv\vendor\codeigniter4\framework\system\Database\BaseConnection.php(593): CodeIgniter\Database\BaseConnection->simpleQuery('SELECT `tbl_kaf...')
#3 F:\WEB\XAMPP\htdocs\WebGis_kv\vendor\codeigniter4\framework\system\Database\BaseBuilder.php(1718): CodeIgniter\Database\BaseConnection->query('SELECT `tbl_kaf...', Array, false)
#4 F:\WEB\XAMPP\htdocs\WebGis_kv\app\Models\ModelKv.php(40): CodeIgniter\Database\BaseBuilder->getWhere(Array)
#5 F:\WEB\XAMPP\htdocs\WebGis_kv\app\Controllers\Admin.php(104): App\Models\ModelKv->callKafe()
#6 F:\WEB\XAMPP\htdocs\WebGis_kv\vendor\codeigniter4\framework\system\CodeIgniter.php(927): App\Controllers\Admin->dump()
#7 F:\WEB\XAMPP\htdocs\WebGis_kv\vendor\codeigniter4\framework\system\CodeIgniter.php(482): CodeIgniter\CodeIgniter->runController(Object(App\Controllers\Admin))
#8 F:\WEB\XAMPP\htdocs\WebGis_kv\vendor\codeigniter4\framework\system\CodeIgniter.php(351): CodeIgniter\CodeIgniter->handleRequest(NULL, Object(Config\Cache), false)
#9 F:\WEB\XAMPP\htdocs\WebGis_kv\public\index.php(67): CodeIgniter\CodeIgniter->run()
#10 F:\WEB\XAMPP\htdocs\WebGis_kv\vendor\codeigniter4\framework\system\Commands\Server\rewrite.php(46): require_once('F:\\WEB\\XAMPP\\ht...')
#11 {main}
CRITICAL - 2023-02-08 17:14:04 --> Unknown column 'tbl_jam_operasional.hari' in 'field list'
in SYSTEMPATH\Database\MySQLi\Connection.php on line 292.
 1 SYSTEMPATH\Database\MySQLi\Connection.php(292): mysqli->query('SELECT `tbl_kafe`.`id_kafe`, `nama_kafe`, `alamat_kafe`, `latitude`, `longitude`, `fasilitas_kafe`, `instagram_kafe`, `tbl_provinsi`.`id_provinsi` as `id_provinsi`, `nama_provinsi`, `tbl_kabupaten`.`id_kabupaten` as `id_kabupaten`, `nama_kabupaten`, `tbl_kecamatan`.`id_kecamatan` as `id_kecamatan`, `nama_kecamatan`, `tbl_kelurahan`.`id_kelurahan` as `id_kelurahan`, `nama_kelurahan`, `created_at`, `updated_at`, `tbl_status_appv`.`user` as `user`, `tbl_status_appv`.`stat_appv` as `stat_appv`, `nama_foto`, GROUP_CONCAT(DISTINCT JSON_OBJECT("tbl_jam_operasional.hari", `tbl_jam_operasional`.`hari`, "open_time", `tbl_jam_operasional`.`open_time`, "close_time", tbl_jam_operasional.close_time)) AS jam_oprasional
FROM `tbl_kafe`
LEFT JOIN (SELECT `id_kafe`, GROUP_CONCAT(nama_file_foto SEPARATOR ", ") as nama_foto
FROM `tbl_foto_kafe`
GROUP BY `tbl_foto_kafe`.`id_kafe`) as tbl_foto_kafe ON `tbl_foto_kafe`.`id_kafe` = `tbl_kafe`.`id_kafe`
INNER JOIN `tbl_jam_operasional` `tjo` ON `tjo`.`kafe_id` = `tbl_kafe`.`id_kafe`
JOIN `tbl_status_appv` ON `tbl_status_appv`.`id_kafe` = `tbl_kafe`.`id_kafe`
JOIN `tbl_provinsi` ON `tbl_provinsi`.`id_provinsi` = `tbl_kafe`.`id_provinsi`
JOIN `tbl_kabupaten` ON `tbl_kabupaten`.`id_kabupaten` = `tbl_kafe`.`id_kabupaten`
JOIN `tbl_kecamatan` ON `tbl_kecamatan`.`id_kecamatan` = `tbl_kafe`.`id_kecamatan`
JOIN `tbl_kelurahan` ON `tbl_kelurahan`.`id_kelurahan` = `tbl_kafe`.`id_kelurahan`
WHERE `stat_appv` = \'1\'
GROUP BY `id_kafe`, `tjo`.`kafe_id`
ORDER BY `id_kafe` DESC', 0)
 2 SYSTEMPATH\Database\BaseConnection.php(666): CodeIgniter\Database\MySQLi\Connection->execute('SELECT `tbl_kafe`.`id_kafe`, `nama_kafe`, `alamat_kafe`, `latitude`, `longitude`, `fasilitas_kafe`, `instagram_kafe`, `tbl_provinsi`.`id_provinsi` as `id_provinsi`, `nama_provinsi`, `tbl_kabupaten`.`id_kabupaten` as `id_kabupaten`, `nama_kabupaten`, `tbl_kecamatan`.`id_kecamatan` as `id_kecamatan`, `nama_kecamatan`, `tbl_kelurahan`.`id_kelurahan` as `id_kelurahan`, `nama_kelurahan`, `created_at`, `updated_at`, `tbl_status_appv`.`user` as `user`, `tbl_status_appv`.`stat_appv` as `stat_appv`, `nama_foto`, GROUP_CONCAT(DISTINCT JSON_OBJECT("tbl_jam_operasional.hari", `tbl_jam_operasional`.`hari`, "open_time", `tbl_jam_operasional`.`open_time`, "close_time", tbl_jam_operasional.close_time)) AS jam_oprasional
FROM `tbl_kafe`
LEFT JOIN (SELECT `id_kafe`, GROUP_CONCAT(nama_file_foto SEPARATOR ", ") as nama_foto
FROM `tbl_foto_kafe`
GROUP BY `tbl_foto_kafe`.`id_kafe`) as tbl_foto_kafe ON `tbl_foto_kafe`.`id_kafe` = `tbl_kafe`.`id_kafe`
INNER JOIN `tbl_jam_operasional` `tjo` ON `tjo`.`kafe_id` = `tbl_kafe`.`id_kafe`
JOIN `tbl_status_appv` ON `tbl_status_appv`.`id_kafe` = `tbl_kafe`.`id_kafe`
JOIN `tbl_provinsi` ON `tbl_provinsi`.`id_provinsi` = `tbl_kafe`.`id_provinsi`
JOIN `tbl_kabupaten` ON `tbl_kabupaten`.`id_kabupaten` = `tbl_kafe`.`id_kabupaten`
JOIN `tbl_kecamatan` ON `tbl_kecamatan`.`id_kecamatan` = `tbl_kafe`.`id_kecamatan`
JOIN `tbl_kelurahan` ON `tbl_kelurahan`.`id_kelurahan` = `tbl_kafe`.`id_kelurahan`
WHERE `stat_appv` = \'1\'
GROUP BY `id_kafe`, `tjo`.`kafe_id`
ORDER BY `id_kafe` DESC')
 3 SYSTEMPATH\Database\BaseConnection.php(593): CodeIgniter\Database\BaseConnection->simpleQuery('SELECT `tbl_kafe`.`id_kafe`, `nama_kafe`, `alamat_kafe`, `latitude`, `longitude`, `fasilitas_kafe`, `instagram_kafe`, `tbl_provinsi`.`id_provinsi` as `id_provinsi`, `nama_provinsi`, `tbl_kabupaten`.`id_kabupaten` as `id_kabupaten`, `nama_kabupaten`, `tbl_kecamatan`.`id_kecamatan` as `id_kecamatan`, `nama_kecamatan`, `tbl_kelurahan`.`id_kelurahan` as `id_kelurahan`, `nama_kelurahan`, `created_at`, `updated_at`, `tbl_status_appv`.`user` as `user`, `tbl_status_appv`.`stat_appv` as `stat_appv`, `nama_foto`, GROUP_CONCAT(DISTINCT JSON_OBJECT("tbl_jam_operasional.hari", `tbl_jam_operasional`.`hari`, "open_time", `tbl_jam_operasional`.`open_time`, "close_time", tbl_jam_operasional.close_time)) AS jam_oprasional
FROM `tbl_kafe`
LEFT JOIN (SELECT `id_kafe`, GROUP_CONCAT(nama_file_foto SEPARATOR ", ") as nama_foto
FROM `tbl_foto_kafe`
GROUP BY `tbl_foto_kafe`.`id_kafe`) as tbl_foto_kafe ON `tbl_foto_kafe`.`id_kafe` = `tbl_kafe`.`id_kafe`
INNER JOIN `tbl_jam_operasional` `tjo` ON `tjo`.`kafe_id` = `tbl_kafe`.`id_kafe`
JOIN `tbl_status_appv` ON `tbl_status_appv`.`id_kafe` = `tbl_kafe`.`id_kafe`
JOIN `tbl_provinsi` ON `tbl_provinsi`.`id_provinsi` = `tbl_kafe`.`id_provinsi`
JOIN `tbl_kabupaten` ON `tbl_kabupaten`.`id_kabupaten` = `tbl_kafe`.`id_kabupaten`
JOIN `tbl_kecamatan` ON `tbl_kecamatan`.`id_kecamatan` = `tbl_kafe`.`id_kecamatan`
JOIN `tbl_kelurahan` ON `tbl_kelurahan`.`id_kelurahan` = `tbl_kafe`.`id_kelurahan`
WHERE `stat_appv` = \'1\'
GROUP BY `id_kafe`, `tjo`.`kafe_id`
ORDER BY `id_kafe` DESC')
 4 SYSTEMPATH\Database\BaseBuilder.php(1718): CodeIgniter\Database\BaseConnection->query('SELECT `tbl_kafe`.`id_kafe`, `nama_kafe`, `alamat_kafe`, `latitude`, `longitude`, `fasilitas_kafe`, `instagram_kafe`, `tbl_provinsi`.`id_provinsi` as `id_provinsi`, `nama_provinsi`, `tbl_kabupaten`.`id_kabupaten` as `id_kabupaten`, `nama_kabupaten`, `tbl_kecamatan`.`id_kecamatan` as `id_kecamatan`, `nama_kecamatan`, `tbl_kelurahan`.`id_kelurahan` as `id_kelurahan`, `nama_kelurahan`, `created_at`, `updated_at`, `tbl_status_appv`.`user` as `user`, `tbl_status_appv`.`stat_appv` as `stat_appv`, `nama_foto`, GROUP_CONCAT(DISTINCT JSON_OBJECT("tbl_jam_operasional.hari", `tbl_jam_operasional`.`hari`, "open_time", `tbl_jam_operasional`.`open_time`, "close_time", tbl_jam_operasional.close_time)) AS jam_oprasional
FROM `tbl_kafe`
LEFT JOIN (SELECT `id_kafe`, GROUP_CONCAT(nama_file_foto SEPARATOR ", ") as nama_foto
FROM `tbl_foto_kafe`
GROUP BY `tbl_foto_kafe`.`id_kafe`) as tbl_foto_kafe ON `tbl_foto_kafe`.`id_kafe` = `tbl_kafe`.`id_kafe`
INNER JOIN `tbl_jam_operasional` `tjo` ON `tjo`.`kafe_id` = `tbl_kafe`.`id_kafe`
JOIN `tbl_status_appv` ON `tbl_status_appv`.`id_kafe` = `tbl_kafe`.`id_kafe`
JOIN `tbl_provinsi` ON `tbl_provinsi`.`id_provinsi` = `tbl_kafe`.`id_provinsi`
JOIN `tbl_kabupaten` ON `tbl_kabupaten`.`id_kabupaten` = `tbl_kafe`.`id_kabupaten`
JOIN `tbl_kecamatan` ON `tbl_kecamatan`.`id_kecamatan` = `tbl_kafe`.`id_kecamatan`
JOIN `tbl_kelurahan` ON `tbl_kelurahan`.`id_kelurahan` = `tbl_kafe`.`id_kelurahan`
WHERE `stat_appv` = :stat_appv:
GROUP BY `id_kafe`, `tjo`.`kafe_id`
ORDER BY `id_kafe` DESC', [...], false)
 5 APPPATH\Models\ModelKv.php(40): CodeIgniter\Database\BaseBuilder->getWhere([...])
 6 APPPATH\Controllers\Admin.php(104): App\Models\ModelKv->callKafe()
 7 SYSTEMPATH\CodeIgniter.php(927): App\Controllers\Admin->dump()
 8 SYSTEMPATH\CodeIgniter.php(482): CodeIgniter\CodeIgniter->runController(Object(App\Controllers\Admin))
 9 SYSTEMPATH\CodeIgniter.php(351): CodeIgniter\CodeIgniter->handleRequest(null, Object(Config\Cache), false)
10 FCPATH\index.php(67): CodeIgniter\CodeIgniter->run()
11 SYSTEMPATH\Commands\Server\rewrite.php(46): require_once('FCPATH\\index.php')
CRITICAL - 2023-02-08 17:18:20 --> Call to a member function getResult() on array
in APPPATH\Controllers\Admin.php on line 104.
 1 SYSTEMPATH\CodeIgniter.php(927): App\Controllers\Admin->dump()
 2 SYSTEMPATH\CodeIgniter.php(482): CodeIgniter\CodeIgniter->runController(Object(App\Controllers\Admin))
 3 SYSTEMPATH\CodeIgniter.php(351): CodeIgniter\CodeIgniter->handleRequest(null, Object(Config\Cache), false)
 4 FCPATH\index.php(67): CodeIgniter\CodeIgniter->run()
 5 SYSTEMPATH\Commands\Server\rewrite.php(46): require_once('FCPATH\\index.php')
