ERROR - 2022-12-28 03:45:20 --> mysqli_sql_exception: You have an error in your SQL syntax; check the manual that corresponds to your MariaDB server version for the right syntax to use near ')' at line 3 in F:\WEB\XAMPP\htdocs\WebGis_kv\vendor\codeigniter4\framework\system\Database\MySQLi\Connection.php:292
Stack trace:
#0 F:\WEB\XAMPP\htdocs\WebGis_kv\vendor\codeigniter4\framework\system\Database\MySQLi\Connection.php(292): mysqli->query('SELECT *\nFROM `...', 0)
#1 F:\WEB\XAMPP\htdocs\WebGis_kv\vendor\codeigniter4\framework\system\Database\BaseConnection.php(666): CodeIgniter\Database\MySQLi\Connection->execute('SELECT *\nFROM `...')
#2 F:\WEB\XAMPP\htdocs\WebGis_kv\vendor\codeigniter4\framework\system\Database\BaseConnection.php(593): CodeIgniter\Database\BaseConnection->simpleQuery('SELECT *\nFROM `...')
#3 F:\WEB\XAMPP\htdocs\WebGis_kv\vendor\codeigniter4\framework\system\Database\BaseBuilder.php(1585): CodeIgniter\Database\BaseConnection->query('SELECT *\nFROM `...', Array, false)
#4 F:\WEB\XAMPP\htdocs\WebGis_kv\app\Models\ModelUser.php(88): CodeIgniter\Database\BaseBuilder->get()
#5 F:\WEB\XAMPP\htdocs\WebGis_kv\app\Controllers\Admin.php(39): App\Models\ModelUser->userMonth()
#6 F:\WEB\XAMPP\htdocs\WebGis_kv\vendor\codeigniter4\framework\system\CodeIgniter.php(927): App\Controllers\Admin->index()
#7 F:\WEB\XAMPP\htdocs\WebGis_kv\vendor\codeigniter4\framework\system\CodeIgniter.php(482): CodeIgniter\CodeIgniter->runController(Object(App\Controllers\Admin))
#8 F:\WEB\XAMPP\htdocs\WebGis_kv\vendor\codeigniter4\framework\system\CodeIgniter.php(351): CodeIgniter\CodeIgniter->handleRequest(NULL, Object(Config\Cache), false)
#9 F:\WEB\XAMPP\htdocs\WebGis_kv\public\index.php(67): CodeIgniter\CodeIgniter->run()
#10 F:\WEB\XAMPP\htdocs\WebGis_kv\vendor\codeigniter4\framework\system\Commands\Server\rewrite.php(46): require_once('F:\\WEB\\XAMPP\\ht...')
#11 {main}
CRITICAL - 2022-12-28 03:45:20 --> You have an error in your SQL syntax; check the manual that corresponds to your MariaDB server version for the right syntax to use near ')' at line 3
in SYSTEMPATH\Database\MySQLi\Connection.php on line 292.
 1 SYSTEMPATH\Database\MySQLi\Connection.php(292): mysqli->query('SELECT *
FROM `users`
WHERE created_at >= DATEADD(CURDATE(), INTERVAL -30 DAY)', 0)
 2 SYSTEMPATH\Database\BaseConnection.php(666): CodeIgniter\Database\MySQLi\Connection->execute('SELECT *
FROM `users`
WHERE created_at >= DATEADD(CURDATE(), INTERVAL -30 DAY)')
 3 SYSTEMPATH\Database\BaseConnection.php(593): CodeIgniter\Database\BaseConnection->simpleQuery('SELECT *
FROM `users`
WHERE created_at >= DATEADD(CURDATE(), INTERVAL -30 DAY)')
 4 SYSTEMPATH\Database\BaseBuilder.php(1585): CodeIgniter\Database\BaseConnection->query('SELECT *
FROM `users`
WHERE created_at >= :created_at:', [...], false)
 5 APPPATH\Models\ModelUser.php(88): CodeIgniter\Database\BaseBuilder->get()
 6 APPPATH\Controllers\Admin.php(39): App\Models\ModelUser->userMonth()
 7 SYSTEMPATH\CodeIgniter.php(927): App\Controllers\Admin->index()
 8 SYSTEMPATH\CodeIgniter.php(482): CodeIgniter\CodeIgniter->runController(Object(App\Controllers\Admin))
 9 SYSTEMPATH\CodeIgniter.php(351): CodeIgniter\CodeIgniter->handleRequest(null, Object(Config\Cache), false)
10 FCPATH\index.php(67): CodeIgniter\CodeIgniter->run()
11 SYSTEMPATH\Commands\Server\rewrite.php(46): require_once('FCPATH\\index.php')
CRITICAL - 2022-12-28 03:50:53 --> Undefined variable $id
in APPPATH\Models\ModelUser.php on line 78.
 1 APPPATH\Models\ModelUser.php(78): CodeIgniter\Debug\Exceptions->errorHandler(2, 'Undefined variable $id', 'APPPATH\\Models\\ModelUser.php', 78)
 2 APPPATH\Controllers\Admin.php(39): App\Models\ModelUser->userMonth()
 3 SYSTEMPATH\CodeIgniter.php(927): App\Controllers\Admin->index()
 4 SYSTEMPATH\CodeIgniter.php(482): CodeIgniter\CodeIgniter->runController(Object(App\Controllers\Admin))
 5 SYSTEMPATH\CodeIgniter.php(351): CodeIgniter\CodeIgniter->handleRequest(null, Object(Config\Cache), false)
 6 FCPATH\index.php(67): CodeIgniter\CodeIgniter->run()
 7 SYSTEMPATH\Commands\Server\rewrite.php(46): require_once('FCPATH\\index.php')
CRITICAL - 2022-12-28 03:52:19 --> CodeIgniter\Database\BaseBuilder::getWhere(): Argument #2 ($limit) must be of type ?int, string given, called in F:\WEB\XAMPP\htdocs\WebGis_kv\app\Models\ModelUser.php on line 78
in SYSTEMPATH\Database\BaseBuilder.php on line 1706.
 1 APPPATH\Models\ModelUser.php(78): CodeIgniter\Database\BaseBuilder->getWhere('created_at >=', '2022-11-28')
 2 APPPATH\Controllers\Admin.php(39): App\Models\ModelUser->userMonth()
 3 SYSTEMPATH\CodeIgniter.php(927): App\Controllers\Admin->index()
 4 SYSTEMPATH\CodeIgniter.php(482): CodeIgniter\CodeIgniter->runController(Object(App\Controllers\Admin))
 5 SYSTEMPATH\CodeIgniter.php(351): CodeIgniter\CodeIgniter->handleRequest(null, Object(Config\Cache), false)
 6 FCPATH\index.php(67): CodeIgniter\CodeIgniter->run()
 7 SYSTEMPATH\Commands\Server\rewrite.php(46): require_once('FCPATH\\index.php')
CRITICAL - 2022-12-28 04:02:32 --> Undefined property: stdClass::$updated_at
in APPPATH\Views\admin\dashboard.php on line 217.
 1 APPPATH\Views\admin\dashboard.php(217): CodeIgniter\Debug\Exceptions->errorHandler(2, 'Undefined property: stdClass::$updated_at', 'APPPATH\\Views\\admin\\dashboard.php', 217)
 2 SYSTEMPATH\View\View.php(213): include('APPPATH\\Views\\admin\\dashboard.php')
 3 SYSTEMPATH\View\View.php(216): CodeIgniter\View\View->CodeIgniter\View\{closure}()
 4 SYSTEMPATH\Common.php(1134): CodeIgniter\View\View->render('admin/dashboard', [], true)
 5 APPPATH\Controllers\Admin.php(45): view('admin/dashboard', [...])
 6 SYSTEMPATH\CodeIgniter.php(927): App\Controllers\Admin->index()
 7 SYSTEMPATH\CodeIgniter.php(482): CodeIgniter\CodeIgniter->runController(Object(App\Controllers\Admin))
 8 SYSTEMPATH\CodeIgniter.php(351): CodeIgniter\CodeIgniter->handleRequest(null, Object(Config\Cache), false)
 9 FCPATH\index.php(67): CodeIgniter\CodeIgniter->run()
10 SYSTEMPATH\Commands\Server\rewrite.php(46): require_once('FCPATH\\index.php')
CRITICAL - 2022-12-28 04:03:06 --> Undefined variable $user
in APPPATH\Views\admin\dashboard.php on line 218.
 1 APPPATH\Views\admin\dashboard.php(218): CodeIgniter\Debug\Exceptions->errorHandler(2, 'Undefined variable $user', 'APPPATH\\Views\\admin\\dashboard.php', 218)
 2 SYSTEMPATH\View\View.php(213): include('APPPATH\\Views\\admin\\dashboard.php')
 3 SYSTEMPATH\View\View.php(216): CodeIgniter\View\View->CodeIgniter\View\{closure}()
 4 SYSTEMPATH\Common.php(1134): CodeIgniter\View\View->render('admin/dashboard', [], true)
 5 APPPATH\Controllers\Admin.php(45): view('admin/dashboard', [...])
 6 SYSTEMPATH\CodeIgniter.php(927): App\Controllers\Admin->index()
 7 SYSTEMPATH\CodeIgniter.php(482): CodeIgniter\CodeIgniter->runController(Object(App\Controllers\Admin))
 8 SYSTEMPATH\CodeIgniter.php(351): CodeIgniter\CodeIgniter->handleRequest(null, Object(Config\Cache), false)
 9 FCPATH\index.php(67): CodeIgniter\CodeIgniter->run()
10 SYSTEMPATH\Commands\Server\rewrite.php(46): require_once('FCPATH\\index.php')
ERROR - 2022-12-28 09:51:19 --> mysqli_sql_exception: Unknown column 'id_op' in 'field list' in F:\WEB\XAMPP\htdocs\WebGis_kv\vendor\codeigniter4\framework\system\Database\MySQLi\Connection.php:292
Stack trace:
#0 F:\WEB\XAMPP\htdocs\WebGis_kv\vendor\codeigniter4\framework\system\Database\MySQLi\Connection.php(292): mysqli->query('SELECT `tbl_kaf...', 0)
#1 F:\WEB\XAMPP\htdocs\WebGis_kv\vendor\codeigniter4\framework\system\Database\BaseConnection.php(666): CodeIgniter\Database\MySQLi\Connection->execute('SELECT `tbl_kaf...')
#2 F:\WEB\XAMPP\htdocs\WebGis_kv\vendor\codeigniter4\framework\system\Database\BaseConnection.php(593): CodeIgniter\Database\BaseConnection->simpleQuery('SELECT `tbl_kaf...')
#3 F:\WEB\XAMPP\htdocs\WebGis_kv\vendor\codeigniter4\framework\system\Database\BaseBuilder.php(1718): CodeIgniter\Database\BaseConnection->query('SELECT `tbl_kaf...', Array, false)
#4 F:\WEB\XAMPP\htdocs\WebGis_kv\app\Models\ModelKv.php(46): CodeIgniter\Database\BaseBuilder->getWhere(Array)
#5 F:\WEB\XAMPP\htdocs\WebGis_kv\app\Controllers\Admin.php(294): App\Models\ModelKv->callKafe()
#6 F:\WEB\XAMPP\htdocs\WebGis_kv\vendor\codeigniter4\framework\system\CodeIgniter.php(927): App\Controllers\Admin->Kafe()
#7 F:\WEB\XAMPP\htdocs\WebGis_kv\vendor\codeigniter4\framework\system\CodeIgniter.php(482): CodeIgniter\CodeIgniter->runController(Object(App\Controllers\Admin))
#8 F:\WEB\XAMPP\htdocs\WebGis_kv\vendor\codeigniter4\framework\system\CodeIgniter.php(351): CodeIgniter\CodeIgniter->handleRequest(NULL, Object(Config\Cache), false)
#9 F:\WEB\XAMPP\htdocs\WebGis_kv\public\index.php(67): CodeIgniter\CodeIgniter->run()
#10 F:\WEB\XAMPP\htdocs\WebGis_kv\vendor\codeigniter4\framework\system\Commands\Server\rewrite.php(46): require_once('F:\\WEB\\XAMPP\\ht...')
#11 {main}
CRITICAL - 2022-12-28 09:51:19 --> Unknown column 'id_op' in 'field list'
in SYSTEMPATH\Database\MySQLi\Connection.php on line 292.
 1 SYSTEMPATH\Database\MySQLi\Connection.php(292): mysqli->query('SELECT `tbl_kafe`.`id_kafe`, `nama_kafe`, `alamat_kafe`, `coordinate`, `fasilitas_kafe`, `instagram_kafe`, `tbl_provinsi`.`id_provinsi` as `id_provinsi`, `nama_provinsi`, `tbl_kabupaten`.`id_kabupaten` as `id_kabupaten`, `nama_kabupaten`, `tbl_kecamatan`.`id_kecamatan` as `id_kecamatan`, `nama_kecamatan`, `tbl_kelurahan`.`id_kelurahan` as `id_kelurahan`, `nama_kelurahan`, `created_at`, `updated_at`, `user`, `stat_appv`, `nama_foto`, `id_op`, `hari`, `open_time`, `close_time`
FROM `tbl_kafe`
JOIN (SELECT `id_kafe`, GROUP_CONCAT(nama_file_foto SEPARATOR ", ") as nama_foto
FROM `tbl_foto_kafe`
GROUP BY `tbl_foto_kafe`.`id_kafe`) as tbl_foto_kafe ON `tbl_kafe`.`id_kafe` = `tbl_foto_kafe`.`id_kafe`
JOIN (SELECT `tbl_jam_operasional`.`hari`, group_concat(open_time, close_time)
FROM `tbl_jam_operasional`
WHERE `tbl_jam_operasional`.`kafe_id` IS NULL
GROUP BY `tbl_jam_operasional`.`hari`) as tbl_jam_operasional ON `tbl_kafe`.`id_kafe` = `tbl_jam_operasional`.`kafe_id`
JOIN `tbl_provinsi` ON `tbl_provinsi`.`id_provinsi` = `tbl_kafe`.`id_provinsi`
JOIN `tbl_kabupaten` ON `tbl_kabupaten`.`id_kabupaten` = `tbl_kafe`.`id_kabupaten`
JOIN `tbl_kecamatan` ON `tbl_kecamatan`.`id_kecamatan` = `tbl_kafe`.`id_kecamatan`
JOIN `tbl_kelurahan` ON `tbl_kelurahan`.`id_kelurahan` = `tbl_kafe`.`id_kelurahan`
WHERE `stat_appv` = \'1\'', 0)
 2 SYSTEMPATH\Database\BaseConnection.php(666): CodeIgniter\Database\MySQLi\Connection->execute('SELECT `tbl_kafe`.`id_kafe`, `nama_kafe`, `alamat_kafe`, `coordinate`, `fasilitas_kafe`, `instagram_kafe`, `tbl_provinsi`.`id_provinsi` as `id_provinsi`, `nama_provinsi`, `tbl_kabupaten`.`id_kabupaten` as `id_kabupaten`, `nama_kabupaten`, `tbl_kecamatan`.`id_kecamatan` as `id_kecamatan`, `nama_kecamatan`, `tbl_kelurahan`.`id_kelurahan` as `id_kelurahan`, `nama_kelurahan`, `created_at`, `updated_at`, `user`, `stat_appv`, `nama_foto`, `id_op`, `hari`, `open_time`, `close_time`
FROM `tbl_kafe`
JOIN (SELECT `id_kafe`, GROUP_CONCAT(nama_file_foto SEPARATOR ", ") as nama_foto
FROM `tbl_foto_kafe`
GROUP BY `tbl_foto_kafe`.`id_kafe`) as tbl_foto_kafe ON `tbl_kafe`.`id_kafe` = `tbl_foto_kafe`.`id_kafe`
JOIN (SELECT `tbl_jam_operasional`.`hari`, group_concat(open_time, close_time)
FROM `tbl_jam_operasional`
WHERE `tbl_jam_operasional`.`kafe_id` IS NULL
GROUP BY `tbl_jam_operasional`.`hari`) as tbl_jam_operasional ON `tbl_kafe`.`id_kafe` = `tbl_jam_operasional`.`kafe_id`
JOIN `tbl_provinsi` ON `tbl_provinsi`.`id_provinsi` = `tbl_kafe`.`id_provinsi`
JOIN `tbl_kabupaten` ON `tbl_kabupaten`.`id_kabupaten` = `tbl_kafe`.`id_kabupaten`
JOIN `tbl_kecamatan` ON `tbl_kecamatan`.`id_kecamatan` = `tbl_kafe`.`id_kecamatan`
JOIN `tbl_kelurahan` ON `tbl_kelurahan`.`id_kelurahan` = `tbl_kafe`.`id_kelurahan`
WHERE `stat_appv` = \'1\'')
 3 SYSTEMPATH\Database\BaseConnection.php(593): CodeIgniter\Database\BaseConnection->simpleQuery('SELECT `tbl_kafe`.`id_kafe`, `nama_kafe`, `alamat_kafe`, `coordinate`, `fasilitas_kafe`, `instagram_kafe`, `tbl_provinsi`.`id_provinsi` as `id_provinsi`, `nama_provinsi`, `tbl_kabupaten`.`id_kabupaten` as `id_kabupaten`, `nama_kabupaten`, `tbl_kecamatan`.`id_kecamatan` as `id_kecamatan`, `nama_kecamatan`, `tbl_kelurahan`.`id_kelurahan` as `id_kelurahan`, `nama_kelurahan`, `created_at`, `updated_at`, `user`, `stat_appv`, `nama_foto`, `id_op`, `hari`, `open_time`, `close_time`
FROM `tbl_kafe`
JOIN (SELECT `id_kafe`, GROUP_CONCAT(nama_file_foto SEPARATOR ", ") as nama_foto
FROM `tbl_foto_kafe`
GROUP BY `tbl_foto_kafe`.`id_kafe`) as tbl_foto_kafe ON `tbl_kafe`.`id_kafe` = `tbl_foto_kafe`.`id_kafe`
JOIN (SELECT `tbl_jam_operasional`.`hari`, group_concat(open_time, close_time)
FROM `tbl_jam_operasional`
WHERE `tbl_jam_operasional`.`kafe_id` IS NULL
GROUP BY `tbl_jam_operasional`.`hari`) as tbl_jam_operasional ON `tbl_kafe`.`id_kafe` = `tbl_jam_operasional`.`kafe_id`
JOIN `tbl_provinsi` ON `tbl_provinsi`.`id_provinsi` = `tbl_kafe`.`id_provinsi`
JOIN `tbl_kabupaten` ON `tbl_kabupaten`.`id_kabupaten` = `tbl_kafe`.`id_kabupaten`
JOIN `tbl_kecamatan` ON `tbl_kecamatan`.`id_kecamatan` = `tbl_kafe`.`id_kecamatan`
JOIN `tbl_kelurahan` ON `tbl_kelurahan`.`id_kelurahan` = `tbl_kafe`.`id_kelurahan`
WHERE `stat_appv` = \'1\'')
 4 SYSTEMPATH\Database\BaseBuilder.php(1718): CodeIgniter\Database\BaseConnection->query('SELECT `tbl_kafe`.`id_kafe`, `nama_kafe`, `alamat_kafe`, `coordinate`, `fasilitas_kafe`, `instagram_kafe`, `tbl_provinsi`.`id_provinsi` as `id_provinsi`, `nama_provinsi`, `tbl_kabupaten`.`id_kabupaten` as `id_kabupaten`, `nama_kabupaten`, `tbl_kecamatan`.`id_kecamatan` as `id_kecamatan`, `nama_kecamatan`, `tbl_kelurahan`.`id_kelurahan` as `id_kelurahan`, `nama_kelurahan`, `created_at`, `updated_at`, `user`, `stat_appv`, `nama_foto`, `id_op`, `hari`, `open_time`, `close_time`
FROM `tbl_kafe`
JOIN (SELECT `id_kafe`, GROUP_CONCAT(nama_file_foto SEPARATOR ", ") as nama_foto
FROM `tbl_foto_kafe`
GROUP BY `tbl_foto_kafe`.`id_kafe`) as tbl_foto_kafe ON `tbl_kafe`.`id_kafe` = `tbl_foto_kafe`.`id_kafe`
JOIN (SELECT `tbl_jam_operasional`.`hari`, group_concat(open_time, close_time)
FROM `tbl_jam_operasional`
WHERE `tbl_jam_operasional`.`kafe_id` IS NULL
GROUP BY `tbl_jam_operasional`.`hari`) as tbl_jam_operasional ON `tbl_kafe`.`id_kafe` = `tbl_jam_operasional`.`kafe_id`
JOIN `tbl_provinsi` ON `tbl_provinsi`.`id_provinsi` = `tbl_kafe`.`id_provinsi`
JOIN `tbl_kabupaten` ON `tbl_kabupaten`.`id_kabupaten` = `tbl_kafe`.`id_kabupaten`
JOIN `tbl_kecamatan` ON `tbl_kecamatan`.`id_kecamatan` = `tbl_kafe`.`id_kecamatan`
JOIN `tbl_kelurahan` ON `tbl_kelurahan`.`id_kelurahan` = `tbl_kafe`.`id_kelurahan`
WHERE `stat_appv` = :stat_appv:', [...], false)
 5 APPPATH\Models\ModelKv.php(46): CodeIgniter\Database\BaseBuilder->getWhere([...])
 6 APPPATH\Controllers\Admin.php(294): App\Models\ModelKv->callKafe()
 7 SYSTEMPATH\CodeIgniter.php(927): App\Controllers\Admin->Kafe()
 8 SYSTEMPATH\CodeIgniter.php(482): CodeIgniter\CodeIgniter->runController(Object(App\Controllers\Admin))
 9 SYSTEMPATH\CodeIgniter.php(351): CodeIgniter\CodeIgniter->handleRequest(null, Object(Config\Cache), false)
10 FCPATH\index.php(67): CodeIgniter\CodeIgniter->run()
11 SYSTEMPATH\Commands\Server\rewrite.php(46): require_once('FCPATH\\index.php')
ERROR - 2022-12-28 09:51:47 --> mysqli_sql_exception: Unknown column 'open_time' in 'field list' in F:\WEB\XAMPP\htdocs\WebGis_kv\vendor\codeigniter4\framework\system\Database\MySQLi\Connection.php:292
Stack trace:
#0 F:\WEB\XAMPP\htdocs\WebGis_kv\vendor\codeigniter4\framework\system\Database\MySQLi\Connection.php(292): mysqli->query('SELECT `tbl_kaf...', 0)
#1 F:\WEB\XAMPP\htdocs\WebGis_kv\vendor\codeigniter4\framework\system\Database\BaseConnection.php(666): CodeIgniter\Database\MySQLi\Connection->execute('SELECT `tbl_kaf...')
#2 F:\WEB\XAMPP\htdocs\WebGis_kv\vendor\codeigniter4\framework\system\Database\BaseConnection.php(593): CodeIgniter\Database\BaseConnection->simpleQuery('SELECT `tbl_kaf...')
#3 F:\WEB\XAMPP\htdocs\WebGis_kv\vendor\codeigniter4\framework\system\Database\BaseBuilder.php(1718): CodeIgniter\Database\BaseConnection->query('SELECT `tbl_kaf...', Array, false)
#4 F:\WEB\XAMPP\htdocs\WebGis_kv\app\Models\ModelKv.php(46): CodeIgniter\Database\BaseBuilder->getWhere(Array)
#5 F:\WEB\XAMPP\htdocs\WebGis_kv\app\Controllers\Admin.php(294): App\Models\ModelKv->callKafe()
#6 F:\WEB\XAMPP\htdocs\WebGis_kv\vendor\codeigniter4\framework\system\CodeIgniter.php(927): App\Controllers\Admin->Kafe()
#7 F:\WEB\XAMPP\htdocs\WebGis_kv\vendor\codeigniter4\framework\system\CodeIgniter.php(482): CodeIgniter\CodeIgniter->runController(Object(App\Controllers\Admin))
#8 F:\WEB\XAMPP\htdocs\WebGis_kv\vendor\codeigniter4\framework\system\CodeIgniter.php(351): CodeIgniter\CodeIgniter->handleRequest(NULL, Object(Config\Cache), false)
#9 F:\WEB\XAMPP\htdocs\WebGis_kv\public\index.php(67): CodeIgniter\CodeIgniter->run()
#10 F:\WEB\XAMPP\htdocs\WebGis_kv\vendor\codeigniter4\framework\system\Commands\Server\rewrite.php(46): require_once('F:\\WEB\\XAMPP\\ht...')
#11 {main}
CRITICAL - 2022-12-28 09:51:47 --> Unknown column 'open_time' in 'field list'
in SYSTEMPATH\Database\MySQLi\Connection.php on line 292.
 1 SYSTEMPATH\Database\MySQLi\Connection.php(292): mysqli->query('SELECT `tbl_kafe`.`id_kafe`, `nama_kafe`, `alamat_kafe`, `coordinate`, `fasilitas_kafe`, `instagram_kafe`, `tbl_provinsi`.`id_provinsi` as `id_provinsi`, `nama_provinsi`, `tbl_kabupaten`.`id_kabupaten` as `id_kabupaten`, `nama_kabupaten`, `tbl_kecamatan`.`id_kecamatan` as `id_kecamatan`, `nama_kecamatan`, `tbl_kelurahan`.`id_kelurahan` as `id_kelurahan`, `nama_kelurahan`, `created_at`, `updated_at`, `user`, `stat_appv`, `nama_foto`, `hari`, `open_time`, `close_time`
FROM `tbl_kafe`
JOIN (SELECT `id_kafe`, GROUP_CONCAT(nama_file_foto SEPARATOR ", ") as nama_foto
FROM `tbl_foto_kafe`
GROUP BY `tbl_foto_kafe`.`id_kafe`) as tbl_foto_kafe ON `tbl_kafe`.`id_kafe` = `tbl_foto_kafe`.`id_kafe`
JOIN (SELECT `tbl_jam_operasional`.`hari`, group_concat(open_time, close_time)
FROM `tbl_jam_operasional`
WHERE `tbl_jam_operasional`.`kafe_id` IS NULL
GROUP BY `tbl_jam_operasional`.`hari`) as tbl_jam_operasional ON `tbl_kafe`.`id_kafe` = `tbl_jam_operasional`.`kafe_id`
JOIN `tbl_provinsi` ON `tbl_provinsi`.`id_provinsi` = `tbl_kafe`.`id_provinsi`
JOIN `tbl_kabupaten` ON `tbl_kabupaten`.`id_kabupaten` = `tbl_kafe`.`id_kabupaten`
JOIN `tbl_kecamatan` ON `tbl_kecamatan`.`id_kecamatan` = `tbl_kafe`.`id_kecamatan`
JOIN `tbl_kelurahan` ON `tbl_kelurahan`.`id_kelurahan` = `tbl_kafe`.`id_kelurahan`
WHERE `stat_appv` = \'1\'', 0)
 2 SYSTEMPATH\Database\BaseConnection.php(666): CodeIgniter\Database\MySQLi\Connection->execute('SELECT `tbl_kafe`.`id_kafe`, `nama_kafe`, `alamat_kafe`, `coordinate`, `fasilitas_kafe`, `instagram_kafe`, `tbl_provinsi`.`id_provinsi` as `id_provinsi`, `nama_provinsi`, `tbl_kabupaten`.`id_kabupaten` as `id_kabupaten`, `nama_kabupaten`, `tbl_kecamatan`.`id_kecamatan` as `id_kecamatan`, `nama_kecamatan`, `tbl_kelurahan`.`id_kelurahan` as `id_kelurahan`, `nama_kelurahan`, `created_at`, `updated_at`, `user`, `stat_appv`, `nama_foto`, `hari`, `open_time`, `close_time`
FROM `tbl_kafe`
JOIN (SELECT `id_kafe`, GROUP_CONCAT(nama_file_foto SEPARATOR ", ") as nama_foto
FROM `tbl_foto_kafe`
GROUP BY `tbl_foto_kafe`.`id_kafe`) as tbl_foto_kafe ON `tbl_kafe`.`id_kafe` = `tbl_foto_kafe`.`id_kafe`
JOIN (SELECT `tbl_jam_operasional`.`hari`, group_concat(open_time, close_time)
FROM `tbl_jam_operasional`
WHERE `tbl_jam_operasional`.`kafe_id` IS NULL
GROUP BY `tbl_jam_operasional`.`hari`) as tbl_jam_operasional ON `tbl_kafe`.`id_kafe` = `tbl_jam_operasional`.`kafe_id`
JOIN `tbl_provinsi` ON `tbl_provinsi`.`id_provinsi` = `tbl_kafe`.`id_provinsi`
JOIN `tbl_kabupaten` ON `tbl_kabupaten`.`id_kabupaten` = `tbl_kafe`.`id_kabupaten`
JOIN `tbl_kecamatan` ON `tbl_kecamatan`.`id_kecamatan` = `tbl_kafe`.`id_kecamatan`
JOIN `tbl_kelurahan` ON `tbl_kelurahan`.`id_kelurahan` = `tbl_kafe`.`id_kelurahan`
WHERE `stat_appv` = \'1\'')
 3 SYSTEMPATH\Database\BaseConnection.php(593): CodeIgniter\Database\BaseConnection->simpleQuery('SELECT `tbl_kafe`.`id_kafe`, `nama_kafe`, `alamat_kafe`, `coordinate`, `fasilitas_kafe`, `instagram_kafe`, `tbl_provinsi`.`id_provinsi` as `id_provinsi`, `nama_provinsi`, `tbl_kabupaten`.`id_kabupaten` as `id_kabupaten`, `nama_kabupaten`, `tbl_kecamatan`.`id_kecamatan` as `id_kecamatan`, `nama_kecamatan`, `tbl_kelurahan`.`id_kelurahan` as `id_kelurahan`, `nama_kelurahan`, `created_at`, `updated_at`, `user`, `stat_appv`, `nama_foto`, `hari`, `open_time`, `close_time`
FROM `tbl_kafe`
JOIN (SELECT `id_kafe`, GROUP_CONCAT(nama_file_foto SEPARATOR ", ") as nama_foto
FROM `tbl_foto_kafe`
GROUP BY `tbl_foto_kafe`.`id_kafe`) as tbl_foto_kafe ON `tbl_kafe`.`id_kafe` = `tbl_foto_kafe`.`id_kafe`
JOIN (SELECT `tbl_jam_operasional`.`hari`, group_concat(open_time, close_time)
FROM `tbl_jam_operasional`
WHERE `tbl_jam_operasional`.`kafe_id` IS NULL
GROUP BY `tbl_jam_operasional`.`hari`) as tbl_jam_operasional ON `tbl_kafe`.`id_kafe` = `tbl_jam_operasional`.`kafe_id`
JOIN `tbl_provinsi` ON `tbl_provinsi`.`id_provinsi` = `tbl_kafe`.`id_provinsi`
JOIN `tbl_kabupaten` ON `tbl_kabupaten`.`id_kabupaten` = `tbl_kafe`.`id_kabupaten`
JOIN `tbl_kecamatan` ON `tbl_kecamatan`.`id_kecamatan` = `tbl_kafe`.`id_kecamatan`
JOIN `tbl_kelurahan` ON `tbl_kelurahan`.`id_kelurahan` = `tbl_kafe`.`id_kelurahan`
WHERE `stat_appv` = \'1\'')
 4 SYSTEMPATH\Database\BaseBuilder.php(1718): CodeIgniter\Database\BaseConnection->query('SELECT `tbl_kafe`.`id_kafe`, `nama_kafe`, `alamat_kafe`, `coordinate`, `fasilitas_kafe`, `instagram_kafe`, `tbl_provinsi`.`id_provinsi` as `id_provinsi`, `nama_provinsi`, `tbl_kabupaten`.`id_kabupaten` as `id_kabupaten`, `nama_kabupaten`, `tbl_kecamatan`.`id_kecamatan` as `id_kecamatan`, `nama_kecamatan`, `tbl_kelurahan`.`id_kelurahan` as `id_kelurahan`, `nama_kelurahan`, `created_at`, `updated_at`, `user`, `stat_appv`, `nama_foto`, `hari`, `open_time`, `close_time`
FROM `tbl_kafe`
JOIN (SELECT `id_kafe`, GROUP_CONCAT(nama_file_foto SEPARATOR ", ") as nama_foto
FROM `tbl_foto_kafe`
GROUP BY `tbl_foto_kafe`.`id_kafe`) as tbl_foto_kafe ON `tbl_kafe`.`id_kafe` = `tbl_foto_kafe`.`id_kafe`
JOIN (SELECT `tbl_jam_operasional`.`hari`, group_concat(open_time, close_time)
FROM `tbl_jam_operasional`
WHERE `tbl_jam_operasional`.`kafe_id` IS NULL
GROUP BY `tbl_jam_operasional`.`hari`) as tbl_jam_operasional ON `tbl_kafe`.`id_kafe` = `tbl_jam_operasional`.`kafe_id`
JOIN `tbl_provinsi` ON `tbl_provinsi`.`id_provinsi` = `tbl_kafe`.`id_provinsi`
JOIN `tbl_kabupaten` ON `tbl_kabupaten`.`id_kabupaten` = `tbl_kafe`.`id_kabupaten`
JOIN `tbl_kecamatan` ON `tbl_kecamatan`.`id_kecamatan` = `tbl_kafe`.`id_kecamatan`
JOIN `tbl_kelurahan` ON `tbl_kelurahan`.`id_kelurahan` = `tbl_kafe`.`id_kelurahan`
WHERE `stat_appv` = :stat_appv:', [...], false)
 5 APPPATH\Models\ModelKv.php(46): CodeIgniter\Database\BaseBuilder->getWhere([...])
 6 APPPATH\Controllers\Admin.php(294): App\Models\ModelKv->callKafe()
 7 SYSTEMPATH\CodeIgniter.php(927): App\Controllers\Admin->Kafe()
 8 SYSTEMPATH\CodeIgniter.php(482): CodeIgniter\CodeIgniter->runController(Object(App\Controllers\Admin))
 9 SYSTEMPATH\CodeIgniter.php(351): CodeIgniter\CodeIgniter->handleRequest(null, Object(Config\Cache), false)
10 FCPATH\index.php(67): CodeIgniter\CodeIgniter->run()
11 SYSTEMPATH\Commands\Server\rewrite.php(46): require_once('FCPATH\\index.php')
ERROR - 2022-12-28 09:51:48 --> mysqli_sql_exception: Unknown column 'open_time' in 'field list' in F:\WEB\XAMPP\htdocs\WebGis_kv\vendor\codeigniter4\framework\system\Database\MySQLi\Connection.php:292
Stack trace:
#0 F:\WEB\XAMPP\htdocs\WebGis_kv\vendor\codeigniter4\framework\system\Database\MySQLi\Connection.php(292): mysqli->query('SELECT `tbl_kaf...', 0)
#1 F:\WEB\XAMPP\htdocs\WebGis_kv\vendor\codeigniter4\framework\system\Database\BaseConnection.php(666): CodeIgniter\Database\MySQLi\Connection->execute('SELECT `tbl_kaf...')
#2 F:\WEB\XAMPP\htdocs\WebGis_kv\vendor\codeigniter4\framework\system\Database\BaseConnection.php(593): CodeIgniter\Database\BaseConnection->simpleQuery('SELECT `tbl_kaf...')
#3 F:\WEB\XAMPP\htdocs\WebGis_kv\vendor\codeigniter4\framework\system\Database\BaseBuilder.php(1718): CodeIgniter\Database\BaseConnection->query('SELECT `tbl_kaf...', Array, false)
#4 F:\WEB\XAMPP\htdocs\WebGis_kv\app\Models\ModelKv.php(46): CodeIgniter\Database\BaseBuilder->getWhere(Array)
#5 F:\WEB\XAMPP\htdocs\WebGis_kv\app\Controllers\Admin.php(294): App\Models\ModelKv->callKafe()
#6 F:\WEB\XAMPP\htdocs\WebGis_kv\vendor\codeigniter4\framework\system\CodeIgniter.php(927): App\Controllers\Admin->Kafe()
#7 F:\WEB\XAMPP\htdocs\WebGis_kv\vendor\codeigniter4\framework\system\CodeIgniter.php(482): CodeIgniter\CodeIgniter->runController(Object(App\Controllers\Admin))
#8 F:\WEB\XAMPP\htdocs\WebGis_kv\vendor\codeigniter4\framework\system\CodeIgniter.php(351): CodeIgniter\CodeIgniter->handleRequest(NULL, Object(Config\Cache), false)
#9 F:\WEB\XAMPP\htdocs\WebGis_kv\public\index.php(67): CodeIgniter\CodeIgniter->run()
#10 F:\WEB\XAMPP\htdocs\WebGis_kv\vendor\codeigniter4\framework\system\Commands\Server\rewrite.php(46): require_once('F:\\WEB\\XAMPP\\ht...')
#11 {main}
CRITICAL - 2022-12-28 09:51:48 --> Unknown column 'open_time' in 'field list'
in SYSTEMPATH\Database\MySQLi\Connection.php on line 292.
 1 SYSTEMPATH\Database\MySQLi\Connection.php(292): mysqli->query('SELECT `tbl_kafe`.`id_kafe`, `nama_kafe`, `alamat_kafe`, `coordinate`, `fasilitas_kafe`, `instagram_kafe`, `tbl_provinsi`.`id_provinsi` as `id_provinsi`, `nama_provinsi`, `tbl_kabupaten`.`id_kabupaten` as `id_kabupaten`, `nama_kabupaten`, `tbl_kecamatan`.`id_kecamatan` as `id_kecamatan`, `nama_kecamatan`, `tbl_kelurahan`.`id_kelurahan` as `id_kelurahan`, `nama_kelurahan`, `created_at`, `updated_at`, `user`, `stat_appv`, `nama_foto`, `hari`, `open_time`, `close_time`
FROM `tbl_kafe`
JOIN (SELECT `id_kafe`, GROUP_CONCAT(nama_file_foto SEPARATOR ", ") as nama_foto
FROM `tbl_foto_kafe`
GROUP BY `tbl_foto_kafe`.`id_kafe`) as tbl_foto_kafe ON `tbl_kafe`.`id_kafe` = `tbl_foto_kafe`.`id_kafe`
JOIN (SELECT `tbl_jam_operasional`.`hari`, group_concat(open_time, close_time)
FROM `tbl_jam_operasional`
WHERE `tbl_jam_operasional`.`kafe_id` IS NULL
GROUP BY `tbl_jam_operasional`.`hari`) as tbl_jam_operasional ON `tbl_kafe`.`id_kafe` = `tbl_jam_operasional`.`kafe_id`
JOIN `tbl_provinsi` ON `tbl_provinsi`.`id_provinsi` = `tbl_kafe`.`id_provinsi`
JOIN `tbl_kabupaten` ON `tbl_kabupaten`.`id_kabupaten` = `tbl_kafe`.`id_kabupaten`
JOIN `tbl_kecamatan` ON `tbl_kecamatan`.`id_kecamatan` = `tbl_kafe`.`id_kecamatan`
JOIN `tbl_kelurahan` ON `tbl_kelurahan`.`id_kelurahan` = `tbl_kafe`.`id_kelurahan`
WHERE `stat_appv` = \'1\'', 0)
 2 SYSTEMPATH\Database\BaseConnection.php(666): CodeIgniter\Database\MySQLi\Connection->execute('SELECT `tbl_kafe`.`id_kafe`, `nama_kafe`, `alamat_kafe`, `coordinate`, `fasilitas_kafe`, `instagram_kafe`, `tbl_provinsi`.`id_provinsi` as `id_provinsi`, `nama_provinsi`, `tbl_kabupaten`.`id_kabupaten` as `id_kabupaten`, `nama_kabupaten`, `tbl_kecamatan`.`id_kecamatan` as `id_kecamatan`, `nama_kecamatan`, `tbl_kelurahan`.`id_kelurahan` as `id_kelurahan`, `nama_kelurahan`, `created_at`, `updated_at`, `user`, `stat_appv`, `nama_foto`, `hari`, `open_time`, `close_time`
FROM `tbl_kafe`
JOIN (SELECT `id_kafe`, GROUP_CONCAT(nama_file_foto SEPARATOR ", ") as nama_foto
FROM `tbl_foto_kafe`
GROUP BY `tbl_foto_kafe`.`id_kafe`) as tbl_foto_kafe ON `tbl_kafe`.`id_kafe` = `tbl_foto_kafe`.`id_kafe`
JOIN (SELECT `tbl_jam_operasional`.`hari`, group_concat(open_time, close_time)
FROM `tbl_jam_operasional`
WHERE `tbl_jam_operasional`.`kafe_id` IS NULL
GROUP BY `tbl_jam_operasional`.`hari`) as tbl_jam_operasional ON `tbl_kafe`.`id_kafe` = `tbl_jam_operasional`.`kafe_id`
JOIN `tbl_provinsi` ON `tbl_provinsi`.`id_provinsi` = `tbl_kafe`.`id_provinsi`
JOIN `tbl_kabupaten` ON `tbl_kabupaten`.`id_kabupaten` = `tbl_kafe`.`id_kabupaten`
JOIN `tbl_kecamatan` ON `tbl_kecamatan`.`id_kecamatan` = `tbl_kafe`.`id_kecamatan`
JOIN `tbl_kelurahan` ON `tbl_kelurahan`.`id_kelurahan` = `tbl_kafe`.`id_kelurahan`
WHERE `stat_appv` = \'1\'')
 3 SYSTEMPATH\Database\BaseConnection.php(593): CodeIgniter\Database\BaseConnection->simpleQuery('SELECT `tbl_kafe`.`id_kafe`, `nama_kafe`, `alamat_kafe`, `coordinate`, `fasilitas_kafe`, `instagram_kafe`, `tbl_provinsi`.`id_provinsi` as `id_provinsi`, `nama_provinsi`, `tbl_kabupaten`.`id_kabupaten` as `id_kabupaten`, `nama_kabupaten`, `tbl_kecamatan`.`id_kecamatan` as `id_kecamatan`, `nama_kecamatan`, `tbl_kelurahan`.`id_kelurahan` as `id_kelurahan`, `nama_kelurahan`, `created_at`, `updated_at`, `user`, `stat_appv`, `nama_foto`, `hari`, `open_time`, `close_time`
FROM `tbl_kafe`
JOIN (SELECT `id_kafe`, GROUP_CONCAT(nama_file_foto SEPARATOR ", ") as nama_foto
FROM `tbl_foto_kafe`
GROUP BY `tbl_foto_kafe`.`id_kafe`) as tbl_foto_kafe ON `tbl_kafe`.`id_kafe` = `tbl_foto_kafe`.`id_kafe`
JOIN (SELECT `tbl_jam_operasional`.`hari`, group_concat(open_time, close_time)
FROM `tbl_jam_operasional`
WHERE `tbl_jam_operasional`.`kafe_id` IS NULL
GROUP BY `tbl_jam_operasional`.`hari`) as tbl_jam_operasional ON `tbl_kafe`.`id_kafe` = `tbl_jam_operasional`.`kafe_id`
JOIN `tbl_provinsi` ON `tbl_provinsi`.`id_provinsi` = `tbl_kafe`.`id_provinsi`
JOIN `tbl_kabupaten` ON `tbl_kabupaten`.`id_kabupaten` = `tbl_kafe`.`id_kabupaten`
JOIN `tbl_kecamatan` ON `tbl_kecamatan`.`id_kecamatan` = `tbl_kafe`.`id_kecamatan`
JOIN `tbl_kelurahan` ON `tbl_kelurahan`.`id_kelurahan` = `tbl_kafe`.`id_kelurahan`
WHERE `stat_appv` = \'1\'')
 4 SYSTEMPATH\Database\BaseBuilder.php(1718): CodeIgniter\Database\BaseConnection->query('SELECT `tbl_kafe`.`id_kafe`, `nama_kafe`, `alamat_kafe`, `coordinate`, `fasilitas_kafe`, `instagram_kafe`, `tbl_provinsi`.`id_provinsi` as `id_provinsi`, `nama_provinsi`, `tbl_kabupaten`.`id_kabupaten` as `id_kabupaten`, `nama_kabupaten`, `tbl_kecamatan`.`id_kecamatan` as `id_kecamatan`, `nama_kecamatan`, `tbl_kelurahan`.`id_kelurahan` as `id_kelurahan`, `nama_kelurahan`, `created_at`, `updated_at`, `user`, `stat_appv`, `nama_foto`, `hari`, `open_time`, `close_time`
FROM `tbl_kafe`
JOIN (SELECT `id_kafe`, GROUP_CONCAT(nama_file_foto SEPARATOR ", ") as nama_foto
FROM `tbl_foto_kafe`
GROUP BY `tbl_foto_kafe`.`id_kafe`) as tbl_foto_kafe ON `tbl_kafe`.`id_kafe` = `tbl_foto_kafe`.`id_kafe`
JOIN (SELECT `tbl_jam_operasional`.`hari`, group_concat(open_time, close_time)
FROM `tbl_jam_operasional`
WHERE `tbl_jam_operasional`.`kafe_id` IS NULL
GROUP BY `tbl_jam_operasional`.`hari`) as tbl_jam_operasional ON `tbl_kafe`.`id_kafe` = `tbl_jam_operasional`.`kafe_id`
JOIN `tbl_provinsi` ON `tbl_provinsi`.`id_provinsi` = `tbl_kafe`.`id_provinsi`
JOIN `tbl_kabupaten` ON `tbl_kabupaten`.`id_kabupaten` = `tbl_kafe`.`id_kabupaten`
JOIN `tbl_kecamatan` ON `tbl_kecamatan`.`id_kecamatan` = `tbl_kafe`.`id_kecamatan`
JOIN `tbl_kelurahan` ON `tbl_kelurahan`.`id_kelurahan` = `tbl_kafe`.`id_kelurahan`
WHERE `stat_appv` = :stat_appv:', [...], false)
 5 APPPATH\Models\ModelKv.php(46): CodeIgniter\Database\BaseBuilder->getWhere([...])
 6 APPPATH\Controllers\Admin.php(294): App\Models\ModelKv->callKafe()
 7 SYSTEMPATH\CodeIgniter.php(927): App\Controllers\Admin->Kafe()
 8 SYSTEMPATH\CodeIgniter.php(482): CodeIgniter\CodeIgniter->runController(Object(App\Controllers\Admin))
 9 SYSTEMPATH\CodeIgniter.php(351): CodeIgniter\CodeIgniter->handleRequest(null, Object(Config\Cache), false)
10 FCPATH\index.php(67): CodeIgniter\CodeIgniter->run()
11 SYSTEMPATH\Commands\Server\rewrite.php(46): require_once('FCPATH\\index.php')
ERROR - 2022-12-28 09:52:08 --> mysqli_sql_exception: Unknown column 'open_time' in 'field list' in F:\WEB\XAMPP\htdocs\WebGis_kv\vendor\codeigniter4\framework\system\Database\MySQLi\Connection.php:292
Stack trace:
#0 F:\WEB\XAMPP\htdocs\WebGis_kv\vendor\codeigniter4\framework\system\Database\MySQLi\Connection.php(292): mysqli->query('SELECT `tbl_kaf...', 0)
#1 F:\WEB\XAMPP\htdocs\WebGis_kv\vendor\codeigniter4\framework\system\Database\BaseConnection.php(666): CodeIgniter\Database\MySQLi\Connection->execute('SELECT `tbl_kaf...')
#2 F:\WEB\XAMPP\htdocs\WebGis_kv\vendor\codeigniter4\framework\system\Database\BaseConnection.php(593): CodeIgniter\Database\BaseConnection->simpleQuery('SELECT `tbl_kaf...')
#3 F:\WEB\XAMPP\htdocs\WebGis_kv\vendor\codeigniter4\framework\system\Database\BaseBuilder.php(1718): CodeIgniter\Database\BaseConnection->query('SELECT `tbl_kaf...', Array, false)
#4 F:\WEB\XAMPP\htdocs\WebGis_kv\app\Models\ModelKv.php(46): CodeIgniter\Database\BaseBuilder->getWhere(Array)
#5 F:\WEB\XAMPP\htdocs\WebGis_kv\app\Controllers\Admin.php(294): App\Models\ModelKv->callKafe()
#6 F:\WEB\XAMPP\htdocs\WebGis_kv\vendor\codeigniter4\framework\system\CodeIgniter.php(927): App\Controllers\Admin->Kafe()
#7 F:\WEB\XAMPP\htdocs\WebGis_kv\vendor\codeigniter4\framework\system\CodeIgniter.php(482): CodeIgniter\CodeIgniter->runController(Object(App\Controllers\Admin))
#8 F:\WEB\XAMPP\htdocs\WebGis_kv\vendor\codeigniter4\framework\system\CodeIgniter.php(351): CodeIgniter\CodeIgniter->handleRequest(NULL, Object(Config\Cache), false)
#9 F:\WEB\XAMPP\htdocs\WebGis_kv\public\index.php(67): CodeIgniter\CodeIgniter->run()
#10 F:\WEB\XAMPP\htdocs\WebGis_kv\vendor\codeigniter4\framework\system\Commands\Server\rewrite.php(46): require_once('F:\\WEB\\XAMPP\\ht...')
#11 {main}
CRITICAL - 2022-12-28 09:52:08 --> Unknown column 'open_time' in 'field list'
in SYSTEMPATH\Database\MySQLi\Connection.php on line 292.
 1 SYSTEMPATH\Database\MySQLi\Connection.php(292): mysqli->query('SELECT `tbl_kafe`.`id_kafe`, `nama_kafe`, `alamat_kafe`, `coordinate`, `fasilitas_kafe`, `instagram_kafe`, `tbl_provinsi`.`id_provinsi` as `id_provinsi`, `nama_provinsi`, `tbl_kabupaten`.`id_kabupaten` as `id_kabupaten`, `nama_kabupaten`, `tbl_kecamatan`.`id_kecamatan` as `id_kecamatan`, `nama_kecamatan`, `tbl_kelurahan`.`id_kelurahan` as `id_kelurahan`, `nama_kelurahan`, `created_at`, `updated_at`, `user`, `stat_appv`, `nama_foto`, `hari`, `open_time`, `close_time`
FROM `tbl_kafe`
JOIN (SELECT `id_kafe`, GROUP_CONCAT(nama_file_foto SEPARATOR ", ") as nama_foto
FROM `tbl_foto_kafe`
GROUP BY `tbl_foto_kafe`.`id_kafe`) as tbl_foto_kafe ON `tbl_kafe`.`id_kafe` = `tbl_foto_kafe`.`id_kafe`
JOIN (SELECT `tbl_jam_operasional`.`hari`, GROUP_CONCAT(open_time, close_time)
FROM `tbl_jam_operasional`
WHERE `tbl_jam_operasional`.`kafe_id` IS NULL
GROUP BY `tbl_jam_operasional`.`hari`) as tbl_jam_operasional ON `tbl_kafe`.`id_kafe` = `tbl_jam_operasional`.`kafe_id`
JOIN `tbl_provinsi` ON `tbl_provinsi`.`id_provinsi` = `tbl_kafe`.`id_provinsi`
JOIN `tbl_kabupaten` ON `tbl_kabupaten`.`id_kabupaten` = `tbl_kafe`.`id_kabupaten`
JOIN `tbl_kecamatan` ON `tbl_kecamatan`.`id_kecamatan` = `tbl_kafe`.`id_kecamatan`
JOIN `tbl_kelurahan` ON `tbl_kelurahan`.`id_kelurahan` = `tbl_kafe`.`id_kelurahan`
WHERE `stat_appv` = \'1\'', 0)
 2 SYSTEMPATH\Database\BaseConnection.php(666): CodeIgniter\Database\MySQLi\Connection->execute('SELECT `tbl_kafe`.`id_kafe`, `nama_kafe`, `alamat_kafe`, `coordinate`, `fasilitas_kafe`, `instagram_kafe`, `tbl_provinsi`.`id_provinsi` as `id_provinsi`, `nama_provinsi`, `tbl_kabupaten`.`id_kabupaten` as `id_kabupaten`, `nama_kabupaten`, `tbl_kecamatan`.`id_kecamatan` as `id_kecamatan`, `nama_kecamatan`, `tbl_kelurahan`.`id_kelurahan` as `id_kelurahan`, `nama_kelurahan`, `created_at`, `updated_at`, `user`, `stat_appv`, `nama_foto`, `hari`, `open_time`, `close_time`
FROM `tbl_kafe`
JOIN (SELECT `id_kafe`, GROUP_CONCAT(nama_file_foto SEPARATOR ", ") as nama_foto
FROM `tbl_foto_kafe`
GROUP BY `tbl_foto_kafe`.`id_kafe`) as tbl_foto_kafe ON `tbl_kafe`.`id_kafe` = `tbl_foto_kafe`.`id_kafe`
JOIN (SELECT `tbl_jam_operasional`.`hari`, GROUP_CONCAT(open_time, close_time)
FROM `tbl_jam_operasional`
WHERE `tbl_jam_operasional`.`kafe_id` IS NULL
GROUP BY `tbl_jam_operasional`.`hari`) as tbl_jam_operasional ON `tbl_kafe`.`id_kafe` = `tbl_jam_operasional`.`kafe_id`
JOIN `tbl_provinsi` ON `tbl_provinsi`.`id_provinsi` = `tbl_kafe`.`id_provinsi`
JOIN `tbl_kabupaten` ON `tbl_kabupaten`.`id_kabupaten` = `tbl_kafe`.`id_kabupaten`
JOIN `tbl_kecamatan` ON `tbl_kecamatan`.`id_kecamatan` = `tbl_kafe`.`id_kecamatan`
JOIN `tbl_kelurahan` ON `tbl_kelurahan`.`id_kelurahan` = `tbl_kafe`.`id_kelurahan`
WHERE `stat_appv` = \'1\'')
 3 SYSTEMPATH\Database\BaseConnection.php(593): CodeIgniter\Database\BaseConnection->simpleQuery('SELECT `tbl_kafe`.`id_kafe`, `nama_kafe`, `alamat_kafe`, `coordinate`, `fasilitas_kafe`, `instagram_kafe`, `tbl_provinsi`.`id_provinsi` as `id_provinsi`, `nama_provinsi`, `tbl_kabupaten`.`id_kabupaten` as `id_kabupaten`, `nama_kabupaten`, `tbl_kecamatan`.`id_kecamatan` as `id_kecamatan`, `nama_kecamatan`, `tbl_kelurahan`.`id_kelurahan` as `id_kelurahan`, `nama_kelurahan`, `created_at`, `updated_at`, `user`, `stat_appv`, `nama_foto`, `hari`, `open_time`, `close_time`
FROM `tbl_kafe`
JOIN (SELECT `id_kafe`, GROUP_CONCAT(nama_file_foto SEPARATOR ", ") as nama_foto
FROM `tbl_foto_kafe`
GROUP BY `tbl_foto_kafe`.`id_kafe`) as tbl_foto_kafe ON `tbl_kafe`.`id_kafe` = `tbl_foto_kafe`.`id_kafe`
JOIN (SELECT `tbl_jam_operasional`.`hari`, GROUP_CONCAT(open_time, close_time)
FROM `tbl_jam_operasional`
WHERE `tbl_jam_operasional`.`kafe_id` IS NULL
GROUP BY `tbl_jam_operasional`.`hari`) as tbl_jam_operasional ON `tbl_kafe`.`id_kafe` = `tbl_jam_operasional`.`kafe_id`
JOIN `tbl_provinsi` ON `tbl_provinsi`.`id_provinsi` = `tbl_kafe`.`id_provinsi`
JOIN `tbl_kabupaten` ON `tbl_kabupaten`.`id_kabupaten` = `tbl_kafe`.`id_kabupaten`
JOIN `tbl_kecamatan` ON `tbl_kecamatan`.`id_kecamatan` = `tbl_kafe`.`id_kecamatan`
JOIN `tbl_kelurahan` ON `tbl_kelurahan`.`id_kelurahan` = `tbl_kafe`.`id_kelurahan`
WHERE `stat_appv` = \'1\'')
 4 SYSTEMPATH\Database\BaseBuilder.php(1718): CodeIgniter\Database\BaseConnection->query('SELECT `tbl_kafe`.`id_kafe`, `nama_kafe`, `alamat_kafe`, `coordinate`, `fasilitas_kafe`, `instagram_kafe`, `tbl_provinsi`.`id_provinsi` as `id_provinsi`, `nama_provinsi`, `tbl_kabupaten`.`id_kabupaten` as `id_kabupaten`, `nama_kabupaten`, `tbl_kecamatan`.`id_kecamatan` as `id_kecamatan`, `nama_kecamatan`, `tbl_kelurahan`.`id_kelurahan` as `id_kelurahan`, `nama_kelurahan`, `created_at`, `updated_at`, `user`, `stat_appv`, `nama_foto`, `hari`, `open_time`, `close_time`
FROM `tbl_kafe`
JOIN (SELECT `id_kafe`, GROUP_CONCAT(nama_file_foto SEPARATOR ", ") as nama_foto
FROM `tbl_foto_kafe`
GROUP BY `tbl_foto_kafe`.`id_kafe`) as tbl_foto_kafe ON `tbl_kafe`.`id_kafe` = `tbl_foto_kafe`.`id_kafe`
JOIN (SELECT `tbl_jam_operasional`.`hari`, GROUP_CONCAT(open_time, close_time)
FROM `tbl_jam_operasional`
WHERE `tbl_jam_operasional`.`kafe_id` IS NULL
GROUP BY `tbl_jam_operasional`.`hari`) as tbl_jam_operasional ON `tbl_kafe`.`id_kafe` = `tbl_jam_operasional`.`kafe_id`
JOIN `tbl_provinsi` ON `tbl_provinsi`.`id_provinsi` = `tbl_kafe`.`id_provinsi`
JOIN `tbl_kabupaten` ON `tbl_kabupaten`.`id_kabupaten` = `tbl_kafe`.`id_kabupaten`
JOIN `tbl_kecamatan` ON `tbl_kecamatan`.`id_kecamatan` = `tbl_kafe`.`id_kecamatan`
JOIN `tbl_kelurahan` ON `tbl_kelurahan`.`id_kelurahan` = `tbl_kafe`.`id_kelurahan`
WHERE `stat_appv` = :stat_appv:', [...], false)
 5 APPPATH\Models\ModelKv.php(46): CodeIgniter\Database\BaseBuilder->getWhere([...])
 6 APPPATH\Controllers\Admin.php(294): App\Models\ModelKv->callKafe()
 7 SYSTEMPATH\CodeIgniter.php(927): App\Controllers\Admin->Kafe()
 8 SYSTEMPATH\CodeIgniter.php(482): CodeIgniter\CodeIgniter->runController(Object(App\Controllers\Admin))
 9 SYSTEMPATH\CodeIgniter.php(351): CodeIgniter\CodeIgniter->handleRequest(null, Object(Config\Cache), false)
10 FCPATH\index.php(67): CodeIgniter\CodeIgniter->run()
11 SYSTEMPATH\Commands\Server\rewrite.php(46): require_once('FCPATH\\index.php')
ERROR - 2022-12-28 09:52:37 --> mysqli_sql_exception: Unknown column 'tbl_jam_operasional.kafe_id' in 'on clause' in F:\WEB\XAMPP\htdocs\WebGis_kv\vendor\codeigniter4\framework\system\Database\MySQLi\Connection.php:292
Stack trace:
#0 F:\WEB\XAMPP\htdocs\WebGis_kv\vendor\codeigniter4\framework\system\Database\MySQLi\Connection.php(292): mysqli->query('SELECT `tbl_kaf...', 0)
#1 F:\WEB\XAMPP\htdocs\WebGis_kv\vendor\codeigniter4\framework\system\Database\BaseConnection.php(666): CodeIgniter\Database\MySQLi\Connection->execute('SELECT `tbl_kaf...')
#2 F:\WEB\XAMPP\htdocs\WebGis_kv\vendor\codeigniter4\framework\system\Database\BaseConnection.php(593): CodeIgniter\Database\BaseConnection->simpleQuery('SELECT `tbl_kaf...')
#3 F:\WEB\XAMPP\htdocs\WebGis_kv\vendor\codeigniter4\framework\system\Database\BaseBuilder.php(1718): CodeIgniter\Database\BaseConnection->query('SELECT `tbl_kaf...', Array, false)
#4 F:\WEB\XAMPP\htdocs\WebGis_kv\app\Models\ModelKv.php(46): CodeIgniter\Database\BaseBuilder->getWhere(Array)
#5 F:\WEB\XAMPP\htdocs\WebGis_kv\app\Controllers\Admin.php(294): App\Models\ModelKv->callKafe()
#6 F:\WEB\XAMPP\htdocs\WebGis_kv\vendor\codeigniter4\framework\system\CodeIgniter.php(927): App\Controllers\Admin->Kafe()
#7 F:\WEB\XAMPP\htdocs\WebGis_kv\vendor\codeigniter4\framework\system\CodeIgniter.php(482): CodeIgniter\CodeIgniter->runController(Object(App\Controllers\Admin))
#8 F:\WEB\XAMPP\htdocs\WebGis_kv\vendor\codeigniter4\framework\system\CodeIgniter.php(351): CodeIgniter\CodeIgniter->handleRequest(NULL, Object(Config\Cache), false)
#9 F:\WEB\XAMPP\htdocs\WebGis_kv\public\index.php(67): CodeIgniter\CodeIgniter->run()
#10 F:\WEB\XAMPP\htdocs\WebGis_kv\vendor\codeigniter4\framework\system\Commands\Server\rewrite.php(46): require_once('F:\\WEB\\XAMPP\\ht...')
#11 {main}
CRITICAL - 2022-12-28 09:52:37 --> Unknown column 'tbl_jam_operasional.kafe_id' in 'on clause'
in SYSTEMPATH\Database\MySQLi\Connection.php on line 292.
 1 SYSTEMPATH\Database\MySQLi\Connection.php(292): mysqli->query('SELECT `tbl_kafe`.`id_kafe`, `nama_kafe`, `alamat_kafe`, `coordinate`, `fasilitas_kafe`, `instagram_kafe`, `tbl_provinsi`.`id_provinsi` as `id_provinsi`, `nama_provinsi`, `tbl_kabupaten`.`id_kabupaten` as `id_kabupaten`, `nama_kabupaten`, `tbl_kecamatan`.`id_kecamatan` as `id_kecamatan`, `nama_kecamatan`, `tbl_kelurahan`.`id_kelurahan` as `id_kelurahan`, `nama_kelurahan`, `created_at`, `updated_at`, `user`, `stat_appv`, `nama_foto`, `hari`, `time`
FROM `tbl_kafe`
JOIN (SELECT `id_kafe`, GROUP_CONCAT(nama_file_foto SEPARATOR ", ") as nama_foto
FROM `tbl_foto_kafe`
GROUP BY `tbl_foto_kafe`.`id_kafe`) as tbl_foto_kafe ON `tbl_kafe`.`id_kafe` = `tbl_foto_kafe`.`id_kafe`
JOIN (SELECT `tbl_jam_operasional`.`hari`, GROUP_CONCAT(open_time, close_time) as time
FROM `tbl_jam_operasional`
WHERE `tbl_jam_operasional`.`kafe_id` IS NULL
GROUP BY `tbl_jam_operasional`.`hari`) as tbl_jam_operasional ON `tbl_kafe`.`id_kafe` = `tbl_jam_operasional`.`kafe_id`
JOIN `tbl_provinsi` ON `tbl_provinsi`.`id_provinsi` = `tbl_kafe`.`id_provinsi`
JOIN `tbl_kabupaten` ON `tbl_kabupaten`.`id_kabupaten` = `tbl_kafe`.`id_kabupaten`
JOIN `tbl_kecamatan` ON `tbl_kecamatan`.`id_kecamatan` = `tbl_kafe`.`id_kecamatan`
JOIN `tbl_kelurahan` ON `tbl_kelurahan`.`id_kelurahan` = `tbl_kafe`.`id_kelurahan`
WHERE `stat_appv` = \'1\'', 0)
 2 SYSTEMPATH\Database\BaseConnection.php(666): CodeIgniter\Database\MySQLi\Connection->execute('SELECT `tbl_kafe`.`id_kafe`, `nama_kafe`, `alamat_kafe`, `coordinate`, `fasilitas_kafe`, `instagram_kafe`, `tbl_provinsi`.`id_provinsi` as `id_provinsi`, `nama_provinsi`, `tbl_kabupaten`.`id_kabupaten` as `id_kabupaten`, `nama_kabupaten`, `tbl_kecamatan`.`id_kecamatan` as `id_kecamatan`, `nama_kecamatan`, `tbl_kelurahan`.`id_kelurahan` as `id_kelurahan`, `nama_kelurahan`, `created_at`, `updated_at`, `user`, `stat_appv`, `nama_foto`, `hari`, `time`
FROM `tbl_kafe`
JOIN (SELECT `id_kafe`, GROUP_CONCAT(nama_file_foto SEPARATOR ", ") as nama_foto
FROM `tbl_foto_kafe`
GROUP BY `tbl_foto_kafe`.`id_kafe`) as tbl_foto_kafe ON `tbl_kafe`.`id_kafe` = `tbl_foto_kafe`.`id_kafe`
JOIN (SELECT `tbl_jam_operasional`.`hari`, GROUP_CONCAT(open_time, close_time) as time
FROM `tbl_jam_operasional`
WHERE `tbl_jam_operasional`.`kafe_id` IS NULL
GROUP BY `tbl_jam_operasional`.`hari`) as tbl_jam_operasional ON `tbl_kafe`.`id_kafe` = `tbl_jam_operasional`.`kafe_id`
JOIN `tbl_provinsi` ON `tbl_provinsi`.`id_provinsi` = `tbl_kafe`.`id_provinsi`
JOIN `tbl_kabupaten` ON `tbl_kabupaten`.`id_kabupaten` = `tbl_kafe`.`id_kabupaten`
JOIN `tbl_kecamatan` ON `tbl_kecamatan`.`id_kecamatan` = `tbl_kafe`.`id_kecamatan`
JOIN `tbl_kelurahan` ON `tbl_kelurahan`.`id_kelurahan` = `tbl_kafe`.`id_kelurahan`
WHERE `stat_appv` = \'1\'')
 3 SYSTEMPATH\Database\BaseConnection.php(593): CodeIgniter\Database\BaseConnection->simpleQuery('SELECT `tbl_kafe`.`id_kafe`, `nama_kafe`, `alamat_kafe`, `coordinate`, `fasilitas_kafe`, `instagram_kafe`, `tbl_provinsi`.`id_provinsi` as `id_provinsi`, `nama_provinsi`, `tbl_kabupaten`.`id_kabupaten` as `id_kabupaten`, `nama_kabupaten`, `tbl_kecamatan`.`id_kecamatan` as `id_kecamatan`, `nama_kecamatan`, `tbl_kelurahan`.`id_kelurahan` as `id_kelurahan`, `nama_kelurahan`, `created_at`, `updated_at`, `user`, `stat_appv`, `nama_foto`, `hari`, `time`
FROM `tbl_kafe`
JOIN (SELECT `id_kafe`, GROUP_CONCAT(nama_file_foto SEPARATOR ", ") as nama_foto
FROM `tbl_foto_kafe`
GROUP BY `tbl_foto_kafe`.`id_kafe`) as tbl_foto_kafe ON `tbl_kafe`.`id_kafe` = `tbl_foto_kafe`.`id_kafe`
JOIN (SELECT `tbl_jam_operasional`.`hari`, GROUP_CONCAT(open_time, close_time) as time
FROM `tbl_jam_operasional`
WHERE `tbl_jam_operasional`.`kafe_id` IS NULL
GROUP BY `tbl_jam_operasional`.`hari`) as tbl_jam_operasional ON `tbl_kafe`.`id_kafe` = `tbl_jam_operasional`.`kafe_id`
JOIN `tbl_provinsi` ON `tbl_provinsi`.`id_provinsi` = `tbl_kafe`.`id_provinsi`
JOIN `tbl_kabupaten` ON `tbl_kabupaten`.`id_kabupaten` = `tbl_kafe`.`id_kabupaten`
JOIN `tbl_kecamatan` ON `tbl_kecamatan`.`id_kecamatan` = `tbl_kafe`.`id_kecamatan`
JOIN `tbl_kelurahan` ON `tbl_kelurahan`.`id_kelurahan` = `tbl_kafe`.`id_kelurahan`
WHERE `stat_appv` = \'1\'')
 4 SYSTEMPATH\Database\BaseBuilder.php(1718): CodeIgniter\Database\BaseConnection->query('SELECT `tbl_kafe`.`id_kafe`, `nama_kafe`, `alamat_kafe`, `coordinate`, `fasilitas_kafe`, `instagram_kafe`, `tbl_provinsi`.`id_provinsi` as `id_provinsi`, `nama_provinsi`, `tbl_kabupaten`.`id_kabupaten` as `id_kabupaten`, `nama_kabupaten`, `tbl_kecamatan`.`id_kecamatan` as `id_kecamatan`, `nama_kecamatan`, `tbl_kelurahan`.`id_kelurahan` as `id_kelurahan`, `nama_kelurahan`, `created_at`, `updated_at`, `user`, `stat_appv`, `nama_foto`, `hari`, `time`
FROM `tbl_kafe`
JOIN (SELECT `id_kafe`, GROUP_CONCAT(nama_file_foto SEPARATOR ", ") as nama_foto
FROM `tbl_foto_kafe`
GROUP BY `tbl_foto_kafe`.`id_kafe`) as tbl_foto_kafe ON `tbl_kafe`.`id_kafe` = `tbl_foto_kafe`.`id_kafe`
JOIN (SELECT `tbl_jam_operasional`.`hari`, GROUP_CONCAT(open_time, close_time) as time
FROM `tbl_jam_operasional`
WHERE `tbl_jam_operasional`.`kafe_id` IS NULL
GROUP BY `tbl_jam_operasional`.`hari`) as tbl_jam_operasional ON `tbl_kafe`.`id_kafe` = `tbl_jam_operasional`.`kafe_id`
JOIN `tbl_provinsi` ON `tbl_provinsi`.`id_provinsi` = `tbl_kafe`.`id_provinsi`
JOIN `tbl_kabupaten` ON `tbl_kabupaten`.`id_kabupaten` = `tbl_kafe`.`id_kabupaten`
JOIN `tbl_kecamatan` ON `tbl_kecamatan`.`id_kecamatan` = `tbl_kafe`.`id_kecamatan`
JOIN `tbl_kelurahan` ON `tbl_kelurahan`.`id_kelurahan` = `tbl_kafe`.`id_kelurahan`
WHERE `stat_appv` = :stat_appv:', [...], false)
 5 APPPATH\Models\ModelKv.php(46): CodeIgniter\Database\BaseBuilder->getWhere([...])
 6 APPPATH\Controllers\Admin.php(294): App\Models\ModelKv->callKafe()
 7 SYSTEMPATH\CodeIgniter.php(927): App\Controllers\Admin->Kafe()
 8 SYSTEMPATH\CodeIgniter.php(482): CodeIgniter\CodeIgniter->runController(Object(App\Controllers\Admin))
 9 SYSTEMPATH\CodeIgniter.php(351): CodeIgniter\CodeIgniter->handleRequest(null, Object(Config\Cache), false)
10 FCPATH\index.php(67): CodeIgniter\CodeIgniter->run()
11 SYSTEMPATH\Commands\Server\rewrite.php(46): require_once('FCPATH\\index.php')
ERROR - 2022-12-28 09:54:04 --> mysqli_sql_exception: Unknown column 'tbl_jam_operasional.kafe_id' in 'on clause' in F:\WEB\XAMPP\htdocs\WebGis_kv\vendor\codeigniter4\framework\system\Database\MySQLi\Connection.php:292
Stack trace:
#0 F:\WEB\XAMPP\htdocs\WebGis_kv\vendor\codeigniter4\framework\system\Database\MySQLi\Connection.php(292): mysqli->query('SELECT `tbl_kaf...', 0)
#1 F:\WEB\XAMPP\htdocs\WebGis_kv\vendor\codeigniter4\framework\system\Database\BaseConnection.php(666): CodeIgniter\Database\MySQLi\Connection->execute('SELECT `tbl_kaf...')
#2 F:\WEB\XAMPP\htdocs\WebGis_kv\vendor\codeigniter4\framework\system\Database\BaseConnection.php(593): CodeIgniter\Database\BaseConnection->simpleQuery('SELECT `tbl_kaf...')
#3 F:\WEB\XAMPP\htdocs\WebGis_kv\vendor\codeigniter4\framework\system\Database\BaseBuilder.php(1718): CodeIgniter\Database\BaseConnection->query('SELECT `tbl_kaf...', Array, false)
#4 F:\WEB\XAMPP\htdocs\WebGis_kv\app\Models\ModelKv.php(50): CodeIgniter\Database\BaseBuilder->getWhere(Array)
#5 F:\WEB\XAMPP\htdocs\WebGis_kv\app\Controllers\Admin.php(294): App\Models\ModelKv->callKafe()
#6 F:\WEB\XAMPP\htdocs\WebGis_kv\vendor\codeigniter4\framework\system\CodeIgniter.php(927): App\Controllers\Admin->Kafe()
#7 F:\WEB\XAMPP\htdocs\WebGis_kv\vendor\codeigniter4\framework\system\CodeIgniter.php(482): CodeIgniter\CodeIgniter->runController(Object(App\Controllers\Admin))
#8 F:\WEB\XAMPP\htdocs\WebGis_kv\vendor\codeigniter4\framework\system\CodeIgniter.php(351): CodeIgniter\CodeIgniter->handleRequest(NULL, Object(Config\Cache), false)
#9 F:\WEB\XAMPP\htdocs\WebGis_kv\public\index.php(67): CodeIgniter\CodeIgniter->run()
#10 F:\WEB\XAMPP\htdocs\WebGis_kv\vendor\codeigniter4\framework\system\Commands\Server\rewrite.php(46): require_once('F:\\WEB\\XAMPP\\ht...')
#11 {main}
CRITICAL - 2022-12-28 09:54:04 --> Unknown column 'tbl_jam_operasional.kafe_id' in 'on clause'
in SYSTEMPATH\Database\MySQLi\Connection.php on line 292.
 1 SYSTEMPATH\Database\MySQLi\Connection.php(292): mysqli->query('SELECT `tbl_kafe`.`id_kafe`, `nama_kafe`, `alamat_kafe`, `coordinate`, `fasilitas_kafe`, `instagram_kafe`, `tbl_provinsi`.`id_provinsi` as `id_provinsi`, `nama_provinsi`, `tbl_kabupaten`.`id_kabupaten` as `id_kabupaten`, `nama_kabupaten`, `tbl_kecamatan`.`id_kecamatan` as `id_kecamatan`, `nama_kecamatan`, `tbl_kelurahan`.`id_kelurahan` as `id_kelurahan`, `nama_kelurahan`, `created_at`, `updated_at`, `user`, `stat_appv`, `nama_foto`, `time`
FROM `tbl_kafe`
JOIN (SELECT `id_kafe`, GROUP_CONCAT(nama_file_foto SEPARATOR ", ") as nama_foto
FROM `tbl_foto_kafe`
GROUP BY `tbl_foto_kafe`.`id_kafe`) as tbl_foto_kafe ON `tbl_kafe`.`id_kafe` = `tbl_foto_kafe`.`id_kafe`
JOIN (SELECT `tbl_jam_operasional`.`hari`, GROUP_CONCAT(open_time, close_time) as time
FROM `tbl_jam_operasional`
WHERE `tbl_jam_operasional`.`kafe_id` IS NULL
GROUP BY `tbl_jam_operasional`.`kafe_id`) as tbl_jam_operasional ON `tbl_kafe`.`id_kafe` = `tbl_jam_operasional`.`kafe_id`
JOIN `tbl_provinsi` ON `tbl_provinsi`.`id_provinsi` = `tbl_kafe`.`id_provinsi`
JOIN `tbl_kabupaten` ON `tbl_kabupaten`.`id_kabupaten` = `tbl_kafe`.`id_kabupaten`
JOIN `tbl_kecamatan` ON `tbl_kecamatan`.`id_kecamatan` = `tbl_kafe`.`id_kecamatan`
JOIN `tbl_kelurahan` ON `tbl_kelurahan`.`id_kelurahan` = `tbl_kafe`.`id_kelurahan`
WHERE `stat_appv` = \'1\'', 0)
 2 SYSTEMPATH\Database\BaseConnection.php(666): CodeIgniter\Database\MySQLi\Connection->execute('SELECT `tbl_kafe`.`id_kafe`, `nama_kafe`, `alamat_kafe`, `coordinate`, `fasilitas_kafe`, `instagram_kafe`, `tbl_provinsi`.`id_provinsi` as `id_provinsi`, `nama_provinsi`, `tbl_kabupaten`.`id_kabupaten` as `id_kabupaten`, `nama_kabupaten`, `tbl_kecamatan`.`id_kecamatan` as `id_kecamatan`, `nama_kecamatan`, `tbl_kelurahan`.`id_kelurahan` as `id_kelurahan`, `nama_kelurahan`, `created_at`, `updated_at`, `user`, `stat_appv`, `nama_foto`, `time`
FROM `tbl_kafe`
JOIN (SELECT `id_kafe`, GROUP_CONCAT(nama_file_foto SEPARATOR ", ") as nama_foto
FROM `tbl_foto_kafe`
GROUP BY `tbl_foto_kafe`.`id_kafe`) as tbl_foto_kafe ON `tbl_kafe`.`id_kafe` = `tbl_foto_kafe`.`id_kafe`
JOIN (SELECT `tbl_jam_operasional`.`hari`, GROUP_CONCAT(open_time, close_time) as time
FROM `tbl_jam_operasional`
WHERE `tbl_jam_operasional`.`kafe_id` IS NULL
GROUP BY `tbl_jam_operasional`.`kafe_id`) as tbl_jam_operasional ON `tbl_kafe`.`id_kafe` = `tbl_jam_operasional`.`kafe_id`
JOIN `tbl_provinsi` ON `tbl_provinsi`.`id_provinsi` = `tbl_kafe`.`id_provinsi`
JOIN `tbl_kabupaten` ON `tbl_kabupaten`.`id_kabupaten` = `tbl_kafe`.`id_kabupaten`
JOIN `tbl_kecamatan` ON `tbl_kecamatan`.`id_kecamatan` = `tbl_kafe`.`id_kecamatan`
JOIN `tbl_kelurahan` ON `tbl_kelurahan`.`id_kelurahan` = `tbl_kafe`.`id_kelurahan`
WHERE `stat_appv` = \'1\'')
 3 SYSTEMPATH\Database\BaseConnection.php(593): CodeIgniter\Database\BaseConnection->simpleQuery('SELECT `tbl_kafe`.`id_kafe`, `nama_kafe`, `alamat_kafe`, `coordinate`, `fasilitas_kafe`, `instagram_kafe`, `tbl_provinsi`.`id_provinsi` as `id_provinsi`, `nama_provinsi`, `tbl_kabupaten`.`id_kabupaten` as `id_kabupaten`, `nama_kabupaten`, `tbl_kecamatan`.`id_kecamatan` as `id_kecamatan`, `nama_kecamatan`, `tbl_kelurahan`.`id_kelurahan` as `id_kelurahan`, `nama_kelurahan`, `created_at`, `updated_at`, `user`, `stat_appv`, `nama_foto`, `time`
FROM `tbl_kafe`
JOIN (SELECT `id_kafe`, GROUP_CONCAT(nama_file_foto SEPARATOR ", ") as nama_foto
FROM `tbl_foto_kafe`
GROUP BY `tbl_foto_kafe`.`id_kafe`) as tbl_foto_kafe ON `tbl_kafe`.`id_kafe` = `tbl_foto_kafe`.`id_kafe`
JOIN (SELECT `tbl_jam_operasional`.`hari`, GROUP_CONCAT(open_time, close_time) as time
FROM `tbl_jam_operasional`
WHERE `tbl_jam_operasional`.`kafe_id` IS NULL
GROUP BY `tbl_jam_operasional`.`kafe_id`) as tbl_jam_operasional ON `tbl_kafe`.`id_kafe` = `tbl_jam_operasional`.`kafe_id`
JOIN `tbl_provinsi` ON `tbl_provinsi`.`id_provinsi` = `tbl_kafe`.`id_provinsi`
JOIN `tbl_kabupaten` ON `tbl_kabupaten`.`id_kabupaten` = `tbl_kafe`.`id_kabupaten`
JOIN `tbl_kecamatan` ON `tbl_kecamatan`.`id_kecamatan` = `tbl_kafe`.`id_kecamatan`
JOIN `tbl_kelurahan` ON `tbl_kelurahan`.`id_kelurahan` = `tbl_kafe`.`id_kelurahan`
WHERE `stat_appv` = \'1\'')
 4 SYSTEMPATH\Database\BaseBuilder.php(1718): CodeIgniter\Database\BaseConnection->query('SELECT `tbl_kafe`.`id_kafe`, `nama_kafe`, `alamat_kafe`, `coordinate`, `fasilitas_kafe`, `instagram_kafe`, `tbl_provinsi`.`id_provinsi` as `id_provinsi`, `nama_provinsi`, `tbl_kabupaten`.`id_kabupaten` as `id_kabupaten`, `nama_kabupaten`, `tbl_kecamatan`.`id_kecamatan` as `id_kecamatan`, `nama_kecamatan`, `tbl_kelurahan`.`id_kelurahan` as `id_kelurahan`, `nama_kelurahan`, `created_at`, `updated_at`, `user`, `stat_appv`, `nama_foto`, `time`
FROM `tbl_kafe`
JOIN (SELECT `id_kafe`, GROUP_CONCAT(nama_file_foto SEPARATOR ", ") as nama_foto
FROM `tbl_foto_kafe`
GROUP BY `tbl_foto_kafe`.`id_kafe`) as tbl_foto_kafe ON `tbl_kafe`.`id_kafe` = `tbl_foto_kafe`.`id_kafe`
JOIN (SELECT `tbl_jam_operasional`.`hari`, GROUP_CONCAT(open_time, close_time) as time
FROM `tbl_jam_operasional`
WHERE `tbl_jam_operasional`.`kafe_id` IS NULL
GROUP BY `tbl_jam_operasional`.`kafe_id`) as tbl_jam_operasional ON `tbl_kafe`.`id_kafe` = `tbl_jam_operasional`.`kafe_id`
JOIN `tbl_provinsi` ON `tbl_provinsi`.`id_provinsi` = `tbl_kafe`.`id_provinsi`
JOIN `tbl_kabupaten` ON `tbl_kabupaten`.`id_kabupaten` = `tbl_kafe`.`id_kabupaten`
JOIN `tbl_kecamatan` ON `tbl_kecamatan`.`id_kecamatan` = `tbl_kafe`.`id_kecamatan`
JOIN `tbl_kelurahan` ON `tbl_kelurahan`.`id_kelurahan` = `tbl_kafe`.`id_kelurahan`
WHERE `stat_appv` = :stat_appv:', [...], false)
 5 APPPATH\Models\ModelKv.php(50): CodeIgniter\Database\BaseBuilder->getWhere([...])
 6 APPPATH\Controllers\Admin.php(294): App\Models\ModelKv->callKafe()
 7 SYSTEMPATH\CodeIgniter.php(927): App\Controllers\Admin->Kafe()
 8 SYSTEMPATH\CodeIgniter.php(482): CodeIgniter\CodeIgniter->runController(Object(App\Controllers\Admin))
 9 SYSTEMPATH\CodeIgniter.php(351): CodeIgniter\CodeIgniter->handleRequest(null, Object(Config\Cache), false)
10 FCPATH\index.php(67): CodeIgniter\CodeIgniter->run()
11 SYSTEMPATH\Commands\Server\rewrite.php(46): require_once('FCPATH\\index.php')
ERROR - 2022-12-28 09:54:57 --> mysqli_sql_exception: Unknown column 'time' in 'field list' in F:\WEB\XAMPP\htdocs\WebGis_kv\vendor\codeigniter4\framework\system\Database\MySQLi\Connection.php:292
Stack trace:
#0 F:\WEB\XAMPP\htdocs\WebGis_kv\vendor\codeigniter4\framework\system\Database\MySQLi\Connection.php(292): mysqli->query('SELECT `tbl_kaf...', 0)
#1 F:\WEB\XAMPP\htdocs\WebGis_kv\vendor\codeigniter4\framework\system\Database\BaseConnection.php(666): CodeIgniter\Database\MySQLi\Connection->execute('SELECT `tbl_kaf...')
#2 F:\WEB\XAMPP\htdocs\WebGis_kv\vendor\codeigniter4\framework\system\Database\BaseConnection.php(593): CodeIgniter\Database\BaseConnection->simpleQuery('SELECT `tbl_kaf...')
#3 F:\WEB\XAMPP\htdocs\WebGis_kv\vendor\codeigniter4\framework\system\Database\BaseBuilder.php(1718): CodeIgniter\Database\BaseConnection->query('SELECT `tbl_kaf...', Array, false)
#4 F:\WEB\XAMPP\htdocs\WebGis_kv\app\Models\ModelKv.php(50): CodeIgniter\Database\BaseBuilder->getWhere(Array)
#5 F:\WEB\XAMPP\htdocs\WebGis_kv\app\Controllers\Admin.php(294): App\Models\ModelKv->callKafe()
#6 F:\WEB\XAMPP\htdocs\WebGis_kv\vendor\codeigniter4\framework\system\CodeIgniter.php(927): App\Controllers\Admin->Kafe()
#7 F:\WEB\XAMPP\htdocs\WebGis_kv\vendor\codeigniter4\framework\system\CodeIgniter.php(482): CodeIgniter\CodeIgniter->runController(Object(App\Controllers\Admin))
#8 F:\WEB\XAMPP\htdocs\WebGis_kv\vendor\codeigniter4\framework\system\CodeIgniter.php(351): CodeIgniter\CodeIgniter->handleRequest(NULL, Object(Config\Cache), false)
#9 F:\WEB\XAMPP\htdocs\WebGis_kv\public\index.php(67): CodeIgniter\CodeIgniter->run()
#10 F:\WEB\XAMPP\htdocs\WebGis_kv\vendor\codeigniter4\framework\system\Commands\Server\rewrite.php(46): require_once('F:\\WEB\\XAMPP\\ht...')
#11 {main}
CRITICAL - 2022-12-28 09:54:57 --> Unknown column 'time' in 'field list'
in SYSTEMPATH\Database\MySQLi\Connection.php on line 292.
 1 SYSTEMPATH\Database\MySQLi\Connection.php(292): mysqli->query('SELECT `tbl_kafe`.`id_kafe`, `nama_kafe`, `alamat_kafe`, `coordinate`, `fasilitas_kafe`, `instagram_kafe`, `tbl_provinsi`.`id_provinsi` as `id_provinsi`, `nama_provinsi`, `tbl_kabupaten`.`id_kabupaten` as `id_kabupaten`, `nama_kabupaten`, `tbl_kecamatan`.`id_kecamatan` as `id_kecamatan`, `nama_kecamatan`, `tbl_kelurahan`.`id_kelurahan` as `id_kelurahan`, `nama_kelurahan`, `created_at`, `updated_at`, `user`, `stat_appv`, `nama_foto`, `time`
FROM `tbl_kafe`
JOIN (SELECT `id_kafe`, GROUP_CONCAT(nama_file_foto SEPARATOR ", ") as nama_foto
FROM `tbl_foto_kafe`
GROUP BY `tbl_foto_kafe`.`id_kafe`) as tbl_foto_kafe ON `tbl_kafe`.`id_kafe` = `tbl_foto_kafe`.`id_kafe`
JOIN (SELECT GROUP_CONCAT(id SEPARATOR ", ") as id_op, `kafe_id`, GROUP_CONCAT(hari SEPARATOR ", ") as hari, GROUP_CONCAT(open_time SEPARATOR ", ") as open_time, GROUP_CONCAT(close_time SEPARATOR ", ") as close_time
FROM `tbl_jam_operasional`
GROUP BY `tbl_jam_operasional`.`kafe_id`
ORDER BY `id_op` DESC) as tbl_jam_operasional ON `tbl_kafe`.`id_kafe` = `tbl_jam_operasional`.`kafe_id`
JOIN `tbl_provinsi` ON `tbl_provinsi`.`id_provinsi` = `tbl_kafe`.`id_provinsi`
JOIN `tbl_kabupaten` ON `tbl_kabupaten`.`id_kabupaten` = `tbl_kafe`.`id_kabupaten`
JOIN `tbl_kecamatan` ON `tbl_kecamatan`.`id_kecamatan` = `tbl_kafe`.`id_kecamatan`
JOIN `tbl_kelurahan` ON `tbl_kelurahan`.`id_kelurahan` = `tbl_kafe`.`id_kelurahan`
WHERE `stat_appv` = \'1\'', 0)
 2 SYSTEMPATH\Database\BaseConnection.php(666): CodeIgniter\Database\MySQLi\Connection->execute('SELECT `tbl_kafe`.`id_kafe`, `nama_kafe`, `alamat_kafe`, `coordinate`, `fasilitas_kafe`, `instagram_kafe`, `tbl_provinsi`.`id_provinsi` as `id_provinsi`, `nama_provinsi`, `tbl_kabupaten`.`id_kabupaten` as `id_kabupaten`, `nama_kabupaten`, `tbl_kecamatan`.`id_kecamatan` as `id_kecamatan`, `nama_kecamatan`, `tbl_kelurahan`.`id_kelurahan` as `id_kelurahan`, `nama_kelurahan`, `created_at`, `updated_at`, `user`, `stat_appv`, `nama_foto`, `time`
FROM `tbl_kafe`
JOIN (SELECT `id_kafe`, GROUP_CONCAT(nama_file_foto SEPARATOR ", ") as nama_foto
FROM `tbl_foto_kafe`
GROUP BY `tbl_foto_kafe`.`id_kafe`) as tbl_foto_kafe ON `tbl_kafe`.`id_kafe` = `tbl_foto_kafe`.`id_kafe`
JOIN (SELECT GROUP_CONCAT(id SEPARATOR ", ") as id_op, `kafe_id`, GROUP_CONCAT(hari SEPARATOR ", ") as hari, GROUP_CONCAT(open_time SEPARATOR ", ") as open_time, GROUP_CONCAT(close_time SEPARATOR ", ") as close_time
FROM `tbl_jam_operasional`
GROUP BY `tbl_jam_operasional`.`kafe_id`
ORDER BY `id_op` DESC) as tbl_jam_operasional ON `tbl_kafe`.`id_kafe` = `tbl_jam_operasional`.`kafe_id`
JOIN `tbl_provinsi` ON `tbl_provinsi`.`id_provinsi` = `tbl_kafe`.`id_provinsi`
JOIN `tbl_kabupaten` ON `tbl_kabupaten`.`id_kabupaten` = `tbl_kafe`.`id_kabupaten`
JOIN `tbl_kecamatan` ON `tbl_kecamatan`.`id_kecamatan` = `tbl_kafe`.`id_kecamatan`
JOIN `tbl_kelurahan` ON `tbl_kelurahan`.`id_kelurahan` = `tbl_kafe`.`id_kelurahan`
WHERE `stat_appv` = \'1\'')
 3 SYSTEMPATH\Database\BaseConnection.php(593): CodeIgniter\Database\BaseConnection->simpleQuery('SELECT `tbl_kafe`.`id_kafe`, `nama_kafe`, `alamat_kafe`, `coordinate`, `fasilitas_kafe`, `instagram_kafe`, `tbl_provinsi`.`id_provinsi` as `id_provinsi`, `nama_provinsi`, `tbl_kabupaten`.`id_kabupaten` as `id_kabupaten`, `nama_kabupaten`, `tbl_kecamatan`.`id_kecamatan` as `id_kecamatan`, `nama_kecamatan`, `tbl_kelurahan`.`id_kelurahan` as `id_kelurahan`, `nama_kelurahan`, `created_at`, `updated_at`, `user`, `stat_appv`, `nama_foto`, `time`
FROM `tbl_kafe`
JOIN (SELECT `id_kafe`, GROUP_CONCAT(nama_file_foto SEPARATOR ", ") as nama_foto
FROM `tbl_foto_kafe`
GROUP BY `tbl_foto_kafe`.`id_kafe`) as tbl_foto_kafe ON `tbl_kafe`.`id_kafe` = `tbl_foto_kafe`.`id_kafe`
JOIN (SELECT GROUP_CONCAT(id SEPARATOR ", ") as id_op, `kafe_id`, GROUP_CONCAT(hari SEPARATOR ", ") as hari, GROUP_CONCAT(open_time SEPARATOR ", ") as open_time, GROUP_CONCAT(close_time SEPARATOR ", ") as close_time
FROM `tbl_jam_operasional`
GROUP BY `tbl_jam_operasional`.`kafe_id`
ORDER BY `id_op` DESC) as tbl_jam_operasional ON `tbl_kafe`.`id_kafe` = `tbl_jam_operasional`.`kafe_id`
JOIN `tbl_provinsi` ON `tbl_provinsi`.`id_provinsi` = `tbl_kafe`.`id_provinsi`
JOIN `tbl_kabupaten` ON `tbl_kabupaten`.`id_kabupaten` = `tbl_kafe`.`id_kabupaten`
JOIN `tbl_kecamatan` ON `tbl_kecamatan`.`id_kecamatan` = `tbl_kafe`.`id_kecamatan`
JOIN `tbl_kelurahan` ON `tbl_kelurahan`.`id_kelurahan` = `tbl_kafe`.`id_kelurahan`
WHERE `stat_appv` = \'1\'')
 4 SYSTEMPATH\Database\BaseBuilder.php(1718): CodeIgniter\Database\BaseConnection->query('SELECT `tbl_kafe`.`id_kafe`, `nama_kafe`, `alamat_kafe`, `coordinate`, `fasilitas_kafe`, `instagram_kafe`, `tbl_provinsi`.`id_provinsi` as `id_provinsi`, `nama_provinsi`, `tbl_kabupaten`.`id_kabupaten` as `id_kabupaten`, `nama_kabupaten`, `tbl_kecamatan`.`id_kecamatan` as `id_kecamatan`, `nama_kecamatan`, `tbl_kelurahan`.`id_kelurahan` as `id_kelurahan`, `nama_kelurahan`, `created_at`, `updated_at`, `user`, `stat_appv`, `nama_foto`, `time`
FROM `tbl_kafe`
JOIN (SELECT `id_kafe`, GROUP_CONCAT(nama_file_foto SEPARATOR ", ") as nama_foto
FROM `tbl_foto_kafe`
GROUP BY `tbl_foto_kafe`.`id_kafe`) as tbl_foto_kafe ON `tbl_kafe`.`id_kafe` = `tbl_foto_kafe`.`id_kafe`
JOIN (SELECT GROUP_CONCAT(id SEPARATOR ", ") as id_op, `kafe_id`, GROUP_CONCAT(hari SEPARATOR ", ") as hari, GROUP_CONCAT(open_time SEPARATOR ", ") as open_time, GROUP_CONCAT(close_time SEPARATOR ", ") as close_time
FROM `tbl_jam_operasional`
GROUP BY `tbl_jam_operasional`.`kafe_id`
ORDER BY `id_op` DESC) as tbl_jam_operasional ON `tbl_kafe`.`id_kafe` = `tbl_jam_operasional`.`kafe_id`
JOIN `tbl_provinsi` ON `tbl_provinsi`.`id_provinsi` = `tbl_kafe`.`id_provinsi`
JOIN `tbl_kabupaten` ON `tbl_kabupaten`.`id_kabupaten` = `tbl_kafe`.`id_kabupaten`
JOIN `tbl_kecamatan` ON `tbl_kecamatan`.`id_kecamatan` = `tbl_kafe`.`id_kecamatan`
JOIN `tbl_kelurahan` ON `tbl_kelurahan`.`id_kelurahan` = `tbl_kafe`.`id_kelurahan`
WHERE `stat_appv` = :stat_appv:', [...], false)
 5 APPPATH\Models\ModelKv.php(50): CodeIgniter\Database\BaseBuilder->getWhere([...])
 6 APPPATH\Controllers\Admin.php(294): App\Models\ModelKv->callKafe()
 7 SYSTEMPATH\CodeIgniter.php(927): App\Controllers\Admin->Kafe()
 8 SYSTEMPATH\CodeIgniter.php(482): CodeIgniter\CodeIgniter->runController(Object(App\Controllers\Admin))
 9 SYSTEMPATH\CodeIgniter.php(351): CodeIgniter\CodeIgniter->handleRequest(null, Object(Config\Cache), false)
10 FCPATH\index.php(67): CodeIgniter\CodeIgniter->run()
11 SYSTEMPATH\Commands\Server\rewrite.php(46): require_once('FCPATH\\index.php')
