CRITICAL - 2023-05-12 23:52:36 --> Undefined variable $config
in APPPATH\Views\page\map.php on line 73.
 1 APPPATH\Views\page\map.php(73): CodeIgniter\Debug\Exceptions->errorHandler(2, 'Undefined variable $config', 'APPPATH\\Views\\page\\map.php', 73)
 2 SYSTEMPATH\View\View.php(213): include('APPPATH\\Views\\page\\map.php')
 3 SYSTEMPATH\View\View.php(216): CodeIgniter\View\View->CodeIgniter\View\{closure}()
 4 SYSTEMPATH\Common.php(1134): CodeIgniter\View\View->render('page/map', [], true)
 5 APPPATH\Controllers\Kafe.php(133): view('page/map', [...])
 6 SYSTEMPATH\CodeIgniter.php(927): App\Controllers\Kafe->map()
 7 SYSTEMPATH\CodeIgniter.php(482): CodeIgniter\CodeIgniter->runController(Object(App\Controllers\Kafe))
 8 SYSTEMPATH\CodeIgniter.php(351): CodeIgniter\CodeIgniter->handleRequest(null, Object(Config\Cache), false)
 9 FCPATH\index.php(67): CodeIgniter\CodeIgniter->run()
10 SYSTEMPATH\Commands\Server\rewrite.php(46): require_once('FCPATH\\index.php')
CRITICAL - 2023-05-12 23:53:25 --> Undefined variable $config
in APPPATH\Views\page\map.php on line 76.
 1 APPPATH\Views\page\map.php(76): CodeIgniter\Debug\Exceptions->errorHandler(2, 'Undefined variable $config', 'APPPATH\\Views\\page\\map.php', 76)
 2 SYSTEMPATH\View\View.php(213): include('APPPATH\\Views\\page\\map.php')
 3 SYSTEMPATH\View\View.php(216): CodeIgniter\View\View->CodeIgniter\View\{closure}()
 4 SYSTEMPATH\Common.php(1134): CodeIgniter\View\View->render('page/map', [], true)
 5 APPPATH\Controllers\Kafe.php(133): view('page/map', [...])
 6 SYSTEMPATH\CodeIgniter.php(927): App\Controllers\Kafe->map()
 7 SYSTEMPATH\CodeIgniter.php(482): CodeIgniter\CodeIgniter->runController(Object(App\Controllers\Kafe))
 8 SYSTEMPATH\CodeIgniter.php(351): CodeIgniter\CodeIgniter->handleRequest(null, Object(Config\Cache), false)
 9 FCPATH\index.php(67): CodeIgniter\CodeIgniter->run()
10 SYSTEMPATH\Commands\Server\rewrite.php(46): require_once('FCPATH\\index.php')
CRITICAL - 2023-05-12 23:57:53 --> Undefined variable $config
in APPPATH\Views\page\map.php on line 76.
 1 APPPATH\Views\page\map.php(76): CodeIgniter\Debug\Exceptions->errorHandler(2, 'Undefined variable $config', 'APPPATH\\Views\\page\\map.php', 76)
 2 SYSTEMPATH\View\View.php(213): include('APPPATH\\Views\\page\\map.php')
 3 SYSTEMPATH\View\View.php(216): CodeIgniter\View\View->CodeIgniter\View\{closure}()
 4 SYSTEMPATH\Common.php(1134): CodeIgniter\View\View->render('page/map', [], true)
 5 APPPATH\Controllers\Kafe.php(133): view('page/map', [...])
 6 SYSTEMPATH\CodeIgniter.php(927): App\Controllers\Kafe->map()
 7 SYSTEMPATH\CodeIgniter.php(482): CodeIgniter\CodeIgniter->runController(Object(App\Controllers\Kafe))
 8 SYSTEMPATH\CodeIgniter.php(351): CodeIgniter\CodeIgniter->handleRequest(null, Object(Config\Cache), false)
 9 FCPATH\index.php(67): CodeIgniter\CodeIgniter->run()
10 SYSTEMPATH\Commands\Server\rewrite.php(46): require_once('FCPATH\\index.php')
CRITICAL - 2023-05-12 23:59:39 --> Undefined variable $config
in APPPATH\Views\page\map.php on line 76.
 1 APPPATH\Views\page\map.php(76): CodeIgniter\Debug\Exceptions->errorHandler(2, 'Undefined variable $config', 'APPPATH\\Views\\page\\map.php', 76)
 2 SYSTEMPATH\View\View.php(213): include('APPPATH\\Views\\page\\map.php')
 3 SYSTEMPATH\View\View.php(216): CodeIgniter\View\View->CodeIgniter\View\{closure}()
 4 SYSTEMPATH\Common.php(1134): CodeIgniter\View\View->render('page/map', [], true)
 5 APPPATH\Controllers\Kafe.php(133): view('page/map', [...])
 6 SYSTEMPATH\CodeIgniter.php(927): App\Controllers\Kafe->map()
 7 SYSTEMPATH\CodeIgniter.php(482): CodeIgniter\CodeIgniter->runController(Object(App\Controllers\Kafe))
 8 SYSTEMPATH\CodeIgniter.php(351): CodeIgniter\CodeIgniter->handleRequest(null, Object(Config\Cache), false)
 9 FCPATH\index.php(67): CodeIgniter\CodeIgniter->run()
10 SYSTEMPATH\Commands\Server\rewrite.php(46): require_once('FCPATH\\index.php')
CRITICAL - 2023-05-12 23:59:40 --> Undefined array key "/kafe/map"
in VENDORPATH\myth\auth\src\Controllers\AuthController.php on line 58.
 1 VENDORPATH\myth\auth\src\Controllers\AuthController.php(58): CodeIgniter\Debug\Exceptions->errorHandler(2, 'Undefined array key "/kafe/map"', 'VENDORPATH\\myth\\auth\\src\\Controllers\\AuthController.php', 58)
 2 SYSTEMPATH\CodeIgniter.php(927): Myth\Auth\Controllers\AuthController->login()
 3 SYSTEMPATH\CodeIgniter.php(482): CodeIgniter\CodeIgniter->runController(Object(Myth\Auth\Controllers\AuthController))
 4 SYSTEMPATH\CodeIgniter.php(351): CodeIgniter\CodeIgniter->handleRequest(null, Object(Config\Cache), false)
 5 FCPATH\index.php(67): CodeIgniter\CodeIgniter->run()
 6 SYSTEMPATH\Commands\Server\rewrite.php(46): require_once('FCPATH\\index.php')
CRITICAL - 2023-05-12 23:59:51 --> Undefined array key "kafe/map"
in VENDORPATH\myth\auth\src\Controllers\AuthController.php on line 58.
 1 VENDORPATH\myth\auth\src\Controllers\AuthController.php(58): CodeIgniter\Debug\Exceptions->errorHandler(2, 'Undefined array key "kafe/map"', 'VENDORPATH\\myth\\auth\\src\\Controllers\\AuthController.php', 58)
 2 SYSTEMPATH\CodeIgniter.php(927): Myth\Auth\Controllers\AuthController->login()
 3 SYSTEMPATH\CodeIgniter.php(482): CodeIgniter\CodeIgniter->runController(Object(Myth\Auth\Controllers\AuthController))
 4 SYSTEMPATH\CodeIgniter.php(351): CodeIgniter\CodeIgniter->handleRequest(null, Object(Config\Cache), false)
 5 FCPATH\index.php(67): CodeIgniter\CodeIgniter->run()
 6 SYSTEMPATH\Commands\Server\rewrite.php(46): require_once('FCPATH\\index.php')
CRITICAL - 2023-05-12 23:59:52 --> Undefined variable $config
in APPPATH\Views\page\map.php on line 76.
 1 APPPATH\Views\page\map.php(76): CodeIgniter\Debug\Exceptions->errorHandler(2, 'Undefined variable $config', 'APPPATH\\Views\\page\\map.php', 76)
 2 SYSTEMPATH\View\View.php(213): include('APPPATH\\Views\\page\\map.php')
 3 SYSTEMPATH\View\View.php(216): CodeIgniter\View\View->CodeIgniter\View\{closure}()
 4 SYSTEMPATH\Common.php(1134): CodeIgniter\View\View->render('page/map', [], true)
 5 APPPATH\Controllers\Kafe.php(133): view('page/map', [...])
 6 SYSTEMPATH\CodeIgniter.php(927): App\Controllers\Kafe->map()
 7 SYSTEMPATH\CodeIgniter.php(482): CodeIgniter\CodeIgniter->runController(Object(App\Controllers\Kafe))
 8 SYSTEMPATH\CodeIgniter.php(351): CodeIgniter\CodeIgniter->handleRequest(null, Object(Config\Cache), false)
 9 FCPATH\index.php(67): CodeIgniter\CodeIgniter->run()
10 SYSTEMPATH\Commands\Server\rewrite.php(46): require_once('FCPATH\\index.php')
