CRITICAL - 2023-05-25 01:08:59 --> Undefined variable $data
in APPPATH\Views\admin\geojsonData.php on line 199.
 1 APPPATH\Views\admin\geojsonData.php(199): CodeIgniter\Debug\Exceptions->errorHandler(2, 'Undefined variable $data', 'APPPATH\\Views\\admin\\geojsonData.php', 199)
 2 SYSTEMPATH\View\View.php(213): include('APPPATH\\Views\\admin\\geojsonData.php')
 3 SYSTEMPATH\View\View.php(216): CodeIgniter\View\View->CodeIgniter\View\{closure}()
 4 SYSTEMPATH\Common.php(1134): CodeIgniter\View\View->render('admin/geojsonData', [], true)
 5 APPPATH\Controllers\Admin.php(141): view('admin/geojsonData', [...])
 6 SYSTEMPATH\CodeIgniter.php(927): App\Controllers\Admin->geojson()
 7 SYSTEMPATH\CodeIgniter.php(482): CodeIgniter\CodeIgniter->runController(Object(App\Controllers\Admin))
 8 SYSTEMPATH\CodeIgniter.php(351): CodeIgniter\CodeIgniter->handleRequest(null, Object(Config\Cache), false)
 9 FCPATH\index.php(67): CodeIgniter\CodeIgniter->run()
10 SYSTEMPATH\Commands\Server\rewrite.php(46): require_once('FCPATH\\index.php')
CRITICAL - 2023-05-25 01:19:30 --> syntax error, unexpected token "<"
in APPPATH\Views\admin\geojsonData.php on line 207.
 1 SYSTEMPATH\View\View.php(216): CodeIgniter\View\View->CodeIgniter\View\{closure}()
 2 SYSTEMPATH\Common.php(1134): CodeIgniter\View\View->render('admin/geojsonData', [], true)
 3 APPPATH\Controllers\Admin.php(141): view('admin/geojsonData', [...])
 4 SYSTEMPATH\CodeIgniter.php(927): App\Controllers\Admin->geojson()
 5 SYSTEMPATH\CodeIgniter.php(482): CodeIgniter\CodeIgniter->runController(Object(App\Controllers\Admin))
 6 SYSTEMPATH\CodeIgniter.php(351): CodeIgniter\CodeIgniter->handleRequest(null, Object(Config\Cache), false)
 7 FCPATH\index.php(67): CodeIgniter\CodeIgniter->run()
 8 SYSTEMPATH\Commands\Server\rewrite.php(46): require_once('FCPATH\\index.php')
CRITICAL - 2023-05-25 01:43:52 --> Cannot use object of type stdClass as array
in APPPATH\Views\admin\geojsonData.php on line 198.
 1 SYSTEMPATH\View\View.php(213): include()
 2 SYSTEMPATH\View\View.php(216): CodeIgniter\View\View->CodeIgniter\View\{closure}()
 3 SYSTEMPATH\Common.php(1134): CodeIgniter\View\View->render('admin/geojsonData', [], true)
 4 APPPATH\Controllers\Admin.php(141): view('admin/geojsonData', [...])
 5 SYSTEMPATH\CodeIgniter.php(927): App\Controllers\Admin->geojson()
 6 SYSTEMPATH\CodeIgniter.php(482): CodeIgniter\CodeIgniter->runController(Object(App\Controllers\Admin))
 7 SYSTEMPATH\CodeIgniter.php(351): CodeIgniter\CodeIgniter->handleRequest(null, Object(Config\Cache), false)
 8 FCPATH\index.php(67): CodeIgniter\CodeIgniter->run()
 9 SYSTEMPATH\Commands\Server\rewrite.php(46): require_once('FCPATH\\index.php')
CRITICAL - 2023-05-25 01:56:24 --> Call to a member function getExtension() on string
in APPPATH\Views\admin\geojsonData.php on line 207.
 1 SYSTEMPATH\View\View.php(213): include()
 2 SYSTEMPATH\View\View.php(216): CodeIgniter\View\View->CodeIgniter\View\{closure}()
 3 SYSTEMPATH\Common.php(1134): CodeIgniter\View\View->render('admin/geojsonData', [], true)
 4 APPPATH\Controllers\Admin.php(141): view('admin/geojsonData', [...])
 5 SYSTEMPATH\CodeIgniter.php(927): App\Controllers\Admin->geojson()
 6 SYSTEMPATH\CodeIgniter.php(482): CodeIgniter\CodeIgniter->runController(Object(App\Controllers\Admin))
 7 SYSTEMPATH\CodeIgniter.php(351): CodeIgniter\CodeIgniter->handleRequest(null, Object(Config\Cache), false)
 8 FCPATH\index.php(67): CodeIgniter\CodeIgniter->run()
 9 SYSTEMPATH\Commands\Server\rewrite.php(46): require_once('FCPATH\\index.php')
CRITICAL - 2023-05-25 01:57:13 --> Call to a member function getExtension() on string
in APPPATH\Views\admin\geojsonData.php on line 207.
 1 SYSTEMPATH\View\View.php(213): include()
 2 SYSTEMPATH\View\View.php(216): CodeIgniter\View\View->CodeIgniter\View\{closure}()
 3 SYSTEMPATH\Common.php(1134): CodeIgniter\View\View->render('admin/geojsonData', [], true)
 4 APPPATH\Controllers\Admin.php(141): view('admin/geojsonData', [...])
 5 SYSTEMPATH\CodeIgniter.php(927): App\Controllers\Admin->geojson()
 6 SYSTEMPATH\CodeIgniter.php(482): CodeIgniter\CodeIgniter->runController(Object(App\Controllers\Admin))
 7 SYSTEMPATH\CodeIgniter.php(351): CodeIgniter\CodeIgniter->handleRequest(null, Object(Config\Cache), false)
 8 FCPATH\index.php(67): CodeIgniter\CodeIgniter->run()
 9 SYSTEMPATH\Commands\Server\rewrite.php(46): require_once('FCPATH\\index.php')
CRITICAL - 2023-05-25 01:57:35 --> Call to a member function getExtension() on string
in APPPATH\Views\admin\geojsonData.php on line 207.
 1 SYSTEMPATH\View\View.php(213): include()
 2 SYSTEMPATH\View\View.php(216): CodeIgniter\View\View->CodeIgniter\View\{closure}()
 3 SYSTEMPATH\Common.php(1134): CodeIgniter\View\View->render('admin/geojsonData', [], true)
 4 APPPATH\Controllers\Admin.php(141): view('admin/geojsonData', [...])
 5 SYSTEMPATH\CodeIgniter.php(927): App\Controllers\Admin->geojson()
 6 SYSTEMPATH\CodeIgniter.php(482): CodeIgniter\CodeIgniter->runController(Object(App\Controllers\Admin))
 7 SYSTEMPATH\CodeIgniter.php(351): CodeIgniter\CodeIgniter->handleRequest(null, Object(Config\Cache), false)
 8 FCPATH\index.php(67): CodeIgniter\CodeIgniter->run()
 9 SYSTEMPATH\Commands\Server\rewrite.php(46): require_once('FCPATH\\index.php')
CRITICAL - 2023-05-25 01:57:57 --> Call to a member function getExtension() on string
in APPPATH\Views\admin\geojsonData.php on line 208.
 1 SYSTEMPATH\View\View.php(213): include()
 2 SYSTEMPATH\View\View.php(216): CodeIgniter\View\View->CodeIgniter\View\{closure}()
 3 SYSTEMPATH\Common.php(1134): CodeIgniter\View\View->render('admin/geojsonData', [], true)
 4 APPPATH\Controllers\Admin.php(141): view('admin/geojsonData', [...])
 5 SYSTEMPATH\CodeIgniter.php(927): App\Controllers\Admin->geojson()
 6 SYSTEMPATH\CodeIgniter.php(482): CodeIgniter\CodeIgniter->runController(Object(App\Controllers\Admin))
 7 SYSTEMPATH\CodeIgniter.php(351): CodeIgniter\CodeIgniter->handleRequest(null, Object(Config\Cache), false)
 8 FCPATH\index.php(67): CodeIgniter\CodeIgniter->run()
 9 SYSTEMPATH\Commands\Server\rewrite.php(46): require_once('FCPATH\\index.php')
CRITICAL - 2023-05-25 01:58:49 --> Cannot use object of type stdClass as array
in APPPATH\Views\admin\geojsonData.php on line 207.
 1 SYSTEMPATH\View\View.php(213): include()
 2 SYSTEMPATH\View\View.php(216): CodeIgniter\View\View->CodeIgniter\View\{closure}()
 3 SYSTEMPATH\Common.php(1134): CodeIgniter\View\View->render('admin/geojsonData', [], true)
 4 APPPATH\Controllers\Admin.php(141): view('admin/geojsonData', [...])
 5 SYSTEMPATH\CodeIgniter.php(927): App\Controllers\Admin->geojson()
 6 SYSTEMPATH\CodeIgniter.php(482): CodeIgniter\CodeIgniter->runController(Object(App\Controllers\Admin))
 7 SYSTEMPATH\CodeIgniter.php(351): CodeIgniter\CodeIgniter->handleRequest(null, Object(Config\Cache), false)
 8 FCPATH\index.php(67): CodeIgniter\CodeIgniter->run()
 9 SYSTEMPATH\Commands\Server\rewrite.php(46): require_once('FCPATH\\index.php')
