CRITICAL - 2023-05-15 10:04:29 --> Undefined array key 1
in APPPATH\Controllers\Admin.php on line 307.
 1 APPPATH\Controllers\Admin.php(307): CodeIgniter\Debug\Exceptions->errorHandler(2, 'Undefined array key 1', 'APPPATH\\Controllers\\Admin.php', 307)
 2 SYSTEMPATH\CodeIgniter.php(927): App\Controllers\Admin->tambah_Kafe()
 3 SYSTEMPATH\CodeIgniter.php(482): CodeIgniter\CodeIgniter->runController(Object(App\Controllers\Admin))
 4 SYSTEMPATH\CodeIgniter.php(351): CodeIgniter\CodeIgniter->handleRequest(null, Object(Config\Cache), false)
 5 FCPATH\index.php(67): CodeIgniter\CodeIgniter->run()
 6 SYSTEMPATH\Commands\Server\rewrite.php(46): require_once('FCPATH\\index.php')
CRITICAL - 2023-05-15 10:31:28 --> Undefined array key "foto_kafe"
in APPPATH\Controllers\Admin.php on line 431.
 1 APPPATH\Controllers\Admin.php(431): CodeIgniter\Debug\Exceptions->errorHandler(2, 'Undefined array key "foto_kafe"', 'APPPATH\\Controllers\\Admin.php', 431)
 2 SYSTEMPATH\CodeIgniter.php(927): App\Controllers\Admin->addKafe()
 3 SYSTEMPATH\CodeIgniter.php(482): CodeIgniter\CodeIgniter->runController(Object(App\Controllers\Admin))
 4 SYSTEMPATH\CodeIgniter.php(351): CodeIgniter\CodeIgniter->handleRequest(null, Object(Config\Cache), false)
 5 FCPATH\index.php(67): CodeIgniter\CodeIgniter->run()
 6 SYSTEMPATH\Commands\Server\rewrite.php(46): require_once('FCPATH\\index.php')
CRITICAL - 2023-05-15 10:31:54 --> Undefined array key "foto_kafe"
in APPPATH\Controllers\Admin.php on line 431.
 1 APPPATH\Controllers\Admin.php(431): CodeIgniter\Debug\Exceptions->errorHandler(2, 'Undefined array key "foto_kafe"', 'APPPATH\\Controllers\\Admin.php', 431)
 2 SYSTEMPATH\CodeIgniter.php(927): App\Controllers\Admin->addKafe()
 3 SYSTEMPATH\CodeIgniter.php(482): CodeIgniter\CodeIgniter->runController(Object(App\Controllers\Admin))
 4 SYSTEMPATH\CodeIgniter.php(351): CodeIgniter\CodeIgniter->handleRequest(null, Object(Config\Cache), false)
 5 FCPATH\index.php(67): CodeIgniter\CodeIgniter->run()
 6 SYSTEMPATH\Commands\Server\rewrite.php(46): require_once('FCPATH\\index.php')
CRITICAL - 2023-05-15 10:32:23 --> Undefined array key 1
in APPPATH\Views\admin\updateKafe.php on line 142.
 1 APPPATH\Views\admin\updateKafe.php(142): CodeIgniter\Debug\Exceptions->errorHandler(2, 'Undefined array key 1', 'APPPATH\\Views\\admin\\updateKafe.php', 142)
 2 SYSTEMPATH\View\View.php(213): include('APPPATH\\Views\\admin\\updateKafe.php')
 3 SYSTEMPATH\View\View.php(216): CodeIgniter\View\View->CodeIgniter\View\{closure}()
 4 SYSTEMPATH\Common.php(1134): CodeIgniter\View\View->render('admin/updateKafe', [], true)
 5 APPPATH\Controllers\Admin.php(297): view('admin/updateKafe', [...])
 6 SYSTEMPATH\CodeIgniter.php(927): App\Controllers\Admin->editKafe('191')
 7 SYSTEMPATH\CodeIgniter.php(482): CodeIgniter\CodeIgniter->runController(Object(App\Controllers\Admin))
 8 SYSTEMPATH\CodeIgniter.php(351): CodeIgniter\CodeIgniter->handleRequest(null, Object(Config\Cache), false)
 9 FCPATH\index.php(67): CodeIgniter\CodeIgniter->run()
10 SYSTEMPATH\Commands\Server\rewrite.php(46): require_once('FCPATH\\index.php')
CRITICAL - 2023-05-15 10:33:03 --> Undefined array key "foto_kafe"
in APPPATH\Controllers\Admin.php on line 431.
 1 APPPATH\Controllers\Admin.php(431): CodeIgniter\Debug\Exceptions->errorHandler(2, 'Undefined array key "foto_kafe"', 'APPPATH\\Controllers\\Admin.php', 431)
 2 SYSTEMPATH\CodeIgniter.php(927): App\Controllers\Admin->addKafe()
 3 SYSTEMPATH\CodeIgniter.php(482): CodeIgniter\CodeIgniter->runController(Object(App\Controllers\Admin))
 4 SYSTEMPATH\CodeIgniter.php(351): CodeIgniter\CodeIgniter->handleRequest(null, Object(Config\Cache), false)
 5 FCPATH\index.php(67): CodeIgniter\CodeIgniter->run()
 6 SYSTEMPATH\Commands\Server\rewrite.php(46): require_once('FCPATH\\index.php')
CRITICAL - 2023-05-15 10:33:08 --> Undefined array key "foto_kafe"
in APPPATH\Controllers\Admin.php on line 431.
 1 APPPATH\Controllers\Admin.php(431): CodeIgniter\Debug\Exceptions->errorHandler(2, 'Undefined array key "foto_kafe"', 'APPPATH\\Controllers\\Admin.php', 431)
 2 SYSTEMPATH\CodeIgniter.php(927): App\Controllers\Admin->addKafe()
 3 SYSTEMPATH\CodeIgniter.php(482): CodeIgniter\CodeIgniter->runController(Object(App\Controllers\Admin))
 4 SYSTEMPATH\CodeIgniter.php(351): CodeIgniter\CodeIgniter->handleRequest(null, Object(Config\Cache), false)
 5 FCPATH\index.php(67): CodeIgniter\CodeIgniter->run()
 6 SYSTEMPATH\Commands\Server\rewrite.php(46): require_once('FCPATH\\index.php')
CRITICAL - 2023-05-15 10:35:07 --> Undefined array key "foto_kafe"
in APPPATH\Controllers\Admin.php on line 334.
 1 APPPATH\Controllers\Admin.php(334): CodeIgniter\Debug\Exceptions->errorHandler(2, 'Undefined array key "foto_kafe"', 'APPPATH\\Controllers\\Admin.php', 334)
 2 SYSTEMPATH\CodeIgniter.php(927): App\Controllers\Admin->tambah_Kafe()
 3 SYSTEMPATH\CodeIgniter.php(482): CodeIgniter\CodeIgniter->runController(Object(App\Controllers\Admin))
 4 SYSTEMPATH\CodeIgniter.php(351): CodeIgniter\CodeIgniter->handleRequest(null, Object(Config\Cache), false)
 5 FCPATH\index.php(67): CodeIgniter\CodeIgniter->run()
 6 SYSTEMPATH\Commands\Server\rewrite.php(46): require_once('FCPATH\\index.php')
CRITICAL - 2023-05-15 10:35:32 --> Undefined array key 1
in APPPATH\Views\admin\updateKafe.php on line 142.
 1 APPPATH\Views\admin\updateKafe.php(142): CodeIgniter\Debug\Exceptions->errorHandler(2, 'Undefined array key 1', 'APPPATH\\Views\\admin\\updateKafe.php', 142)
 2 SYSTEMPATH\View\View.php(213): include('APPPATH\\Views\\admin\\updateKafe.php')
 3 SYSTEMPATH\View\View.php(216): CodeIgniter\View\View->CodeIgniter\View\{closure}()
 4 SYSTEMPATH\Common.php(1134): CodeIgniter\View\View->render('admin/updateKafe', [], true)
 5 APPPATH\Controllers\Admin.php(297): view('admin/updateKafe', [...])
 6 SYSTEMPATH\CodeIgniter.php(927): App\Controllers\Admin->editKafe('194')
 7 SYSTEMPATH\CodeIgniter.php(482): CodeIgniter\CodeIgniter->runController(Object(App\Controllers\Admin))
 8 SYSTEMPATH\CodeIgniter.php(351): CodeIgniter\CodeIgniter->handleRequest(null, Object(Config\Cache), false)
 9 FCPATH\index.php(67): CodeIgniter\CodeIgniter->run()
10 SYSTEMPATH\Commands\Server\rewrite.php(46): require_once('FCPATH\\index.php')
CRITICAL - 2023-05-15 10:40:40 --> Undefined array key "foto_kafe"
in APPPATH\Controllers\Admin.php on line 334.
 1 APPPATH\Controllers\Admin.php(334): CodeIgniter\Debug\Exceptions->errorHandler(2, 'Undefined array key "foto_kafe"', 'APPPATH\\Controllers\\Admin.php', 334)
 2 SYSTEMPATH\CodeIgniter.php(927): App\Controllers\Admin->tambah_Kafe()
 3 SYSTEMPATH\CodeIgniter.php(482): CodeIgniter\CodeIgniter->runController(Object(App\Controllers\Admin))
 4 SYSTEMPATH\CodeIgniter.php(351): CodeIgniter\CodeIgniter->handleRequest(null, Object(Config\Cache), false)
 5 FCPATH\index.php(67): CodeIgniter\CodeIgniter->run()
 6 SYSTEMPATH\Commands\Server\rewrite.php(46): require_once('FCPATH\\index.php')
CRITICAL - 2023-05-15 10:40:51 --> Undefined array key 1
in APPPATH\Views\admin\updateKafe.php on line 142.
 1 APPPATH\Views\admin\updateKafe.php(142): CodeIgniter\Debug\Exceptions->errorHandler(2, 'Undefined array key 1', 'APPPATH\\Views\\admin\\updateKafe.php', 142)
 2 SYSTEMPATH\View\View.php(213): include('APPPATH\\Views\\admin\\updateKafe.php')
 3 SYSTEMPATH\View\View.php(216): CodeIgniter\View\View->CodeIgniter\View\{closure}()
 4 SYSTEMPATH\Common.php(1134): CodeIgniter\View\View->render('admin/updateKafe', [], true)
 5 APPPATH\Controllers\Admin.php(297): view('admin/updateKafe', [...])
 6 SYSTEMPATH\CodeIgniter.php(927): App\Controllers\Admin->editKafe('196')
 7 SYSTEMPATH\CodeIgniter.php(482): CodeIgniter\CodeIgniter->runController(Object(App\Controllers\Admin))
 8 SYSTEMPATH\CodeIgniter.php(351): CodeIgniter\CodeIgniter->handleRequest(null, Object(Config\Cache), false)
 9 FCPATH\index.php(67): CodeIgniter\CodeIgniter->run()
10 SYSTEMPATH\Commands\Server\rewrite.php(46): require_once('FCPATH\\index.php')
CRITICAL - 2023-05-15 10:41:02 --> Undefined array key "foto_kafe"
in APPPATH\Controllers\Admin.php on line 334.
 1 APPPATH\Controllers\Admin.php(334): CodeIgniter\Debug\Exceptions->errorHandler(2, 'Undefined array key "foto_kafe"', 'APPPATH\\Controllers\\Admin.php', 334)
 2 SYSTEMPATH\CodeIgniter.php(927): App\Controllers\Admin->tambah_Kafe()
 3 SYSTEMPATH\CodeIgniter.php(482): CodeIgniter\CodeIgniter->runController(Object(App\Controllers\Admin))
 4 SYSTEMPATH\CodeIgniter.php(351): CodeIgniter\CodeIgniter->handleRequest(null, Object(Config\Cache), false)
 5 FCPATH\index.php(67): CodeIgniter\CodeIgniter->run()
 6 SYSTEMPATH\Commands\Server\rewrite.php(46): require_once('FCPATH\\index.php')
CRITICAL - 2023-05-15 10:42:13 --> Undefined array key "foto_kafe"
in APPPATH\Controllers\Admin.php on line 334.
 1 APPPATH\Controllers\Admin.php(334): CodeIgniter\Debug\Exceptions->errorHandler(2, 'Undefined array key "foto_kafe"', 'APPPATH\\Controllers\\Admin.php', 334)
 2 SYSTEMPATH\CodeIgniter.php(927): App\Controllers\Admin->tambah_Kafe()
 3 SYSTEMPATH\CodeIgniter.php(482): CodeIgniter\CodeIgniter->runController(Object(App\Controllers\Admin))
 4 SYSTEMPATH\CodeIgniter.php(351): CodeIgniter\CodeIgniter->handleRequest(null, Object(Config\Cache), false)
 5 FCPATH\index.php(67): CodeIgniter\CodeIgniter->run()
 6 SYSTEMPATH\Commands\Server\rewrite.php(46): require_once('FCPATH\\index.php')
CRITICAL - 2023-05-15 10:42:27 --> Undefined array key 1
in APPPATH\Views\admin\updateKafe.php on line 142.
 1 APPPATH\Views\admin\updateKafe.php(142): CodeIgniter\Debug\Exceptions->errorHandler(2, 'Undefined array key 1', 'APPPATH\\Views\\admin\\updateKafe.php', 142)
 2 SYSTEMPATH\View\View.php(213): include('APPPATH\\Views\\admin\\updateKafe.php')
 3 SYSTEMPATH\View\View.php(216): CodeIgniter\View\View->CodeIgniter\View\{closure}()
 4 SYSTEMPATH\Common.php(1134): CodeIgniter\View\View->render('admin/updateKafe', [], true)
 5 APPPATH\Controllers\Admin.php(297): view('admin/updateKafe', [...])
 6 SYSTEMPATH\CodeIgniter.php(927): App\Controllers\Admin->editKafe('198')
 7 SYSTEMPATH\CodeIgniter.php(482): CodeIgniter\CodeIgniter->runController(Object(App\Controllers\Admin))
 8 SYSTEMPATH\CodeIgniter.php(351): CodeIgniter\CodeIgniter->handleRequest(null, Object(Config\Cache), false)
 9 FCPATH\index.php(67): CodeIgniter\CodeIgniter->run()
10 SYSTEMPATH\Commands\Server\rewrite.php(46): require_once('FCPATH\\index.php')
CRITICAL - 2023-05-15 10:49:04 --> Undefined array key "foto_kafe"
in APPPATH\Controllers\Admin.php on line 334.
 1 APPPATH\Controllers\Admin.php(334): CodeIgniter\Debug\Exceptions->errorHandler(2, 'Undefined array key "foto_kafe"', 'APPPATH\\Controllers\\Admin.php', 334)
 2 SYSTEMPATH\CodeIgniter.php(927): App\Controllers\Admin->tambah_Kafe()
 3 SYSTEMPATH\CodeIgniter.php(482): CodeIgniter\CodeIgniter->runController(Object(App\Controllers\Admin))
 4 SYSTEMPATH\CodeIgniter.php(351): CodeIgniter\CodeIgniter->handleRequest(null, Object(Config\Cache), false)
 5 FCPATH\index.php(67): CodeIgniter\CodeIgniter->run()
 6 SYSTEMPATH\Commands\Server\rewrite.php(46): require_once('FCPATH\\index.php')
CRITICAL - 2023-05-15 10:51:19 --> Undefined array key "foto_kafe"
in APPPATH\Controllers\Admin.php on line 431.
 1 APPPATH\Controllers\Admin.php(431): CodeIgniter\Debug\Exceptions->errorHandler(2, 'Undefined array key "foto_kafe"', 'APPPATH\\Controllers\\Admin.php', 431)
 2 SYSTEMPATH\CodeIgniter.php(927): App\Controllers\Admin->addKafe()
 3 SYSTEMPATH\CodeIgniter.php(482): CodeIgniter\CodeIgniter->runController(Object(App\Controllers\Admin))
 4 SYSTEMPATH\CodeIgniter.php(351): CodeIgniter\CodeIgniter->handleRequest(null, Object(Config\Cache), false)
 5 FCPATH\index.php(67): CodeIgniter\CodeIgniter->run()
 6 SYSTEMPATH\Commands\Server\rewrite.php(46): require_once('FCPATH\\index.php')
CRITICAL - 2023-05-15 10:56:00 --> Undefined variable $selectajax
in APPPATH\Controllers\Admin.php on line 711.
 1 APPPATH\Controllers\Admin.php(711): CodeIgniter\Debug\Exceptions->errorHandler(2, 'Undefined variable $selectajax', 'APPPATH\\Controllers\\Admin.php', 711)
 2 SYSTEMPATH\CodeIgniter.php(927): App\Controllers\Admin->getDataAjaxRemote()
 3 SYSTEMPATH\CodeIgniter.php(482): CodeIgniter\CodeIgniter->runController(Object(App\Controllers\Admin))
 4 SYSTEMPATH\CodeIgniter.php(351): CodeIgniter\CodeIgniter->handleRequest(null, Object(Config\Cache), false)
 5 FCPATH\index.php(67): CodeIgniter\CodeIgniter->run()
 6 SYSTEMPATH\Commands\Server\rewrite.php(46): require_once('FCPATH\\index.php')
CRITICAL - 2023-05-15 11:49:06 --> Undefined property: stdClass::$username
in APPPATH\Views\admin\pendingList.php on line 67.
 1 APPPATH\Views\admin\pendingList.php(67): CodeIgniter\Debug\Exceptions->errorHandler(2, 'Undefined property: stdClass::$username', 'APPPATH\\Views\\admin\\pendingList.php', 67)
 2 SYSTEMPATH\View\View.php(213): include('APPPATH\\Views\\admin\\pendingList.php')
 3 SYSTEMPATH\View\View.php(216): CodeIgniter\View\View->CodeIgniter\View\{closure}()
 4 SYSTEMPATH\Common.php(1134): CodeIgniter\View\View->render('admin/pendingList', [], true)
 5 APPPATH\Controllers\Admin.php(659): view('admin/pendingList', [...])
 6 SYSTEMPATH\CodeIgniter.php(927): App\Controllers\Admin->pending()
 7 SYSTEMPATH\CodeIgniter.php(482): CodeIgniter\CodeIgniter->runController(Object(App\Controllers\Admin))
 8 SYSTEMPATH\CodeIgniter.php(351): CodeIgniter\CodeIgniter->handleRequest(null, Object(Config\Cache), false)
 9 FCPATH\index.php(67): CodeIgniter\CodeIgniter->run()
10 SYSTEMPATH\Commands\Server\rewrite.php(46): require_once('FCPATH\\index.php')
CRITICAL - 2023-05-15 12:02:44 --> Call to a member function getResult() on null
in APPPATH\Controllers\Admin.php on line 44.
 1 SYSTEMPATH\CodeIgniter.php(927): App\Controllers\Admin->index()
 2 SYSTEMPATH\CodeIgniter.php(482): CodeIgniter\CodeIgniter->runController(Object(App\Controllers\Admin))
 3 SYSTEMPATH\CodeIgniter.php(351): CodeIgniter\CodeIgniter->handleRequest(null, Object(Config\Cache), false)
 4 FCPATH\index.php(67): CodeIgniter\CodeIgniter->run()
 5 SYSTEMPATH\Commands\Server\rewrite.php(46): require_once('FCPATH\\index.php')
CRITICAL - 2023-05-15 12:04:29 --> Too few arguments to function App\Models\ModelKv::pendingKafe(), 0 passed in F:\WEB\XAMPP\htdocs\WebGis_kv\app\Controllers\Admin.php on line 44 and exactly 1 expected
in APPPATH\Models\ModelKv.php on line 70.
 1 APPPATH\Controllers\Admin.php(44): App\Models\ModelKv->pendingKafe()
 2 SYSTEMPATH\CodeIgniter.php(927): App\Controllers\Admin->index()
 3 SYSTEMPATH\CodeIgniter.php(482): CodeIgniter\CodeIgniter->runController(Object(App\Controllers\Admin))
 4 SYSTEMPATH\CodeIgniter.php(351): CodeIgniter\CodeIgniter->handleRequest(null, Object(Config\Cache), false)
 5 FCPATH\index.php(67): CodeIgniter\CodeIgniter->run()
 6 SYSTEMPATH\Commands\Server\rewrite.php(46): require_once('FCPATH\\index.php')
CRITICAL - 2023-05-15 13:19:53 --> Attempt to read property "id_kafe" on array
in APPPATH\Views\admin\pendingList.php on line 99.
 1 APPPATH\Views\admin\pendingList.php(99): CodeIgniter\Debug\Exceptions->errorHandler(2, 'Attempt to read property "id_kafe" on array', 'APPPATH\\Views\\admin\\pendingList.php', 99)
 2 SYSTEMPATH\View\View.php(213): include('APPPATH\\Views\\admin\\pendingList.php')
 3 SYSTEMPATH\View\View.php(216): CodeIgniter\View\View->CodeIgniter\View\{closure}()
 4 SYSTEMPATH\Common.php(1134): CodeIgniter\View\View->render('admin/pendingList', [], true)
 5 APPPATH\Controllers\Admin.php(661): view('admin/pendingList', [...])
 6 SYSTEMPATH\CodeIgniter.php(927): App\Controllers\Admin->pending()
 7 SYSTEMPATH\CodeIgniter.php(482): CodeIgniter\CodeIgniter->runController(Object(App\Controllers\Admin))
 8 SYSTEMPATH\CodeIgniter.php(351): CodeIgniter\CodeIgniter->handleRequest(null, Object(Config\Cache), false)
 9 FCPATH\index.php(67): CodeIgniter\CodeIgniter->run()
10 SYSTEMPATH\Commands\Server\rewrite.php(46): require_once('FCPATH\\index.php')
CRITICAL - 2023-05-15 13:20:59 --> Attempt to read property "id_kafe" on array
in APPPATH\Views\admin\pendingList.php on line 116.
 1 APPPATH\Views\admin\pendingList.php(116): CodeIgniter\Debug\Exceptions->errorHandler(2, 'Attempt to read property "id_kafe" on array', 'APPPATH\\Views\\admin\\pendingList.php', 116)
 2 SYSTEMPATH\View\View.php(213): include('APPPATH\\Views\\admin\\pendingList.php')
 3 SYSTEMPATH\View\View.php(216): CodeIgniter\View\View->CodeIgniter\View\{closure}()
 4 SYSTEMPATH\Common.php(1134): CodeIgniter\View\View->render('admin/pendingList', [], true)
 5 APPPATH\Controllers\Admin.php(661): view('admin/pendingList', [...])
 6 SYSTEMPATH\CodeIgniter.php(927): App\Controllers\Admin->pending()
 7 SYSTEMPATH\CodeIgniter.php(482): CodeIgniter\CodeIgniter->runController(Object(App\Controllers\Admin))
 8 SYSTEMPATH\CodeIgniter.php(351): CodeIgniter\CodeIgniter->handleRequest(null, Object(Config\Cache), false)
 9 FCPATH\index.php(67): CodeIgniter\CodeIgniter->run()
10 SYSTEMPATH\Commands\Server\rewrite.php(46): require_once('FCPATH\\index.php')
CRITICAL - 2023-05-15 13:21:21 --> Attempt to read property "id_kafe" on array
in APPPATH\Views\admin\pendingList.php on line 112.
 1 APPPATH\Views\admin\pendingList.php(112): CodeIgniter\Debug\Exceptions->errorHandler(2, 'Attempt to read property "id_kafe" on array', 'APPPATH\\Views\\admin\\pendingList.php', 112)
 2 SYSTEMPATH\View\View.php(213): include('APPPATH\\Views\\admin\\pendingList.php')
 3 SYSTEMPATH\View\View.php(216): CodeIgniter\View\View->CodeIgniter\View\{closure}()
 4 SYSTEMPATH\Common.php(1134): CodeIgniter\View\View->render('admin/pendingList', [], true)
 5 APPPATH\Controllers\Admin.php(661): view('admin/pendingList', [...])
 6 SYSTEMPATH\CodeIgniter.php(927): App\Controllers\Admin->pending()
 7 SYSTEMPATH\CodeIgniter.php(482): CodeIgniter\CodeIgniter->runController(Object(App\Controllers\Admin))
 8 SYSTEMPATH\CodeIgniter.php(351): CodeIgniter\CodeIgniter->handleRequest(null, Object(Config\Cache), false)
 9 FCPATH\index.php(67): CodeIgniter\CodeIgniter->run()
10 SYSTEMPATH\Commands\Server\rewrite.php(46): require_once('FCPATH\\index.php')
CRITICAL - 2023-05-15 13:21:34 --> Undefined array key "id_kafe"
in APPPATH\Views\admin\pendingList.php on line 112.
 1 APPPATH\Views\admin\pendingList.php(112): CodeIgniter\Debug\Exceptions->errorHandler(2, 'Undefined array key "id_kafe"', 'APPPATH\\Views\\admin\\pendingList.php', 112)
 2 SYSTEMPATH\View\View.php(213): include('APPPATH\\Views\\admin\\pendingList.php')
 3 SYSTEMPATH\View\View.php(216): CodeIgniter\View\View->CodeIgniter\View\{closure}()
 4 SYSTEMPATH\Common.php(1134): CodeIgniter\View\View->render('admin/pendingList', [], true)
 5 APPPATH\Controllers\Admin.php(661): view('admin/pendingList', [...])
 6 SYSTEMPATH\CodeIgniter.php(927): App\Controllers\Admin->pending()
 7 SYSTEMPATH\CodeIgniter.php(482): CodeIgniter\CodeIgniter->runController(Object(App\Controllers\Admin))
 8 SYSTEMPATH\CodeIgniter.php(351): CodeIgniter\CodeIgniter->handleRequest(null, Object(Config\Cache), false)
 9 FCPATH\index.php(67): CodeIgniter\CodeIgniter->run()
10 SYSTEMPATH\Commands\Server\rewrite.php(46): require_once('FCPATH\\index.php')
CRITICAL - 2023-05-15 13:22:40 --> printf(): Argument #1 ($format) must be of type string, stdClass given
in APPPATH\Views\admin\pendingList.php on line 114.
 1 APPPATH\Views\admin\pendingList.php(114): printf(Object(stdClass))
 2 SYSTEMPATH\View\View.php(213): include('APPPATH\\Views\\admin\\pendingList.php')
 3 SYSTEMPATH\View\View.php(216): CodeIgniter\View\View->CodeIgniter\View\{closure}()
 4 SYSTEMPATH\Common.php(1134): CodeIgniter\View\View->render('admin/pendingList', [], true)
 5 APPPATH\Controllers\Admin.php(661): view('admin/pendingList', [...])
 6 SYSTEMPATH\CodeIgniter.php(927): App\Controllers\Admin->pending()
 7 SYSTEMPATH\CodeIgniter.php(482): CodeIgniter\CodeIgniter->runController(Object(App\Controllers\Admin))
 8 SYSTEMPATH\CodeIgniter.php(351): CodeIgniter\CodeIgniter->handleRequest(null, Object(Config\Cache), false)
 9 FCPATH\index.php(67): CodeIgniter\CodeIgniter->run()
10 SYSTEMPATH\Commands\Server\rewrite.php(46): require_once('FCPATH\\index.php')
CRITICAL - 2023-05-15 13:28:28 --> Undefined property: stdClass::$id_longitude
in APPPATH\Views\admin\pendingList.php on line 178.
 1 APPPATH\Views\admin\pendingList.php(178): CodeIgniter\Debug\Exceptions->errorHandler(2, 'Undefined property: stdClass::$id_longitude', 'APPPATH\\Views\\admin\\pendingList.php', 178)
 2 SYSTEMPATH\View\View.php(213): include('APPPATH\\Views\\admin\\pendingList.php')
 3 SYSTEMPATH\View\View.php(216): CodeIgniter\View\View->CodeIgniter\View\{closure}()
 4 SYSTEMPATH\Common.php(1134): CodeIgniter\View\View->render('admin/pendingList', [], true)
 5 APPPATH\Controllers\Admin.php(661): view('admin/pendingList', [...])
 6 SYSTEMPATH\CodeIgniter.php(927): App\Controllers\Admin->pending()
 7 SYSTEMPATH\CodeIgniter.php(482): CodeIgniter\CodeIgniter->runController(Object(App\Controllers\Admin))
 8 SYSTEMPATH\CodeIgniter.php(351): CodeIgniter\CodeIgniter->handleRequest(null, Object(Config\Cache), false)
 9 FCPATH\index.php(67): CodeIgniter\CodeIgniter->run()
10 SYSTEMPATH\Commands\Server\rewrite.php(46): require_once('FCPATH\\index.php')
CRITICAL - 2023-05-15 13:32:38 --> Attempt to read property "nama_kafe" on array
in APPPATH\Views\admin\pendingList.php on line 132.
 1 APPPATH\Views\admin\pendingList.php(132): CodeIgniter\Debug\Exceptions->errorHandler(2, 'Attempt to read property "nama_kafe" on array', 'APPPATH\\Views\\admin\\pendingList.php', 132)
 2 SYSTEMPATH\View\View.php(213): include('APPPATH\\Views\\admin\\pendingList.php')
 3 SYSTEMPATH\View\View.php(216): CodeIgniter\View\View->CodeIgniter\View\{closure}()
 4 SYSTEMPATH\Common.php(1134): CodeIgniter\View\View->render('admin/pendingList', [], true)
 5 APPPATH\Controllers\Admin.php(661): view('admin/pendingList', [...])
 6 SYSTEMPATH\CodeIgniter.php(927): App\Controllers\Admin->pending()
 7 SYSTEMPATH\CodeIgniter.php(482): CodeIgniter\CodeIgniter->runController(Object(App\Controllers\Admin))
 8 SYSTEMPATH\CodeIgniter.php(351): CodeIgniter\CodeIgniter->handleRequest(null, Object(Config\Cache), false)
 9 FCPATH\index.php(67): CodeIgniter\CodeIgniter->run()
10 SYSTEMPATH\Commands\Server\rewrite.php(46): require_once('FCPATH\\index.php')
ERROR - 2023-05-15 14:16:26 --> mysqli_sql_exception: Column 'created_at' in field list is ambiguous in F:\WEB\XAMPP\htdocs\WebGis_kv\vendor\codeigniter4\framework\system\Database\MySQLi\Connection.php:292
Stack trace:
#0 F:\WEB\XAMPP\htdocs\WebGis_kv\vendor\codeigniter4\framework\system\Database\MySQLi\Connection.php(292): mysqli->query('SELECT `tbl_kaf...', 0)
#1 F:\WEB\XAMPP\htdocs\WebGis_kv\vendor\codeigniter4\framework\system\Database\BaseConnection.php(666): CodeIgniter\Database\MySQLi\Connection->execute('SELECT `tbl_kaf...')
#2 F:\WEB\XAMPP\htdocs\WebGis_kv\vendor\codeigniter4\framework\system\Database\BaseConnection.php(593): CodeIgniter\Database\BaseConnection->simpleQuery('SELECT `tbl_kaf...')
#3 F:\WEB\XAMPP\htdocs\WebGis_kv\vendor\codeigniter4\framework\system\Database\BaseBuilder.php(1718): CodeIgniter\Database\BaseConnection->query('SELECT `tbl_kaf...', Array, false)
#4 F:\WEB\XAMPP\htdocs\WebGis_kv\app\Models\ModelKv.php(65): CodeIgniter\Database\BaseBuilder->getWhere(Array)
#5 F:\WEB\XAMPP\htdocs\WebGis_kv\app\Controllers\Admin.php(658): App\Models\ModelKv->callPendingData()
#6 F:\WEB\XAMPP\htdocs\WebGis_kv\vendor\codeigniter4\framework\system\CodeIgniter.php(927): App\Controllers\Admin->pending()
#7 F:\WEB\XAMPP\htdocs\WebGis_kv\vendor\codeigniter4\framework\system\CodeIgniter.php(482): CodeIgniter\CodeIgniter->runController(Object(App\Controllers\Admin))
#8 F:\WEB\XAMPP\htdocs\WebGis_kv\vendor\codeigniter4\framework\system\CodeIgniter.php(351): CodeIgniter\CodeIgniter->handleRequest(NULL, Object(Config\Cache), false)
#9 F:\WEB\XAMPP\htdocs\WebGis_kv\public\index.php(67): CodeIgniter\CodeIgniter->run()
#10 F:\WEB\XAMPP\htdocs\WebGis_kv\vendor\codeigniter4\framework\system\Commands\Server\rewrite.php(46): require_once('F:\\WEB\\XAMPP\\ht...')
#11 {main}
CRITICAL - 2023-05-15 14:16:26 --> Column 'created_at' in field list is ambiguous
in SYSTEMPATH\Database\MySQLi\Connection.php on line 292.
 1 SYSTEMPATH\Database\MySQLi\Connection.php(292): mysqli->query('SELECT `tbl_kafe`.`id_kafe`, `nama_kafe`, `alamat_kafe`, `latitude`, `longitude`, `instagram_kafe`, `tbl_provinsi`.`id_provinsi` as `id_provinsi`, `nama_provinsi`, `tbl_kabupaten`.`id_kabupaten` as `id_kabupaten`, `nama_kabupaten`, `tbl_kecamatan`.`id_kecamatan` as `id_kecamatan`, `nama_kecamatan`, `tbl_kelurahan`.`id_kelurahan` as `id_kelurahan`, `nama_kelurahan`, `created_at`, `updated_at`, `tbl_status_appv`.`user` as `user`, `tbl_status_appv`.`stat_appv` as `stat_appv`, GROUP_CONCAT(DISTINCT nama_file_foto SEPARATOR ", ") as nama_foto, GROUP_CONCAT(DISTINCT JSON_OBJECT("hari", `tjo`.`hari`, "open_time", `tjo`.`open_time`, "close_time", tjo.close_time)) AS jam_oprasional, `users`.`username` as `username`
FROM `tbl_kafe`
LEFT JOIN `tbl_foto_kafe` `tfk` ON `tfk`.`id_kafe` = `tbl_kafe`.`id_kafe`
LEFT JOIN `tbl_jam_operasional` `tjo` ON `tjo`.`kafe_id` = `tbl_kafe`.`id_kafe`
LEFT JOIN `tbl_status_appv` ON `tbl_status_appv`.`id_kafe` = `tbl_kafe`.`id_kafe`
LEFT JOIN `tbl_provinsi` ON `tbl_provinsi`.`id_provinsi` = `tbl_kafe`.`id_provinsi`
LEFT JOIN `tbl_kabupaten` ON `tbl_kabupaten`.`id_kabupaten` = `tbl_kafe`.`id_kabupaten`
LEFT JOIN `tbl_kecamatan` ON `tbl_kecamatan`.`id_kecamatan` = `tbl_kafe`.`id_kecamatan`
LEFT JOIN `tbl_kelurahan` ON `tbl_kelurahan`.`id_kelurahan` = `tbl_kafe`.`id_kelurahan`
JOIN `users` ON `users`.`id` = `tbl_status_appv`.`user`
WHERE `stat_appv` = \'0\'
GROUP BY `id_kafe`, `tjo`.`kafe_id`
ORDER BY `id_kafe` DESC', 0)
 2 SYSTEMPATH\Database\BaseConnection.php(666): CodeIgniter\Database\MySQLi\Connection->execute('SELECT `tbl_kafe`.`id_kafe`, `nama_kafe`, `alamat_kafe`, `latitude`, `longitude`, `instagram_kafe`, `tbl_provinsi`.`id_provinsi` as `id_provinsi`, `nama_provinsi`, `tbl_kabupaten`.`id_kabupaten` as `id_kabupaten`, `nama_kabupaten`, `tbl_kecamatan`.`id_kecamatan` as `id_kecamatan`, `nama_kecamatan`, `tbl_kelurahan`.`id_kelurahan` as `id_kelurahan`, `nama_kelurahan`, `created_at`, `updated_at`, `tbl_status_appv`.`user` as `user`, `tbl_status_appv`.`stat_appv` as `stat_appv`, GROUP_CONCAT(DISTINCT nama_file_foto SEPARATOR ", ") as nama_foto, GROUP_CONCAT(DISTINCT JSON_OBJECT("hari", `tjo`.`hari`, "open_time", `tjo`.`open_time`, "close_time", tjo.close_time)) AS jam_oprasional, `users`.`username` as `username`
FROM `tbl_kafe`
LEFT JOIN `tbl_foto_kafe` `tfk` ON `tfk`.`id_kafe` = `tbl_kafe`.`id_kafe`
LEFT JOIN `tbl_jam_operasional` `tjo` ON `tjo`.`kafe_id` = `tbl_kafe`.`id_kafe`
LEFT JOIN `tbl_status_appv` ON `tbl_status_appv`.`id_kafe` = `tbl_kafe`.`id_kafe`
LEFT JOIN `tbl_provinsi` ON `tbl_provinsi`.`id_provinsi` = `tbl_kafe`.`id_provinsi`
LEFT JOIN `tbl_kabupaten` ON `tbl_kabupaten`.`id_kabupaten` = `tbl_kafe`.`id_kabupaten`
LEFT JOIN `tbl_kecamatan` ON `tbl_kecamatan`.`id_kecamatan` = `tbl_kafe`.`id_kecamatan`
LEFT JOIN `tbl_kelurahan` ON `tbl_kelurahan`.`id_kelurahan` = `tbl_kafe`.`id_kelurahan`
JOIN `users` ON `users`.`id` = `tbl_status_appv`.`user`
WHERE `stat_appv` = \'0\'
GROUP BY `id_kafe`, `tjo`.`kafe_id`
ORDER BY `id_kafe` DESC')
 3 SYSTEMPATH\Database\BaseConnection.php(593): CodeIgniter\Database\BaseConnection->simpleQuery('SELECT `tbl_kafe`.`id_kafe`, `nama_kafe`, `alamat_kafe`, `latitude`, `longitude`, `instagram_kafe`, `tbl_provinsi`.`id_provinsi` as `id_provinsi`, `nama_provinsi`, `tbl_kabupaten`.`id_kabupaten` as `id_kabupaten`, `nama_kabupaten`, `tbl_kecamatan`.`id_kecamatan` as `id_kecamatan`, `nama_kecamatan`, `tbl_kelurahan`.`id_kelurahan` as `id_kelurahan`, `nama_kelurahan`, `created_at`, `updated_at`, `tbl_status_appv`.`user` as `user`, `tbl_status_appv`.`stat_appv` as `stat_appv`, GROUP_CONCAT(DISTINCT nama_file_foto SEPARATOR ", ") as nama_foto, GROUP_CONCAT(DISTINCT JSON_OBJECT("hari", `tjo`.`hari`, "open_time", `tjo`.`open_time`, "close_time", tjo.close_time)) AS jam_oprasional, `users`.`username` as `username`
FROM `tbl_kafe`
LEFT JOIN `tbl_foto_kafe` `tfk` ON `tfk`.`id_kafe` = `tbl_kafe`.`id_kafe`
LEFT JOIN `tbl_jam_operasional` `tjo` ON `tjo`.`kafe_id` = `tbl_kafe`.`id_kafe`
LEFT JOIN `tbl_status_appv` ON `tbl_status_appv`.`id_kafe` = `tbl_kafe`.`id_kafe`
LEFT JOIN `tbl_provinsi` ON `tbl_provinsi`.`id_provinsi` = `tbl_kafe`.`id_provinsi`
LEFT JOIN `tbl_kabupaten` ON `tbl_kabupaten`.`id_kabupaten` = `tbl_kafe`.`id_kabupaten`
LEFT JOIN `tbl_kecamatan` ON `tbl_kecamatan`.`id_kecamatan` = `tbl_kafe`.`id_kecamatan`
LEFT JOIN `tbl_kelurahan` ON `tbl_kelurahan`.`id_kelurahan` = `tbl_kafe`.`id_kelurahan`
JOIN `users` ON `users`.`id` = `tbl_status_appv`.`user`
WHERE `stat_appv` = \'0\'
GROUP BY `id_kafe`, `tjo`.`kafe_id`
ORDER BY `id_kafe` DESC')
 4 SYSTEMPATH\Database\BaseBuilder.php(1718): CodeIgniter\Database\BaseConnection->query('SELECT `tbl_kafe`.`id_kafe`, `nama_kafe`, `alamat_kafe`, `latitude`, `longitude`, `instagram_kafe`, `tbl_provinsi`.`id_provinsi` as `id_provinsi`, `nama_provinsi`, `tbl_kabupaten`.`id_kabupaten` as `id_kabupaten`, `nama_kabupaten`, `tbl_kecamatan`.`id_kecamatan` as `id_kecamatan`, `nama_kecamatan`, `tbl_kelurahan`.`id_kelurahan` as `id_kelurahan`, `nama_kelurahan`, `created_at`, `updated_at`, `tbl_status_appv`.`user` as `user`, `tbl_status_appv`.`stat_appv` as `stat_appv`, GROUP_CONCAT(DISTINCT nama_file_foto SEPARATOR ", ") as nama_foto, GROUP_CONCAT(DISTINCT JSON_OBJECT("hari", `tjo`.`hari`, "open_time", `tjo`.`open_time`, "close_time", tjo.close_time)) AS jam_oprasional, `users`.`username` as `username`
FROM `tbl_kafe`
LEFT JOIN `tbl_foto_kafe` `tfk` ON `tfk`.`id_kafe` = `tbl_kafe`.`id_kafe`
LEFT JOIN `tbl_jam_operasional` `tjo` ON `tjo`.`kafe_id` = `tbl_kafe`.`id_kafe`
LEFT JOIN `tbl_status_appv` ON `tbl_status_appv`.`id_kafe` = `tbl_kafe`.`id_kafe`
LEFT JOIN `tbl_provinsi` ON `tbl_provinsi`.`id_provinsi` = `tbl_kafe`.`id_provinsi`
LEFT JOIN `tbl_kabupaten` ON `tbl_kabupaten`.`id_kabupaten` = `tbl_kafe`.`id_kabupaten`
LEFT JOIN `tbl_kecamatan` ON `tbl_kecamatan`.`id_kecamatan` = `tbl_kafe`.`id_kecamatan`
LEFT JOIN `tbl_kelurahan` ON `tbl_kelurahan`.`id_kelurahan` = `tbl_kafe`.`id_kelurahan`
JOIN `users` ON `users`.`id` = `tbl_status_appv`.`user`
WHERE `stat_appv` = :stat_appv:
GROUP BY `id_kafe`, `tjo`.`kafe_id`
ORDER BY `id_kafe` DESC', [...], false)
 5 APPPATH\Models\ModelKv.php(65): CodeIgniter\Database\BaseBuilder->getWhere([...])
 6 APPPATH\Controllers\Admin.php(658): App\Models\ModelKv->callPendingData()
 7 SYSTEMPATH\CodeIgniter.php(927): App\Controllers\Admin->pending()
 8 SYSTEMPATH\CodeIgniter.php(482): CodeIgniter\CodeIgniter->runController(Object(App\Controllers\Admin))
 9 SYSTEMPATH\CodeIgniter.php(351): CodeIgniter\CodeIgniter->handleRequest(null, Object(Config\Cache), false)
10 FCPATH\index.php(67): CodeIgniter\CodeIgniter->run()
11 SYSTEMPATH\Commands\Server\rewrite.php(46): require_once('FCPATH\\index.php')
ERROR - 2023-05-15 14:16:46 --> mysqli_sql_exception: Column 'created_at' in field list is ambiguous in F:\WEB\XAMPP\htdocs\WebGis_kv\vendor\codeigniter4\framework\system\Database\MySQLi\Connection.php:292
Stack trace:
#0 F:\WEB\XAMPP\htdocs\WebGis_kv\vendor\codeigniter4\framework\system\Database\MySQLi\Connection.php(292): mysqli->query('SELECT `tbl_kaf...', 0)
#1 F:\WEB\XAMPP\htdocs\WebGis_kv\vendor\codeigniter4\framework\system\Database\BaseConnection.php(666): CodeIgniter\Database\MySQLi\Connection->execute('SELECT `tbl_kaf...')
#2 F:\WEB\XAMPP\htdocs\WebGis_kv\vendor\codeigniter4\framework\system\Database\BaseConnection.php(593): CodeIgniter\Database\BaseConnection->simpleQuery('SELECT `tbl_kaf...')
#3 F:\WEB\XAMPP\htdocs\WebGis_kv\vendor\codeigniter4\framework\system\Database\BaseBuilder.php(1718): CodeIgniter\Database\BaseConnection->query('SELECT `tbl_kaf...', Array, false)
#4 F:\WEB\XAMPP\htdocs\WebGis_kv\app\Models\ModelKv.php(65): CodeIgniter\Database\BaseBuilder->getWhere(Array)
#5 F:\WEB\XAMPP\htdocs\WebGis_kv\app\Controllers\Admin.php(658): App\Models\ModelKv->callPendingData()
#6 F:\WEB\XAMPP\htdocs\WebGis_kv\vendor\codeigniter4\framework\system\CodeIgniter.php(927): App\Controllers\Admin->pending()
#7 F:\WEB\XAMPP\htdocs\WebGis_kv\vendor\codeigniter4\framework\system\CodeIgniter.php(482): CodeIgniter\CodeIgniter->runController(Object(App\Controllers\Admin))
#8 F:\WEB\XAMPP\htdocs\WebGis_kv\vendor\codeigniter4\framework\system\CodeIgniter.php(351): CodeIgniter\CodeIgniter->handleRequest(NULL, Object(Config\Cache), false)
#9 F:\WEB\XAMPP\htdocs\WebGis_kv\public\index.php(67): CodeIgniter\CodeIgniter->run()
#10 F:\WEB\XAMPP\htdocs\WebGis_kv\vendor\codeigniter4\framework\system\Commands\Server\rewrite.php(46): require_once('F:\\WEB\\XAMPP\\ht...')
#11 {main}
CRITICAL - 2023-05-15 14:16:46 --> Column 'created_at' in field list is ambiguous
in SYSTEMPATH\Database\MySQLi\Connection.php on line 292.
 1 SYSTEMPATH\Database\MySQLi\Connection.php(292): mysqli->query('SELECT `tbl_kafe`.`id_kafe`, `nama_kafe`, `alamat_kafe`, `latitude`, `longitude`, `instagram_kafe`, `tbl_provinsi`.`id_provinsi` as `id_provinsi`, `nama_provinsi`, `tbl_kabupaten`.`id_kabupaten` as `id_kabupaten`, `nama_kabupaten`, `tbl_kecamatan`.`id_kecamatan` as `id_kecamatan`, `nama_kecamatan`, `tbl_kelurahan`.`id_kelurahan` as `id_kelurahan`, `nama_kelurahan`, `created_at`, `updated_at`, `tbl_status_appv`.`user` as `user`, `tbl_status_appv`.`stat_appv` as `stat_appv`, GROUP_CONCAT(DISTINCT nama_file_foto SEPARATOR ", ") as nama_foto, GROUP_CONCAT(DISTINCT JSON_OBJECT("hari", `tjo`.`hari`, "open_time", `tjo`.`open_time`, "close_time", tjo.close_time)) AS jam_oprasional, `users`.`username` as `username`
FROM `tbl_kafe`
LEFT JOIN `tbl_foto_kafe` `tfk` ON `tfk`.`id_kafe` = `tbl_kafe`.`id_kafe`
LEFT JOIN `tbl_jam_operasional` `tjo` ON `tjo`.`kafe_id` = `tbl_kafe`.`id_kafe`
LEFT JOIN `tbl_status_appv` ON `tbl_status_appv`.`id_kafe` = `tbl_kafe`.`id_kafe`
LEFT JOIN `tbl_provinsi` ON `tbl_provinsi`.`id_provinsi` = `tbl_kafe`.`id_provinsi`
LEFT JOIN `tbl_kabupaten` ON `tbl_kabupaten`.`id_kabupaten` = `tbl_kafe`.`id_kabupaten`
LEFT JOIN `tbl_kecamatan` ON `tbl_kecamatan`.`id_kecamatan` = `tbl_kafe`.`id_kecamatan`
LEFT JOIN `tbl_kelurahan` ON `tbl_kelurahan`.`id_kelurahan` = `tbl_kafe`.`id_kelurahan`
LEFT JOIN `users` ON `users`.`id` = `tbl_status_appv`.`user`
WHERE `stat_appv` = \'0\'
GROUP BY `id_kafe`, `tjo`.`kafe_id`
ORDER BY `id_kafe` DESC', 0)
 2 SYSTEMPATH\Database\BaseConnection.php(666): CodeIgniter\Database\MySQLi\Connection->execute('SELECT `tbl_kafe`.`id_kafe`, `nama_kafe`, `alamat_kafe`, `latitude`, `longitude`, `instagram_kafe`, `tbl_provinsi`.`id_provinsi` as `id_provinsi`, `nama_provinsi`, `tbl_kabupaten`.`id_kabupaten` as `id_kabupaten`, `nama_kabupaten`, `tbl_kecamatan`.`id_kecamatan` as `id_kecamatan`, `nama_kecamatan`, `tbl_kelurahan`.`id_kelurahan` as `id_kelurahan`, `nama_kelurahan`, `created_at`, `updated_at`, `tbl_status_appv`.`user` as `user`, `tbl_status_appv`.`stat_appv` as `stat_appv`, GROUP_CONCAT(DISTINCT nama_file_foto SEPARATOR ", ") as nama_foto, GROUP_CONCAT(DISTINCT JSON_OBJECT("hari", `tjo`.`hari`, "open_time", `tjo`.`open_time`, "close_time", tjo.close_time)) AS jam_oprasional, `users`.`username` as `username`
FROM `tbl_kafe`
LEFT JOIN `tbl_foto_kafe` `tfk` ON `tfk`.`id_kafe` = `tbl_kafe`.`id_kafe`
LEFT JOIN `tbl_jam_operasional` `tjo` ON `tjo`.`kafe_id` = `tbl_kafe`.`id_kafe`
LEFT JOIN `tbl_status_appv` ON `tbl_status_appv`.`id_kafe` = `tbl_kafe`.`id_kafe`
LEFT JOIN `tbl_provinsi` ON `tbl_provinsi`.`id_provinsi` = `tbl_kafe`.`id_provinsi`
LEFT JOIN `tbl_kabupaten` ON `tbl_kabupaten`.`id_kabupaten` = `tbl_kafe`.`id_kabupaten`
LEFT JOIN `tbl_kecamatan` ON `tbl_kecamatan`.`id_kecamatan` = `tbl_kafe`.`id_kecamatan`
LEFT JOIN `tbl_kelurahan` ON `tbl_kelurahan`.`id_kelurahan` = `tbl_kafe`.`id_kelurahan`
LEFT JOIN `users` ON `users`.`id` = `tbl_status_appv`.`user`
WHERE `stat_appv` = \'0\'
GROUP BY `id_kafe`, `tjo`.`kafe_id`
ORDER BY `id_kafe` DESC')
 3 SYSTEMPATH\Database\BaseConnection.php(593): CodeIgniter\Database\BaseConnection->simpleQuery('SELECT `tbl_kafe`.`id_kafe`, `nama_kafe`, `alamat_kafe`, `latitude`, `longitude`, `instagram_kafe`, `tbl_provinsi`.`id_provinsi` as `id_provinsi`, `nama_provinsi`, `tbl_kabupaten`.`id_kabupaten` as `id_kabupaten`, `nama_kabupaten`, `tbl_kecamatan`.`id_kecamatan` as `id_kecamatan`, `nama_kecamatan`, `tbl_kelurahan`.`id_kelurahan` as `id_kelurahan`, `nama_kelurahan`, `created_at`, `updated_at`, `tbl_status_appv`.`user` as `user`, `tbl_status_appv`.`stat_appv` as `stat_appv`, GROUP_CONCAT(DISTINCT nama_file_foto SEPARATOR ", ") as nama_foto, GROUP_CONCAT(DISTINCT JSON_OBJECT("hari", `tjo`.`hari`, "open_time", `tjo`.`open_time`, "close_time", tjo.close_time)) AS jam_oprasional, `users`.`username` as `username`
FROM `tbl_kafe`
LEFT JOIN `tbl_foto_kafe` `tfk` ON `tfk`.`id_kafe` = `tbl_kafe`.`id_kafe`
LEFT JOIN `tbl_jam_operasional` `tjo` ON `tjo`.`kafe_id` = `tbl_kafe`.`id_kafe`
LEFT JOIN `tbl_status_appv` ON `tbl_status_appv`.`id_kafe` = `tbl_kafe`.`id_kafe`
LEFT JOIN `tbl_provinsi` ON `tbl_provinsi`.`id_provinsi` = `tbl_kafe`.`id_provinsi`
LEFT JOIN `tbl_kabupaten` ON `tbl_kabupaten`.`id_kabupaten` = `tbl_kafe`.`id_kabupaten`
LEFT JOIN `tbl_kecamatan` ON `tbl_kecamatan`.`id_kecamatan` = `tbl_kafe`.`id_kecamatan`
LEFT JOIN `tbl_kelurahan` ON `tbl_kelurahan`.`id_kelurahan` = `tbl_kafe`.`id_kelurahan`
LEFT JOIN `users` ON `users`.`id` = `tbl_status_appv`.`user`
WHERE `stat_appv` = \'0\'
GROUP BY `id_kafe`, `tjo`.`kafe_id`
ORDER BY `id_kafe` DESC')
 4 SYSTEMPATH\Database\BaseBuilder.php(1718): CodeIgniter\Database\BaseConnection->query('SELECT `tbl_kafe`.`id_kafe`, `nama_kafe`, `alamat_kafe`, `latitude`, `longitude`, `instagram_kafe`, `tbl_provinsi`.`id_provinsi` as `id_provinsi`, `nama_provinsi`, `tbl_kabupaten`.`id_kabupaten` as `id_kabupaten`, `nama_kabupaten`, `tbl_kecamatan`.`id_kecamatan` as `id_kecamatan`, `nama_kecamatan`, `tbl_kelurahan`.`id_kelurahan` as `id_kelurahan`, `nama_kelurahan`, `created_at`, `updated_at`, `tbl_status_appv`.`user` as `user`, `tbl_status_appv`.`stat_appv` as `stat_appv`, GROUP_CONCAT(DISTINCT nama_file_foto SEPARATOR ", ") as nama_foto, GROUP_CONCAT(DISTINCT JSON_OBJECT("hari", `tjo`.`hari`, "open_time", `tjo`.`open_time`, "close_time", tjo.close_time)) AS jam_oprasional, `users`.`username` as `username`
FROM `tbl_kafe`
LEFT JOIN `tbl_foto_kafe` `tfk` ON `tfk`.`id_kafe` = `tbl_kafe`.`id_kafe`
LEFT JOIN `tbl_jam_operasional` `tjo` ON `tjo`.`kafe_id` = `tbl_kafe`.`id_kafe`
LEFT JOIN `tbl_status_appv` ON `tbl_status_appv`.`id_kafe` = `tbl_kafe`.`id_kafe`
LEFT JOIN `tbl_provinsi` ON `tbl_provinsi`.`id_provinsi` = `tbl_kafe`.`id_provinsi`
LEFT JOIN `tbl_kabupaten` ON `tbl_kabupaten`.`id_kabupaten` = `tbl_kafe`.`id_kabupaten`
LEFT JOIN `tbl_kecamatan` ON `tbl_kecamatan`.`id_kecamatan` = `tbl_kafe`.`id_kecamatan`
LEFT JOIN `tbl_kelurahan` ON `tbl_kelurahan`.`id_kelurahan` = `tbl_kafe`.`id_kelurahan`
LEFT JOIN `users` ON `users`.`id` = `tbl_status_appv`.`user`
WHERE `stat_appv` = :stat_appv:
GROUP BY `id_kafe`, `tjo`.`kafe_id`
ORDER BY `id_kafe` DESC', [...], false)
 5 APPPATH\Models\ModelKv.php(65): CodeIgniter\Database\BaseBuilder->getWhere([...])
 6 APPPATH\Controllers\Admin.php(658): App\Models\ModelKv->callPendingData()
 7 SYSTEMPATH\CodeIgniter.php(927): App\Controllers\Admin->pending()
 8 SYSTEMPATH\CodeIgniter.php(482): CodeIgniter\CodeIgniter->runController(Object(App\Controllers\Admin))
 9 SYSTEMPATH\CodeIgniter.php(351): CodeIgniter\CodeIgniter->handleRequest(null, Object(Config\Cache), false)
10 FCPATH\index.php(67): CodeIgniter\CodeIgniter->run()
11 SYSTEMPATH\Commands\Server\rewrite.php(46): require_once('FCPATH\\index.php')
ERROR - 2023-05-15 14:17:22 --> mysqli_sql_exception: Column 'updated_at' in field list is ambiguous in F:\WEB\XAMPP\htdocs\WebGis_kv\vendor\codeigniter4\framework\system\Database\MySQLi\Connection.php:292
Stack trace:
#0 F:\WEB\XAMPP\htdocs\WebGis_kv\vendor\codeigniter4\framework\system\Database\MySQLi\Connection.php(292): mysqli->query('SELECT `tbl_kaf...', 0)
#1 F:\WEB\XAMPP\htdocs\WebGis_kv\vendor\codeigniter4\framework\system\Database\BaseConnection.php(666): CodeIgniter\Database\MySQLi\Connection->execute('SELECT `tbl_kaf...')
#2 F:\WEB\XAMPP\htdocs\WebGis_kv\vendor\codeigniter4\framework\system\Database\BaseConnection.php(593): CodeIgniter\Database\BaseConnection->simpleQuery('SELECT `tbl_kaf...')
#3 F:\WEB\XAMPP\htdocs\WebGis_kv\vendor\codeigniter4\framework\system\Database\BaseBuilder.php(1718): CodeIgniter\Database\BaseConnection->query('SELECT `tbl_kaf...', Array, false)
#4 F:\WEB\XAMPP\htdocs\WebGis_kv\app\Models\ModelKv.php(65): CodeIgniter\Database\BaseBuilder->getWhere(Array)
#5 F:\WEB\XAMPP\htdocs\WebGis_kv\app\Controllers\Admin.php(658): App\Models\ModelKv->callPendingData()
#6 F:\WEB\XAMPP\htdocs\WebGis_kv\vendor\codeigniter4\framework\system\CodeIgniter.php(927): App\Controllers\Admin->pending()
#7 F:\WEB\XAMPP\htdocs\WebGis_kv\vendor\codeigniter4\framework\system\CodeIgniter.php(482): CodeIgniter\CodeIgniter->runController(Object(App\Controllers\Admin))
#8 F:\WEB\XAMPP\htdocs\WebGis_kv\vendor\codeigniter4\framework\system\CodeIgniter.php(351): CodeIgniter\CodeIgniter->handleRequest(NULL, Object(Config\Cache), false)
#9 F:\WEB\XAMPP\htdocs\WebGis_kv\public\index.php(67): CodeIgniter\CodeIgniter->run()
#10 F:\WEB\XAMPP\htdocs\WebGis_kv\vendor\codeigniter4\framework\system\Commands\Server\rewrite.php(46): require_once('F:\\WEB\\XAMPP\\ht...')
#11 {main}
CRITICAL - 2023-05-15 14:17:22 --> Column 'updated_at' in field list is ambiguous
in SYSTEMPATH\Database\MySQLi\Connection.php on line 292.
 1 SYSTEMPATH\Database\MySQLi\Connection.php(292): mysqli->query('SELECT `tbl_kafe`.`id_kafe`, `nama_kafe`, `alamat_kafe`, `latitude`, `longitude`, `instagram_kafe`, `tbl_provinsi`.`id_provinsi` as `id_provinsi`, `nama_provinsi`, `tbl_kabupaten`.`id_kabupaten` as `id_kabupaten`, `nama_kabupaten`, `tbl_kecamatan`.`id_kecamatan` as `id_kecamatan`, `nama_kecamatan`, `tbl_kelurahan`.`id_kelurahan` as `id_kelurahan`, `nama_kelurahan`, `tbl_kafe`.`created_at`, `updated_at`, `tbl_status_appv`.`user` as `user`, `tbl_status_appv`.`stat_appv` as `stat_appv`, GROUP_CONCAT(DISTINCT nama_file_foto SEPARATOR ", ") as nama_foto, GROUP_CONCAT(DISTINCT JSON_OBJECT("hari", `tjo`.`hari`, "open_time", `tjo`.`open_time`, "close_time", tjo.close_time)) AS jam_oprasional, `users`.`username` as `username`
FROM `tbl_kafe`
LEFT JOIN `tbl_foto_kafe` `tfk` ON `tfk`.`id_kafe` = `tbl_kafe`.`id_kafe`
LEFT JOIN `tbl_jam_operasional` `tjo` ON `tjo`.`kafe_id` = `tbl_kafe`.`id_kafe`
LEFT JOIN `tbl_status_appv` ON `tbl_status_appv`.`id_kafe` = `tbl_kafe`.`id_kafe`
LEFT JOIN `tbl_provinsi` ON `tbl_provinsi`.`id_provinsi` = `tbl_kafe`.`id_provinsi`
LEFT JOIN `tbl_kabupaten` ON `tbl_kabupaten`.`id_kabupaten` = `tbl_kafe`.`id_kabupaten`
LEFT JOIN `tbl_kecamatan` ON `tbl_kecamatan`.`id_kecamatan` = `tbl_kafe`.`id_kecamatan`
LEFT JOIN `tbl_kelurahan` ON `tbl_kelurahan`.`id_kelurahan` = `tbl_kafe`.`id_kelurahan`
LEFT JOIN `users` ON `users`.`id` = `tbl_status_appv`.`user`
WHERE `stat_appv` = \'0\'
GROUP BY `id_kafe`, `tjo`.`kafe_id`
ORDER BY `id_kafe` DESC', 0)
 2 SYSTEMPATH\Database\BaseConnection.php(666): CodeIgniter\Database\MySQLi\Connection->execute('SELECT `tbl_kafe`.`id_kafe`, `nama_kafe`, `alamat_kafe`, `latitude`, `longitude`, `instagram_kafe`, `tbl_provinsi`.`id_provinsi` as `id_provinsi`, `nama_provinsi`, `tbl_kabupaten`.`id_kabupaten` as `id_kabupaten`, `nama_kabupaten`, `tbl_kecamatan`.`id_kecamatan` as `id_kecamatan`, `nama_kecamatan`, `tbl_kelurahan`.`id_kelurahan` as `id_kelurahan`, `nama_kelurahan`, `tbl_kafe`.`created_at`, `updated_at`, `tbl_status_appv`.`user` as `user`, `tbl_status_appv`.`stat_appv` as `stat_appv`, GROUP_CONCAT(DISTINCT nama_file_foto SEPARATOR ", ") as nama_foto, GROUP_CONCAT(DISTINCT JSON_OBJECT("hari", `tjo`.`hari`, "open_time", `tjo`.`open_time`, "close_time", tjo.close_time)) AS jam_oprasional, `users`.`username` as `username`
FROM `tbl_kafe`
LEFT JOIN `tbl_foto_kafe` `tfk` ON `tfk`.`id_kafe` = `tbl_kafe`.`id_kafe`
LEFT JOIN `tbl_jam_operasional` `tjo` ON `tjo`.`kafe_id` = `tbl_kafe`.`id_kafe`
LEFT JOIN `tbl_status_appv` ON `tbl_status_appv`.`id_kafe` = `tbl_kafe`.`id_kafe`
LEFT JOIN `tbl_provinsi` ON `tbl_provinsi`.`id_provinsi` = `tbl_kafe`.`id_provinsi`
LEFT JOIN `tbl_kabupaten` ON `tbl_kabupaten`.`id_kabupaten` = `tbl_kafe`.`id_kabupaten`
LEFT JOIN `tbl_kecamatan` ON `tbl_kecamatan`.`id_kecamatan` = `tbl_kafe`.`id_kecamatan`
LEFT JOIN `tbl_kelurahan` ON `tbl_kelurahan`.`id_kelurahan` = `tbl_kafe`.`id_kelurahan`
LEFT JOIN `users` ON `users`.`id` = `tbl_status_appv`.`user`
WHERE `stat_appv` = \'0\'
GROUP BY `id_kafe`, `tjo`.`kafe_id`
ORDER BY `id_kafe` DESC')
 3 SYSTEMPATH\Database\BaseConnection.php(593): CodeIgniter\Database\BaseConnection->simpleQuery('SELECT `tbl_kafe`.`id_kafe`, `nama_kafe`, `alamat_kafe`, `latitude`, `longitude`, `instagram_kafe`, `tbl_provinsi`.`id_provinsi` as `id_provinsi`, `nama_provinsi`, `tbl_kabupaten`.`id_kabupaten` as `id_kabupaten`, `nama_kabupaten`, `tbl_kecamatan`.`id_kecamatan` as `id_kecamatan`, `nama_kecamatan`, `tbl_kelurahan`.`id_kelurahan` as `id_kelurahan`, `nama_kelurahan`, `tbl_kafe`.`created_at`, `updated_at`, `tbl_status_appv`.`user` as `user`, `tbl_status_appv`.`stat_appv` as `stat_appv`, GROUP_CONCAT(DISTINCT nama_file_foto SEPARATOR ", ") as nama_foto, GROUP_CONCAT(DISTINCT JSON_OBJECT("hari", `tjo`.`hari`, "open_time", `tjo`.`open_time`, "close_time", tjo.close_time)) AS jam_oprasional, `users`.`username` as `username`
FROM `tbl_kafe`
LEFT JOIN `tbl_foto_kafe` `tfk` ON `tfk`.`id_kafe` = `tbl_kafe`.`id_kafe`
LEFT JOIN `tbl_jam_operasional` `tjo` ON `tjo`.`kafe_id` = `tbl_kafe`.`id_kafe`
LEFT JOIN `tbl_status_appv` ON `tbl_status_appv`.`id_kafe` = `tbl_kafe`.`id_kafe`
LEFT JOIN `tbl_provinsi` ON `tbl_provinsi`.`id_provinsi` = `tbl_kafe`.`id_provinsi`
LEFT JOIN `tbl_kabupaten` ON `tbl_kabupaten`.`id_kabupaten` = `tbl_kafe`.`id_kabupaten`
LEFT JOIN `tbl_kecamatan` ON `tbl_kecamatan`.`id_kecamatan` = `tbl_kafe`.`id_kecamatan`
LEFT JOIN `tbl_kelurahan` ON `tbl_kelurahan`.`id_kelurahan` = `tbl_kafe`.`id_kelurahan`
LEFT JOIN `users` ON `users`.`id` = `tbl_status_appv`.`user`
WHERE `stat_appv` = \'0\'
GROUP BY `id_kafe`, `tjo`.`kafe_id`
ORDER BY `id_kafe` DESC')
 4 SYSTEMPATH\Database\BaseBuilder.php(1718): CodeIgniter\Database\BaseConnection->query('SELECT `tbl_kafe`.`id_kafe`, `nama_kafe`, `alamat_kafe`, `latitude`, `longitude`, `instagram_kafe`, `tbl_provinsi`.`id_provinsi` as `id_provinsi`, `nama_provinsi`, `tbl_kabupaten`.`id_kabupaten` as `id_kabupaten`, `nama_kabupaten`, `tbl_kecamatan`.`id_kecamatan` as `id_kecamatan`, `nama_kecamatan`, `tbl_kelurahan`.`id_kelurahan` as `id_kelurahan`, `nama_kelurahan`, `tbl_kafe`.`created_at`, `updated_at`, `tbl_status_appv`.`user` as `user`, `tbl_status_appv`.`stat_appv` as `stat_appv`, GROUP_CONCAT(DISTINCT nama_file_foto SEPARATOR ", ") as nama_foto, GROUP_CONCAT(DISTINCT JSON_OBJECT("hari", `tjo`.`hari`, "open_time", `tjo`.`open_time`, "close_time", tjo.close_time)) AS jam_oprasional, `users`.`username` as `username`
FROM `tbl_kafe`
LEFT JOIN `tbl_foto_kafe` `tfk` ON `tfk`.`id_kafe` = `tbl_kafe`.`id_kafe`
LEFT JOIN `tbl_jam_operasional` `tjo` ON `tjo`.`kafe_id` = `tbl_kafe`.`id_kafe`
LEFT JOIN `tbl_status_appv` ON `tbl_status_appv`.`id_kafe` = `tbl_kafe`.`id_kafe`
LEFT JOIN `tbl_provinsi` ON `tbl_provinsi`.`id_provinsi` = `tbl_kafe`.`id_provinsi`
LEFT JOIN `tbl_kabupaten` ON `tbl_kabupaten`.`id_kabupaten` = `tbl_kafe`.`id_kabupaten`
LEFT JOIN `tbl_kecamatan` ON `tbl_kecamatan`.`id_kecamatan` = `tbl_kafe`.`id_kecamatan`
LEFT JOIN `tbl_kelurahan` ON `tbl_kelurahan`.`id_kelurahan` = `tbl_kafe`.`id_kelurahan`
LEFT JOIN `users` ON `users`.`id` = `tbl_status_appv`.`user`
WHERE `stat_appv` = :stat_appv:
GROUP BY `id_kafe`, `tjo`.`kafe_id`
ORDER BY `id_kafe` DESC', [...], false)
 5 APPPATH\Models\ModelKv.php(65): CodeIgniter\Database\BaseBuilder->getWhere([...])
 6 APPPATH\Controllers\Admin.php(658): App\Models\ModelKv->callPendingData()
 7 SYSTEMPATH\CodeIgniter.php(927): App\Controllers\Admin->pending()
 8 SYSTEMPATH\CodeIgniter.php(482): CodeIgniter\CodeIgniter->runController(Object(App\Controllers\Admin))
 9 SYSTEMPATH\CodeIgniter.php(351): CodeIgniter\CodeIgniter->handleRequest(null, Object(Config\Cache), false)
10 FCPATH\index.php(67): CodeIgniter\CodeIgniter->run()
11 SYSTEMPATH\Commands\Server\rewrite.php(46): require_once('FCPATH\\index.php')
CRITICAL - 2023-05-15 14:32:25 --> Undefined property: stdClass::$latitude_kafe
in APPPATH\Views\admin\pendingList.php on line 262.
 1 APPPATH\Views\admin\pendingList.php(262): CodeIgniter\Debug\Exceptions->errorHandler(2, 'Undefined property: stdClass::$latitude_kafe', 'APPPATH\\Views\\admin\\pendingList.php', 262)
 2 SYSTEMPATH\View\View.php(213): include('APPPATH\\Views\\admin\\pendingList.php')
 3 SYSTEMPATH\View\View.php(216): CodeIgniter\View\View->CodeIgniter\View\{closure}()
 4 SYSTEMPATH\Common.php(1134): CodeIgniter\View\View->render('admin/pendingList', [], true)
 5 APPPATH\Controllers\Admin.php(661): view('admin/pendingList', [...])
 6 SYSTEMPATH\CodeIgniter.php(927): App\Controllers\Admin->pending()
 7 SYSTEMPATH\CodeIgniter.php(482): CodeIgniter\CodeIgniter->runController(Object(App\Controllers\Admin))
 8 SYSTEMPATH\CodeIgniter.php(351): CodeIgniter\CodeIgniter->handleRequest(null, Object(Config\Cache), false)
 9 FCPATH\index.php(67): CodeIgniter\CodeIgniter->run()
10 SYSTEMPATH\Commands\Server\rewrite.php(46): require_once('FCPATH\\index.php')
CRITICAL - 2023-05-15 14:38:14 --> Undefined property: stdClass::$nama
in APPPATH\Views\admin\pendingList.php on line 264.
 1 APPPATH\Views\admin\pendingList.php(264): CodeIgniter\Debug\Exceptions->errorHandler(2, 'Undefined property: stdClass::$nama', 'APPPATH\\Views\\admin\\pendingList.php', 264)
 2 SYSTEMPATH\View\View.php(213): include('APPPATH\\Views\\admin\\pendingList.php')
 3 SYSTEMPATH\View\View.php(216): CodeIgniter\View\View->CodeIgniter\View\{closure}()
 4 SYSTEMPATH\Common.php(1134): CodeIgniter\View\View->render('admin/pendingList', [], true)
 5 APPPATH\Controllers\Admin.php(661): view('admin/pendingList', [...])
 6 SYSTEMPATH\CodeIgniter.php(927): App\Controllers\Admin->pending()
 7 SYSTEMPATH\CodeIgniter.php(482): CodeIgniter\CodeIgniter->runController(Object(App\Controllers\Admin))
 8 SYSTEMPATH\CodeIgniter.php(351): CodeIgniter\CodeIgniter->handleRequest(null, Object(Config\Cache), false)
 9 FCPATH\index.php(67): CodeIgniter\CodeIgniter->run()
10 SYSTEMPATH\Commands\Server\rewrite.php(46): require_once('FCPATH\\index.php')
