ERROR - 2023-03-06 16:40:27 --> mysqli_sql_exception: Unknown column 'tk.id_kafe' in 'on clause' in F:\WEB\XAMPP\htdocs\WebGis_kv\vendor\codeigniter4\framework\system\Database\MySQLi\Connection.php:292
Stack trace:
#0 F:\WEB\XAMPP\htdocs\WebGis_kv\vendor\codeigniter4\framework\system\Database\MySQLi\Connection.php(292): mysqli->query('SELECT `tbl_kaf...', 0)
#1 F:\WEB\XAMPP\htdocs\WebGis_kv\vendor\codeigniter4\framework\system\Database\BaseConnection.php(666): CodeIgniter\Database\MySQLi\Connection->execute('SELECT `tbl_kaf...')
#2 F:\WEB\XAMPP\htdocs\WebGis_kv\vendor\codeigniter4\framework\system\Database\BaseConnection.php(593): CodeIgniter\Database\BaseConnection->simpleQuery('SELECT `tbl_kaf...')
#3 F:\WEB\XAMPP\htdocs\WebGis_kv\vendor\codeigniter4\framework\system\Database\BaseBuilder.php(1718): CodeIgniter\Database\BaseConnection->query('SELECT `tbl_kaf...', Array, false)
#4 F:\WEB\XAMPP\htdocs\WebGis_kv\app\Models\ModelKv.php(34): CodeIgniter\Database\BaseBuilder->getWhere(Array)
#5 F:\WEB\XAMPP\htdocs\WebGis_kv\app\Controllers\Kafe.php(29): App\Models\ModelKv->callKafe()
#6 F:\WEB\XAMPP\htdocs\WebGis_kv\vendor\codeigniter4\framework\system\CodeIgniter.php(927): App\Controllers\Kafe->index()
#7 F:\WEB\XAMPP\htdocs\WebGis_kv\vendor\codeigniter4\framework\system\CodeIgniter.php(482): CodeIgniter\CodeIgniter->runController(Object(App\Controllers\Kafe))
#8 F:\WEB\XAMPP\htdocs\WebGis_kv\vendor\codeigniter4\framework\system\CodeIgniter.php(351): CodeIgniter\CodeIgniter->handleRequest(NULL, Object(Config\Cache), false)
#9 F:\WEB\XAMPP\htdocs\WebGis_kv\public\index.php(67): CodeIgniter\CodeIgniter->run()
#10 F:\WEB\XAMPP\htdocs\WebGis_kv\vendor\codeigniter4\framework\system\Commands\Server\rewrite.php(46): require_once('F:\\WEB\\XAMPP\\ht...')
#11 {main}
CRITICAL - 2023-03-06 16:40:27 --> Unknown column 'tk.id_kafe' in 'on clause'
in SYSTEMPATH\Database\MySQLi\Connection.php on line 292.
 1 SYSTEMPATH\Database\MySQLi\Connection.php(292): mysqli->query('SELECT `tbl_kafe`.`id_kafe`, `nama_kafe`, `alamat_kafe`, `latitude`, `longitude`, `fasilitas_kafe`, `instagram_kafe`, `tbl_provinsi`.`id_provinsi` as `id_provinsi`, `nama_provinsi`, `tbl_kabupaten`.`id_kabupaten` as `id_kabupaten`, `nama_kabupaten`, `tbl_kecamatan`.`id_kecamatan` as `id_kecamatan`, `nama_kecamatan`, `tbl_kelurahan`.`id_kelurahan` as `id_kelurahan`, `nama_kelurahan`, `created_at`, `updated_at`, `tbl_status_appv`.`user` as `user`, `tbl_status_appv`.`stat_appv` as `stat_appv`, GROUP_CONCAT(nama_file_foto SEPARATOR ", ") as nama_foto
FROM `tbl_kafe`
LEFT JOIN `tbl_foto_kafe` `tfk` ON `tfk`.`id_kafe` = `tk`.`id_kafe`
JOIN `tbl_status_appv` ON `tbl_status_appv`.`id_kafe` = `tbl_kafe`.`id_kafe`
JOIN `tbl_provinsi` ON `tbl_provinsi`.`id_provinsi` = `tbl_kafe`.`id_provinsi`
JOIN `tbl_kabupaten` ON `tbl_kabupaten`.`id_kabupaten` = `tbl_kafe`.`id_kabupaten`
JOIN `tbl_kecamatan` ON `tbl_kecamatan`.`id_kecamatan` = `tbl_kafe`.`id_kecamatan`
JOIN `tbl_kelurahan` ON `tbl_kelurahan`.`id_kelurahan` = `tbl_kafe`.`id_kelurahan`
WHERE `stat_appv` = \'1\'
GROUP BY `id_kafe`
ORDER BY `id_kafe` DESC', 0)
 2 SYSTEMPATH\Database\BaseConnection.php(666): CodeIgniter\Database\MySQLi\Connection->execute('SELECT `tbl_kafe`.`id_kafe`, `nama_kafe`, `alamat_kafe`, `latitude`, `longitude`, `fasilitas_kafe`, `instagram_kafe`, `tbl_provinsi`.`id_provinsi` as `id_provinsi`, `nama_provinsi`, `tbl_kabupaten`.`id_kabupaten` as `id_kabupaten`, `nama_kabupaten`, `tbl_kecamatan`.`id_kecamatan` as `id_kecamatan`, `nama_kecamatan`, `tbl_kelurahan`.`id_kelurahan` as `id_kelurahan`, `nama_kelurahan`, `created_at`, `updated_at`, `tbl_status_appv`.`user` as `user`, `tbl_status_appv`.`stat_appv` as `stat_appv`, GROUP_CONCAT(nama_file_foto SEPARATOR ", ") as nama_foto
FROM `tbl_kafe`
LEFT JOIN `tbl_foto_kafe` `tfk` ON `tfk`.`id_kafe` = `tk`.`id_kafe`
JOIN `tbl_status_appv` ON `tbl_status_appv`.`id_kafe` = `tbl_kafe`.`id_kafe`
JOIN `tbl_provinsi` ON `tbl_provinsi`.`id_provinsi` = `tbl_kafe`.`id_provinsi`
JOIN `tbl_kabupaten` ON `tbl_kabupaten`.`id_kabupaten` = `tbl_kafe`.`id_kabupaten`
JOIN `tbl_kecamatan` ON `tbl_kecamatan`.`id_kecamatan` = `tbl_kafe`.`id_kecamatan`
JOIN `tbl_kelurahan` ON `tbl_kelurahan`.`id_kelurahan` = `tbl_kafe`.`id_kelurahan`
WHERE `stat_appv` = \'1\'
GROUP BY `id_kafe`
ORDER BY `id_kafe` DESC')
 3 SYSTEMPATH\Database\BaseConnection.php(593): CodeIgniter\Database\BaseConnection->simpleQuery('SELECT `tbl_kafe`.`id_kafe`, `nama_kafe`, `alamat_kafe`, `latitude`, `longitude`, `fasilitas_kafe`, `instagram_kafe`, `tbl_provinsi`.`id_provinsi` as `id_provinsi`, `nama_provinsi`, `tbl_kabupaten`.`id_kabupaten` as `id_kabupaten`, `nama_kabupaten`, `tbl_kecamatan`.`id_kecamatan` as `id_kecamatan`, `nama_kecamatan`, `tbl_kelurahan`.`id_kelurahan` as `id_kelurahan`, `nama_kelurahan`, `created_at`, `updated_at`, `tbl_status_appv`.`user` as `user`, `tbl_status_appv`.`stat_appv` as `stat_appv`, GROUP_CONCAT(nama_file_foto SEPARATOR ", ") as nama_foto
FROM `tbl_kafe`
LEFT JOIN `tbl_foto_kafe` `tfk` ON `tfk`.`id_kafe` = `tk`.`id_kafe`
JOIN `tbl_status_appv` ON `tbl_status_appv`.`id_kafe` = `tbl_kafe`.`id_kafe`
JOIN `tbl_provinsi` ON `tbl_provinsi`.`id_provinsi` = `tbl_kafe`.`id_provinsi`
JOIN `tbl_kabupaten` ON `tbl_kabupaten`.`id_kabupaten` = `tbl_kafe`.`id_kabupaten`
JOIN `tbl_kecamatan` ON `tbl_kecamatan`.`id_kecamatan` = `tbl_kafe`.`id_kecamatan`
JOIN `tbl_kelurahan` ON `tbl_kelurahan`.`id_kelurahan` = `tbl_kafe`.`id_kelurahan`
WHERE `stat_appv` = \'1\'
GROUP BY `id_kafe`
ORDER BY `id_kafe` DESC')
 4 SYSTEMPATH\Database\BaseBuilder.php(1718): CodeIgniter\Database\BaseConnection->query('SELECT `tbl_kafe`.`id_kafe`, `nama_kafe`, `alamat_kafe`, `latitude`, `longitude`, `fasilitas_kafe`, `instagram_kafe`, `tbl_provinsi`.`id_provinsi` as `id_provinsi`, `nama_provinsi`, `tbl_kabupaten`.`id_kabupaten` as `id_kabupaten`, `nama_kabupaten`, `tbl_kecamatan`.`id_kecamatan` as `id_kecamatan`, `nama_kecamatan`, `tbl_kelurahan`.`id_kelurahan` as `id_kelurahan`, `nama_kelurahan`, `created_at`, `updated_at`, `tbl_status_appv`.`user` as `user`, `tbl_status_appv`.`stat_appv` as `stat_appv`, GROUP_CONCAT(nama_file_foto SEPARATOR ", ") as nama_foto
FROM `tbl_kafe`
LEFT JOIN `tbl_foto_kafe` `tfk` ON `tfk`.`id_kafe` = `tk`.`id_kafe`
JOIN `tbl_status_appv` ON `tbl_status_appv`.`id_kafe` = `tbl_kafe`.`id_kafe`
JOIN `tbl_provinsi` ON `tbl_provinsi`.`id_provinsi` = `tbl_kafe`.`id_provinsi`
JOIN `tbl_kabupaten` ON `tbl_kabupaten`.`id_kabupaten` = `tbl_kafe`.`id_kabupaten`
JOIN `tbl_kecamatan` ON `tbl_kecamatan`.`id_kecamatan` = `tbl_kafe`.`id_kecamatan`
JOIN `tbl_kelurahan` ON `tbl_kelurahan`.`id_kelurahan` = `tbl_kafe`.`id_kelurahan`
WHERE `stat_appv` = :stat_appv:
GROUP BY `id_kafe`
ORDER BY `id_kafe` DESC', [...], false)
 5 APPPATH\Models\ModelKv.php(34): CodeIgniter\Database\BaseBuilder->getWhere([...])
 6 APPPATH\Controllers\Kafe.php(29): App\Models\ModelKv->callKafe()
 7 SYSTEMPATH\CodeIgniter.php(927): App\Controllers\Kafe->index()
 8 SYSTEMPATH\CodeIgniter.php(482): CodeIgniter\CodeIgniter->runController(Object(App\Controllers\Kafe))
 9 SYSTEMPATH\CodeIgniter.php(351): CodeIgniter\CodeIgniter->handleRequest(null, Object(Config\Cache), false)
10 FCPATH\index.php(67): CodeIgniter\CodeIgniter->run()
11 SYSTEMPATH\Commands\Server\rewrite.php(46): require_once('FCPATH\\index.php')
ERROR - 2023-03-06 16:41:00 --> mysqli_sql_exception: Unknown column 'tbl_kafe.id_kafe' in 'field list' in F:\WEB\XAMPP\htdocs\WebGis_kv\vendor\codeigniter4\framework\system\Database\MySQLi\Connection.php:292
Stack trace:
#0 F:\WEB\XAMPP\htdocs\WebGis_kv\vendor\codeigniter4\framework\system\Database\MySQLi\Connection.php(292): mysqli->query('SELECT `tbl_kaf...', 0)
#1 F:\WEB\XAMPP\htdocs\WebGis_kv\vendor\codeigniter4\framework\system\Database\BaseConnection.php(666): CodeIgniter\Database\MySQLi\Connection->execute('SELECT `tbl_kaf...')
#2 F:\WEB\XAMPP\htdocs\WebGis_kv\vendor\codeigniter4\framework\system\Database\BaseConnection.php(593): CodeIgniter\Database\BaseConnection->simpleQuery('SELECT `tbl_kaf...')
#3 F:\WEB\XAMPP\htdocs\WebGis_kv\vendor\codeigniter4\framework\system\Database\BaseBuilder.php(1718): CodeIgniter\Database\BaseConnection->query('SELECT `tbl_kaf...', Array, false)
#4 F:\WEB\XAMPP\htdocs\WebGis_kv\app\Models\ModelKv.php(34): CodeIgniter\Database\BaseBuilder->getWhere(Array)
#5 F:\WEB\XAMPP\htdocs\WebGis_kv\app\Controllers\Kafe.php(29): App\Models\ModelKv->callKafe()
#6 F:\WEB\XAMPP\htdocs\WebGis_kv\vendor\codeigniter4\framework\system\CodeIgniter.php(927): App\Controllers\Kafe->index()
#7 F:\WEB\XAMPP\htdocs\WebGis_kv\vendor\codeigniter4\framework\system\CodeIgniter.php(482): CodeIgniter\CodeIgniter->runController(Object(App\Controllers\Kafe))
#8 F:\WEB\XAMPP\htdocs\WebGis_kv\vendor\codeigniter4\framework\system\CodeIgniter.php(351): CodeIgniter\CodeIgniter->handleRequest(NULL, Object(Config\Cache), false)
#9 F:\WEB\XAMPP\htdocs\WebGis_kv\public\index.php(67): CodeIgniter\CodeIgniter->run()
#10 F:\WEB\XAMPP\htdocs\WebGis_kv\vendor\codeigniter4\framework\system\Commands\Server\rewrite.php(46): require_once('F:\\WEB\\XAMPP\\ht...')
#11 {main}
CRITICAL - 2023-03-06 16:41:00 --> Unknown column 'tbl_kafe.id_kafe' in 'field list'
in SYSTEMPATH\Database\MySQLi\Connection.php on line 292.
 1 SYSTEMPATH\Database\MySQLi\Connection.php(292): mysqli->query('SELECT `tbl_kafe`.`id_kafe`, `nama_kafe`, `alamat_kafe`, `latitude`, `longitude`, `fasilitas_kafe`, `instagram_kafe`, `tbl_provinsi`.`id_provinsi` as `id_provinsi`, `nama_provinsi`, `tbl_kabupaten`.`id_kabupaten` as `id_kabupaten`, `nama_kabupaten`, `tbl_kecamatan`.`id_kecamatan` as `id_kecamatan`, `nama_kecamatan`, `tbl_kelurahan`.`id_kelurahan` as `id_kelurahan`, `nama_kelurahan`, `created_at`, `updated_at`, `tbl_status_appv`.`user` as `user`, `tbl_status_appv`.`stat_appv` as `stat_appv`, GROUP_CONCAT(nama_file_foto SEPARATOR ", ") as nama_foto
FROM `tbl_kafe` `tk`
LEFT JOIN `tbl_foto_kafe` `tfk` ON `tfk`.`id_kafe` = `tk`.`id_kafe`
JOIN `tbl_status_appv` ON `tbl_status_appv`.`id_kafe` = `tbl_kafe`.`id_kafe`
JOIN `tbl_provinsi` ON `tbl_provinsi`.`id_provinsi` = `tbl_kafe`.`id_provinsi`
JOIN `tbl_kabupaten` ON `tbl_kabupaten`.`id_kabupaten` = `tbl_kafe`.`id_kabupaten`
JOIN `tbl_kecamatan` ON `tbl_kecamatan`.`id_kecamatan` = `tbl_kafe`.`id_kecamatan`
JOIN `tbl_kelurahan` ON `tbl_kelurahan`.`id_kelurahan` = `tbl_kafe`.`id_kelurahan`
WHERE `stat_appv` = \'1\'
GROUP BY `id_kafe`
ORDER BY `id_kafe` DESC', 0)
 2 SYSTEMPATH\Database\BaseConnection.php(666): CodeIgniter\Database\MySQLi\Connection->execute('SELECT `tbl_kafe`.`id_kafe`, `nama_kafe`, `alamat_kafe`, `latitude`, `longitude`, `fasilitas_kafe`, `instagram_kafe`, `tbl_provinsi`.`id_provinsi` as `id_provinsi`, `nama_provinsi`, `tbl_kabupaten`.`id_kabupaten` as `id_kabupaten`, `nama_kabupaten`, `tbl_kecamatan`.`id_kecamatan` as `id_kecamatan`, `nama_kecamatan`, `tbl_kelurahan`.`id_kelurahan` as `id_kelurahan`, `nama_kelurahan`, `created_at`, `updated_at`, `tbl_status_appv`.`user` as `user`, `tbl_status_appv`.`stat_appv` as `stat_appv`, GROUP_CONCAT(nama_file_foto SEPARATOR ", ") as nama_foto
FROM `tbl_kafe` `tk`
LEFT JOIN `tbl_foto_kafe` `tfk` ON `tfk`.`id_kafe` = `tk`.`id_kafe`
JOIN `tbl_status_appv` ON `tbl_status_appv`.`id_kafe` = `tbl_kafe`.`id_kafe`
JOIN `tbl_provinsi` ON `tbl_provinsi`.`id_provinsi` = `tbl_kafe`.`id_provinsi`
JOIN `tbl_kabupaten` ON `tbl_kabupaten`.`id_kabupaten` = `tbl_kafe`.`id_kabupaten`
JOIN `tbl_kecamatan` ON `tbl_kecamatan`.`id_kecamatan` = `tbl_kafe`.`id_kecamatan`
JOIN `tbl_kelurahan` ON `tbl_kelurahan`.`id_kelurahan` = `tbl_kafe`.`id_kelurahan`
WHERE `stat_appv` = \'1\'
GROUP BY `id_kafe`
ORDER BY `id_kafe` DESC')
 3 SYSTEMPATH\Database\BaseConnection.php(593): CodeIgniter\Database\BaseConnection->simpleQuery('SELECT `tbl_kafe`.`id_kafe`, `nama_kafe`, `alamat_kafe`, `latitude`, `longitude`, `fasilitas_kafe`, `instagram_kafe`, `tbl_provinsi`.`id_provinsi` as `id_provinsi`, `nama_provinsi`, `tbl_kabupaten`.`id_kabupaten` as `id_kabupaten`, `nama_kabupaten`, `tbl_kecamatan`.`id_kecamatan` as `id_kecamatan`, `nama_kecamatan`, `tbl_kelurahan`.`id_kelurahan` as `id_kelurahan`, `nama_kelurahan`, `created_at`, `updated_at`, `tbl_status_appv`.`user` as `user`, `tbl_status_appv`.`stat_appv` as `stat_appv`, GROUP_CONCAT(nama_file_foto SEPARATOR ", ") as nama_foto
FROM `tbl_kafe` `tk`
LEFT JOIN `tbl_foto_kafe` `tfk` ON `tfk`.`id_kafe` = `tk`.`id_kafe`
JOIN `tbl_status_appv` ON `tbl_status_appv`.`id_kafe` = `tbl_kafe`.`id_kafe`
JOIN `tbl_provinsi` ON `tbl_provinsi`.`id_provinsi` = `tbl_kafe`.`id_provinsi`
JOIN `tbl_kabupaten` ON `tbl_kabupaten`.`id_kabupaten` = `tbl_kafe`.`id_kabupaten`
JOIN `tbl_kecamatan` ON `tbl_kecamatan`.`id_kecamatan` = `tbl_kafe`.`id_kecamatan`
JOIN `tbl_kelurahan` ON `tbl_kelurahan`.`id_kelurahan` = `tbl_kafe`.`id_kelurahan`
WHERE `stat_appv` = \'1\'
GROUP BY `id_kafe`
ORDER BY `id_kafe` DESC')
 4 SYSTEMPATH\Database\BaseBuilder.php(1718): CodeIgniter\Database\BaseConnection->query('SELECT `tbl_kafe`.`id_kafe`, `nama_kafe`, `alamat_kafe`, `latitude`, `longitude`, `fasilitas_kafe`, `instagram_kafe`, `tbl_provinsi`.`id_provinsi` as `id_provinsi`, `nama_provinsi`, `tbl_kabupaten`.`id_kabupaten` as `id_kabupaten`, `nama_kabupaten`, `tbl_kecamatan`.`id_kecamatan` as `id_kecamatan`, `nama_kecamatan`, `tbl_kelurahan`.`id_kelurahan` as `id_kelurahan`, `nama_kelurahan`, `created_at`, `updated_at`, `tbl_status_appv`.`user` as `user`, `tbl_status_appv`.`stat_appv` as `stat_appv`, GROUP_CONCAT(nama_file_foto SEPARATOR ", ") as nama_foto
FROM `tbl_kafe` `tk`
LEFT JOIN `tbl_foto_kafe` `tfk` ON `tfk`.`id_kafe` = `tk`.`id_kafe`
JOIN `tbl_status_appv` ON `tbl_status_appv`.`id_kafe` = `tbl_kafe`.`id_kafe`
JOIN `tbl_provinsi` ON `tbl_provinsi`.`id_provinsi` = `tbl_kafe`.`id_provinsi`
JOIN `tbl_kabupaten` ON `tbl_kabupaten`.`id_kabupaten` = `tbl_kafe`.`id_kabupaten`
JOIN `tbl_kecamatan` ON `tbl_kecamatan`.`id_kecamatan` = `tbl_kafe`.`id_kecamatan`
JOIN `tbl_kelurahan` ON `tbl_kelurahan`.`id_kelurahan` = `tbl_kafe`.`id_kelurahan`
WHERE `stat_appv` = :stat_appv:
GROUP BY `id_kafe`
ORDER BY `id_kafe` DESC', [...], false)
 5 APPPATH\Models\ModelKv.php(34): CodeIgniter\Database\BaseBuilder->getWhere([...])
 6 APPPATH\Controllers\Kafe.php(29): App\Models\ModelKv->callKafe()
 7 SYSTEMPATH\CodeIgniter.php(927): App\Controllers\Kafe->index()
 8 SYSTEMPATH\CodeIgniter.php(482): CodeIgniter\CodeIgniter->runController(Object(App\Controllers\Kafe))
 9 SYSTEMPATH\CodeIgniter.php(351): CodeIgniter\CodeIgniter->handleRequest(null, Object(Config\Cache), false)
10 FCPATH\index.php(67): CodeIgniter\CodeIgniter->run()
11 SYSTEMPATH\Commands\Server\rewrite.php(46): require_once('FCPATH\\index.php')
CRITICAL - 2023-03-06 16:50:57 --> Undefined property: mysqli::$id_kafe
in APPPATH\Controllers\Api.php on line 33.
 1 APPPATH\Controllers\Api.php(33): CodeIgniter\Debug\Exceptions->errorHandler(2, 'Undefined property: mysqli::$id_kafe', 'APPPATH\\Controllers\\Api.php', 33)
 2 SYSTEMPATH\CodeIgniter.php(927): App\Controllers\Api->index()
 3 SYSTEMPATH\CodeIgniter.php(482): CodeIgniter\CodeIgniter->runController(Object(App\Controllers\Api))
 4 SYSTEMPATH\CodeIgniter.php(351): CodeIgniter\CodeIgniter->handleRequest(null, Object(Config\Cache), false)
 5 FCPATH\index.php(67): CodeIgniter\CodeIgniter->run()
 6 SYSTEMPATH\Commands\Server\rewrite.php(46): require_once('FCPATH\\index.php')
CRITICAL - 2023-03-06 16:51:17 --> Undefined property: mysqli::$latitude
in APPPATH\Views\page\nearby.php on line 204.
 1 APPPATH\Views\page\nearby.php(204): CodeIgniter\Debug\Exceptions->errorHandler(2, 'Undefined property: mysqli::$latitude', 'APPPATH\\Views\\page\\nearby.php', 204)
 2 SYSTEMPATH\View\View.php(213): include('APPPATH\\Views\\page\\nearby.php')
 3 SYSTEMPATH\View\View.php(216): CodeIgniter\View\View->CodeIgniter\View\{closure}()
 4 SYSTEMPATH\Common.php(1134): CodeIgniter\View\View->render('page/nearby', [], true)
 5 APPPATH\Controllers\Kafe.php(95): view('page/nearby', [...])
 6 SYSTEMPATH\CodeIgniter.php(927): App\Controllers\Kafe->near()
 7 SYSTEMPATH\CodeIgniter.php(482): CodeIgniter\CodeIgniter->runController(Object(App\Controllers\Kafe))
 8 SYSTEMPATH\CodeIgniter.php(351): CodeIgniter\CodeIgniter->handleRequest(null, Object(Config\Cache), false)
 9 FCPATH\index.php(67): CodeIgniter\CodeIgniter->run()
10 SYSTEMPATH\Commands\Server\rewrite.php(46): require_once('FCPATH\\index.php')
CRITICAL - 2023-03-06 16:52:04 --> Undefined property: mysqli::$id_kafe
in APPPATH\Controllers\Api.php on line 33.
 1 APPPATH\Controllers\Api.php(33): CodeIgniter\Debug\Exceptions->errorHandler(2, 'Undefined property: mysqli::$id_kafe', 'APPPATH\\Controllers\\Api.php', 33)
 2 SYSTEMPATH\CodeIgniter.php(927): App\Controllers\Api->index()
 3 SYSTEMPATH\CodeIgniter.php(482): CodeIgniter\CodeIgniter->runController(Object(App\Controllers\Api))
 4 SYSTEMPATH\CodeIgniter.php(351): CodeIgniter\CodeIgniter->handleRequest(null, Object(Config\Cache), false)
 5 FCPATH\index.php(67): CodeIgniter\CodeIgniter->run()
 6 SYSTEMPATH\Commands\Server\rewrite.php(46): require_once('FCPATH\\index.php')
CRITICAL - 2023-03-06 16:52:06 --> Undefined property: mysqli::$latitude
in APPPATH\Views\page\cariKafe.php on line 228.
 1 APPPATH\Views\page\cariKafe.php(228): CodeIgniter\Debug\Exceptions->errorHandler(2, 'Undefined property: mysqli::$latitude', 'APPPATH\\Views\\page\\cariKafe.php', 228)
 2 SYSTEMPATH\View\View.php(213): include('APPPATH\\Views\\page\\cariKafe.php')
 3 SYSTEMPATH\View\View.php(216): CodeIgniter\View\View->CodeIgniter\View\{closure}()
 4 SYSTEMPATH\Common.php(1134): CodeIgniter\View\View->render('page/cariKafe', [], true)
 5 APPPATH\Controllers\Kafe.php(70): view('page/cariKafe', [...])
 6 SYSTEMPATH\CodeIgniter.php(927): App\Controllers\Kafe->cari()
 7 SYSTEMPATH\CodeIgniter.php(482): CodeIgniter\CodeIgniter->runController(Object(App\Controllers\Kafe))
 8 SYSTEMPATH\CodeIgniter.php(351): CodeIgniter\CodeIgniter->handleRequest(null, Object(Config\Cache), false)
 9 FCPATH\index.php(67): CodeIgniter\CodeIgniter->run()
10 SYSTEMPATH\Commands\Server\rewrite.php(46): require_once('FCPATH\\index.php')
CRITICAL - 2023-03-06 16:53:00 --> Undefined property: mysqli::$latitude
in APPPATH\Views\page\cariKafe.php on line 228.
 1 APPPATH\Views\page\cariKafe.php(228): CodeIgniter\Debug\Exceptions->errorHandler(2, 'Undefined property: mysqli::$latitude', 'APPPATH\\Views\\page\\cariKafe.php', 228)
 2 SYSTEMPATH\View\View.php(213): include('APPPATH\\Views\\page\\cariKafe.php')
 3 SYSTEMPATH\View\View.php(216): CodeIgniter\View\View->CodeIgniter\View\{closure}()
 4 SYSTEMPATH\Common.php(1134): CodeIgniter\View\View->render('page/cariKafe', [], true)
 5 APPPATH\Controllers\Kafe.php(67): view('page/cariKafe', [...])
 6 SYSTEMPATH\CodeIgniter.php(927): App\Controllers\Kafe->cari()
 7 SYSTEMPATH\CodeIgniter.php(482): CodeIgniter\CodeIgniter->runController(Object(App\Controllers\Kafe))
 8 SYSTEMPATH\CodeIgniter.php(351): CodeIgniter\CodeIgniter->handleRequest(null, Object(Config\Cache), false)
 9 FCPATH\index.php(67): CodeIgniter\CodeIgniter->run()
10 SYSTEMPATH\Commands\Server\rewrite.php(46): require_once('FCPATH\\index.php')
CRITICAL - 2023-03-06 16:54:57 --> Undefined property: mysqli::$id_kafe
in APPPATH\Controllers\Api.php on line 33.
 1 APPPATH\Controllers\Api.php(33): CodeIgniter\Debug\Exceptions->errorHandler(2, 'Undefined property: mysqli::$id_kafe', 'APPPATH\\Controllers\\Api.php', 33)
 2 SYSTEMPATH\CodeIgniter.php(927): App\Controllers\Api->index()
 3 SYSTEMPATH\CodeIgniter.php(482): CodeIgniter\CodeIgniter->runController(Object(App\Controllers\Api))
 4 SYSTEMPATH\CodeIgniter.php(351): CodeIgniter\CodeIgniter->handleRequest(null, Object(Config\Cache), false)
 5 FCPATH\index.php(67): CodeIgniter\CodeIgniter->run()
 6 SYSTEMPATH\Commands\Server\rewrite.php(46): require_once('FCPATH\\index.php')
CRITICAL - 2023-03-06 16:55:45 --> Undefined property: stdClass::$business_hours
in APPPATH\Controllers\Api.php on line 44.
 1 APPPATH\Controllers\Api.php(44): CodeIgniter\Debug\Exceptions->errorHandler(2, 'Undefined property: stdClass::$business_hours', 'APPPATH\\Controllers\\Api.php', 44)
 2 SYSTEMPATH\CodeIgniter.php(927): App\Controllers\Api->index()
 3 SYSTEMPATH\CodeIgniter.php(482): CodeIgniter\CodeIgniter->runController(Object(App\Controllers\Api))
 4 SYSTEMPATH\CodeIgniter.php(351): CodeIgniter\CodeIgniter->handleRequest(null, Object(Config\Cache), false)
 5 FCPATH\index.php(67): CodeIgniter\CodeIgniter->run()
 6 SYSTEMPATH\Commands\Server\rewrite.php(46): require_once('FCPATH\\index.php')
CRITICAL - 2023-03-06 17:13:08 --> Undefined property: CodeIgniter\Database\MySQLi\Result::$nama_foto
in APPPATH\Views\page\kafeDetail.php on line 66.
 1 APPPATH\Views\page\kafeDetail.php(66): CodeIgniter\Debug\Exceptions->errorHandler(2, 'Undefined property: CodeIgniter\\Database\\MySQLi\\Result::$nama_foto', 'APPPATH\\Views\\page\\kafeDetail.php', 66)
 2 SYSTEMPATH\View\View.php(213): include('APPPATH\\Views\\page\\kafeDetail.php')
 3 SYSTEMPATH\View\View.php(216): CodeIgniter\View\View->CodeIgniter\View\{closure}()
 4 SYSTEMPATH\Common.php(1134): CodeIgniter\View\View->render('page/kafeDetail', [], true)
 5 APPPATH\Controllers\Kafe.php(50): view('page/kafeDetail', [...])
 6 SYSTEMPATH\CodeIgniter.php(927): App\Controllers\Kafe->detail('115')
 7 SYSTEMPATH\CodeIgniter.php(482): CodeIgniter\CodeIgniter->runController(Object(App\Controllers\Kafe))
 8 SYSTEMPATH\CodeIgniter.php(351): CodeIgniter\CodeIgniter->handleRequest(null, Object(Config\Cache), false)
 9 FCPATH\index.php(67): CodeIgniter\CodeIgniter->run()
10 SYSTEMPATH\Commands\Server\rewrite.php(46): require_once('FCPATH\\index.php')
CRITICAL - 2023-03-06 17:14:03 --> Attempt to read property "nama_foto" on array
in APPPATH\Views\page\kafeDetail.php on line 66.
 1 APPPATH\Views\page\kafeDetail.php(66): CodeIgniter\Debug\Exceptions->errorHandler(2, 'Attempt to read property "nama_foto" on array', 'APPPATH\\Views\\page\\kafeDetail.php', 66)
 2 SYSTEMPATH\View\View.php(213): include('APPPATH\\Views\\page\\kafeDetail.php')
 3 SYSTEMPATH\View\View.php(216): CodeIgniter\View\View->CodeIgniter\View\{closure}()
 4 SYSTEMPATH\Common.php(1134): CodeIgniter\View\View->render('page/kafeDetail', [], true)
 5 APPPATH\Controllers\Kafe.php(50): view('page/kafeDetail', [...])
 6 SYSTEMPATH\CodeIgniter.php(927): App\Controllers\Kafe->detail('115')
 7 SYSTEMPATH\CodeIgniter.php(482): CodeIgniter\CodeIgniter->runController(Object(App\Controllers\Kafe))
 8 SYSTEMPATH\CodeIgniter.php(351): CodeIgniter\CodeIgniter->handleRequest(null, Object(Config\Cache), false)
 9 FCPATH\index.php(67): CodeIgniter\CodeIgniter->run()
10 SYSTEMPATH\Commands\Server\rewrite.php(46): require_once('FCPATH\\index.php')
CRITICAL - 2023-03-06 17:15:59 --> Attempt to read property "nama_foto" on array
in APPPATH\Views\page\kafeDetail.php on line 66.
 1 APPPATH\Views\page\kafeDetail.php(66): CodeIgniter\Debug\Exceptions->errorHandler(2, 'Attempt to read property "nama_foto" on array', 'APPPATH\\Views\\page\\kafeDetail.php', 66)
 2 SYSTEMPATH\View\View.php(213): include('APPPATH\\Views\\page\\kafeDetail.php')
 3 SYSTEMPATH\View\View.php(216): CodeIgniter\View\View->CodeIgniter\View\{closure}()
 4 SYSTEMPATH\Common.php(1134): CodeIgniter\View\View->render('page/kafeDetail', [], true)
 5 APPPATH\Controllers\Kafe.php(49): view('page/kafeDetail', [...])
 6 SYSTEMPATH\CodeIgniter.php(927): App\Controllers\Kafe->detail('115')
 7 SYSTEMPATH\CodeIgniter.php(482): CodeIgniter\CodeIgniter->runController(Object(App\Controllers\Kafe))
 8 SYSTEMPATH\CodeIgniter.php(351): CodeIgniter\CodeIgniter->handleRequest(null, Object(Config\Cache), false)
 9 FCPATH\index.php(67): CodeIgniter\CodeIgniter->run()
10 SYSTEMPATH\Commands\Server\rewrite.php(46): require_once('FCPATH\\index.php')
CRITICAL - 2023-03-06 17:17:05 --> Attempt to read property "nama_foto" on array
in APPPATH\Views\page\kafeDetail.php on line 66.
 1 APPPATH\Views\page\kafeDetail.php(66): CodeIgniter\Debug\Exceptions->errorHandler(2, 'Attempt to read property "nama_foto" on array', 'APPPATH\\Views\\page\\kafeDetail.php', 66)
 2 SYSTEMPATH\View\View.php(213): include('APPPATH\\Views\\page\\kafeDetail.php')
 3 SYSTEMPATH\View\View.php(216): CodeIgniter\View\View->CodeIgniter\View\{closure}()
 4 SYSTEMPATH\Common.php(1134): CodeIgniter\View\View->render('page/kafeDetail', [], true)
 5 APPPATH\Controllers\Kafe.php(49): view('page/kafeDetail', [...])
 6 SYSTEMPATH\CodeIgniter.php(927): App\Controllers\Kafe->detail('115')
 7 SYSTEMPATH\CodeIgniter.php(482): CodeIgniter\CodeIgniter->runController(Object(App\Controllers\Kafe))
 8 SYSTEMPATH\CodeIgniter.php(351): CodeIgniter\CodeIgniter->handleRequest(null, Object(Config\Cache), false)
 9 FCPATH\index.php(67): CodeIgniter\CodeIgniter->run()
10 SYSTEMPATH\Commands\Server\rewrite.php(46): require_once('FCPATH\\index.php')
CRITICAL - 2023-03-06 17:18:20 --> Undefined array key "nama_foto"
in APPPATH\Controllers\Kafe.php on line 47.
 1 APPPATH\Controllers\Kafe.php(47): CodeIgniter\Debug\Exceptions->errorHandler(2, 'Undefined array key "nama_foto"', 'APPPATH\\Controllers\\Kafe.php', 47)
 2 SYSTEMPATH\CodeIgniter.php(927): App\Controllers\Kafe->detail('115')
 3 SYSTEMPATH\CodeIgniter.php(482): CodeIgniter\CodeIgniter->runController(Object(App\Controllers\Kafe))
 4 SYSTEMPATH\CodeIgniter.php(351): CodeIgniter\CodeIgniter->handleRequest(null, Object(Config\Cache), false)
 5 FCPATH\index.php(67): CodeIgniter\CodeIgniter->run()
 6 SYSTEMPATH\Commands\Server\rewrite.php(46): require_once('FCPATH\\index.php')
CRITICAL - 2023-03-06 17:19:07 --> Attempt to read property "nama_kafe" on array
in APPPATH\Views\page\kafeDetail.php on line 70.
 1 APPPATH\Views\page\kafeDetail.php(70): CodeIgniter\Debug\Exceptions->errorHandler(2, 'Attempt to read property "nama_kafe" on array', 'APPPATH\\Views\\page\\kafeDetail.php', 70)
 2 SYSTEMPATH\View\View.php(213): include('APPPATH\\Views\\page\\kafeDetail.php')
 3 SYSTEMPATH\View\View.php(216): CodeIgniter\View\View->CodeIgniter\View\{closure}()
 4 SYSTEMPATH\Common.php(1134): CodeIgniter\View\View->render('page/kafeDetail', [], true)
 5 APPPATH\Controllers\Kafe.php(49): view('page/kafeDetail', [...])
 6 SYSTEMPATH\CodeIgniter.php(927): App\Controllers\Kafe->detail('115')
 7 SYSTEMPATH\CodeIgniter.php(482): CodeIgniter\CodeIgniter->runController(Object(App\Controllers\Kafe))
 8 SYSTEMPATH\CodeIgniter.php(351): CodeIgniter\CodeIgniter->handleRequest(null, Object(Config\Cache), false)
 9 FCPATH\index.php(67): CodeIgniter\CodeIgniter->run()
10 SYSTEMPATH\Commands\Server\rewrite.php(46): require_once('FCPATH\\index.php')
CRITICAL - 2023-03-06 17:21:11 --> Undefined array key "nama_foto"
in APPPATH\Views\page\kafeDetail.php on line 66.
 1 APPPATH\Views\page\kafeDetail.php(66): CodeIgniter\Debug\Exceptions->errorHandler(2, 'Undefined array key "nama_foto"', 'APPPATH\\Views\\page\\kafeDetail.php', 66)
 2 SYSTEMPATH\View\View.php(213): include('APPPATH\\Views\\page\\kafeDetail.php')
 3 SYSTEMPATH\View\View.php(216): CodeIgniter\View\View->CodeIgniter\View\{closure}()
 4 SYSTEMPATH\Common.php(1134): CodeIgniter\View\View->render('page/kafeDetail', [], true)
 5 APPPATH\Controllers\Kafe.php(49): view('page/kafeDetail', [...])
 6 SYSTEMPATH\CodeIgniter.php(927): App\Controllers\Kafe->detail('115')
 7 SYSTEMPATH\CodeIgniter.php(482): CodeIgniter\CodeIgniter->runController(Object(App\Controllers\Kafe))
 8 SYSTEMPATH\CodeIgniter.php(351): CodeIgniter\CodeIgniter->handleRequest(null, Object(Config\Cache), false)
 9 FCPATH\index.php(67): CodeIgniter\CodeIgniter->run()
10 SYSTEMPATH\Commands\Server\rewrite.php(46): require_once('FCPATH\\index.php')
CRITICAL - 2023-03-06 17:21:44 --> mysqli_result::fetch_object(): Argument #1 ($class) must be a valid class name, 115 given
in SYSTEMPATH\Database\MySQLi\Result.php on line 148.
 1 SYSTEMPATH\Database\MySQLi\Result.php(148): mysqli_result->fetch_object('115')
 2 SYSTEMPATH\Database\BaseResult.php(149): CodeIgniter\Database\MySQLi\Result->fetchObject('115')
 3 SYSTEMPATH\Database\BaseResult.php(106): CodeIgniter\Database\BaseResult->getCustomResultObject('115')
 4 APPPATH\Controllers\Kafe.php(44): CodeIgniter\Database\BaseResult->getResult('115')
 5 SYSTEMPATH\CodeIgniter.php(927): App\Controllers\Kafe->detail('115')
 6 SYSTEMPATH\CodeIgniter.php(482): CodeIgniter\CodeIgniter->runController(Object(App\Controllers\Kafe))
 7 SYSTEMPATH\CodeIgniter.php(351): CodeIgniter\CodeIgniter->handleRequest(null, Object(Config\Cache), false)
 8 FCPATH\index.php(67): CodeIgniter\CodeIgniter->run()
 9 SYSTEMPATH\Commands\Server\rewrite.php(46): require_once('FCPATH\\index.php')
CRITICAL - 2023-03-06 17:21:46 --> mysqli_result::fetch_object(): Argument #1 ($class) must be a valid class name, 115 given
in SYSTEMPATH\Database\MySQLi\Result.php on line 148.
 1 SYSTEMPATH\Database\MySQLi\Result.php(148): mysqli_result->fetch_object('115')
 2 SYSTEMPATH\Database\BaseResult.php(149): CodeIgniter\Database\MySQLi\Result->fetchObject('115')
 3 SYSTEMPATH\Database\BaseResult.php(106): CodeIgniter\Database\BaseResult->getCustomResultObject('115')
 4 APPPATH\Controllers\Kafe.php(44): CodeIgniter\Database\BaseResult->getResult('115')
 5 SYSTEMPATH\CodeIgniter.php(927): App\Controllers\Kafe->detail('115')
 6 SYSTEMPATH\CodeIgniter.php(482): CodeIgniter\CodeIgniter->runController(Object(App\Controllers\Kafe))
 7 SYSTEMPATH\CodeIgniter.php(351): CodeIgniter\CodeIgniter->handleRequest(null, Object(Config\Cache), false)
 8 FCPATH\index.php(67): CodeIgniter\CodeIgniter->run()
 9 SYSTEMPATH\Commands\Server\rewrite.php(46): require_once('FCPATH\\index.php')
CRITICAL - 2023-03-06 17:22:00 --> mysqli_result::fetch_object(): Argument #1 ($class) must be a valid class name, 115 given
in SYSTEMPATH\Database\MySQLi\Result.php on line 148.
 1 SYSTEMPATH\Database\MySQLi\Result.php(148): mysqli_result->fetch_object('115')
 2 SYSTEMPATH\Database\BaseResult.php(149): CodeIgniter\Database\MySQLi\Result->fetchObject('115')
 3 SYSTEMPATH\Database\BaseResult.php(106): CodeIgniter\Database\BaseResult->getCustomResultObject('115')
 4 APPPATH\Controllers\Kafe.php(44): CodeIgniter\Database\BaseResult->getResult('115')
 5 SYSTEMPATH\CodeIgniter.php(927): App\Controllers\Kafe->detail('115')
 6 SYSTEMPATH\CodeIgniter.php(482): CodeIgniter\CodeIgniter->runController(Object(App\Controllers\Kafe))
 7 SYSTEMPATH\CodeIgniter.php(351): CodeIgniter\CodeIgniter->handleRequest(null, Object(Config\Cache), false)
 8 FCPATH\index.php(67): CodeIgniter\CodeIgniter->run()
 9 SYSTEMPATH\Commands\Server\rewrite.php(46): require_once('FCPATH\\index.php')
CRITICAL - 2023-03-06 17:22:36 --> mysqli_result::fetch_object(): Argument #1 ($class) must be a valid class name, 115 given
in SYSTEMPATH\Database\MySQLi\Result.php on line 148.
 1 SYSTEMPATH\Database\MySQLi\Result.php(148): mysqli_result->fetch_object('115')
 2 SYSTEMPATH\Database\BaseResult.php(149): CodeIgniter\Database\MySQLi\Result->fetchObject('115')
 3 SYSTEMPATH\Database\BaseResult.php(106): CodeIgniter\Database\BaseResult->getCustomResultObject('115')
 4 APPPATH\Controllers\Kafe.php(44): CodeIgniter\Database\BaseResult->getResult('115')
 5 SYSTEMPATH\CodeIgniter.php(927): App\Controllers\Kafe->detail('115')
 6 SYSTEMPATH\CodeIgniter.php(482): CodeIgniter\CodeIgniter->runController(Object(App\Controllers\Kafe))
 7 SYSTEMPATH\CodeIgniter.php(351): CodeIgniter\CodeIgniter->handleRequest(null, Object(Config\Cache), false)
 8 FCPATH\index.php(67): CodeIgniter\CodeIgniter->run()
 9 SYSTEMPATH\Commands\Server\rewrite.php(46): require_once('FCPATH\\index.php')
CRITICAL - 2023-03-06 17:24:00 --> Undefined array key "nama_foto"
in APPPATH\Views\page\kafeDetail.php on line 66.
 1 APPPATH\Views\page\kafeDetail.php(66): CodeIgniter\Debug\Exceptions->errorHandler(2, 'Undefined array key "nama_foto"', 'APPPATH\\Views\\page\\kafeDetail.php', 66)
 2 SYSTEMPATH\View\View.php(213): include('APPPATH\\Views\\page\\kafeDetail.php')
 3 SYSTEMPATH\View\View.php(216): CodeIgniter\View\View->CodeIgniter\View\{closure}()
 4 SYSTEMPATH\Common.php(1134): CodeIgniter\View\View->render('page/kafeDetail', [], true)
 5 APPPATH\Controllers\Kafe.php(49): view('page/kafeDetail', [...])
 6 SYSTEMPATH\CodeIgniter.php(927): App\Controllers\Kafe->detail('115')
 7 SYSTEMPATH\CodeIgniter.php(482): CodeIgniter\CodeIgniter->runController(Object(App\Controllers\Kafe))
 8 SYSTEMPATH\CodeIgniter.php(351): CodeIgniter\CodeIgniter->handleRequest(null, Object(Config\Cache), false)
 9 FCPATH\index.php(67): CodeIgniter\CodeIgniter->run()
10 SYSTEMPATH\Commands\Server\rewrite.php(46): require_once('FCPATH\\index.php')
CRITICAL - 2023-03-06 17:24:12 --> Undefined array key "nama_foto"
in APPPATH\Views\page\kafeDetail.php on line 66.
 1 APPPATH\Views\page\kafeDetail.php(66): CodeIgniter\Debug\Exceptions->errorHandler(2, 'Undefined array key "nama_foto"', 'APPPATH\\Views\\page\\kafeDetail.php', 66)
 2 SYSTEMPATH\View\View.php(213): include('APPPATH\\Views\\page\\kafeDetail.php')
 3 SYSTEMPATH\View\View.php(216): CodeIgniter\View\View->CodeIgniter\View\{closure}()
 4 SYSTEMPATH\Common.php(1134): CodeIgniter\View\View->render('page/kafeDetail', [], true)
 5 APPPATH\Controllers\Kafe.php(49): view('page/kafeDetail', [...])
 6 SYSTEMPATH\CodeIgniter.php(927): App\Controllers\Kafe->detail('115')
 7 SYSTEMPATH\CodeIgniter.php(482): CodeIgniter\CodeIgniter->runController(Object(App\Controllers\Kafe))
 8 SYSTEMPATH\CodeIgniter.php(351): CodeIgniter\CodeIgniter->handleRequest(null, Object(Config\Cache), false)
 9 FCPATH\index.php(67): CodeIgniter\CodeIgniter->run()
10 SYSTEMPATH\Commands\Server\rewrite.php(46): require_once('FCPATH\\index.php')
CRITICAL - 2023-03-06 17:26:51 --> Undefined array key "nama_foto"
in APPPATH\Views\page\kafeDetail.php on line 66.
 1 APPPATH\Views\page\kafeDetail.php(66): CodeIgniter\Debug\Exceptions->errorHandler(2, 'Undefined array key "nama_foto"', 'APPPATH\\Views\\page\\kafeDetail.php', 66)
 2 SYSTEMPATH\View\View.php(213): include('APPPATH\\Views\\page\\kafeDetail.php')
 3 SYSTEMPATH\View\View.php(216): CodeIgniter\View\View->CodeIgniter\View\{closure}()
 4 SYSTEMPATH\Common.php(1134): CodeIgniter\View\View->render('page/kafeDetail', [], true)
 5 APPPATH\Controllers\Kafe.php(49): view('page/kafeDetail', [...])
 6 SYSTEMPATH\CodeIgniter.php(927): App\Controllers\Kafe->detail('115')
 7 SYSTEMPATH\CodeIgniter.php(482): CodeIgniter\CodeIgniter->runController(Object(App\Controllers\Kafe))
 8 SYSTEMPATH\CodeIgniter.php(351): CodeIgniter\CodeIgniter->handleRequest(null, Object(Config\Cache), false)
 9 FCPATH\index.php(67): CodeIgniter\CodeIgniter->run()
10 SYSTEMPATH\Commands\Server\rewrite.php(46): require_once('FCPATH\\index.php')
CRITICAL - 2023-03-06 17:28:06 --> Undefined property: mysqli::$nama_kafe
in APPPATH\Views\admin\kafeData.php on line 99.
 1 APPPATH\Views\admin\kafeData.php(99): CodeIgniter\Debug\Exceptions->errorHandler(2, 'Undefined property: mysqli::$nama_kafe', 'APPPATH\\Views\\admin\\kafeData.php', 99)
 2 SYSTEMPATH\View\View.php(213): include('APPPATH\\Views\\admin\\kafeData.php')
 3 SYSTEMPATH\View\View.php(216): CodeIgniter\View\View->CodeIgniter\View\{closure}()
 4 SYSTEMPATH\Common.php(1134): CodeIgniter\View\View->render('admin/kafeData', [], true)
 5 APPPATH\Controllers\Admin.php(311): view('admin/kafeData', [...])
 6 SYSTEMPATH\CodeIgniter.php(927): App\Controllers\Admin->Kafe()
 7 SYSTEMPATH\CodeIgniter.php(482): CodeIgniter\CodeIgniter->runController(Object(App\Controllers\Admin))
 8 SYSTEMPATH\CodeIgniter.php(351): CodeIgniter\CodeIgniter->handleRequest(null, Object(Config\Cache), false)
 9 FCPATH\index.php(67): CodeIgniter\CodeIgniter->run()
10 SYSTEMPATH\Commands\Server\rewrite.php(46): require_once('FCPATH\\index.php')
CRITICAL - 2023-03-06 17:30:04 --> Undefined array key "nama_foto"
in APPPATH\Views\page\kafeDetail.php on line 66.
 1 APPPATH\Views\page\kafeDetail.php(66): CodeIgniter\Debug\Exceptions->errorHandler(2, 'Undefined array key "nama_foto"', 'APPPATH\\Views\\page\\kafeDetail.php', 66)
 2 SYSTEMPATH\View\View.php(213): include('APPPATH\\Views\\page\\kafeDetail.php')
 3 SYSTEMPATH\View\View.php(216): CodeIgniter\View\View->CodeIgniter\View\{closure}()
 4 SYSTEMPATH\Common.php(1134): CodeIgniter\View\View->render('page/kafeDetail', [], true)
 5 APPPATH\Controllers\Kafe.php(49): view('page/kafeDetail', [...])
 6 SYSTEMPATH\CodeIgniter.php(927): App\Controllers\Kafe->detail('181')
 7 SYSTEMPATH\CodeIgniter.php(482): CodeIgniter\CodeIgniter->runController(Object(App\Controllers\Kafe))
 8 SYSTEMPATH\CodeIgniter.php(351): CodeIgniter\CodeIgniter->handleRequest(null, Object(Config\Cache), false)
 9 FCPATH\index.php(67): CodeIgniter\CodeIgniter->run()
10 SYSTEMPATH\Commands\Server\rewrite.php(46): require_once('FCPATH\\index.php')
CRITICAL - 2023-03-06 17:30:09 --> Attempt to read property "id_kafe" on array
in APPPATH\Views\admin\updateKafe.php on line 79.
 1 APPPATH\Views\admin\updateKafe.php(79): CodeIgniter\Debug\Exceptions->errorHandler(2, 'Attempt to read property "id_kafe" on array', 'APPPATH\\Views\\admin\\updateKafe.php', 79)
 2 SYSTEMPATH\View\View.php(213): include('APPPATH\\Views\\admin\\updateKafe.php')
 3 SYSTEMPATH\View\View.php(216): CodeIgniter\View\View->CodeIgniter\View\{closure}()
 4 SYSTEMPATH\Common.php(1134): CodeIgniter\View\View->render('admin/updateKafe', [], true)
 5 APPPATH\Controllers\Admin.php(335): view('admin/updateKafe', [...])
 6 SYSTEMPATH\CodeIgniter.php(927): App\Controllers\Admin->editKafe('181')
 7 SYSTEMPATH\CodeIgniter.php(482): CodeIgniter\CodeIgniter->runController(Object(App\Controllers\Admin))
 8 SYSTEMPATH\CodeIgniter.php(351): CodeIgniter\CodeIgniter->handleRequest(null, Object(Config\Cache), false)
 9 FCPATH\index.php(67): CodeIgniter\CodeIgniter->run()
10 SYSTEMPATH\Commands\Server\rewrite.php(46): require_once('FCPATH\\index.php')
CRITICAL - 2023-03-06 17:32:44 --> Undefined array key "nama_foto"
in APPPATH\Views\page\kafeDetail.php on line 66.
 1 APPPATH\Views\page\kafeDetail.php(66): CodeIgniter\Debug\Exceptions->errorHandler(2, 'Undefined array key "nama_foto"', 'APPPATH\\Views\\page\\kafeDetail.php', 66)
 2 SYSTEMPATH\View\View.php(213): include('APPPATH\\Views\\page\\kafeDetail.php')
 3 SYSTEMPATH\View\View.php(216): CodeIgniter\View\View->CodeIgniter\View\{closure}()
 4 SYSTEMPATH\Common.php(1134): CodeIgniter\View\View->render('page/kafeDetail', [], true)
 5 APPPATH\Controllers\Kafe.php(49): view('page/kafeDetail', [...])
 6 SYSTEMPATH\CodeIgniter.php(927): App\Controllers\Kafe->detail('115')
 7 SYSTEMPATH\CodeIgniter.php(482): CodeIgniter\CodeIgniter->runController(Object(App\Controllers\Kafe))
 8 SYSTEMPATH\CodeIgniter.php(351): CodeIgniter\CodeIgniter->handleRequest(null, Object(Config\Cache), false)
 9 FCPATH\index.php(67): CodeIgniter\CodeIgniter->run()
10 SYSTEMPATH\Commands\Server\rewrite.php(46): require_once('FCPATH\\index.php')
CRITICAL - 2023-03-06 17:37:26 --> Undefined property: mysqli::$user
in APPPATH\Views\admin\pendingList.php on line 96.
 1 APPPATH\Views\admin\pendingList.php(96): CodeIgniter\Debug\Exceptions->errorHandler(2, 'Undefined property: mysqli::$user', 'APPPATH\\Views\\admin\\pendingList.php', 96)
 2 SYSTEMPATH\View\View.php(213): include('APPPATH\\Views\\admin\\pendingList.php')
 3 SYSTEMPATH\View\View.php(216): CodeIgniter\View\View->CodeIgniter\View\{closure}()
 4 SYSTEMPATH\Common.php(1134): CodeIgniter\View\View->render('admin/pendingList', [], true)
 5 APPPATH\Controllers\Admin.php(587): view('admin/pendingList', [...])
 6 SYSTEMPATH\CodeIgniter.php(927): App\Controllers\Admin->pending()
 7 SYSTEMPATH\CodeIgniter.php(482): CodeIgniter\CodeIgniter->runController(Object(App\Controllers\Admin))
 8 SYSTEMPATH\CodeIgniter.php(351): CodeIgniter\CodeIgniter->handleRequest(null, Object(Config\Cache), false)
 9 FCPATH\index.php(67): CodeIgniter\CodeIgniter->run()
10 SYSTEMPATH\Commands\Server\rewrite.php(46): require_once('FCPATH\\index.php')
CRITICAL - 2023-03-06 17:44:08 --> Cannot use object of type stdClass as array
in APPPATH\Views\page\kafeDetail.php on line 67.
 1 SYSTEMPATH\View\View.php(213): include()
 2 SYSTEMPATH\View\View.php(216): CodeIgniter\View\View->CodeIgniter\View\{closure}()
 3 SYSTEMPATH\Common.php(1134): CodeIgniter\View\View->render('page/kafeDetail', [], true)
 4 APPPATH\Controllers\Kafe.php(49): view('page/kafeDetail', [...])
 5 SYSTEMPATH\CodeIgniter.php(927): App\Controllers\Kafe->detail('118')
 6 SYSTEMPATH\CodeIgniter.php(482): CodeIgniter\CodeIgniter->runController(Object(App\Controllers\Kafe))
 7 SYSTEMPATH\CodeIgniter.php(351): CodeIgniter\CodeIgniter->handleRequest(null, Object(Config\Cache), false)
 8 FCPATH\index.php(67): CodeIgniter\CodeIgniter->run()
 9 SYSTEMPATH\Commands\Server\rewrite.php(46): require_once('FCPATH\\index.php')
CRITICAL - 2023-03-06 17:44:10 --> Cannot use object of type stdClass as array
in APPPATH\Views\page\kafeDetail.php on line 67.
 1 SYSTEMPATH\View\View.php(213): include()
 2 SYSTEMPATH\View\View.php(216): CodeIgniter\View\View->CodeIgniter\View\{closure}()
 3 SYSTEMPATH\Common.php(1134): CodeIgniter\View\View->render('page/kafeDetail', [], true)
 4 APPPATH\Controllers\Kafe.php(49): view('page/kafeDetail', [...])
 5 SYSTEMPATH\CodeIgniter.php(927): App\Controllers\Kafe->detail('118')
 6 SYSTEMPATH\CodeIgniter.php(482): CodeIgniter\CodeIgniter->runController(Object(App\Controllers\Kafe))
 7 SYSTEMPATH\CodeIgniter.php(351): CodeIgniter\CodeIgniter->handleRequest(null, Object(Config\Cache), false)
 8 FCPATH\index.php(67): CodeIgniter\CodeIgniter->run()
 9 SYSTEMPATH\Commands\Server\rewrite.php(46): require_once('FCPATH\\index.php')
CRITICAL - 2023-03-06 17:44:11 --> Cannot use object of type stdClass as array
in APPPATH\Views\page\kafeDetail.php on line 67.
 1 SYSTEMPATH\View\View.php(213): include()
 2 SYSTEMPATH\View\View.php(216): CodeIgniter\View\View->CodeIgniter\View\{closure}()
 3 SYSTEMPATH\Common.php(1134): CodeIgniter\View\View->render('page/kafeDetail', [], true)
 4 APPPATH\Controllers\Kafe.php(49): view('page/kafeDetail', [...])
 5 SYSTEMPATH\CodeIgniter.php(927): App\Controllers\Kafe->detail('118')
 6 SYSTEMPATH\CodeIgniter.php(482): CodeIgniter\CodeIgniter->runController(Object(App\Controllers\Kafe))
 7 SYSTEMPATH\CodeIgniter.php(351): CodeIgniter\CodeIgniter->handleRequest(null, Object(Config\Cache), false)
 8 FCPATH\index.php(67): CodeIgniter\CodeIgniter->run()
 9 SYSTEMPATH\Commands\Server\rewrite.php(46): require_once('FCPATH\\index.php')
CRITICAL - 2023-03-06 17:44:29 --> Undefined property: stdClass::$business_hours
in APPPATH\Views\page\kafeDetail.php on line 123.
 1 APPPATH\Views\page\kafeDetail.php(123): CodeIgniter\Debug\Exceptions->errorHandler(2, 'Undefined property: stdClass::$business_hours', 'APPPATH\\Views\\page\\kafeDetail.php', 123)
 2 SYSTEMPATH\View\View.php(213): include('APPPATH\\Views\\page\\kafeDetail.php')
 3 SYSTEMPATH\View\View.php(216): CodeIgniter\View\View->CodeIgniter\View\{closure}()
 4 SYSTEMPATH\Common.php(1134): CodeIgniter\View\View->render('page/kafeDetail', [], true)
 5 APPPATH\Controllers\Kafe.php(49): view('page/kafeDetail', [...])
 6 SYSTEMPATH\CodeIgniter.php(927): App\Controllers\Kafe->detail('118')
 7 SYSTEMPATH\CodeIgniter.php(482): CodeIgniter\CodeIgniter->runController(Object(App\Controllers\Kafe))
 8 SYSTEMPATH\CodeIgniter.php(351): CodeIgniter\CodeIgniter->handleRequest(null, Object(Config\Cache), false)
 9 FCPATH\index.php(67): CodeIgniter\CodeIgniter->run()
10 SYSTEMPATH\Commands\Server\rewrite.php(46): require_once('FCPATH\\index.php')
CRITICAL - 2023-03-06 17:45:31 --> Undefined property: stdClass::$business_hours
in APPPATH\Views\page\kafeDetail.php on line 123.
 1 APPPATH\Views\page\kafeDetail.php(123): CodeIgniter\Debug\Exceptions->errorHandler(2, 'Undefined property: stdClass::$business_hours', 'APPPATH\\Views\\page\\kafeDetail.php', 123)
 2 SYSTEMPATH\View\View.php(213): include('APPPATH\\Views\\page\\kafeDetail.php')
 3 SYSTEMPATH\View\View.php(216): CodeIgniter\View\View->CodeIgniter\View\{closure}()
 4 SYSTEMPATH\Common.php(1134): CodeIgniter\View\View->render('page/kafeDetail', [], true)
 5 APPPATH\Controllers\Kafe.php(49): view('page/kafeDetail', [...])
 6 SYSTEMPATH\CodeIgniter.php(927): App\Controllers\Kafe->detail('112')
 7 SYSTEMPATH\CodeIgniter.php(482): CodeIgniter\CodeIgniter->runController(Object(App\Controllers\Kafe))
 8 SYSTEMPATH\CodeIgniter.php(351): CodeIgniter\CodeIgniter->handleRequest(null, Object(Config\Cache), false)
 9 FCPATH\index.php(67): CodeIgniter\CodeIgniter->run()
10 SYSTEMPATH\Commands\Server\rewrite.php(46): require_once('FCPATH\\index.php')
CRITICAL - 2023-03-06 17:45:48 --> foreach() argument must be of type array|object, string given
in APPPATH\Views\page\kafeDetail.php on line 123.
 1 APPPATH\Views\page\kafeDetail.php(123): CodeIgniter\Debug\Exceptions->errorHandler(2, 'foreach() argument must be of type array|object, string given', 'APPPATH\\Views\\page\\kafeDetail.php', 123)
 2 SYSTEMPATH\View\View.php(213): include('APPPATH\\Views\\page\\kafeDetail.php')
 3 SYSTEMPATH\View\View.php(216): CodeIgniter\View\View->CodeIgniter\View\{closure}()
 4 SYSTEMPATH\Common.php(1134): CodeIgniter\View\View->render('page/kafeDetail', [], true)
 5 APPPATH\Controllers\Kafe.php(49): view('page/kafeDetail', [...])
 6 SYSTEMPATH\CodeIgniter.php(927): App\Controllers\Kafe->detail('112')
 7 SYSTEMPATH\CodeIgniter.php(482): CodeIgniter\CodeIgniter->runController(Object(App\Controllers\Kafe))
 8 SYSTEMPATH\CodeIgniter.php(351): CodeIgniter\CodeIgniter->handleRequest(null, Object(Config\Cache), false)
 9 FCPATH\index.php(67): CodeIgniter\CodeIgniter->run()
10 SYSTEMPATH\Commands\Server\rewrite.php(46): require_once('FCPATH\\index.php')
CRITICAL - 2023-03-06 17:46:06 --> foreach() argument must be of type array|object, string given
in APPPATH\Views\page\kafeDetail.php on line 123.
 1 APPPATH\Views\page\kafeDetail.php(123): CodeIgniter\Debug\Exceptions->errorHandler(2, 'foreach() argument must be of type array|object, string given', 'APPPATH\\Views\\page\\kafeDetail.php', 123)
 2 SYSTEMPATH\View\View.php(213): include('APPPATH\\Views\\page\\kafeDetail.php')
 3 SYSTEMPATH\View\View.php(216): CodeIgniter\View\View->CodeIgniter\View\{closure}()
 4 SYSTEMPATH\Common.php(1134): CodeIgniter\View\View->render('page/kafeDetail', [], true)
 5 APPPATH\Controllers\Kafe.php(49): view('page/kafeDetail', [...])
 6 SYSTEMPATH\CodeIgniter.php(927): App\Controllers\Kafe->detail('112')
 7 SYSTEMPATH\CodeIgniter.php(482): CodeIgniter\CodeIgniter->runController(Object(App\Controllers\Kafe))
 8 SYSTEMPATH\CodeIgniter.php(351): CodeIgniter\CodeIgniter->handleRequest(null, Object(Config\Cache), false)
 9 FCPATH\index.php(67): CodeIgniter\CodeIgniter->run()
10 SYSTEMPATH\Commands\Server\rewrite.php(46): require_once('FCPATH\\index.php')
