CRITICAL - 2023-01-01 08:23:38 --> Cannot use object of type stdClass as array
in APPPATH\Models\ModelKv.php on line 51.
 1 APPPATH\Controllers\Admin.php(288): App\Models\ModelKv->tes()
 2 SYSTEMPATH\CodeIgniter.php(927): App\Controllers\Admin->dumping()
 3 SYSTEMPATH\CodeIgniter.php(482): CodeIgniter\CodeIgniter->runController(Object(App\Controllers\Admin))
 4 SYSTEMPATH\CodeIgniter.php(351): CodeIgniter\CodeIgniter->handleRequest(null, Object(Config\Cache), false)
 5 FCPATH\index.php(67): CodeIgniter\CodeIgniter->run()
 6 SYSTEMPATH\Commands\Server\rewrite.php(46): require_once('FCPATH\\index.php')
CRITICAL - 2023-01-01 08:23:59 --> Undefined property: stdClass::$id_kafe
in APPPATH\Models\ModelKv.php on line 51.
 1 APPPATH\Models\ModelKv.php(51): CodeIgniter\Debug\Exceptions->errorHandler(2, 'Undefined property: stdClass::$id_kafe', 'APPPATH\\Models\\ModelKv.php', 51)
 2 APPPATH\Controllers\Admin.php(288): App\Models\ModelKv->tes()
 3 SYSTEMPATH\CodeIgniter.php(927): App\Controllers\Admin->dumping()
 4 SYSTEMPATH\CodeIgniter.php(482): CodeIgniter\CodeIgniter->runController(Object(App\Controllers\Admin))
 5 SYSTEMPATH\CodeIgniter.php(351): CodeIgniter\CodeIgniter->handleRequest(null, Object(Config\Cache), false)
 6 FCPATH\index.php(67): CodeIgniter\CodeIgniter->run()
 7 SYSTEMPATH\Commands\Server\rewrite.php(46): require_once('FCPATH\\index.php')
CRITICAL - 2023-01-01 08:24:02 --> Undefined property: stdClass::$id_kafe
in APPPATH\Models\ModelKv.php on line 51.
 1 APPPATH\Models\ModelKv.php(51): CodeIgniter\Debug\Exceptions->errorHandler(2, 'Undefined property: stdClass::$id_kafe', 'APPPATH\\Models\\ModelKv.php', 51)
 2 APPPATH\Controllers\Admin.php(288): App\Models\ModelKv->tes()
 3 SYSTEMPATH\CodeIgniter.php(927): App\Controllers\Admin->dumping()
 4 SYSTEMPATH\CodeIgniter.php(482): CodeIgniter\CodeIgniter->runController(Object(App\Controllers\Admin))
 5 SYSTEMPATH\CodeIgniter.php(351): CodeIgniter\CodeIgniter->handleRequest(null, Object(Config\Cache), false)
 6 FCPATH\index.php(67): CodeIgniter\CodeIgniter->run()
 7 SYSTEMPATH\Commands\Server\rewrite.php(46): require_once('FCPATH\\index.php')
CRITICAL - 2023-01-01 08:24:07 --> Cannot use object of type stdClass as array
in APPPATH\Models\ModelKv.php on line 51.
 1 APPPATH\Controllers\Admin.php(288): App\Models\ModelKv->tes()
 2 SYSTEMPATH\CodeIgniter.php(927): App\Controllers\Admin->dumping()
 3 SYSTEMPATH\CodeIgniter.php(482): CodeIgniter\CodeIgniter->runController(Object(App\Controllers\Admin))
 4 SYSTEMPATH\CodeIgniter.php(351): CodeIgniter\CodeIgniter->handleRequest(null, Object(Config\Cache), false)
 5 FCPATH\index.php(67): CodeIgniter\CodeIgniter->run()
 6 SYSTEMPATH\Commands\Server\rewrite.php(46): require_once('FCPATH\\index.php')
CRITICAL - 2023-01-01 08:24:20 --> Cannot use object of type stdClass as array
in APPPATH\Models\ModelKv.php on line 51.
 1 APPPATH\Controllers\Admin.php(288): App\Models\ModelKv->tes()
 2 SYSTEMPATH\CodeIgniter.php(927): App\Controllers\Admin->dumping()
 3 SYSTEMPATH\CodeIgniter.php(482): CodeIgniter\CodeIgniter->runController(Object(App\Controllers\Admin))
 4 SYSTEMPATH\CodeIgniter.php(351): CodeIgniter\CodeIgniter->handleRequest(null, Object(Config\Cache), false)
 5 FCPATH\index.php(67): CodeIgniter\CodeIgniter->run()
 6 SYSTEMPATH\Commands\Server\rewrite.php(46): require_once('FCPATH\\index.php')
CRITICAL - 2023-01-01 08:25:07 --> Cannot use object of type stdClass as array
in APPPATH\Models\ModelKv.php on line 50.
 1 APPPATH\Controllers\Admin.php(288): App\Models\ModelKv->tes()
 2 SYSTEMPATH\CodeIgniter.php(927): App\Controllers\Admin->dumping()
 3 SYSTEMPATH\CodeIgniter.php(482): CodeIgniter\CodeIgniter->runController(Object(App\Controllers\Admin))
 4 SYSTEMPATH\CodeIgniter.php(351): CodeIgniter\CodeIgniter->handleRequest(null, Object(Config\Cache), false)
 5 FCPATH\index.php(67): CodeIgniter\CodeIgniter->run()
 6 SYSTEMPATH\Commands\Server\rewrite.php(46): require_once('FCPATH\\index.php')
CRITICAL - 2023-01-01 08:25:42 --> Cannot use object of type stdClass as array
in APPPATH\Models\ModelKv.php on line 51.
 1 APPPATH\Controllers\Admin.php(288): App\Models\ModelKv->tes()
 2 SYSTEMPATH\CodeIgniter.php(927): App\Controllers\Admin->dumping()
 3 SYSTEMPATH\CodeIgniter.php(482): CodeIgniter\CodeIgniter->runController(Object(App\Controllers\Admin))
 4 SYSTEMPATH\CodeIgniter.php(351): CodeIgniter\CodeIgniter->handleRequest(null, Object(Config\Cache), false)
 5 FCPATH\index.php(67): CodeIgniter\CodeIgniter->run()
 6 SYSTEMPATH\Commands\Server\rewrite.php(46): require_once('FCPATH\\index.php')
CRITICAL - 2023-01-01 08:26:04 --> Call to a member function getResult() on array
in APPPATH\Controllers\Admin.php on line 288.
 1 SYSTEMPATH\CodeIgniter.php(927): App\Controllers\Admin->dumping()
 2 SYSTEMPATH\CodeIgniter.php(482): CodeIgniter\CodeIgniter->runController(Object(App\Controllers\Admin))
 3 SYSTEMPATH\CodeIgniter.php(351): CodeIgniter\CodeIgniter->handleRequest(null, Object(Config\Cache), false)
 4 FCPATH\index.php(67): CodeIgniter\CodeIgniter->run()
 5 SYSTEMPATH\Commands\Server\rewrite.php(46): require_once('FCPATH\\index.php')
CRITICAL - 2023-01-01 08:30:32 --> Call to a member function callKafe() on null
in APPPATH\Models\ModelKv.php on line 64.
 1 APPPATH\Controllers\Admin.php(288): App\Models\ModelKv->tes()
 2 SYSTEMPATH\CodeIgniter.php(927): App\Controllers\Admin->dumping()
 3 SYSTEMPATH\CodeIgniter.php(482): CodeIgniter\CodeIgniter->runController(Object(App\Controllers\Admin))
 4 SYSTEMPATH\CodeIgniter.php(351): CodeIgniter\CodeIgniter->handleRequest(null, Object(Config\Cache), false)
 5 FCPATH\index.php(67): CodeIgniter\CodeIgniter->run()
 6 SYSTEMPATH\Commands\Server\rewrite.php(46): require_once('FCPATH\\index.php')
CRITICAL - 2023-01-01 08:30:45 --> Undefined variable $kafe
in APPPATH\Models\ModelKv.php on line 65.
 1 APPPATH\Models\ModelKv.php(65): CodeIgniter\Debug\Exceptions->errorHandler(2, 'Undefined variable $kafe', 'APPPATH\\Models\\ModelKv.php', 65)
 2 APPPATH\Controllers\Admin.php(288): App\Models\ModelKv->tes()
 3 SYSTEMPATH\CodeIgniter.php(927): App\Controllers\Admin->dumping()
 4 SYSTEMPATH\CodeIgniter.php(482): CodeIgniter\CodeIgniter->runController(Object(App\Controllers\Admin))
 5 SYSTEMPATH\CodeIgniter.php(351): CodeIgniter\CodeIgniter->handleRequest(null, Object(Config\Cache), false)
 6 FCPATH\index.php(67): CodeIgniter\CodeIgniter->run()
 7 SYSTEMPATH\Commands\Server\rewrite.php(46): require_once('FCPATH\\index.php')
CRITICAL - 2023-01-01 08:31:17 --> array_push(): Argument #1 ($array) must be of type array, null given
in APPPATH\Models\ModelKv.php on line 110.
 1 APPPATH\Models\ModelKv.php(110): array_push(null, Object(stdClass))
 2 APPPATH\Controllers\Admin.php(288): App\Models\ModelKv->tes()
 3 SYSTEMPATH\CodeIgniter.php(927): App\Controllers\Admin->dumping()
 4 SYSTEMPATH\CodeIgniter.php(482): CodeIgniter\CodeIgniter->runController(Object(App\Controllers\Admin))
 5 SYSTEMPATH\CodeIgniter.php(351): CodeIgniter\CodeIgniter->handleRequest(null, Object(Config\Cache), false)
 6 FCPATH\index.php(67): CodeIgniter\CodeIgniter->run()
 7 SYSTEMPATH\Commands\Server\rewrite.php(46): require_once('FCPATH\\index.php')
CRITICAL - 2023-01-01 08:35:24 --> array_push(): Argument #1 ($array) must be of type array, null given
in APPPATH\Models\ModelKv.php on line 110.
 1 APPPATH\Models\ModelKv.php(110): array_push(null, Object(stdClass))
 2 APPPATH\Controllers\Admin.php(288): App\Models\ModelKv->tes()
 3 SYSTEMPATH\CodeIgniter.php(927): App\Controllers\Admin->dumping()
 4 SYSTEMPATH\CodeIgniter.php(482): CodeIgniter\CodeIgniter->runController(Object(App\Controllers\Admin))
 5 SYSTEMPATH\CodeIgniter.php(351): CodeIgniter\CodeIgniter->handleRequest(null, Object(Config\Cache), false)
 6 FCPATH\index.php(67): CodeIgniter\CodeIgniter->run()
 7 SYSTEMPATH\Commands\Server\rewrite.php(46): require_once('FCPATH\\index.php')
CRITICAL - 2023-01-01 08:36:42 --> array_push(): Argument #1 ($array) must be of type array, null given
in APPPATH\Models\ModelKv.php on line 58.
 1 APPPATH\Models\ModelKv.php(58): array_push(null, [...])
 2 APPPATH\Controllers\Admin.php(288): App\Models\ModelKv->tes()
 3 SYSTEMPATH\CodeIgniter.php(927): App\Controllers\Admin->dumping()
 4 SYSTEMPATH\CodeIgniter.php(482): CodeIgniter\CodeIgniter->runController(Object(App\Controllers\Admin))
 5 SYSTEMPATH\CodeIgniter.php(351): CodeIgniter\CodeIgniter->handleRequest(null, Object(Config\Cache), false)
 6 FCPATH\index.php(67): CodeIgniter\CodeIgniter->run()
 7 SYSTEMPATH\Commands\Server\rewrite.php(46): require_once('FCPATH\\index.php')
CRITICAL - 2023-01-01 08:37:35 --> Attempt to read property "nama_foto" on array
in APPPATH\Views\page\kafeDetail.php on line 53.
 1 APPPATH\Views\page\kafeDetail.php(53): CodeIgniter\Debug\Exceptions->errorHandler(2, 'Attempt to read property "nama_foto" on array', 'APPPATH\\Views\\page\\kafeDetail.php', 53)
 2 SYSTEMPATH\View\View.php(213): include('APPPATH\\Views\\page\\kafeDetail.php')
 3 SYSTEMPATH\View\View.php(216): CodeIgniter\View\View->CodeIgniter\View\{closure}()
 4 SYSTEMPATH\Common.php(1134): CodeIgniter\View\View->render('page/kafeDetail', [], true)
 5 APPPATH\Controllers\Kafe.php(44): view('page/kafeDetail', [...])
 6 SYSTEMPATH\CodeIgniter.php(927): App\Controllers\Kafe->detail('112')
 7 SYSTEMPATH\CodeIgniter.php(482): CodeIgniter\CodeIgniter->runController(Object(App\Controllers\Kafe))
 8 SYSTEMPATH\CodeIgniter.php(351): CodeIgniter\CodeIgniter->handleRequest(null, Object(Config\Cache), false)
 9 FCPATH\index.php(67): CodeIgniter\CodeIgniter->run()
10 SYSTEMPATH\Commands\Server\rewrite.php(46): require_once('FCPATH\\index.php')
CRITICAL - 2023-01-01 08:38:15 --> Attempt to read property "nama_foto" on array
in APPPATH\Views\page\kafeDetail.php on line 53.
 1 APPPATH\Views\page\kafeDetail.php(53): CodeIgniter\Debug\Exceptions->errorHandler(2, 'Attempt to read property "nama_foto" on array', 'APPPATH\\Views\\page\\kafeDetail.php', 53)
 2 SYSTEMPATH\View\View.php(213): include('APPPATH\\Views\\page\\kafeDetail.php')
 3 SYSTEMPATH\View\View.php(216): CodeIgniter\View\View->CodeIgniter\View\{closure}()
 4 SYSTEMPATH\Common.php(1134): CodeIgniter\View\View->render('page/kafeDetail', [], true)
 5 APPPATH\Controllers\Kafe.php(44): view('page/kafeDetail', [...])
 6 SYSTEMPATH\CodeIgniter.php(927): App\Controllers\Kafe->detail('112')
 7 SYSTEMPATH\CodeIgniter.php(482): CodeIgniter\CodeIgniter->runController(Object(App\Controllers\Kafe))
 8 SYSTEMPATH\CodeIgniter.php(351): CodeIgniter\CodeIgniter->handleRequest(null, Object(Config\Cache), false)
 9 FCPATH\index.php(67): CodeIgniter\CodeIgniter->run()
10 SYSTEMPATH\Commands\Server\rewrite.php(46): require_once('FCPATH\\index.php')
CRITICAL - 2023-01-01 08:38:39 --> Attempt to read property "nama_foto" on array
in APPPATH\Views\page\kafeDetail.php on line 53.
 1 APPPATH\Views\page\kafeDetail.php(53): CodeIgniter\Debug\Exceptions->errorHandler(2, 'Attempt to read property "nama_foto" on array', 'APPPATH\\Views\\page\\kafeDetail.php', 53)
 2 SYSTEMPATH\View\View.php(213): include('APPPATH\\Views\\page\\kafeDetail.php')
 3 SYSTEMPATH\View\View.php(216): CodeIgniter\View\View->CodeIgniter\View\{closure}()
 4 SYSTEMPATH\Common.php(1134): CodeIgniter\View\View->render('page/kafeDetail', [], true)
 5 APPPATH\Controllers\Kafe.php(44): view('page/kafeDetail', [...])
 6 SYSTEMPATH\CodeIgniter.php(927): App\Controllers\Kafe->detail('112')
 7 SYSTEMPATH\CodeIgniter.php(482): CodeIgniter\CodeIgniter->runController(Object(App\Controllers\Kafe))
 8 SYSTEMPATH\CodeIgniter.php(351): CodeIgniter\CodeIgniter->handleRequest(null, Object(Config\Cache), false)
 9 FCPATH\index.php(67): CodeIgniter\CodeIgniter->run()
10 SYSTEMPATH\Commands\Server\rewrite.php(46): require_once('FCPATH\\index.php')
CRITICAL - 2023-01-01 08:41:41 --> Attempt to read property "nama_foto" on array
in APPPATH\Views\page\kafeDetail.php on line 53.
 1 APPPATH\Views\page\kafeDetail.php(53): CodeIgniter\Debug\Exceptions->errorHandler(2, 'Attempt to read property "nama_foto" on array', 'APPPATH\\Views\\page\\kafeDetail.php', 53)
 2 SYSTEMPATH\View\View.php(213): include('APPPATH\\Views\\page\\kafeDetail.php')
 3 SYSTEMPATH\View\View.php(216): CodeIgniter\View\View->CodeIgniter\View\{closure}()
 4 SYSTEMPATH\Common.php(1134): CodeIgniter\View\View->render('page/kafeDetail', [], true)
 5 APPPATH\Controllers\Kafe.php(44): view('page/kafeDetail', [...])
 6 SYSTEMPATH\CodeIgniter.php(927): App\Controllers\Kafe->detail('112')
 7 SYSTEMPATH\CodeIgniter.php(482): CodeIgniter\CodeIgniter->runController(Object(App\Controllers\Kafe))
 8 SYSTEMPATH\CodeIgniter.php(351): CodeIgniter\CodeIgniter->handleRequest(null, Object(Config\Cache), false)
 9 FCPATH\index.php(67): CodeIgniter\CodeIgniter->run()
10 SYSTEMPATH\Commands\Server\rewrite.php(46): require_once('FCPATH\\index.php')
CRITICAL - 2023-01-01 08:42:14 --> Attempt to read property "nama_foto" on array
in APPPATH\Views\page\kafeDetail.php on line 53.
 1 APPPATH\Views\page\kafeDetail.php(53): CodeIgniter\Debug\Exceptions->errorHandler(2, 'Attempt to read property "nama_foto" on array', 'APPPATH\\Views\\page\\kafeDetail.php', 53)
 2 SYSTEMPATH\View\View.php(213): include('APPPATH\\Views\\page\\kafeDetail.php')
 3 SYSTEMPATH\View\View.php(216): CodeIgniter\View\View->CodeIgniter\View\{closure}()
 4 SYSTEMPATH\Common.php(1134): CodeIgniter\View\View->render('page/kafeDetail', [], true)
 5 APPPATH\Controllers\Kafe.php(44): view('page/kafeDetail', [...])
 6 SYSTEMPATH\CodeIgniter.php(927): App\Controllers\Kafe->detail('112')
 7 SYSTEMPATH\CodeIgniter.php(482): CodeIgniter\CodeIgniter->runController(Object(App\Controllers\Kafe))
 8 SYSTEMPATH\CodeIgniter.php(351): CodeIgniter\CodeIgniter->handleRequest(null, Object(Config\Cache), false)
 9 FCPATH\index.php(67): CodeIgniter\CodeIgniter->run()
10 SYSTEMPATH\Commands\Server\rewrite.php(46): require_once('FCPATH\\index.php')
CRITICAL - 2023-01-01 08:46:01 --> Attempt to read property "nama_foto" on array
in APPPATH\Views\page\kafeDetail.php on line 53.
 1 APPPATH\Views\page\kafeDetail.php(53): CodeIgniter\Debug\Exceptions->errorHandler(2, 'Attempt to read property "nama_foto" on array', 'APPPATH\\Views\\page\\kafeDetail.php', 53)
 2 SYSTEMPATH\View\View.php(213): include('APPPATH\\Views\\page\\kafeDetail.php')
 3 SYSTEMPATH\View\View.php(216): CodeIgniter\View\View->CodeIgniter\View\{closure}()
 4 SYSTEMPATH\Common.php(1134): CodeIgniter\View\View->render('page/kafeDetail', [], true)
 5 APPPATH\Controllers\Kafe.php(44): view('page/kafeDetail', [...])
 6 SYSTEMPATH\CodeIgniter.php(927): App\Controllers\Kafe->detail('112')
 7 SYSTEMPATH\CodeIgniter.php(482): CodeIgniter\CodeIgniter->runController(Object(App\Controllers\Kafe))
 8 SYSTEMPATH\CodeIgniter.php(351): CodeIgniter\CodeIgniter->handleRequest(null, Object(Config\Cache), false)
 9 FCPATH\index.php(67): CodeIgniter\CodeIgniter->run()
10 SYSTEMPATH\Commands\Server\rewrite.php(46): require_once('FCPATH\\index.php')
CRITICAL - 2023-01-01 08:51:25 --> Call to a member function jamBuka() on null
in APPPATH\Models\ModelKv.php on line 189.
 1 APPPATH\Controllers\Kafe.php(37): App\Models\ModelKv->callKafe('112')
 2 SYSTEMPATH\CodeIgniter.php(927): App\Controllers\Kafe->detail('112')
 3 SYSTEMPATH\CodeIgniter.php(482): CodeIgniter\CodeIgniter->runController(Object(App\Controllers\Kafe))
 4 SYSTEMPATH\CodeIgniter.php(351): CodeIgniter\CodeIgniter->handleRequest(null, Object(Config\Cache), false)
 5 FCPATH\index.php(67): CodeIgniter\CodeIgniter->run()
 6 SYSTEMPATH\Commands\Server\rewrite.php(46): require_once('FCPATH\\index.php')
CRITICAL - 2023-01-01 08:51:59 --> Call to a member function callKafe() on null
in APPPATH\Models\ModelKv.php on line 205.
 1 APPPATH\Controllers\Kafe.php(37): App\Models\ModelKv->callKafe('112')
 2 SYSTEMPATH\CodeIgniter.php(927): App\Controllers\Kafe->detail('112')
 3 SYSTEMPATH\CodeIgniter.php(482): CodeIgniter\CodeIgniter->runController(Object(App\Controllers\Kafe))
 4 SYSTEMPATH\CodeIgniter.php(351): CodeIgniter\CodeIgniter->handleRequest(null, Object(Config\Cache), false)
 5 FCPATH\index.php(67): CodeIgniter\CodeIgniter->run()
 6 SYSTEMPATH\Commands\Server\rewrite.php(46): require_once('FCPATH\\index.php')
CRITICAL - 2023-01-01 08:54:36 --> Undefined array key 115
in APPPATH\Models\ModelKv.php on line 207.
 1 APPPATH\Models\ModelKv.php(207): CodeIgniter\Debug\Exceptions->errorHandler(2, 'Undefined array key 115', 'APPPATH\\Models\\ModelKv.php', 207)
 2 APPPATH\Controllers\Kafe.php(37): App\Models\ModelKv->callKafe('115')
 3 SYSTEMPATH\CodeIgniter.php(927): App\Controllers\Kafe->detail('115')
 4 SYSTEMPATH\CodeIgniter.php(482): CodeIgniter\CodeIgniter->runController(Object(App\Controllers\Kafe))
 5 SYSTEMPATH\CodeIgniter.php(351): CodeIgniter\CodeIgniter->handleRequest(null, Object(Config\Cache), false)
 6 FCPATH\index.php(67): CodeIgniter\CodeIgniter->run()
 7 SYSTEMPATH\Commands\Server\rewrite.php(46): require_once('FCPATH\\index.php')
ERROR - 2023-01-01 08:55:21 --> mysqli_sql_exception: Unknown column 'tbl_kafe.id_kafe' in 'where clause' in F:\WEB\XAMPP\htdocs\WebGis_kv\vendor\codeigniter4\framework\system\Database\MySQLi\Connection.php:292
Stack trace:
#0 F:\WEB\XAMPP\htdocs\WebGis_kv\vendor\codeigniter4\framework\system\Database\MySQLi\Connection.php(292): mysqli->query('SELECT *\nFROM `...', 0)
#1 F:\WEB\XAMPP\htdocs\WebGis_kv\vendor\codeigniter4\framework\system\Database\BaseConnection.php(666): CodeIgniter\Database\MySQLi\Connection->execute('SELECT *\nFROM `...')
#2 F:\WEB\XAMPP\htdocs\WebGis_kv\vendor\codeigniter4\framework\system\Database\BaseConnection.php(593): CodeIgniter\Database\BaseConnection->simpleQuery('SELECT *\nFROM `...')
#3 F:\WEB\XAMPP\htdocs\WebGis_kv\vendor\codeigniter4\framework\system\Database\BaseBuilder.php(1585): CodeIgniter\Database\BaseConnection->query('SELECT *\nFROM `...', Array, false)
#4 F:\WEB\XAMPP\htdocs\WebGis_kv\app\Models\ModelKv.php(187): CodeIgniter\Database\BaseBuilder->get()
#5 F:\WEB\XAMPP\htdocs\WebGis_kv\app\Controllers\Kafe.php(37): App\Models\ModelKv->callKafe('112')
#6 F:\WEB\XAMPP\htdocs\WebGis_kv\vendor\codeigniter4\framework\system\CodeIgniter.php(927): App\Controllers\Kafe->detail('112')
#7 F:\WEB\XAMPP\htdocs\WebGis_kv\vendor\codeigniter4\framework\system\CodeIgniter.php(482): CodeIgniter\CodeIgniter->runController(Object(App\Controllers\Kafe))
#8 F:\WEB\XAMPP\htdocs\WebGis_kv\vendor\codeigniter4\framework\system\CodeIgniter.php(351): CodeIgniter\CodeIgniter->handleRequest(NULL, Object(Config\Cache), false)
#9 F:\WEB\XAMPP\htdocs\WebGis_kv\public\index.php(67): CodeIgniter\CodeIgniter->run()
#10 F:\WEB\XAMPP\htdocs\WebGis_kv\vendor\codeigniter4\framework\system\Commands\Server\rewrite.php(46): require_once('F:\\WEB\\XAMPP\\ht...')
#11 {main}
CRITICAL - 2023-01-01 08:55:21 --> Unknown column 'tbl_kafe.id_kafe' in 'where clause'
in SYSTEMPATH\Database\MySQLi\Connection.php on line 292.
 1 SYSTEMPATH\Database\MySQLi\Connection.php(292): mysqli->query('SELECT *
FROM `tbl_jam_operasional`
WHERE `tbl_kafe`.`id_kafe` = \'112\'', 0)
 2 SYSTEMPATH\Database\BaseConnection.php(666): CodeIgniter\Database\MySQLi\Connection->execute('SELECT *
FROM `tbl_jam_operasional`
WHERE `tbl_kafe`.`id_kafe` = \'112\'')
 3 SYSTEMPATH\Database\BaseConnection.php(593): CodeIgniter\Database\BaseConnection->simpleQuery('SELECT *
FROM `tbl_jam_operasional`
WHERE `tbl_kafe`.`id_kafe` = \'112\'')
 4 SYSTEMPATH\Database\BaseBuilder.php(1585): CodeIgniter\Database\BaseConnection->query('SELECT *
FROM `tbl_jam_operasional`
WHERE `tbl_kafe`.`id_kafe` = :tbl_kafe.id_kafe:', [...], false)
 5 APPPATH\Models\ModelKv.php(187): CodeIgniter\Database\BaseBuilder->get()
 6 APPPATH\Controllers\Kafe.php(37): App\Models\ModelKv->callKafe('112')
 7 SYSTEMPATH\CodeIgniter.php(927): App\Controllers\Kafe->detail('112')
 8 SYSTEMPATH\CodeIgniter.php(482): CodeIgniter\CodeIgniter->runController(Object(App\Controllers\Kafe))
 9 SYSTEMPATH\CodeIgniter.php(351): CodeIgniter\CodeIgniter->handleRequest(null, Object(Config\Cache), false)
10 FCPATH\index.php(67): CodeIgniter\CodeIgniter->run()
11 SYSTEMPATH\Commands\Server\rewrite.php(46): require_once('FCPATH\\index.php')
CRITICAL - 2023-01-01 08:58:07 --> Call to a member function getResult() on array
in APPPATH\Controllers\Admin.php on line 521.
 1 SYSTEMPATH\CodeIgniter.php(927): App\Controllers\Admin->pending()
 2 SYSTEMPATH\CodeIgniter.php(482): CodeIgniter\CodeIgniter->runController(Object(App\Controllers\Admin))
 3 SYSTEMPATH\CodeIgniter.php(351): CodeIgniter\CodeIgniter->handleRequest(null, Object(Config\Cache), false)
 4 FCPATH\index.php(67): CodeIgniter\CodeIgniter->run()
 5 SYSTEMPATH\Commands\Server\rewrite.php(46): require_once('FCPATH\\index.php')
CRITICAL - 2023-01-01 09:25:02 --> Call to a member function getResult() on array
in APPPATH\Controllers\Admin.php on line 311.
 1 SYSTEMPATH\CodeIgniter.php(927): App\Controllers\Admin->tambahKafe()
 2 SYSTEMPATH\CodeIgniter.php(482): CodeIgniter\CodeIgniter->runController(Object(App\Controllers\Admin))
 3 SYSTEMPATH\CodeIgniter.php(351): CodeIgniter\CodeIgniter->handleRequest(null, Object(Config\Cache), false)
 4 FCPATH\index.php(67): CodeIgniter\CodeIgniter->run()
 5 SYSTEMPATH\Commands\Server\rewrite.php(46): require_once('FCPATH\\index.php')
CRITICAL - 2023-01-01 09:28:34 --> Call to undefined method stdClass::getRow()
in APPPATH\Controllers\Admin.php on line 323.
 1 SYSTEMPATH\CodeIgniter.php(927): App\Controllers\Admin->editKafe('112')
 2 SYSTEMPATH\CodeIgniter.php(482): CodeIgniter\CodeIgniter->runController(Object(App\Controllers\Admin))
 3 SYSTEMPATH\CodeIgniter.php(351): CodeIgniter\CodeIgniter->handleRequest(null, Object(Config\Cache), false)
 4 FCPATH\index.php(67): CodeIgniter\CodeIgniter->run()
 5 SYSTEMPATH\Commands\Server\rewrite.php(46): require_once('FCPATH\\index.php')
CRITICAL - 2023-01-01 09:33:49 --> Call to a member function getResult() on array
in APPPATH\Controllers\Kafe.php on line 26.
 1 SYSTEMPATH\CodeIgniter.php(927): App\Controllers\Kafe->index()
 2 SYSTEMPATH\CodeIgniter.php(482): CodeIgniter\CodeIgniter->runController(Object(App\Controllers\Kafe))
 3 SYSTEMPATH\CodeIgniter.php(351): CodeIgniter\CodeIgniter->handleRequest(null, Object(Config\Cache), false)
 4 FCPATH\index.php(67): CodeIgniter\CodeIgniter->run()
 5 SYSTEMPATH\Commands\Server\rewrite.php(46): require_once('FCPATH\\index.php')
CRITICAL - 2023-01-01 09:34:03 --> Call to a member function getResult() on array
in APPPATH\Controllers\Kafe.php on line 26.
 1 SYSTEMPATH\CodeIgniter.php(927): App\Controllers\Kafe->index()
 2 SYSTEMPATH\CodeIgniter.php(482): CodeIgniter\CodeIgniter->runController(Object(App\Controllers\Kafe))
 3 SYSTEMPATH\CodeIgniter.php(351): CodeIgniter\CodeIgniter->handleRequest(null, Object(Config\Cache), false)
 4 FCPATH\index.php(67): CodeIgniter\CodeIgniter->run()
 5 SYSTEMPATH\Commands\Server\rewrite.php(46): require_once('FCPATH\\index.php')
CRITICAL - 2023-01-01 09:44:28 --> Call to a member function getWhere() on int
in APPPATH\Controllers\Admin.php on line 37.
 1 SYSTEMPATH\CodeIgniter.php(927): App\Controllers\Admin->index()
 2 SYSTEMPATH\CodeIgniter.php(482): CodeIgniter\CodeIgniter->runController(Object(App\Controllers\Admin))
 3 SYSTEMPATH\CodeIgniter.php(351): CodeIgniter\CodeIgniter->handleRequest(null, Object(Config\Cache), false)
 4 FCPATH\index.php(67): CodeIgniter\CodeIgniter->run()
 5 SYSTEMPATH\Commands\Server\rewrite.php(46): require_once('FCPATH\\index.php')
CRITICAL - 2023-01-01 09:44:35 --> Call to a member function Where() on int
in APPPATH\Controllers\Admin.php on line 37.
 1 SYSTEMPATH\CodeIgniter.php(927): App\Controllers\Admin->index()
 2 SYSTEMPATH\CodeIgniter.php(482): CodeIgniter\CodeIgniter->runController(Object(App\Controllers\Admin))
 3 SYSTEMPATH\CodeIgniter.php(351): CodeIgniter\CodeIgniter->handleRequest(null, Object(Config\Cache), false)
 4 FCPATH\index.php(67): CodeIgniter\CodeIgniter->run()
 5 SYSTEMPATH\Commands\Server\rewrite.php(46): require_once('FCPATH\\index.php')
CRITICAL - 2023-01-01 23:11:57 --> Attempt to read property "nama_foto" on array
in APPPATH\Views\page\kafeDetail.php on line 53.
 1 APPPATH\Views\page\kafeDetail.php(53): CodeIgniter\Debug\Exceptions->errorHandler(2, 'Attempt to read property "nama_foto" on array', 'APPPATH\\Views\\page\\kafeDetail.php', 53)
 2 SYSTEMPATH\View\View.php(213): include('APPPATH\\Views\\page\\kafeDetail.php')
 3 SYSTEMPATH\View\View.php(216): CodeIgniter\View\View->CodeIgniter\View\{closure}()
 4 SYSTEMPATH\Common.php(1134): CodeIgniter\View\View->render('page/kafeDetail', [], true)
 5 APPPATH\Controllers\Kafe.php(44): view('page/kafeDetail', [...])
 6 SYSTEMPATH\CodeIgniter.php(927): App\Controllers\Kafe->detail('114')
 7 SYSTEMPATH\CodeIgniter.php(482): CodeIgniter\CodeIgniter->runController(Object(App\Controllers\Kafe))
 8 SYSTEMPATH\CodeIgniter.php(351): CodeIgniter\CodeIgniter->handleRequest(null, Object(Config\Cache), false)
 9 FCPATH\index.php(67): CodeIgniter\CodeIgniter->run()
10 SYSTEMPATH\Commands\Server\rewrite.php(46): require_once('FCPATH\\index.php')
CRITICAL - 2023-01-01 23:27:07 --> Undefined variable $randomFour
in APPPATH\Views\page\indexHome.php on line 68.
 1 APPPATH\Views\page\indexHome.php(68): CodeIgniter\Debug\Exceptions->errorHandler(2, 'Undefined variable $randomFour', 'APPPATH\\Views\\page\\indexHome.php', 68)
 2 SYSTEMPATH\View\View.php(213): include('APPPATH\\Views\\page\\indexHome.php')
 3 SYSTEMPATH\View\View.php(216): CodeIgniter\View\View->CodeIgniter\View\{closure}()
 4 SYSTEMPATH\Common.php(1134): CodeIgniter\View\View->render('page/indexHome', [], true)
 5 APPPATH\Controllers\Kafe.php(54): view('page/indexHome', [...])
 6 SYSTEMPATH\CodeIgniter.php(927): App\Controllers\Kafe->sebaran()
 7 SYSTEMPATH\CodeIgniter.php(482): CodeIgniter\CodeIgniter->runController(Object(App\Controllers\Kafe))
 8 SYSTEMPATH\CodeIgniter.php(351): CodeIgniter\CodeIgniter->handleRequest(null, Object(Config\Cache), false)
 9 FCPATH\index.php(67): CodeIgniter\CodeIgniter->run()
10 SYSTEMPATH\Commands\Server\rewrite.php(46): require_once('FCPATH\\index.php')
CRITICAL - 2023-01-01 23:28:02 --> Undefined variable $randomFour
in APPPATH\Views\page\indexHome.php on line 68.
 1 APPPATH\Views\page\indexHome.php(68): CodeIgniter\Debug\Exceptions->errorHandler(2, 'Undefined variable $randomFour', 'APPPATH\\Views\\page\\indexHome.php', 68)
 2 SYSTEMPATH\View\View.php(213): include('APPPATH\\Views\\page\\indexHome.php')
 3 SYSTEMPATH\View\View.php(216): CodeIgniter\View\View->CodeIgniter\View\{closure}()
 4 SYSTEMPATH\Common.php(1134): CodeIgniter\View\View->render('page/indexHome', [], true)
 5 APPPATH\Controllers\Kafe.php(54): view('page/indexHome', [...])
 6 SYSTEMPATH\CodeIgniter.php(927): App\Controllers\Kafe->sebaran()
 7 SYSTEMPATH\CodeIgniter.php(482): CodeIgniter\CodeIgniter->runController(Object(App\Controllers\Kafe))
 8 SYSTEMPATH\CodeIgniter.php(351): CodeIgniter\CodeIgniter->handleRequest(null, Object(Config\Cache), false)
 9 FCPATH\index.php(67): CodeIgniter\CodeIgniter->run()
10 SYSTEMPATH\Commands\Server\rewrite.php(46): require_once('FCPATH\\index.php')
CRITICAL - 2023-01-01 23:28:02 --> Undefined variable $randomFour
in APPPATH\Views\page\indexHome.php on line 68.
 1 APPPATH\Views\page\indexHome.php(68): CodeIgniter\Debug\Exceptions->errorHandler(2, 'Undefined variable $randomFour', 'APPPATH\\Views\\page\\indexHome.php', 68)
 2 SYSTEMPATH\View\View.php(213): include('APPPATH\\Views\\page\\indexHome.php')
 3 SYSTEMPATH\View\View.php(216): CodeIgniter\View\View->CodeIgniter\View\{closure}()
 4 SYSTEMPATH\Common.php(1134): CodeIgniter\View\View->render('page/indexHome', [], true)
 5 APPPATH\Controllers\Kafe.php(54): view('page/indexHome', [...])
 6 SYSTEMPATH\CodeIgniter.php(927): App\Controllers\Kafe->sebaran()
 7 SYSTEMPATH\CodeIgniter.php(482): CodeIgniter\CodeIgniter->runController(Object(App\Controllers\Kafe))
 8 SYSTEMPATH\CodeIgniter.php(351): CodeIgniter\CodeIgniter->handleRequest(null, Object(Config\Cache), false)
 9 FCPATH\index.php(67): CodeIgniter\CodeIgniter->run()
10 SYSTEMPATH\Commands\Server\rewrite.php(46): require_once('FCPATH\\index.php')
