CRITICAL - 2023-06-03 09:42:52 --> Undefined variable $ZsurabayaTimur
in APPPATH/Views/admin/dashboard.php on line 867.
 1 APPPATH/Views/admin/dashboard.php(867): CodeIgniter\Debug\Exceptions->errorHandler()
 2 SYSTEMPATH/View/View.php(213): include('APPPATH/Views/admin/dashboard.php')
 3 SYSTEMPATH/View/View.php(216): CodeIgniter\View\View->CodeIgniter\View\{closure}()
 4 SYSTEMPATH/Common.php(1134): CodeIgniter\View\View->render()
 5 APPPATH/Controllers/Admin.php(50): view()
 6 SYSTEMPATH/CodeIgniter.php(927): App\Controllers\Admin->index()
 7 SYSTEMPATH/CodeIgniter.php(482): CodeIgniter\CodeIgniter->runController()
 8 SYSTEMPATH/CodeIgniter.php(351): CodeIgniter\CodeIgniter->handleRequest()
 9 FCPATH/index.php(67): CodeIgniter\CodeIgniter->run()
10 SYSTEMPATH/Commands/Server/rewrite.php(46): require_once('FCPATH/index.php')
CRITICAL - 2023-06-03 09:48:34 --> Undefined variable $ZsurabayaTimur
in APPPATH/Views/admin/dashboard.php on line 870.
 1 APPPATH/Views/admin/dashboard.php(870): CodeIgniter\Debug\Exceptions->errorHandler()
 2 SYSTEMPATH/View/View.php(213): include('APPPATH/Views/admin/dashboard.php')
 3 SYSTEMPATH/View/View.php(216): CodeIgniter\View\View->CodeIgniter\View\{closure}()
 4 SYSTEMPATH/Common.php(1134): CodeIgniter\View\View->render()
 5 APPPATH/Controllers/Admin.php(50): view()
 6 SYSTEMPATH/CodeIgniter.php(927): App\Controllers\Admin->index()
 7 SYSTEMPATH/CodeIgniter.php(482): CodeIgniter\CodeIgniter->runController()
 8 SYSTEMPATH/CodeIgniter.php(351): CodeIgniter\CodeIgniter->handleRequest()
 9 FCPATH/index.php(67): CodeIgniter\CodeIgniter->run()
10 SYSTEMPATH/Commands/Server/rewrite.php(46): require_once('FCPATH/index.php')
CRITICAL - 2023-06-03 09:48:53 --> Undefined variable $ZsurabayaTimur
in APPPATH/Views/admin/dashboard.php on line 870.
 1 APPPATH/Views/admin/dashboard.php(870): CodeIgniter\Debug\Exceptions->errorHandler()
 2 SYSTEMPATH/View/View.php(213): include('APPPATH/Views/admin/dashboard.php')
 3 SYSTEMPATH/View/View.php(216): CodeIgniter\View\View->CodeIgniter\View\{closure}()
 4 SYSTEMPATH/Common.php(1134): CodeIgniter\View\View->render()
 5 APPPATH/Controllers/Admin.php(50): view()
 6 SYSTEMPATH/CodeIgniter.php(927): App\Controllers\Admin->index()
 7 SYSTEMPATH/CodeIgniter.php(482): CodeIgniter\CodeIgniter->runController()
 8 SYSTEMPATH/CodeIgniter.php(351): CodeIgniter\CodeIgniter->handleRequest()
 9 FCPATH/index.php(67): CodeIgniter\CodeIgniter->run()
10 SYSTEMPATH/Commands/Server/rewrite.php(46): require_once('FCPATH/index.php')
CRITICAL - 2023-06-03 10:35:45 --> Invalid file: page/persebaran.php
in SYSTEMPATH/Exceptions/FrameworkException.php on line 33.
 1 SYSTEMPATH/View/View.php(201): CodeIgniter\Exceptions\FrameworkException::forInvalidFile()
 2 SYSTEMPATH/Common.php(1134): CodeIgniter\View\View->render()
 3 APPPATH/Controllers/Kafe.php(131): view()
 4 SYSTEMPATH/CodeIgniter.php(927): App\Controllers\Kafe->data()
 5 SYSTEMPATH/CodeIgniter.php(482): CodeIgniter\CodeIgniter->runController()
 6 SYSTEMPATH/CodeIgniter.php(351): CodeIgniter\CodeIgniter->handleRequest()
 7 FCPATH/index.php(67): CodeIgniter\CodeIgniter->run()
 8 SYSTEMPATH/Commands/Server/rewrite.php(46): require_once('FCPATH/index.php')
CRITICAL - 2023-06-03 11:40:46 --> file_get_contents(http://localhost:8080/api/aprv): Failed to open stream: HTTP request failed!
in APPPATH/Views/page/pdfKafe.php on line 53.
 1 [internal function]: CodeIgniter\Debug\Exceptions->errorHandler()
 2 APPPATH/Views/page/pdfKafe.php(53): file_get_contents()
 3 SYSTEMPATH/View/View.php(213): include('APPPATH/Views/page/pdfKafe.php')
 4 SYSTEMPATH/View/View.php(216): CodeIgniter\View\View->CodeIgniter\View\{closure}()
 5 SYSTEMPATH/Common.php(1134): CodeIgniter\View\View->render()
 6 APPPATH/Controllers/Kafe.php(150): view()
 7 SYSTEMPATH/CodeIgniter.php(927): App\Controllers\Kafe->pdf()
 8 SYSTEMPATH/CodeIgniter.php(482): CodeIgniter\CodeIgniter->runController()
 9 SYSTEMPATH/CodeIgniter.php(351): CodeIgniter\CodeIgniter->handleRequest()
10 FCPATH/index.php(67): CodeIgniter\CodeIgniter->run()
11 SYSTEMPATH/Commands/Server/rewrite.php(46): require_once('FCPATH/index.php')
CRITICAL - 2023-06-03 11:41:07 --> file_get_contents(/api/aprv): Failed to open stream: No such file or directory
in APPPATH/Views/page/pdfKafe.php on line 53.
 1 [internal function]: CodeIgniter\Debug\Exceptions->errorHandler()
 2 APPPATH/Views/page/pdfKafe.php(53): file_get_contents()
 3 SYSTEMPATH/View/View.php(213): include('APPPATH/Views/page/pdfKafe.php')
 4 SYSTEMPATH/View/View.php(216): CodeIgniter\View\View->CodeIgniter\View\{closure}()
 5 SYSTEMPATH/Common.php(1134): CodeIgniter\View\View->render()
 6 APPPATH/Controllers/Kafe.php(150): view()
 7 SYSTEMPATH/CodeIgniter.php(927): App\Controllers\Kafe->pdf()
 8 SYSTEMPATH/CodeIgniter.php(482): CodeIgniter\CodeIgniter->runController()
 9 SYSTEMPATH/CodeIgniter.php(351): CodeIgniter\CodeIgniter->handleRequest()
10 FCPATH/index.php(67): CodeIgniter\CodeIgniter->run()
11 SYSTEMPATH/Commands/Server/rewrite.php(46): require_once('FCPATH/index.php')
CRITICAL - 2023-06-03 12:14:40 --> file_get_contents(/api/aprv): Failed to open stream: No such file or directory
in APPPATH/Views/page/pdfKafe.php on line 92.
 1 [internal function]: CodeIgniter\Debug\Exceptions->errorHandler()
 2 APPPATH/Views/page/pdfKafe.php(92): file_get_contents()
 3 SYSTEMPATH/View/View.php(213): include('APPPATH/Views/page/pdfKafe.php')
 4 SYSTEMPATH/View/View.php(216): CodeIgniter\View\View->CodeIgniter\View\{closure}()
 5 SYSTEMPATH/Common.php(1134): CodeIgniter\View\View->render()
 6 APPPATH/Controllers/Kafe.php(150): view()
 7 SYSTEMPATH/CodeIgniter.php(927): App\Controllers\Kafe->pdf()
 8 SYSTEMPATH/CodeIgniter.php(482): CodeIgniter\CodeIgniter->runController()
 9 SYSTEMPATH/CodeIgniter.php(351): CodeIgniter\CodeIgniter->handleRequest()
10 FCPATH/index.php(67): CodeIgniter\CodeIgniter->run()
11 SYSTEMPATH/Commands/Server/rewrite.php(46): require_once('FCPATH/index.php')
ERROR - 2023-06-03 12:19:03 --> Session: Unable to obtain lock for file '/home/zaki/Documents/WebGis_kv/writable/session/ci_session3oddaqukkruclvi7v97lfml0l0p92aj9'.
CRITICAL - 2023-06-03 12:19:03 --> session_start(): Failed to read session data: user (path: /home/zaki/Documents/WebGis_kv/writable/session)
in SYSTEMPATH/Session/Session.php on line 912.
 1 [internal function]: CodeIgniter\Debug\Exceptions->errorHandler()
 2 SYSTEMPATH/Session/Session.php(912): session_start()
 3 SYSTEMPATH/Session/Session.php(234): CodeIgniter\Session\Session->startSession()
 4 SYSTEMPATH/Config/Services.php(665): CodeIgniter\Session\Session->start()
 5 SYSTEMPATH/Config/BaseService.php(253): CodeIgniter\Config\Services::session()
 6 SYSTEMPATH/Config/BaseService.php(194): CodeIgniter\Config\BaseService::__callStatic()
 7 SYSTEMPATH/Config/Services.php(637): CodeIgniter\Config\BaseService::getSharedInstance()
 8 SYSTEMPATH/Config/BaseService.php(253): CodeIgniter\Config\Services::session()
 9 SYSTEMPATH/Common.php(931): CodeIgniter\Config\BaseService::__callStatic()
10 APPPATH/Controllers/BaseController.php(51): session()
11 SYSTEMPATH/CodeIgniter.php(890): App\Controllers\BaseController->initController()
12 SYSTEMPATH/CodeIgniter.php(473): CodeIgniter\CodeIgniter->createController()
13 SYSTEMPATH/CodeIgniter.php(351): CodeIgniter\CodeIgniter->handleRequest()
14 FCPATH/index.php(67): CodeIgniter\CodeIgniter->run()
15 SYSTEMPATH/Commands/Server/rewrite.php(46): require_once('FCPATH/index.php')
ERROR - 2023-06-03 12:19:57 --> Session: Unable to obtain lock for file '/home/zaki/Documents/WebGis_kv/writable/session/ci_session3oddaqukkruclvi7v97lfml0l0p92aj9'.
CRITICAL - 2023-06-03 12:19:57 --> session_start(): Failed to read session data: user (path: /home/zaki/Documents/WebGis_kv/writable/session)
in SYSTEMPATH/Session/Session.php on line 912.
 1 [internal function]: CodeIgniter\Debug\Exceptions->errorHandler()
 2 SYSTEMPATH/Session/Session.php(912): session_start()
 3 SYSTEMPATH/Session/Session.php(234): CodeIgniter\Session\Session->startSession()
 4 SYSTEMPATH/Config/Services.php(665): CodeIgniter\Session\Session->start()
 5 SYSTEMPATH/Config/BaseService.php(253): CodeIgniter\Config\Services::session()
 6 SYSTEMPATH/Config/BaseService.php(194): CodeIgniter\Config\BaseService::__callStatic()
 7 SYSTEMPATH/Config/Services.php(637): CodeIgniter\Config\BaseService::getSharedInstance()
 8 SYSTEMPATH/Config/BaseService.php(253): CodeIgniter\Config\Services::session()
 9 SYSTEMPATH/Common.php(931): CodeIgniter\Config\BaseService::__callStatic()
10 APPPATH/Controllers/BaseController.php(51): session()
11 SYSTEMPATH/CodeIgniter.php(890): App\Controllers\BaseController->initController()
12 SYSTEMPATH/CodeIgniter.php(473): CodeIgniter\CodeIgniter->createController()
13 SYSTEMPATH/CodeIgniter.php(351): CodeIgniter\CodeIgniter->handleRequest()
14 FCPATH/index.php(67): CodeIgniter\CodeIgniter->run()
15 SYSTEMPATH/Commands/Server/rewrite.php(46): require_once('FCPATH/index.php')
ERROR - 2023-06-03 12:20:50 --> Session: Unable to obtain lock for file '/home/zaki/Documents/WebGis_kv/writable/session/ci_session3oddaqukkruclvi7v97lfml0l0p92aj9'.
CRITICAL - 2023-06-03 12:20:50 --> session_start(): Failed to read session data: user (path: /home/zaki/Documents/WebGis_kv/writable/session)
in SYSTEMPATH/Session/Session.php on line 912.
 1 [internal function]: CodeIgniter\Debug\Exceptions->errorHandler()
 2 SYSTEMPATH/Session/Session.php(912): session_start()
 3 SYSTEMPATH/Session/Session.php(234): CodeIgniter\Session\Session->startSession()
 4 SYSTEMPATH/Config/Services.php(665): CodeIgniter\Session\Session->start()
 5 SYSTEMPATH/Config/BaseService.php(253): CodeIgniter\Config\Services::session()
 6 SYSTEMPATH/Config/BaseService.php(194): CodeIgniter\Config\BaseService::__callStatic()
 7 SYSTEMPATH/Config/Services.php(637): CodeIgniter\Config\BaseService::getSharedInstance()
 8 SYSTEMPATH/Config/BaseService.php(253): CodeIgniter\Config\Services::session()
 9 SYSTEMPATH/Common.php(931): CodeIgniter\Config\BaseService::__callStatic()
10 APPPATH/Controllers/BaseController.php(51): session()
11 SYSTEMPATH/CodeIgniter.php(890): App\Controllers\BaseController->initController()
12 SYSTEMPATH/CodeIgniter.php(473): CodeIgniter\CodeIgniter->createController()
13 SYSTEMPATH/CodeIgniter.php(351): CodeIgniter\CodeIgniter->handleRequest()
14 FCPATH/index.php(67): CodeIgniter\CodeIgniter->run()
15 SYSTEMPATH/Commands/Server/rewrite.php(46): require_once('FCPATH/index.php')
ERROR - 2023-06-03 12:22:17 --> Session: Unable to obtain lock for file '/home/zaki/Documents/WebGis_kv/writable/session/ci_session3oddaqukkruclvi7v97lfml0l0p92aj9'.
CRITICAL - 2023-06-03 12:22:17 --> session_start(): Failed to read session data: user (path: /home/zaki/Documents/WebGis_kv/writable/session)
in SYSTEMPATH/Session/Session.php on line 912.
 1 [internal function]: CodeIgniter\Debug\Exceptions->errorHandler()
 2 SYSTEMPATH/Session/Session.php(912): session_start()
 3 SYSTEMPATH/Session/Session.php(234): CodeIgniter\Session\Session->startSession()
 4 SYSTEMPATH/Config/Services.php(665): CodeIgniter\Session\Session->start()
 5 SYSTEMPATH/Config/BaseService.php(253): CodeIgniter\Config\Services::session()
 6 SYSTEMPATH/Config/BaseService.php(194): CodeIgniter\Config\BaseService::__callStatic()
 7 SYSTEMPATH/Config/Services.php(637): CodeIgniter\Config\BaseService::getSharedInstance()
 8 SYSTEMPATH/Config/BaseService.php(253): CodeIgniter\Config\Services::session()
 9 SYSTEMPATH/Common.php(931): CodeIgniter\Config\BaseService::__callStatic()
10 APPPATH/Controllers/BaseController.php(51): session()
11 SYSTEMPATH/CodeIgniter.php(890): App\Controllers\BaseController->initController()
12 SYSTEMPATH/CodeIgniter.php(473): CodeIgniter\CodeIgniter->createController()
13 SYSTEMPATH/CodeIgniter.php(351): CodeIgniter\CodeIgniter->handleRequest()
14 FCPATH/index.php(67): CodeIgniter\CodeIgniter->run()
15 SYSTEMPATH/Commands/Server/rewrite.php(46): require_once('FCPATH/index.php')
ERROR - 2023-06-03 12:28:54 --> Session: Unable to obtain lock for file '/home/zaki/Documents/WebGis_kv/writable/session/ci_session3oddaqukkruclvi7v97lfml0l0p92aj9'.
CRITICAL - 2023-06-03 12:28:54 --> session_start(): Failed to read session data: user (path: /home/zaki/Documents/WebGis_kv/writable/session)
in SYSTEMPATH/Session/Session.php on line 912.
 1 [internal function]: CodeIgniter\Debug\Exceptions->errorHandler()
 2 SYSTEMPATH/Session/Session.php(912): session_start()
 3 SYSTEMPATH/Session/Session.php(234): CodeIgniter\Session\Session->startSession()
 4 SYSTEMPATH/Config/Services.php(665): CodeIgniter\Session\Session->start()
 5 SYSTEMPATH/Config/BaseService.php(253): CodeIgniter\Config\Services::session()
 6 SYSTEMPATH/Config/BaseService.php(194): CodeIgniter\Config\BaseService::__callStatic()
 7 SYSTEMPATH/Config/Services.php(637): CodeIgniter\Config\BaseService::getSharedInstance()
 8 SYSTEMPATH/Config/BaseService.php(253): CodeIgniter\Config\Services::session()
 9 SYSTEMPATH/Common.php(931): CodeIgniter\Config\BaseService::__callStatic()
10 APPPATH/Controllers/BaseController.php(51): session()
11 SYSTEMPATH/CodeIgniter.php(890): App\Controllers\BaseController->initController()
12 SYSTEMPATH/CodeIgniter.php(473): CodeIgniter\CodeIgniter->createController()
13 SYSTEMPATH/CodeIgniter.php(351): CodeIgniter\CodeIgniter->handleRequest()
14 FCPATH/index.php(67): CodeIgniter\CodeIgniter->run()
15 SYSTEMPATH/Commands/Server/rewrite.php(46): require_once('FCPATH/index.php')
